#
# A fatal error has been detected by the Java Runtime Environment:
#
#  SIGSEGV (0xb) at pc=0x00007ffbffaefc98, pid=5379, tid=140720503609088
#
# JRE version: 6.0_24-b24
# Java VM: OpenJDK 64-Bit Server VM (20.0-b12 mixed mode linux-amd64 compressed oops)
# Derivative: IcedTea6 1.11.4
# Distribution: Ubuntu 10.04.1 LTS, package 6b24-1.11.4-1ubuntu0.10.04.1
# Problematic frame:
# C  [libX11.so.6+0x37c98]  XQueryExtension+0x28
#
# If you would like to submit a bug report, please include
# instructions how to reproduce the bug and visit:
#   https://bugs.launchpad.net/ubuntu/+source/openjdk-6/
#

---------------  T H R E A D  ---------------

Current thread is native thread

siginfo:si_signo=SIGSEGV: si_errno=0, si_code=1 (SEGV_MAPERR), si_addr=0x00000000001f0818

Registers:
RAX=0x0000000000f478f0, RBX=0x00000000001efeb0, RCX=0x00007fff969d2f18, RDX=0x00007fff969d2f14
RSP=0x00007fff969d2eb0, RBP=0x00007ffbf66dfe12, RSI=0x00007ffbf66dfe12, RDI=0x00000000001efeb0
R8 =0x00007fff969d2f1c, R9 =0x00007ffc0afcbe50, R10=0x00007ffc0afcd748, R11=0x00007ffc0ac86590
R12=0x00007fff969d2f14, R13=0x0000000000f478f0, R14=0x0000000000f478f0, R15=0x0000000000000000
RIP=0x00007ffbffaefc98, EFLAGS=0x0000000000010202, CSGSFS=0x0000000000000033, ERR=0x0000000000000004
  TRAPNO=0x000000000000000e

Top of Stack: (sp=0x00007fff969d2eb0)
0x00007fff969d2eb0:   00007ffc001c76f0 00007ffc0afcbe40
0x00007fff969d2ec0:   00000000001efeb0 0000000000000020
0x00007fff969d2ed0:   00007ffc0ba2d048 00000000001efeb0
0x00007fff969d2ee0:   00007ffbf66dfe12 0000000000000011
0x00007fff969d2ef0:   0000000000f478f0 0000000000f478f0
0x00007fff969d2f00:   0000000000000000 00007ffbffae4172
0x00007fff969d2f10:   00000000001ca818 00007ffbf6817c60
0x00007fff969d2f20:   00007ffbf6817c60 00000000001efeb0
0x00007fff969d2f30:   0000000000000011 00007ffbffdfc782
0x00007fff969d2f40:   00007ffc00000005 0000000000000000
0x00007fff969d2f50:   00007ffc0018b230 00007ffbf66dfe12
0x00007fff969d2f60:   00007fff969d2fe0 0000000000000000
0x00007fff969d2f70:   00007fff969d2fe0 00000000001efeb0
0x00007fff969d2f80:   00007ffc0ba2d048 00007ffc001f21d0
0x00007fff969d2f90:   00007ffbf6831490 00007ffbf668bfd9
0x00007fff969d2fa0:   0000000000000000 0000000000000065
0x00007fff969d2fb0:   00007fff969d2fe0 0000000000000000
0x00007fff969d2fc0:   00007ffc0ba2d048 00007ffc001f21d0
0x00007fff969d2fd0:   0000000000000031 00007ffbf66806e2
0x00007fff969d2fe0:   00007fff969d33b0 00007ffbf66dfd81
0x00007fff969d2ff0:   0000000000000000 00007ffc0b81c3ec
0x00007fff969d3000:   00007ffc0ba2e128 00007ffc0ba2e6b8
0x00007fff969d3010:   00007ffc0ba184f0 0000000000847cd0
0x00007fff969d3020:   0000000000a20ad0 0000000000b80a40
0x00007fff969d3030:   0000000000b80f10 0000000000bb2250
0x00007fff969d3040:   0000000000c86aa0 0000000000b553a0
0x00007fff969d3050:   0000000000b444a0 0000000000b43d00
0x00007fff969d3060:   0000000000b1a6b0 0000000000c5f700
0x00007fff969d3070:   0000000000b1aff0 0000000000afb400
0x00007fff969d3080:   0000000000a20fa0 0000000000c8a1f0
0x00007fff969d3090:   0000000000c8cf30 0000000000b43850
0x00007fff969d30a0:   0000000000c86f60 0000000000c8a730 

Instructions: (pc=0x00007ffbffaefc98)
0x00007ffbffaefc78:   24 d8 48 89 fb 4c 89 64 24 e0 4c 89 6c 24 e8 49
0x00007ffbffaefc88:   89 d4 4c 89 74 24 f0 4c 89 7c 24 f8 48 83 ec 58
0x00007ffbffaefc98:   48 8b 87 68 09 00 00 49 89 f5 48 89 cd 4d 89 c6
0x00007ffbffaefca8:   48 85 c0 74 02 ff 10 4c 8b bb b0 00 00 00 49 8d 

Register to memory mapping:

RAX=0x0000000000f478f0 is an unknown value
RBX=0x00000000001efeb0 is an unknown value
RCX=0x00007fff969d2f18 is an unknown value
RDX=0x00007fff969d2f14 is an unknown value
RSP=0x00007fff969d2eb0 is an unknown value
RBP=0x00007ffbf66dfe12: <offset 0x92e12> in /usr/lib/libGL.so.1 at 0x00007ffbf664d000
RSI=0x00007ffbf66dfe12: <offset 0x92e12> in /usr/lib/libGL.so.1 at 0x00007ffbf664d000
RDI=0x00000000001efeb0 is an unknown value
R8 =0x00007fff969d2f1c is an unknown value
R9 =0x00007ffc0afcbe50: <offset 0x37ee50> in /lib/libc.so.6 at 0x00007ffc0ac4d000
R10=0x00007ffc0afcd748: <offset 0x380748> in /lib/libc.so.6 at 0x00007ffc0ac4d000
R11=0x00007ffc0ac86590: __cxa_finalize+0 in /lib/libc.so.6 at 0x00007ffc0ac4d000
R12=0x00007fff969d2f14 is an unknown value
R13=0x0000000000f478f0 is an unknown value
R14=0x0000000000f478f0 is an unknown value
R15=0x0000000000000000 is an unknown value


Stack: [0x00007fff968d5000,0x00007fff969d5000],  sp=0x00007fff969d2eb0,  free space=1015k
Native frames: (J=compiled Java code, j=interpreted, Vv=VM code, C=native code)
C  [libX11.so.6+0x37c98]  XQueryExtension+0x28


---------------  P R O C E S S  ---------------

VM state:at safepoint (shutting down)

VM Mutex/Monitor currently owned by a thread:  ([mutex/lock_event])
[0x0000000000840a50] Threads_lock - owner thread: 0x00000000008a7800

Heap
 PSYoungGen      total 55360K, used 22295K [0x00000000f2200000, 0x00000000f7a20000, 0x0000000100000000)
  eden space 51840K, 42% used [0x00000000f2200000,0x00000000f377dc58,0x00000000f54a0000)
  from space 3520K, 8% used [0x00000000f54a0000,0x00000000f54e8000,0x00000000f5810000)
  to   space 3648K, 0% used [0x00000000f7690000,0x00000000f7690000,0x00000000f7a20000)
 PSOldGen        total 21504K, used 14128K [0x00000000d6600000, 0x00000000d7b00000, 0x00000000f2200000)
  object space 21504K, 65% used [0x00000000d6600000,0x00000000d73cc308,0x00000000d7b00000)
 PSPermGen       total 27776K, used 27730K [0x00000000cc000000, 0x00000000cdb20000, 0x00000000d6600000)
  object space 27776K, 99% used [0x00000000cc000000,0x00000000cdb14b08,0x00000000cdb20000)

Code Cache  [0x00007ffc05811000, 0x00007ffc05a81000, 0x00007ffc08811000)
 total_blobs=1198 nmethods=540 adapters=612 free_code_cache=48387328 largest_free_block=9088

Dynamic libraries:
00400000-00409000 r-xp 00000000 08:06 10493093                           /usr/lib/jvm/java-6-openjdk/jre/bin/java
00608000-00609000 r--p 00008000 08:06 10493093                           /usr/lib/jvm/java-6-openjdk/jre/bin/java
00609000-0060a000 rw-p 00009000 08:06 10493093                           /usr/lib/jvm/java-6-openjdk/jre/bin/java
00839000-023b1000 rw-p 00000000 00:00 0                                  [heap]
cc000000-cdb20000 rw-p 00000000 00:00 0 
cdb20000-d6600000 rw-p 00000000 00:00 0 
d6600000-d7b00000 rw-p 00000000 00:00 0 
d7b00000-f2200000 rw-p 00000000 00:00 0 
f2200000-f7a20000 rw-p 00000000 00:00 0 
f7a20000-100000000 rw-p 00000000 00:00 0 
7ffbea49e000-7ffbea49f000 ---p 00000000 00:00 0 
7ffbea49f000-7ffbeac9f000 rw-p 00000000 00:00 0 
7ffbeac9f000-7ffbeaca0000 ---p 00000000 00:00 0 
7ffbeaca0000-7ffbeb4a0000 rw-p 00000000 00:00 0 
7ffbeb74c000-7ffbebd8a000 rw-p 00000000 00:00 0 
7ffbebd8a000-7ffbebdad000 r-xp 00000000 08:06 10227079                   /usr/lib/libjpeg.so.62.0.0
7ffbebdad000-7ffbebfac000 ---p 00023000 08:06 10227079                   /usr/lib/libjpeg.so.62.0.0
7ffbebfac000-7ffbebfad000 r--p 00022000 08:06 10227079                   /usr/lib/libjpeg.so.62.0.0
7ffbebfad000-7ffbebfae000 rw-p 00023000 08:06 10227079                   /usr/lib/libjpeg.so.62.0.0
7ffbec99b000-7ffbed389000 rw-p 00000000 00:00 0 
7ffbed389000-7ffbed393000 r-xp 00000000 08:06 10493128                   /usr/lib/jvm/java-6-openjdk/jre/lib/amd64/libjpeg.so
7ffbed393000-7ffbed592000 ---p 0000a000 08:06 10493128                   /usr/lib/jvm/java-6-openjdk/jre/lib/amd64/libjpeg.so
7ffbed592000-7ffbed593000 r--p 00009000 08:06 10493128                   /usr/lib/jvm/java-6-openjdk/jre/lib/amd64/libjpeg.so
7ffbed593000-7ffbed594000 rw-p 0000a000 08:06 10493128                   /usr/lib/jvm/java-6-openjdk/jre/lib/amd64/libjpeg.so
7ffbed594000-7ffbed5c6000 r-xp 00000000 08:06 10493135                   /usr/lib/jvm/java-6-openjdk/jre/lib/amd64/liblcms.so
7ffbed5c6000-7ffbed7c5000 ---p 00032000 08:06 10493135                   /usr/lib/jvm/java-6-openjdk/jre/lib/amd64/liblcms.so
7ffbed7c5000-7ffbed7c6000 r--p 00031000 08:06 10493135                   /usr/lib/jvm/java-6-openjdk/jre/lib/amd64/liblcms.so
7ffbed7c6000-7ffbed7c7000 rw-p 00032000 08:06 10493135                   /usr/lib/jvm/java-6-openjdk/jre/lib/amd64/liblcms.so
7ffbed7c7000-7ffbed7c9000 rw-p 00000000 00:00 0 
7ffbf17ca000-7ffbf17cb000 ---p 00000000 00:00 0 
7ffbf17cb000-7ffbf1fcb000 rw-p 00000000 00:00 0 
7ffbf1fcb000-7ffbf218e000 r-xp 00000000 08:06 10227437                   /usr/lib/libvorbisenc.so.2.0.6
7ffbf218e000-7ffbf238e000 ---p 001c3000 08:06 10227437                   /usr/lib/libvorbisenc.so.2.0.6
7ffbf238e000-7ffbf23a5000 r--p 001c3000 08:06 10227437                   /usr/lib/libvorbisenc.so.2.0.6
7ffbf23a5000-7ffbf23a6000 rw-p 001da000 08:06 10227437                   /usr/lib/libvorbisenc.so.2.0.6
7ffbf23a6000-7ffbf23ef000 r-xp 00000000 08:06 10226420                   /usr/lib/libFLAC.so.8.2.0
7ffbf23ef000-7ffbf25ef000 ---p 00049000 08:06 10226420                   /usr/lib/libFLAC.so.8.2.0
7ffbf25ef000-7ffbf25f0000 r--p 00049000 08:06 10226420                   /usr/lib/libFLAC.so.8.2.0
7ffbf25f0000-7ffbf25f1000 rw-p 0004a000 08:06 10226420                   /usr/lib/libFLAC.so.8.2.0
7ffbf25f1000-7ffbf264f000 r-xp 00000000 08:06 10227348                   /usr/lib/libsndfile.so.1.0.21
7ffbf264f000-7ffbf284f000 ---p 0005e000 08:06 10227348                   /usr/lib/libsndfile.so.1.0.21
7ffbf284f000-7ffbf2851000 r--p 0005e000 08:06 10227348                   /usr/lib/libsndfile.so.1.0.21
7ffbf2851000-7ffbf2852000 rw-p 00060000 08:06 10227348                   /usr/lib/libsndfile.so.1.0.21
7ffbf2852000-7ffbf2856000 rw-p 00000000 00:00 0 
7ffbf2856000-7ffbf285f000 r-xp 00000000 08:06 11534525                   /lib/libwrap.so.0.7.6
7ffbf285f000-7ffbf2a5e000 ---p 00009000 08:06 11534525                   /lib/libwrap.so.0.7.6
7ffbf2a5e000-7ffbf2a5f000 r--p 00008000 08:06 11534525                   /lib/libwrap.so.0.7.6
7ffbf2a5f000-7ffbf2a60000 rw-p 00009000 08:06 11534525                   /lib/libwrap.so.0.7.6
7ffbf2a60000-7ffbf2a61000 rw-p 00000000 00:00 0 
7ffbf2a61000-7ffbf2a65000 r-xp 00000000 08:06 11534523                   /lib/libuuid.so.1.3.0
7ffbf2a65000-7ffbf2c64000 ---p 00004000 08:06 11534523                   /lib/libuuid.so.1.3.0
7ffbf2c64000-7ffbf2c65000 r--p 00003000 08:06 11534523                   /lib/libuuid.so.1.3.0
7ffbf2c65000-7ffbf2c66000 rw-p 00004000 08:06 11534523                   /lib/libuuid.so.1.3.0
7ffbf2c66000-7ffbf2cb1000 r-xp 00000000 08:06 10227289                   /usr/lib/libpulsecommon-0.9.21.so
7ffbf2cb1000-7ffbf2eb0000 ---p 0004b000 08:06 10227289                   /usr/lib/libpulsecommon-0.9.21.so
7ffbf2eb0000-7ffbf2eb1000 r--p 0004a000 08:06 10227289                   /usr/lib/libpulsecommon-0.9.21.so
7ffbf2eb1000-7ffbf2eb2000 rw-p 0004b000 08:06 10227289                   /usr/lib/libpulsecommon-0.9.21.so
7ffbf2eb2000-7ffbf2eba000 r-xp 00000000 08:06 10226464                   /usr/lib/libSM.so.6.0.1
7ffbf2eba000-7ffbf30b9000 ---p 00008000 08:06 10226464                   /usr/lib/libSM.so.6.0.1
7ffbf30b9000-7ffbf30ba000 r--p 00007000 08:06 10226464                   /usr/lib/libSM.so.6.0.1
7ffbf30ba000-7ffbf30bb000 rw-p 00008000 08:06 10226464                   /usr/lib/libSM.so.6.0.1
7ffbf30bb000-7ffbf30d2000 r-xp 00000000 08:06 10226435                   /usr/lib/libICE.so.6.3.0
7ffbf30d2000-7ffbf32d1000 ---p 00017000 08:06 10226435                   /usr/lib/libICE.so.6.3.0
7ffbf32d1000-7ffbf32d2000 r--p 00016000 08:06 10226435                   /usr/lib/libICE.so.6.3.0
7ffbf32d2000-7ffbf32d3000 rw-p 00017000 08:06 10226435                   /usr/lib/libICE.so.6.3.0
7ffbf32d3000-7ffbf32d6000 rw-p 00000000 00:00 0 
7ffbf32d6000-7ffbf3316000 r-xp 00000000 08:06 10227288                   /usr/lib/libpulse.so.0.12.2
7ffbf3316000-7ffbf3516000 ---p 00040000 08:06 10227288                   /usr/lib/libpulse.so.0.12.2
7ffbf3516000-7ffbf3517000 r--p 00040000 08:06 10227288                   /usr/lib/libpulse.so.0.12.2
7ffbf3517000-7ffbf3518000 rw-p 00041000 08:06 10227288                   /usr/lib/libpulse.so.0.12.2
7ffbf37ad000-7ffbf3ead000 rw-s 00006000 00:05 4791                       /dev/ati/card0
7ffbf3ead000-7ffbf40ad000 rw-p 00000000 00:00 0 
7ffbf40ad000-7ffbf40f9000 r-xp 00000000 08:06 10231252                   /usr/lib/libatiadlxx.so
7ffbf40f9000-7ffbf41f9000 ---p 0004c000 08:06 10231252                   /usr/lib/libatiadlxx.so
7ffbf41f9000-7ffbf4204000 rw-p 0004c000 08:06 10231252                   /usr/lib/libatiadlxx.so
7ffbf4204000-7ffbf4214000 rw-p 00000000 00:00 0 
7ffbf4225000-7ffbf61c3000 r-xp 00000000 08:06 10231380                   /usr/lib/dri/fglrx_dri.so
7ffbf61c3000-7ffbf62c2000 ---p 01f9e000 08:06 10231380                   /usr/lib/dri/fglrx_dri.so
7ffbf62c2000-7ffbf6410000 rwxp 01f9d000 08:06 10231380                   /usr/lib/dri/fglrx_dri.so
7ffbf6410000-7ffbf6544000 rwxp 00000000 00:00 0 
7ffbf6544000-7ffbf654b000 r-xp 00000000 08:06 10231376                   /usr/lib/libatiuki.so.1.0
7ffbf654b000-7ffbf664b000 ---p 00007000 08:06 10231376                   /usr/lib/libatiuki.so.1.0
7ffbf664b000-7ffbf664c000 rw-p 00007000 08:06 10231376                   /usr/lib/libatiuki.so.1.0
7ffbf664c000-7ffbf664d000 rw-p 00000000 00:00 0 
7ffbf664d000-7ffbf670b000 r-xp 00000000 08:06 10231379                   /usr/lib/fglrx/fglrx-libGL.so.1.2
7ffbf670b000-7ffbf680b000 ---p 000be000 08:06 10231379                   /usr/lib/fglrx/fglrx-libGL.so.1.2
7ffbf680b000-7ffbf6832000 rwxp 000be000 08:06 10231379                   /usr/lib/fglrx/fglrx-libGL.so.1.2
7ffbf6832000-7ffbf6851000 rwxp 00000000 00:00 0 
7ffbf6851000-7ffbf6854000 ---p 00000000 00:00 0 
7ffbf6854000-7ffbf6952000 rw-p 00000000 00:00 0 
7ffbf6952000-7ffbf6957000 r-xp 00000000 08:06 10226523                   /usr/lib/libXxf86vm.so.1.0.0
7ffbf6957000-7ffbf6b56000 ---p 00005000 08:06 10226523                   /usr/lib/libXxf86vm.so.1.0.0
7ffbf6b56000-7ffbf6b57000 r--p 00004000 08:06 10226523                   /usr/lib/libXxf86vm.so.1.0.0
7ffbf6b57000-7ffbf6b58000 rw-p 00005000 08:06 10226523                   /usr/lib/libXxf86vm.so.1.0.0
7ffbf6b58000-7ffbf6bc0000 r-xp 00000000 08:06 1708006                    /home/disclaimer/Escritorio/EngSw_Dilluns-Grup-C-NewMain/BasicGame/liblwjgl64.so
7ffbf6bc0000-7ffbf6dc0000 ---p 00068000 08:06 1708006                    /home/disclaimer/Escritorio/EngSw_Dilluns-Grup-C-NewMain/BasicGame/liblwjgl64.so
7ffbf6dc0000-7ffbf6dc2000 r--p 00068000 08:06 1708006                    /home/disclaimer/Escritorio/EngSw_Dilluns-Grup-C-NewMain/BasicGame/liblwjgl64.so
7ffbf6dc2000-7ffbf6dc3000 rw-p 0006a000 08:06 1708006                    /home/disclaimer/Escritorio/EngSw_Dilluns-Grup-C-NewMain/BasicGame/liblwjgl64.so
7ffbf6dc3000-7ffbf6dc4000 r-xp 00000000 08:06 10493133                   /usr/lib/jvm/java-6-openjdk/jre/lib/amd64/libjawt.so
7ffbf6dc4000-7ffbf6fc3000 ---p 00001000 08:06 10493133                   /usr/lib/jvm/java-6-openjdk/jre/lib/amd64/libjawt.so
7ffbf6fc3000-7ffbf6fc4000 r--p 00000000 08:06 10493133                   /usr/lib/jvm/java-6-openjdk/jre/lib/amd64/libjawt.so
7ffbf6fc4000-7ffbf6fc5000 rw-p 00001000 08:06 10493133                   /usr/lib/jvm/java-6-openjdk/jre/lib/amd64/libjawt.so
7ffbf6fc5000-7ffbf7025000 rw-s 00000000 00:04 54460484                   /SYSV00000000 (deleted)
7ffbf702c000-7ffbf703a000 r--p 00000000 08:06 11668834                   /usr/share/locale-langpack/es/LC_MESSAGES/pulseaudio.mo
7ffbf703a000-7ffbf705a000 rw-s fdcc0000 00:05 4791                       /dev/ati/card0
7ffbf705a000-7ffbf705d000 ---p 00000000 00:00 0 
7ffbf705d000-7ffbf715b000 rw-p 00000000 00:00 0 
7ffbf715b000-7ffbf715e000 ---p 00000000 00:00 0 
7ffbf715e000-7ffbf725c000 rw-p 00000000 00:00 0 
7ffbf725c000-7ffbf7267000 r-xp 00000000 08:06 11534513                   /lib/libudev.so.0.6.1
7ffbf7267000-7ffbf7466000 ---p 0000b000 08:06 11534513                   /lib/libudev.so.0.6.1
7ffbf7466000-7ffbf7467000 r--p 0000a000 08:06 11534513                   /lib/libudev.so.0.6.1
7ffbf7467000-7ffbf7468000 rw-p 0000b000 08:06 11534513                   /lib/libudev.so.0.6.1
7ffbf7468000-7ffbf7491000 r-xp 00000000 08:06 10230189                   /usr/lib/gio/modules/libgvfsdbus.so
7ffbf7491000-7ffbf7691000 ---p 00029000 08:06 10230189                   /usr/lib/gio/modules/libgvfsdbus.so
7ffbf7691000-7ffbf7692000 r--p 00029000 08:06 10230189                   /usr/lib/gio/modules/libgvfsdbus.so
7ffbf7692000-7ffbf7693000 rw-p 0002a000 08:06 10230189                   /usr/lib/gio/modules/libgvfsdbus.so
7ffbf7693000-7ffbf76ab000 r-xp 00000000 08:06 10227010                   /usr/lib/libgvfscommon.so.0.0.0
7ffbf76ab000-7ffbf78aa000 ---p 00018000 08:06 10227010                   /usr/lib/libgvfscommon.so.0.0.0
7ffbf78aa000-7ffbf78ab000 r--p 00017000 08:06 10227010                   /usr/lib/libgvfscommon.so.0.0.0
7ffbf78ab000-7ffbf78ac000 rw-p 00018000 08:06 10227010                   /usr/lib/libgvfscommon.so.0.0.0
7ffbf78ac000-7ffbf78c0000 r-xp 00000000 08:06 10230188                   /usr/lib/gio/modules/libgioremote-volume-monitor.so
7ffbf78c0000-7ffbf7abf000 ---p 00014000 08:06 10230188                   /usr/lib/gio/modules/libgioremote-volume-monitor.so
7ffbf7abf000-7ffbf7ac0000 r--p 00013000 08:06 10230188                   /usr/lib/gio/modules/libgioremote-volume-monitor.so
7ffbf7ac0000-7ffbf7ac1000 rw-p 00014000 08:06 10230188                   /usr/lib/gio/modules/libgioremote-volume-monitor.so
7ffbf7ac1000-7ffbf7afe000 r-xp 00000000 08:06 11534393                   /lib/libdbus-1.so.3.4.0
7ffbf7afe000-7ffbf7cfe000 ---p 0003d000 08:06 11534393                   /lib/libdbus-1.so.3.4.0
7ffbf7cfe000-7ffbf7cff000 r--p 0003d000 08:06 11534393                   /lib/libdbus-1.so.3.4.0
7ffbf7cff000-7ffbf7d00000 rw-p 0003e000 08:06 11534393                   /lib/libdbus-1.so.3.4.0
7ffbf7d00000-7ffbf7d3f000 r-xp 00000000 08:06 10227026                   /usr/lib/libibus.so.1.0.0
7ffbf7d3f000-7ffbf7f3f000 ---p 0003f000 08:06 10227026                   /usr/lib/libibus.so.1.0.0
7ffbf7f3f000-7ffbf7f41000 r--p 0003f000 08:06 10227026                   /usr/lib/libibus.so.1.0.0
7ffbf7f41000-7ffbf7f42000 rw-p 00041000 08:06 10227026                   /usr/lib/libibus.so.1.0.0
7ffbf7f42000-7ffbf7f43000 rw-p 00000000 00:00 0 
7ffbf7f4e000-7ffbf7f4f000 rw-s 00005000 00:05 4791                       /dev/ati/card0
7ffbf7f4f000-7ffbf7f51000 rw-s 00002000 00:05 4791                       /dev/ati/card0
7ffbf7f51000-7ffbf7f54000 r--s 00077000 08:06 10358814                   /usr/lib/jvm/java-6-openjdk/jre/lib/ext/localedata.jar
7ffbf7f54000-7ffbf7f59000 r-xp 00000000 08:06 10230634                   /usr/lib/gtk-2.0/2.10.0/immodules/im-ibus.so
7ffbf7f59000-7ffbf8159000 ---p 00005000 08:06 10230634                   /usr/lib/gtk-2.0/2.10.0/immodules/im-ibus.so
7ffbf8159000-7ffbf815a000 r--p 00005000 08:06 10230634                   /usr/lib/gtk-2.0/2.10.0/immodules/im-ibus.so
7ffbf815a000-7ffbf815b000 rw-p 00006000 08:06 10230634                   /usr/lib/gtk-2.0/2.10.0/immodules/im-ibus.so
7ffbf815b000-7ffbf81f3000 r--p 00000000 08:06 11144441                   /usr/share/fonts/truetype/ttf-dejavu/DejaVuSans.ttf
7ffbf81f3000-7ffbf81f5000 r-xp 00000000 08:06 10486760                   /usr/lib/pango/1.6.0/modules/pango-basic-fc.so
7ffbf81f5000-7ffbf83f4000 ---p 00002000 08:06 10486760                   /usr/lib/pango/1.6.0/modules/pango-basic-fc.so
7ffbf83f4000-7ffbf83f5000 r--p 00001000 08:06 10486760                   /usr/lib/pango/1.6.0/modules/pango-basic-fc.so
7ffbf83f5000-7ffbf83f6000 rw-p 00002000 08:06 10486760                   /usr/lib/pango/1.6.0/modules/pango-basic-fc.so
7ffbf83f6000-7ffbf83f7000 r--s 00000000 08:06 3940054                    /var/cache/fontconfig/c05880de57d1f5e948fdfacc138775d9-le64.cache-3
7ffbf83f7000-7ffbf8400000 r--s 00000000 08:06 3940048                    /var/cache/fontconfig/945677eb7aeaf62f1d50efc3fb3ec7d8-le64.cache-3
7ffbf8400000-7ffbf8402000 r--s 00000000 08:06 3940052                    /var/cache/fontconfig/99e8ed0e538f840c565b6ed5dad60d56-le64.cache-3
7ffbf8402000-7ffbf8405000 r--s 00000000 08:06 3940051                    /var/cache/fontconfig/e383d7ea5fbe662a33d9b44caf393297-le64.cache-3
7ffbf8405000-7ffbf8406000 r--s 00000000 08:06 3940030                    /var/cache/fontconfig/e7071f4a29fa870f4323321c154eba04-le64.cache-3
7ffbf8406000-7ffbf840a000 r--s 00000000 08:06 3940013                    /var/cache/fontconfig/6eb3985aa4124903f6ff08ba781cd364-le64.cache-3
7ffbf840a000-7ffbf8413000 r--s 00000000 08:06 3939227                    /var/cache/fontconfig/6d41288fd70b0be22e8c3a91e032eec0-le64.cache-3
7ffbf8413000-7ffbf8423000 r--s 00000000 08:06 3939143                    /var/cache/fontconfig/0f34bcd4b6ee430af32735b75db7f02b-le64.cache-3
7ffbf8423000-7ffbf842b000 r-xp 00000000 08:06 10493136                   /usr/lib/jvm/java-6-openjdk/jre/lib/amd64/libnio.so
7ffbf842b000-7ffbf862a000 ---p 00008000 08:06 10493136                   /usr/lib/jvm/java-6-openjdk/jre/lib/amd64/libnio.so
7ffbf862a000-7ffbf862b000 r--p 00007000 08:06 10493136                   /usr/lib/jvm/java-6-openjdk/jre/lib/amd64/libnio.so
7ffbf862b000-7ffbf862c000 rw-p 00008000 08:06 10493136                   /usr/lib/jvm/java-6-openjdk/jre/lib/amd64/libnio.so
7ffbf862c000-7ffbf8641000 r-xp 00000000 08:06 10493124                   /usr/lib/jvm/java-6-openjdk/jre/lib/amd64/libnet.so
7ffbf8641000-7ffbf8840000 ---p 00015000 08:06 10493124                   /usr/lib/jvm/java-6-openjdk/jre/lib/amd64/libnet.so
7ffbf8840000-7ffbf8841000 r--p 00014000 08:06 10493124                   /usr/lib/jvm/java-6-openjdk/jre/lib/amd64/libnet.so
7ffbf8841000-7ffbf8842000 rw-p 00015000 08:06 10493124                   /usr/lib/jvm/java-6-openjdk/jre/lib/amd64/libnet.so
7ffbf8842000-7ffbf886a000 r-xp 00000000 08:06 10230624                   /usr/lib/gtk-2.0/2.10.0/engines/libmurrine.so
7ffbf886a000-7ffbf8a69000 ---p 00028000 08:06 10230624                   /usr/lib/gtk-2.0/2.10.0/engines/libmurrine.so
7ffbf8a69000-7ffbf8a6a000 r--p 00027000 08:06 10230624                   /usr/lib/gtk-2.0/2.10.0/engines/libmurrine.so
7ffbf8a6a000-7ffbf8a6b000 rw-p 00028000 08:06 10230624                   /usr/lib/gtk-2.0/2.10.0/engines/libmurrine.so
7ffbf8a6b000-7ffbf8a8e000 r--p 00000000 08:06 11668741                   /usr/share/locale-langpack/es/LC_MESSAGES/libc.mo
7ffbf8a8e000-7ffbf8a96000 r-xp 00000000 08:06 10227111                   /usr/lib/libltdl.so.7.2.1
7ffbf8a96000-7ffbf8c96000 ---p 00008000 08:06 10227111                   /usr/lib/libltdl.so.7.2.1
7ffbf8c96000-7ffbf8c97000 r--p 00008000 08:06 10227111                   /usr/lib/libltdl.so.7.2.1
7ffbf8c97000-7ffbf8c98000 rw-p 00009000 08:06 10227111                   /usr/lib/libltdl.so.7.2.1
7ffbf8c98000-7ffbf8ca6000 r-xp 00000000 08:06 10227384                   /usr/lib/libtdb.so.1.2.0
7ffbf8ca6000-7ffbf8ea5000 ---p 0000e000 08:06 10227384                   /usr/lib/libtdb.so.1.2.0
7ffbf8ea5000-7ffbf8ea6000 r--p 0000d000 08:06 10227384                   /usr/lib/libtdb.so.1.2.0
7ffbf8ea6000-7ffbf8ea7000 rw-p 0000e000 08:06 10227384                   /usr/lib/libtdb.so.1.2.0
7ffbf8ea7000-7ffbf8ead000 r-xp 00000000 08:06 10227194                   /usr/lib/libogg.so.0.6.0
7ffbf8ead000-7ffbf90ac000 ---p 00006000 08:06 10227194                   /usr/lib/libogg.so.0.6.0
7ffbf90ac000-7ffbf90ad000 r--p 00005000 08:06 10227194                   /usr/lib/libogg.so.0.6.0
7ffbf90ad000-7ffbf90ae000 rw-p 00006000 08:06 10227194                   /usr/lib/libogg.so.0.6.0
7ffbf90ae000-7ffbf90da000 r-xp 00000000 08:06 10227435                   /usr/lib/libvorbis.so.0.4.3
7ffbf90da000-7ffbf92d9000 ---p 0002c000 08:06 10227435                   /usr/lib/libvorbis.so.0.4.3
7ffbf92d9000-7ffbf92da000 r--p 0002b000 08:06 10227435                   /usr/lib/libvorbis.so.0.4.3
7ffbf92da000-7ffbf92db000 rw-p 0002c000 08:06 10227435                   /usr/lib/libvorbis.so.0.4.3
7ffbf92db000-7ffbf92e2000 r-xp 00000000 08:06 10227439                   /usr/lib/libvorbisfile.so.3.3.2
7ffbf92e2000-7ffbf94e1000 ---p 00007000 08:06 10227439                   /usr/lib/libvorbisfile.so.3.3.2
7ffbf94e1000-7ffbf94e2000 r--p 00006000 08:06 10227439                   /usr/lib/libvorbisfile.so.3.3.2
7ffbf94e2000-7ffbf94e3000 rw-p 00007000 08:06 10227439                   /usr/lib/libvorbisfile.so.3.3.2
7ffbf94e3000-7ffbf94f2000 r-xp 00000000 08:06 10226613                   /usr/lib/libcanberra.so.0.2.1
7ffbf94f2000-7ffbf96f1000 ---p 0000f000 08:06 10226613                   /usr/lib/libcanberra.so.0.2.1
7ffbf96f1000-7ffbf96f2000 r--p 0000e000 08:06 10226613                   /usr/lib/libcanberra.so.0.2.1
7ffbf96f2000-7ffbf96f3000 rw-p 0000f000 08:06 10226613                   /usr/lib/libcanberra.so.0.2.1
7ffbf96f3000-7ffbf96f7000 r-xp 00000000 08:06 10226611                   /usr/lib/libcanberra-gtk.so.0.1.5
7ffbf96f7000-7ffbf98f6000 ---p 00004000 08:06 10226611                   /usr/lib/libcanberra-gtk.so.0.1.5
7ffbf98f6000-7ffbf98f7000 r--p 00003000 08:06 10226611                   /usr/lib/libcanberra-gtk.so.0.1.5
7ffbf98f7000-7ffbf98f8000 rw-p 00004000 08:06 10226611                   /usr/lib/libcanberra-gtk.so.0.1.5
7ffbf98f8000-7ffbf98fd000 r-xp 00000000 08:06 10230670                   /usr/lib/gtk-2.0/modules/libcanberra-gtk-module.so
7ffbf98fd000-7ffbf9afc000 ---p 00005000 08:06 10230670                   /usr/lib/gtk-2.0/modules/libcanberra-gtk-module.so
7ffbf9afc000-7ffbf9afd000 r--p 00004000 08:06 10230670                   /usr/lib/gtk-2.0/modules/libcanberra-gtk-module.so
7ffbf9afd000-7ffbf9afe000 rw-p 00005000 08:06 10230670                   /usr/lib/gtk-2.0/modules/libcanberra-gtk-module.so
7ffbf9afe000-7ffbf9b28000 r--p 00000000 08:06 11668695                   /usr/share/locale-langpack/es/LC_MESSAGES/gtk20-properties.mo
7ffbf9b28000-7ffbf9c46000 r--p 00000000 08:06 10231304                   /usr/lib/locale/es_ES.utf8/LC_COLLATE
7ffbf9c46000-7ffbf9c6c000 r-xp 00000000 08:06 11534408                   /lib/libexpat.so.1.5.2
7ffbf9c6c000-7ffbf9e6c000 ---p 00026000 08:06 11534408                   /lib/libexpat.so.1.5.2
7ffbf9e6c000-7ffbf9e6e000 r--p 00026000 08:06 11534408                   /lib/libexpat.so.1.5.2
7ffbf9e6e000-7ffbf9e6f000 rw-p 00028000 08:06 11534408                   /lib/libexpat.so.1.5.2
7ffbf9e6f000-7ffbf9e8b000 r-xp 00000000 08:06 11534497                   /lib/libselinux.so.1
7ffbf9e8b000-7ffbfa08a000 ---p 0001c000 08:06 11534497                   /lib/libselinux.so.1
7ffbfa08a000-7ffbfa08b000 r--p 0001b000 08:06 11534497                   /lib/libselinux.so.1
7ffbfa08b000-7ffbfa08c000 rw-p 0001c000 08:06 11534497                   /lib/libselinux.so.1
7ffbfa08c000-7ffbfa08d000 rw-p 00000000 00:00 0 
7ffbfa08d000-7ffbfa0a3000 r-xp 00000000 08:06 11534493                   /lib/libresolv-2.11.1.so
7ffbfa0a3000-7ffbfa2a2000 ---p 00016000 08:06 11534493                   /lib/libresolv-2.11.1.so
7ffbfa2a2000-7ffbfa2a3000 r--p 00015000 08:06 11534493                   /lib/libresolv-2.11.1.so
7ffbfa2a3000-7ffbfa2a4000 rw-p 00016000 08:06 11534493                   /lib/libresolv-2.11.1.so
7ffbfa2a4000-7ffbfa2a6000 rw-p 00000000 00:00 0 
7ffbfa2a6000-7ffbfa2d3000 r-xp 00000000 08:06 11534473                   /lib/libpcre.so.3.12.1
7ffbfa2d3000-7ffbfa4d2000 ---p 0002d000 08:06 11534473                   /lib/libpcre.so.3.12.1
7ffbfa4d2000-7ffbfa4d3000 r--p 0002c000 08:06 11534473                   /lib/libpcre.so.3.12.1
7ffbfa4d3000-7ffbfa4d4000 rw-p 0002d000 08:06 11534473                   /lib/libpcre.so.3.12.1
7ffbfa4d4000-7ffbfa4db000 r-xp 00000000 08:06 10227474                   /usr/lib/libxcb-render.so.0.0.0
7ffbfa4db000-7ffbfa6db000 ---p 00007000 08:06 10227474                   /usr/lib/libxcb-render.so.0.0.0
7ffbfa6db000-7ffbfa6dc000 r--p 00007000 08:06 10227474                   /usr/lib/libxcb-render.so.0.0.0
7ffbfa6dc000-7ffbfa6dd000 rw-p 00008000 08:06 10227474                   /usr/lib/libxcb-render.so.0.0.0
7ffbfa6dd000-7ffbfa6e0000 r-xp 00000000 08:06 10227472                   /usr/lib/libxcb-render-util.so.0.0.0
7ffbfa6e0000-7ffbfa8df000 ---p 00003000 08:06 10227472                   /usr/lib/libxcb-render-util.so.0.0.0
7ffbfa8df000-7ffbfa8e0000 r--p 00002000 08:06 10227472                   /usr/lib/libxcb-render-util.so.0.0.0
7ffbfa8e0000-7ffbfa8e1000 rw-p 00003000 08:06 10227472                   /usr/lib/libxcb-render-util.so.0.0.0
7ffbfa8e1000-7ffbfa906000 r-xp 00000000 08:06 11534485                   /lib/libpng12.so.0.42.0
7ffbfa906000-7ffbfab06000 ---p 00025000 08:06 11534485                   /lib/libpng12.so.0.42.0
7ffbfab06000-7ffbfab07000 r--p 00025000 08:06 11534485                   /lib/libpng12.so.0.42.0
7ffbfab07000-7ffbfab08000 rw-p 00026000 08:06 11534485                   /lib/libpng12.so.0.42.0
7ffbfab08000-7ffbfab1f000 r-xp 00000000 08:06 10226697                   /usr/lib/libdirect-1.2.so.0.8.0
7ffbfab1f000-7ffbfad1e000 ---p 00017000 08:06 10226697                   /usr/lib/libdirect-1.2.so.0.8.0
7ffbfad1e000-7ffbfad1f000 r--p 00016000 08:06 10226697                   /usr/lib/libdirect-1.2.so.0.8.0
7ffbfad1f000-7ffbfad20000 rw-p 00017000 08:06 10226697                   /usr/lib/libdirect-1.2.so.0.8.0
7ffbfad20000-7ffbfad21000 rw-p 00000000 00:00 0 
7ffbfad21000-7ffbfad2a000 r-xp 00000000 08:06 10226774                   /usr/lib/libfusion-1.2.so.0.8.0
7ffbfad2a000-7ffbfaf29000 ---p 00009000 08:06 10226774                   /usr/lib/libfusion-1.2.so.0.8.0
7ffbfaf29000-7ffbfaf2a000 r--p 00008000 08:06 10226774                   /usr/lib/libfusion-1.2.so.0.8.0
7ffbfaf2a000-7ffbfaf2b000 rw-p 00009000 08:06 10226774                   /usr/lib/libfusion-1.2.so.0.8.0
7ffbfaf2b000-7ffbfafaa000 r-xp 00000000 08:06 10226699                   /usr/lib/libdirectfb-1.2.so.0.8.0
7ffbfafaa000-7ffbfb1a9000 ---p 0007f000 08:06 10226699                   /usr/lib/libdirectfb-1.2.so.0.8.0
7ffbfb1a9000-7ffbfb1ab000 r--p 0007e000 08:06 10226699                   /usr/lib/libdirectfb-1.2.so.0.8.0
7ffbfb1ab000-7ffbfb1ad000 rw-p 00080000 08:06 10226699                   /usr/lib/libdirectfb-1.2.so.0.8.0
7ffbfb1ad000-7ffbfb1ae000 rw-p 00000000 00:00 0 
7ffbfb1ae000-7ffbfb203000 r-xp 00000000 08:06 10227241                   /usr/lib/libpixman-1.so.0.16.4
7ffbfb203000-7ffbfb403000 ---p 00055000 08:06 10227241                   /usr/lib/libpixman-1.so.0.16.4
7ffbfb403000-7ffbfb406000 r--p 00055000 08:06 10227241                   /usr/lib/libpixman-1.so.0.16.4
7ffbfb406000-7ffbfb407000 rw-p 00058000 08:06 10227241                   /usr/lib/libpixman-1.so.0.16.4
7ffbfb407000-7ffbfb4e2000 r-xp 00000000 08:06 11534419                   /lib/libglib-2.0.so.0.2400.1
7ffbfb4e2000-7ffbfb6e2000 ---p 000db000 08:06 11534419                   /lib/libglib-2.0.so.0.2400.1
7ffbfb6e2000-7ffbfb6e3000 r--p 000db000 08:06 11534419                   /lib/libglib-2.0.so.0.2400.1
7ffbfb6e3000-7ffbfb6e4000 rw-p 000dc000 08:06 11534419                   /lib/libglib-2.0.so.0.2400.1
7ffbfb6e4000-7ffbfb6e5000 rw-p 00000000 00:00 0 
7ffbfb6e5000-7ffbfb6e9000 r-xp 00000000 08:06 10226961                   /usr/lib/libgthread-2.0.so.0.2400.1
7ffbfb6e9000-7ffbfb8e8000 ---p 00004000 08:06 10226961                   /usr/lib/libgthread-2.0.so.0.2400.1
7ffbfb8e8000-7ffbfb8e9000 r--p 00003000 08:06 10226961                   /usr/lib/libgthread-2.0.so.0.2400.1
7ffbfb8e9000-7ffbfb8ea000 rw-p 00004000 08:06 10226961                   /usr/lib/libgthread-2.0.so.0.2400.1
7ffbfb8ea000-7ffbfb8ed000 r-xp 00000000 08:06 10226841                   /usr/lib/libgmodule-2.0.so.0.2400.1
7ffbfb8ed000-7ffbfbaec000 ---p 00003000 08:06 10226841                   /usr/lib/libgmodule-2.0.so.0.2400.1
7ffbfbaec000-7ffbfbaed000 r--p 00002000 08:06 10226841                   /usr/lib/libgmodule-2.0.so.0.2400.1
7ffbfbaed000-7ffbfbaee000 rw-p 00003000 08:06 10226841                   /usr/lib/libgmodule-2.0.so.0.2400.1
7ffbfbaee000-7ffbfbb33000 r-xp 00000000 08:06 10226877                   /usr/lib/libgobject-2.0.so.0.2400.1
7ffbfbb33000-7ffbfbd33000 ---p 00045000 08:06 10226877                   /usr/lib/libgobject-2.0.so.0.2400.1
7ffbfbd33000-7ffbfbd34000 r--p 00045000 08:06 10226877                   /usr/lib/libgobject-2.0.so.0.2400.1
7ffbfbd34000-7ffbfbd35000 rw-p 00046000 08:06 10226877                   /usr/lib/libgobject-2.0.so.0.2400.1
7ffbfbd35000-7ffbfbd36000 rw-p 00000000 00:00 0 
7ffbfbd36000-7ffbfbd69000 r-xp 00000000 08:06 10226762                   /usr/lib/libfontconfig.so.1.4.4
7ffbfbd69000-7ffbfbf69000 ---p 00033000 08:06 10226762                   /usr/lib/libfontconfig.so.1.4.4
7ffbfbf69000-7ffbfbf6a000 r--p 00033000 08:06 10226762                   /usr/lib/libfontconfig.so.1.4.4
7ffbfbf6a000-7ffbfbf6b000 rw-p 00034000 08:06 10226762                   /usr/lib/libfontconfig.so.1.4.4
7ffbfbf6b000-7ffbfbfb2000 r-xp 00000000 08:06 10227211                   /usr/lib/libpango-1.0.so.0.2800.0
7ffbfbfb2000-7ffbfc1b2000 ---p 00047000 08:06 10227211                   /usr/lib/libpango-1.0.so.0.2800.0
7ffbfc1b2000-7ffbfc1b4000 r--p 00047000 08:06 10227211                   /usr/lib/libpango-1.0.so.0.2800.0
7ffbfc1b4000-7ffbfc1b5000 rw-p 00049000 08:06 10227211                   /usr/lib/libpango-1.0.so.0.2800.0
7ffbfc1b5000-7ffbfc1dd000 r-xp 00000000 08:06 10227215                   /usr/lib/libpangoft2-1.0.so.0.2800.0
7ffbfc1dd000-7ffbfc3dd000 ---p 00028000 08:06 10227215                   /usr/lib/libpangoft2-1.0.so.0.2800.0
7ffbfc3dd000-7ffbfc3de000 r--p 00028000 08:06 10227215                   /usr/lib/libpangoft2-1.0.so.0.2800.0
7ffbfc3de000-7ffbfc3df000 rw-p 00029000 08:06 10227215                   /usr/lib/libpangoft2-1.0.so.0.2800.0
7ffbfc3df000-7ffbfc48e000 r-xp 00000000 08:06 10226823                   /usr/lib/libgio-2.0.so.0.2400.1
7ffbfc48e000-7ffbfc68d000 ---p 000af000 08:06 10226823                   /usr/lib/libgio-2.0.so.0.2400.1
7ffbfc68d000-7ffbfc68f000 r--p 000ae000 08:06 10226823                   /usr/lib/libgio-2.0.so.0.2400.1
7ffbfc68f000-7ffbfc691000 rw-p 000b0000 08:06 10226823                   /usr/lib/libgio-2.0.so.0.2400.1
7ffbfc691000-7ffbfc692000 rw-p 00000000 00:00 0 
7ffbfc692000-7ffbfc711000 r-xp 00000000 08:06 10226603                   /usr/lib/libcairo.so.2.10800.10
7ffbfc711000-7ffbfc911000 ---p 0007f000 08:06 10226603                   /usr/lib/libcairo.so.2.10800.10
7ffbfc911000-7ffbfc913000 r--p 0007f000 08:06 10226603                   /usr/lib/libcairo.so.2.10800.10
7ffbfc913000-7ffbfc914000 rw-p 00081000 08:06 10226603                   /usr/lib/libcairo.so.2.10800.10
7ffbfc914000-7ffbfc915000 rw-p 00000000 00:00 0 
7ffbfc915000-7ffbfc933000 r-xp 00000000 08:06 10226556                   /usr/lib/libatk-1.0.so.0.3009.1
7ffbfc933000-7ffbfcb33000 ---p 0001e000 08:06 10226556                   /usr/lib/libatk-1.0.so.0.3009.1
7ffbfcb33000-7ffbfcb35000 r--p 0001e000 08:06 10226556                   /usr/lib/libatk-1.0.so.0.3009.1
7ffbfcb35000-7ffbfcb36000 rw-p 00020000 08:06 10226556                   /usr/lib/libatk-1.0.so.0.3009.1
7ffbfcb36000-7ffbfcb38000 r-xp 00000000 08:06 10226479                   /usr/lib/libXdamage.so.1.1.0
7ffbfcb38000-7ffbfcd37000 ---p 00002000 08:06 10226479                   /usr/lib/libXdamage.so.1.1.0
7ffbfcd37000-7ffbfcd38000 r--p 00001000 08:06 10226479                   /usr/lib/libXdamage.so.1.1.0
7ffbfcd38000-7ffbfcd39000 rw-p 00002000 08:06 10226479                   /usr/lib/libXdamage.so.1.1.0
7ffbfcd39000-7ffbfcd3b000 r-xp 00000000 08:06 10226475                   /usr/lib/libXcomposite.so.1.0.0
7ffbfcd3b000-7ffbfcf3a000 ---p 00002000 08:06 10226475                   /usr/lib/libXcomposite.so.1.0.0
7ffbfcf3a000-7ffbfcf3b000 r--p 00001000 08:06 10226475                   /usr/lib/libXcomposite.so.1.0.0
7ffbfcf3b000-7ffbfcf3c000 rw-p 00002000 08:06 10226475                   /usr/lib/libXcomposite.so.1.0.0
7ffbfcf3c000-7ffbfcf47000 r-xp 00000000 08:06 10227213                   /usr/lib/libpangocairo-1.0.so.0.2800.0
7ffbfcf47000-7ffbfd147000 ---p 0000b000 08:06 10227213                   /usr/lib/libpangocairo-1.0.so.0.2800.0
7ffbfd147000-7ffbfd148000 r--p 0000b000 08:06 10227213                   /usr/lib/libpangocairo-1.0.so.0.2800.0
7ffbfd148000-7ffbfd149000 rw-p 0000c000 08:06 10227213                   /usr/lib/libpangocairo-1.0.so.0.2800.0
7ffbfd149000-7ffbfd164000 r-xp 00000000 08:06 10226810                   /usr/lib/libgdk_pixbuf-2.0.so.0.2000.1
7ffbfd164000-7ffbfd363000 ---p 0001b000 08:06 10226810                   /usr/lib/libgdk_pixbuf-2.0.so.0.2000.1
7ffbfd363000-7ffbfd364000 r--p 0001a000 08:06 10226810                   /usr/lib/libgdk_pixbuf-2.0.so.0.2000.1
7ffbfd364000-7ffbfd365000 rw-p 0001b000 08:06 10226810                   /usr/lib/libgdk_pixbuf-2.0.so.0.2000.1
7ffbfd365000-7ffbfd367000 r-xp 00000000 08:06 10226493                   /usr/lib/libXinerama.so.1.0.0
7ffbfd367000-7ffbfd566000 ---p 00002000 08:06 10226493                   /usr/lib/libXinerama.so.1.0.0
7ffbfd566000-7ffbfd567000 r--p 00001000 08:06 10226493                   /usr/lib/libXinerama.so.1.0.0
7ffbfd567000-7ffbfd568000 rw-p 00002000 08:06 10226493                   /usr/lib/libXinerama.so.1.0.0
7ffbfd568000-7ffbfd610000 r-xp 00000000 08:06 10226808                   /usr/lib/libgdk-x11-2.0.so.0.2000.1
7ffbfd610000-7ffbfd80f000 ---p 000a8000 08:06 10226808                   /usr/lib/libgdk-x11-2.0.so.0.2000.1
7ffbfd80f000-7ffbfd813000 r--p 000a7000 08:06 10226808                   /usr/lib/libgdk-x11-2.0.so.0.2000.1
7ffbfd813000-7ffbfd815000 rw-p 000ab000 08:06 10226808                   /usr/lib/libgdk-x11-2.0.so.0.2000.1
7ffbfd815000-7ffbfdc2a000 r-xp 00000000 08:06 10226965                   /usr/lib/libgtk-x11-2.0.so.0.2000.1
7ffbfdc2a000-7ffbfde2a000 ---p 00415000 08:06 10226965                   /usr/lib/libgtk-x11-2.0.so.0.2000.1
7ffbfde2a000-7ffbfde31000 r--p 00415000 08:06 10226965                   /usr/lib/libgtk-x11-2.0.so.0.2000.1
7ffbfde31000-7ffbfde35000 rw-p 0041c000 08:06 10226965                   /usr/lib/libgtk-x11-2.0.so.0.2000.1
7ffbfde35000-7ffbfde37000 rw-p 00000000 00:00 0 
7ffbfde37000-7ffbfde3f000 r-xp 00000000 08:06 10226503                   /usr/lib/libXrandr.so.2.2.0
7ffbfde3f000-7ffbfe03e000 ---p 00008000 08:06 10226503                   /usr/lib/libXrandr.so.2.2.0
7ffbfe03e000-7ffbfe03f000 r--p 00007000 08:06 10226503                   /usr/lib/libXrandr.so.2.2.0
7ffbfe03f000-7ffbfe040000 rw-p 00008000 08:06 10226503                   /usr/lib/libXrandr.so.2.2.0
7ffbfe040000-7ffbfe043000 ---p 00000000 00:00 0 
7ffbfe043000-7ffbfe141000 rw-p 00000000 00:00 0 
7ffbfe141000-7ffbfe144000 ---p 00000000 00:00 0 
7ffbfe144000-7ffbfe242000 rw-p 00000000 00:00 0 
7ffbfe242000-7ffbfe245000 ---p 00000000 00:00 0 
7ffbfe245000-7ffbfe343000 rw-p 00000000 00:00 0 
7ffbfe343000-7ffbfe346000 ---p 00000000 00:00 0 
7ffbfe346000-7ffbfe444000 rw-p 00000000 00:00 0 
7ffbfe444000-7ffbfe445000 r--s 00000000 08:06 3940054                    /var/cache/fontconfig/c05880de57d1f5e948fdfacc138775d9-le64.cache-3
7ffbfe445000-7ffbfe44e000 r--s 00000000 08:06 3940048                    /var/cache/fontconfig/945677eb7aeaf62f1d50efc3fb3ec7d8-le64.cache-3
7ffbfe44e000-7ffbfe44f000 r--s 00000000 08:06 3940028                    /var/cache/fontconfig/b6fa9421f6700638fe50130b224ed2b7-le64.cache-3
7ffbfe44f000-7ffbfe450000 r--s 00000000 08:06 3939939                    /var/cache/fontconfig/4c73fe0c47614734b17d736dbde7580a-le64.cache-3
7ffbfe450000-7ffbfe451000 r--s 00000000 08:06 3939722                    /var/cache/fontconfig/0d8c3b2ac0904cb8a57a757ad11a4a08-le64.cache-3
7ffbfe451000-7ffbfe452000 r--s 00000000 08:06 3939439                    /var/cache/fontconfig/6a53c69dea097a2d716e069445527da8-le64.cache-3
7ffbfe452000-7ffbfe458000 r--s 00000000 08:06 3939320                    /var/cache/fontconfig/a755afe4a08bf5b97852ceb7400b47bc-le64.cache-3
7ffbfe458000-7ffbfe45a000 r--s 00000000 08:06 3939305                    /var/cache/fontconfig/81cda67e8be65ec12c33ffdbc3c0aede-le64.cache-3
7ffbfe45a000-7ffbfe464000 r--s 00000000 08:06 3938196                    /var/cache/fontconfig/d52a8644073d54c13679302ca1180695-le64.cache-3
7ffbfe464000-7ffbfe470000 r--p 00000000 08:06 11668653                   /usr/share/locale-langpack/es/LC_MESSAGES/glib20.mo
7ffbfe470000-7ffbfe484000 r--p 00000000 08:06 11668696                   /usr/share/locale-langpack/es/LC_MESSAGES/gtk20.mo
7ffbfe484000-7ffbfe489000 r-xp 00000000 08:06 10226485                   /usr/lib/libXfixes.so.3.1.0
7ffbfe489000-7ffbfe688000 ---p 00005000 08:06 10226485                   /usr/lib/libXfixes.so.3.1.0
7ffbfe688000-7ffbfe689000 r--p 00004000 08:06 10226485                   /usr/lib/libXfixes.so.3.1.0
7ffbfe689000-7ffbfe68a000 rw-p 00005000 08:06 10226485                   /usr/lib/libXfixes.so.3.1.0
7ffbfe68a000-7ffbfe693000 r-xp 00000000 08:06 10226477                   /usr/lib/libXcursor.so.1.0.2
7ffbfe693000-7ffbfe892000 ---p 00009000 08:06 10226477                   /usr/lib/libXcursor.so.1.0.2
7ffbfe892000-7ffbfe893000 r--p 00008000 08:06 10226477                   /usr/lib/libXcursor.so.1.0.2
7ffbfe893000-7ffbfe894000 rw-p 00009000 08:06 10226477                   /usr/lib/libXcursor.so.1.0.2
7ffbfe894000-7ffbfe897000 r--s 00000000 08:06 3939000                    /var/cache/fontconfig/d60319d88cac85ba9e1a07bd06cfbb8c-le64.cache-3
7ffbfe897000-7ffbfe898000 r--s 00000000 08:06 3938691                    /var/cache/fontconfig/4794a0821666d79190d59a36cb4f44b5-le64.cache-3
7ffbfe898000-7ffbfe89b000 r--s 00000000 08:06 3934102                    /var/cache/fontconfig/e13b20fdb08344e0e664864cc2ede53d-le64.cache-3
7ffbfe89b000-7ffbfe89f000 r--s 00000000 08:06 3932234                    /var/cache/fontconfig/7ef2298fde41cc6eeb7af42e48b7d293-le64.cache-3
7ffbfe89f000-7ffbfe8a0000 r--p 00000000 08:06 10231310                   /usr/lib/locale/es_ES.utf8/LC_NUMERIC
7ffbfe8a0000-7ffbfe8a1000 r--p 00000000 08:06 10233427                   /usr/lib/locale/es_ES.utf8/LC_TIME
7ffbfe8a1000-7ffbfe8a2000 r--p 00000000 08:06 10231517                   /usr/lib/locale/es_ES.utf8/LC_MONETARY
7ffbfe8a2000-7ffbfe8a3000 r--p 00000000 08:06 10354710                   /usr/lib/locale/es_ES.utf8/LC_MESSAGES/SYS_LC_MESSAGES
7ffbfe8a3000-7ffbfe8a4000 r--p 00000000 08:06 10231432                   /usr/lib/locale/es_ES.utf8/LC_PAPER
7ffbfe8a4000-7ffbfe8a5000 r--p 00000000 08:06 10231309                   /usr/lib/locale/es_ES.utf8/LC_NAME
7ffbfe8a5000-7ffbfe8ac000 r--s 000fb000 08:06 10358815                   /usr/lib/jvm/java-6-openjdk/jre/lib/resources.jar
7ffbfe8ac000-7ffbfe8af000 ---p 00000000 00:00 0 
7ffbfe8af000-7ffbfe9ad000 rw-p 00000000 00:00 0 
7ffbfe9ad000-7ffbfea2d000 r-xp 00000000 08:06 10226770                   /usr/lib/libfreetype.so.6.3.22
7ffbfea2d000-7ffbfec2d000 ---p 00080000 08:06 10226770                   /usr/lib/libfreetype.so.6.3.22
7ffbfec2d000-7ffbfec32000 r--p 00080000 08:06 10226770                   /usr/lib/libfreetype.so.6.3.22
7ffbfec32000-7ffbfec33000 rw-p 00085000 08:06 10226770                   /usr/lib/libfreetype.so.6.3.22
7ffbfec33000-7ffbfec6e000 r-xp 00000000 08:06 10493108                   /usr/lib/jvm/java-6-openjdk/jre/lib/amd64/libfontmanager.so
7ffbfec6e000-7ffbfee6e000 ---p 0003b000 08:06 10493108                   /usr/lib/jvm/java-6-openjdk/jre/lib/amd64/libfontmanager.so
7ffbfee6e000-7ffbfee70000 r--p 0003b000 08:06 10493108                   /usr/lib/jvm/java-6-openjdk/jre/lib/amd64/libfontmanager.so
7ffbfee70000-7ffbfee71000 rw-p 0003d000 08:06 10493108                   /usr/lib/jvm/java-6-openjdk/jre/lib/amd64/libfontmanager.so
7ffbfee71000-7ffbfee76000 r-xp 00000000 08:06 10226481                   /usr/lib/libXdmcp.so.6.0.0
7ffbfee76000-7ffbff075000 ---p 00005000 08:06 10226481                   /usr/lib/libXdmcp.so.6.0.0
7ffbff075000-7ffbff076000 r--p 00004000 08:06 10226481                   /usr/lib/libXdmcp.so.6.0.0
7ffbff076000-7ffbff077000 rw-p 00005000 08:06 10226481                   /usr/lib/libXdmcp.so.6.0.0
7ffbff077000-7ffbff079000 r-xp 00000000 08:06 10226470                   /usr/lib/libXau.so.6.0.0
7ffbff079000-7ffbff279000 ---p 00002000 08:06 10226470                   /usr/lib/libXau.so.6.0.0
7ffbff279000-7ffbff27a000 r--p 00002000 08:06 10226470                   /usr/lib/libXau.so.6.0.0
7ffbff27a000-7ffbff27b000 rw-p 00003000 08:06 10226470                   /usr/lib/libXau.so.6.0.0
7ffbff27b000-7ffbff296000 r-xp 00000000 08:06 10227476                   /usr/lib/libxcb.so.1.1.0
7ffbff296000-7ffbff495000 ---p 0001b000 08:06 10227476                   /usr/lib/libxcb.so.1.1.0
7ffbff495000-7ffbff496000 r--p 0001a000 08:06 10227476                   /usr/lib/libxcb.so.1.1.0
7ffbff496000-7ffbff497000 rw-p 0001b000 08:06 10227476                   /usr/lib/libxcb.so.1.1.0
7ffbff497000-7ffbff4a6000 r-xp 00000000 08:06 10226491                   /usr/lib/libXi.so.6.1.0
7ffbff4a6000-7ffbff6a5000 ---p 0000f000 08:06 10226491                   /usr/lib/libXi.so.6.1.0
7ffbff6a5000-7ffbff6a6000 r--p 0000e000 08:06 10226491                   /usr/lib/libXi.so.6.1.0
7ffbff6a6000-7ffbff6a7000 rw-p 0000f000 08:06 10226491                   /usr/lib/libXi.so.6.1.0
7ffbff6a7000-7ffbff6ac000 r-xp 00000000 08:06 10226511                   /usr/lib/libXtst.so.6.1.0
7ffbff6ac000-7ffbff8ac000 ---p 00005000 08:06 10226511                   /usr/lib/libXtst.so.6.1.0
7ffbff8ac000-7ffbff8ad000 r--p 00005000 08:06 10226511                   /usr/lib/libXtst.so.6.1.0
7ffbff8ad000-7ffbff8ae000 rw-p 00006000 08:06 10226511                   /usr/lib/libXtst.so.6.1.0
7ffbff8ae000-7ffbff8b7000 r-xp 00000000 08:06 10226505                   /usr/lib/libXrender.so.1.3.0
7ffbff8b7000-7ffbffab6000 ---p 00009000 08:06 10226505                   /usr/lib/libXrender.so.1.3.0
7ffbffab6000-7ffbffab7000 r--p 00008000 08:06 10226505                   /usr/lib/libXrender.so.1.3.0
7ffbffab7000-7ffbffab8000 rw-p 00009000 08:06 10226505                   /usr/lib/libXrender.so.1.3.0
7ffbffab8000-7ffbffbe9000 r-xp 00000000 08:06 10226466                   /usr/lib/libX11.so.6.3.0
7ffbffbe9000-7ffbffde9000 ---p 00131000 08:06 10226466                   /usr/lib/libX11.so.6.3.0
7ffbffde9000-7ffbffdea000 r--p 00131000 08:06 10226466                   /usr/lib/libX11.so.6.3.0
7ffbffdea000-7ffbffdee000 rw-p 00132000 08:06 10226466                   /usr/lib/libX11.so.6.3.0
7ffbffdee000-7ffbffdff000 r-xp 00000000 08:06 10226483                   /usr/lib/libXext.so.6.4.0
7ffbffdff000-7ffbffffe000 ---p 00011000 08:06 10226483                   /usr/lib/libXext.so.6.4.0
7ffbffffe000-7ffbfffff000 r--p 00010000 08:06 10226483                   /usr/lib/libXext.so.6.4.0
7ffbfffff000-7ffc00000000 rw-p 00011000 08:06 10226483                   /usr/lib/libXext.so.6.4.0
7ffc00000000-7ffc0115d000 rw-p 00000000 00:00 0 
7ffc0115d000-7ffc04000000 ---p 00000000 00:00 0 
7ffc04000000-7ffc04001000 r--p 00000000 08:06 10233428                   /usr/lib/locale/es_ES.utf8/LC_ADDRESS
7ffc04001000-7ffc04002000 r--p 00000000 08:06 10233429                   /usr/lib/locale/es_ES.utf8/LC_TELEPHONE
7ffc04002000-7ffc04003000 r--p 00000000 08:06 10231230                   /usr/lib/locale/es_ES.utf8/LC_MEASUREMENT
7ffc04003000-7ffc04004000 r--p 00000000 08:06 10233430                   /usr/lib/locale/es_ES.utf8/LC_IDENTIFICATION
7ffc04004000-7ffc04006000 r--s 00000000 08:06 3940052                    /var/cache/fontconfig/99e8ed0e538f840c565b6ed5dad60d56-le64.cache-3
7ffc04006000-7ffc04009000 r--s 00000000 08:06 3940051                    /var/cache/fontconfig/e383d7ea5fbe662a33d9b44caf393297-le64.cache-3
7ffc04009000-7ffc0400a000 r--s 00000000 08:06 3940030                    /var/cache/fontconfig/e7071f4a29fa870f4323321c154eba04-le64.cache-3
7ffc0400a000-7ffc0400b000 r--s 00000000 08:06 3940028                    /var/cache/fontconfig/b6fa9421f6700638fe50130b224ed2b7-le64.cache-3
7ffc0400b000-7ffc0400f000 r--s 00000000 08:06 3940013                    /var/cache/fontconfig/6eb3985aa4124903f6ff08ba781cd364-le64.cache-3
7ffc0400f000-7ffc04010000 r--s 00000000 08:06 3939939                    /var/cache/fontconfig/4c73fe0c47614734b17d736dbde7580a-le64.cache-3
7ffc04010000-7ffc04011000 r--s 00000000 08:06 3939722                    /var/cache/fontconfig/0d8c3b2ac0904cb8a57a757ad11a4a08-le64.cache-3
7ffc04011000-7ffc04012000 r--s 00000000 08:06 3939439                    /var/cache/fontconfig/6a53c69dea097a2d716e069445527da8-le64.cache-3
7ffc04012000-7ffc04018000 r--s 00000000 08:06 3939320                    /var/cache/fontconfig/a755afe4a08bf5b97852ceb7400b47bc-le64.cache-3
7ffc04018000-7ffc0401a000 r--s 00000000 08:06 3939305                    /var/cache/fontconfig/81cda67e8be65ec12c33ffdbc3c0aede-le64.cache-3
7ffc0401a000-7ffc04023000 r--s 00000000 08:06 3939227                    /var/cache/fontconfig/6d41288fd70b0be22e8c3a91e032eec0-le64.cache-3
7ffc04023000-7ffc04033000 r--s 00000000 08:06 3939143                    /var/cache/fontconfig/0f34bcd4b6ee430af32735b75db7f02b-le64.cache-3
7ffc04033000-7ffc04036000 r--s 00000000 08:06 3939000                    /var/cache/fontconfig/d60319d88cac85ba9e1a07bd06cfbb8c-le64.cache-3
7ffc04036000-7ffc04037000 r--s 00000000 08:06 3938691                    /var/cache/fontconfig/4794a0821666d79190d59a36cb4f44b5-le64.cache-3
7ffc04037000-7ffc04041000 r--s 00000000 08:06 3938196                    /var/cache/fontconfig/d52a8644073d54c13679302ca1180695-le64.cache-3
7ffc04041000-7ffc04044000 r--s 00000000 08:06 3934102                    /var/cache/fontconfig/e13b20fdb08344e0e664864cc2ede53d-le64.cache-3
7ffc04044000-7ffc04048000 r--s 00000000 08:06 3932234                    /var/cache/fontconfig/7ef2298fde41cc6eeb7af42e48b7d293-le64.cache-3
7ffc04048000-7ffc04049000 r--s 00000000 08:06 3940054                    /var/cache/fontconfig/c05880de57d1f5e948fdfacc138775d9-le64.cache-3
7ffc04049000-7ffc04052000 r--s 00000000 08:06 3940048                    /var/cache/fontconfig/945677eb7aeaf62f1d50efc3fb3ec7d8-le64.cache-3
7ffc04052000-7ffc04054000 r--s 00000000 08:06 3940052                    /var/cache/fontconfig/99e8ed0e538f840c565b6ed5dad60d56-le64.cache-3
7ffc04054000-7ffc04057000 r--s 00000000 08:06 3940051                    /var/cache/fontconfig/e383d7ea5fbe662a33d9b44caf393297-le64.cache-3
7ffc04057000-7ffc04058000 r--s 00000000 08:06 3940030                    /var/cache/fontconfig/e7071f4a29fa870f4323321c154eba04-le64.cache-3
7ffc04058000-7ffc04059000 r--s 00000000 08:06 3940028                    /var/cache/fontconfig/b6fa9421f6700638fe50130b224ed2b7-le64.cache-3
7ffc04059000-7ffc0405d000 r--s 00000000 08:06 3940013                    /var/cache/fontconfig/6eb3985aa4124903f6ff08ba781cd364-le64.cache-3
7ffc0405d000-7ffc0405e000 r--s 00000000 08:06 3939939                    /var/cache/fontconfig/4c73fe0c47614734b17d736dbde7580a-le64.cache-3
7ffc0405e000-7ffc0405f000 r--s 00000000 08:06 3939722                    /var/cache/fontconfig/0d8c3b2ac0904cb8a57a757ad11a4a08-le64.cache-3
7ffc0405f000-7ffc04060000 r--s 00000000 08:06 3939439                    /var/cache/fontconfig/6a53c69dea097a2d716e069445527da8-le64.cache-3
7ffc04060000-7ffc04066000 r--s 00000000 08:06 3939320                    /var/cache/fontconfig/a755afe4a08bf5b97852ceb7400b47bc-le64.cache-3
7ffc04066000-7ffc04068000 r--s 00000000 08:06 3939305                    /var/cache/fontconfig/81cda67e8be65ec12c33ffdbc3c0aede-le64.cache-3
7ffc04068000-7ffc04071000 r--s 00000000 08:06 3939227                    /var/cache/fontconfig/6d41288fd70b0be22e8c3a91e032eec0-le64.cache-3
7ffc04071000-7ffc04081000 r--s 00000000 08:06 3939143                    /var/cache/fontconfig/0f34bcd4b6ee430af32735b75db7f02b-le64.cache-3
7ffc04081000-7ffc04084000 r--s 00000000 08:06 3939000                    /var/cache/fontconfig/d60319d88cac85ba9e1a07bd06cfbb8c-le64.cache-3
7ffc04084000-7ffc04085000 r--s 00000000 08:06 3938691                    /var/cache/fontconfig/4794a0821666d79190d59a36cb4f44b5-le64.cache-3
7ffc04085000-7ffc0408f000 r--s 00000000 08:06 3938196                    /var/cache/fontconfig/d52a8644073d54c13679302ca1180695-le64.cache-3
7ffc0408f000-7ffc04092000 r--s 00000000 08:06 3934102                    /var/cache/fontconfig/e13b20fdb08344e0e664864cc2ede53d-le64.cache-3
7ffc04092000-7ffc04096000 r--s 00000000 08:06 3932234                    /var/cache/fontconfig/7ef2298fde41cc6eeb7af42e48b7d293-le64.cache-3
7ffc04096000-7ffc040e2000 r-xp 00000000 08:06 10758786                   /usr/lib/jvm/java-6-openjdk/jre/lib/amd64/xawt/libmawt.so
7ffc040e2000-7ffc042e2000 ---p 0004c000 08:06 10758786                   /usr/lib/jvm/java-6-openjdk/jre/lib/amd64/xawt/libmawt.so
7ffc042e2000-7ffc042e3000 r--p 0004c000 08:06 10758786                   /usr/lib/jvm/java-6-openjdk/jre/lib/amd64/xawt/libmawt.so
7ffc042e3000-7ffc042e6000 rw-p 0004d000 08:06 10758786                   /usr/lib/jvm/java-6-openjdk/jre/lib/amd64/xawt/libmawt.so
7ffc042e6000-7ffc042e7000 rw-p 00000000 00:00 0 
7ffc042e7000-7ffc04391000 r-xp 00000000 08:06 10493115                   /usr/lib/jvm/java-6-openjdk/jre/lib/amd64/libawt.so
7ffc04391000-7ffc04590000 ---p 000aa000 08:06 10493115                   /usr/lib/jvm/java-6-openjdk/jre/lib/amd64/libawt.so
7ffc04590000-7ffc04591000 r--p 000a9000 08:06 10493115                   /usr/lib/jvm/java-6-openjdk/jre/lib/amd64/libawt.so
7ffc04591000-7ffc0459c000 rw-p 000aa000 08:06 10493115                   /usr/lib/jvm/java-6-openjdk/jre/lib/amd64/libawt.so
7ffc0459c000-7ffc045c1000 rw-p 00000000 00:00 0 
7ffc045c1000-7ffc045c4000 r--s 0007d000 08:06 10358792                   /usr/lib/jvm/java-6-openjdk/jre/lib/jsse.jar
7ffc045c4000-7ffc045ca000 r--s 02646000 08:06 1573848                    /home/disclaimer/jmonkeyplatform/jmonkeyplatform/libs/jME3-testdata.jar
7ffc045ca000-7ffc045cd000 r--s 0001a000 08:06 1573873                    /home/disclaimer/jmonkeyplatform/jmonkeyplatform/libs/xmlpull-xpp3.jar
7ffc045cd000-7ffc045cf000 r--s 00012000 08:06 1573939                    /home/disclaimer/jmonkeyplatform/jmonkeyplatform/libs/eventbus.jar
7ffc045cf000-7ffc045d2000 r--s 0000f000 08:06 1573761                    /home/disclaimer/jmonkeyplatform/jmonkeyplatform/libs/nifty-style-black.jar
7ffc045d2000-7ffc045da000 r--s 00033000 08:06 1573628                    /home/disclaimer/jmonkeyplatform/jmonkeyplatform/libs/nifty-default-controls.jar
7ffc045da000-7ffc045e4000 r--s 0006c000 08:06 1573970                    /home/disclaimer/jmonkeyplatform/jmonkeyplatform/libs/nifty.jar
7ffc045e4000-7ffc045e5000 r--s 00005000 08:06 1573843                    /home/disclaimer/jmonkeyplatform/jmonkeyplatform/libs/jME3-niftygui.jar
7ffc045e5000-7ffc045e6000 r--s 0000b000 08:06 1573893                    /home/disclaimer/jmonkeyplatform/jmonkeyplatform/libs/stack-alloc.jar
7ffc045e6000-7ffc045e8000 r--s 0003c000 08:06 1573950                    /home/disclaimer/jmonkeyplatform/jmonkeyplatform/libs/vecmath.jar
7ffc045e8000-7ffc045f2000 r--s 00079000 08:06 1573945                    /home/disclaimer/jmonkeyplatform/jmonkeyplatform/libs/jbullet.jar
7ffc045f2000-7ffc045f5000 r--s 00020000 08:06 1573865                    /home/disclaimer/jmonkeyplatform/jmonkeyplatform/libs/jME3-jbullet.jar
7ffc045f5000-7ffc04602000 r--s 000d6000 08:06 1573972                    /home/disclaimer/jmonkeyplatform/jmonkeyplatform/libs/lwjgl.jar
7ffc04602000-7ffc04606000 r--s 00030000 08:06 1573963                    /home/disclaimer/jmonkeyplatform/jmonkeyplatform/libs/jinput.jar
7ffc04606000-7ffc04607000 ---p 00000000 00:00 0 
7ffc04607000-7ffc04707000 rw-p 00000000 00:00 0 
7ffc04707000-7ffc0470a000 ---p 00000000 00:00 0 
7ffc0470a000-7ffc04808000 rw-p 00000000 00:00 0 
7ffc04808000-7ffc0480b000 ---p 00000000 00:00 0 
7ffc0480b000-7ffc04909000 rw-p 00000000 00:00 0 
7ffc04909000-7ffc0490c000 ---p 00000000 00:00 0 
7ffc0490c000-7ffc04a0a000 rw-p 00000000 00:00 0 
7ffc04a0a000-7ffc04a0d000 ---p 00000000 00:00 0 
7ffc04a0d000-7ffc04b0b000 rw-p 00000000 00:00 0 
7ffc04b0b000-7ffc04b4a000 r--p 00000000 08:06 10231228                   /usr/lib/locale/es_ES.utf8/LC_CTYPE
7ffc04b4a000-7ffc04b4d000 ---p 00000000 00:00 0 
7ffc04b4d000-7ffc04c4b000 rw-p 00000000 00:00 0 
7ffc04c4b000-7ffc04c4e000 ---p 00000000 00:00 0 
7ffc04c4e000-7ffc04d4c000 rw-p 00000000 00:00 0 
7ffc04d4c000-7ffc04d4d000 ---p 00000000 00:00 0 
7ffc04d4d000-7ffc05183000 rw-p 00000000 00:00 0 
7ffc05183000-7ffc05315000 r--s 037bf000 08:06 10359027                   /usr/lib/jvm/java-6-openjdk/jre/lib/rt.jar
7ffc05315000-7ffc0533d000 rw-p 00000000 00:00 0 
7ffc0533d000-7ffc0533e000 ---p 00000000 00:00 0 
7ffc0533e000-7ffc0543e000 rw-p 00000000 00:00 0 
7ffc0543e000-7ffc0543f000 ---p 00000000 00:00 0 
7ffc0543f000-7ffc0554d000 rw-p 00000000 00:00 0 
7ffc0554d000-7ffc05592000 rw-p 00000000 00:00 0 
7ffc05592000-7ffc0559d000 rw-p 00000000 00:00 0 
7ffc0559d000-7ffc05670000 rw-p 00000000 00:00 0 
7ffc05670000-7ffc0567e000 rw-p 00000000 00:00 0 
7ffc0567e000-7ffc056c3000 rw-p 00000000 00:00 0 
7ffc056c3000-7ffc056ce000 rw-p 00000000 00:00 0 
7ffc056ce000-7ffc057a1000 rw-p 00000000 00:00 0 
7ffc057a1000-7ffc057ce000 rw-p 00000000 00:00 0 
7ffc057ce000-7ffc05810000 rw-p 00000000 00:00 0 
7ffc05810000-7ffc05811000 rw-p 00000000 00:00 0 
7ffc05811000-7ffc05a81000 rwxp 00000000 00:00 0 
7ffc05a81000-7ffc08811000 rw-p 00000000 00:00 0 
7ffc08811000-7ffc08818000 r-xp 00000000 08:06 10493122                   /usr/lib/jvm/java-6-openjdk/jre/lib/amd64/libzip.so
7ffc08818000-7ffc08a17000 ---p 00007000 08:06 10493122                   /usr/lib/jvm/java-6-openjdk/jre/lib/amd64/libzip.so
7ffc08a17000-7ffc08a18000 r--p 00006000 08:06 10493122                   /usr/lib/jvm/java-6-openjdk/jre/lib/amd64/libzip.so
7ffc08a18000-7ffc08a19000 rw-p 00007000 08:06 10493122                   /usr/lib/jvm/java-6-openjdk/jre/lib/amd64/libzip.so
7ffc08a19000-7ffc08a25000 r-xp 00000000 08:06 11534447                   /lib/libnss_files-2.11.1.so
7ffc08a25000-7ffc08c24000 ---p 0000c000 08:06 11534447                   /lib/libnss_files-2.11.1.so
7ffc08c24000-7ffc08c25000 r--p 0000b000 08:06 11534447                   /lib/libnss_files-2.11.1.so
7ffc08c25000-7ffc08c26000 rw-p 0000c000 08:06 11534447                   /lib/libnss_files-2.11.1.so
7ffc08c26000-7ffc08c30000 r-xp 00000000 08:06 11534457                   /lib/libnss_nis-2.11.1.so
7ffc08c30000-7ffc08e2f000 ---p 0000a000 08:06 11534457                   /lib/libnss_nis-2.11.1.so
7ffc08e2f000-7ffc08e30000 r--p 00009000 08:06 11534457                   /lib/libnss_nis-2.11.1.so
7ffc08e30000-7ffc08e31000 rw-p 0000a000 08:06 11534457                   /lib/libnss_nis-2.11.1.so
7ffc08e31000-7ffc08e39000 r-xp 00000000 08:06 11534443                   /lib/libnss_compat-2.11.1.so
7ffc08e39000-7ffc09038000 ---p 00008000 08:06 11534443                   /lib/libnss_compat-2.11.1.so
7ffc09038000-7ffc09039000 r--p 00007000 08:06 11534443                   /lib/libnss_compat-2.11.1.so
7ffc09039000-7ffc0903a000 rw-p 00008000 08:06 11534443                   /lib/libnss_compat-2.11.1.so
7ffc0903a000-7ffc09051000 r-xp 00000000 08:06 11534441                   /lib/libnsl-2.11.1.so
7ffc09051000-7ffc09250000 ---p 00017000 08:06 11534441                   /lib/libnsl-2.11.1.so
7ffc09250000-7ffc09251000 r--p 00016000 08:06 11534441                   /lib/libnsl-2.11.1.so
7ffc09251000-7ffc09252000 rw-p 00017000 08:06 11534441                   /lib/libnsl-2.11.1.so
7ffc09252000-7ffc09254000 rw-p 00000000 00:00 0 
7ffc09254000-7ffc09281000 r-xp 00000000 08:06 10493111                   /usr/lib/jvm/java-6-openjdk/jre/lib/amd64/libjava.so
7ffc09281000-7ffc09480000 ---p 0002d000 08:06 10493111                   /usr/lib/jvm/java-6-openjdk/jre/lib/amd64/libjava.so
7ffc09480000-7ffc09481000 r--p 0002c000 08:06 10493111                   /usr/lib/jvm/java-6-openjdk/jre/lib/amd64/libjava.so
7ffc09481000-7ffc09484000 rw-p 0002d000 08:06 10493111                   /usr/lib/jvm/java-6-openjdk/jre/lib/amd64/libjava.so
7ffc09484000-7ffc09493000 r-xp 00000000 08:06 10493137                   /usr/lib/jvm/java-6-openjdk/jre/lib/amd64/libverify.so
7ffc09493000-7ffc09692000 ---p 0000f000 08:06 10493137                   /usr/lib/jvm/java-6-openjdk/jre/lib/amd64/libverify.so
7ffc09692000-7ffc09694000 r--p 0000e000 08:06 10493137                   /usr/lib/jvm/java-6-openjdk/jre/lib/amd64/libverify.so
7ffc09694000-7ffc09695000 rw-p 00010000 08:06 10493137                   /usr/lib/jvm/java-6-openjdk/jre/lib/amd64/libverify.so
7ffc09695000-7ffc0969c000 r-xp 00000000 08:06 11534495                   /lib/librt-2.11.1.so
7ffc0969c000-7ffc0989b000 ---p 00007000 08:06 11534495                   /lib/librt-2.11.1.so
7ffc0989b000-7ffc0989c000 r--p 00006000 08:06 11534495                   /lib/librt-2.11.1.so
7ffc0989c000-7ffc0989d000 rw-p 00007000 08:06 11534495                   /lib/librt-2.11.1.so
7ffc0989d000-7ffc098b3000 r-xp 00000000 08:06 11534415                   /lib/libgcc_s.so.1
7ffc098b3000-7ffc09ab2000 ---p 00016000 08:06 11534415                   /lib/libgcc_s.so.1
7ffc09ab2000-7ffc09ab3000 r--p 00015000 08:06 11534415                   /lib/libgcc_s.so.1
7ffc09ab3000-7ffc09ab4000 rw-p 00016000 08:06 11534415                   /lib/libgcc_s.so.1
7ffc09ab4000-7ffc09b36000 r-xp 00000000 08:06 11534430                   /lib/libm-2.11.1.so
7ffc09b36000-7ffc09d35000 ---p 00082000 08:06 11534430                   /lib/libm-2.11.1.so
7ffc09d35000-7ffc09d36000 r--p 00081000 08:06 11534430                   /lib/libm-2.11.1.so
7ffc09d36000-7ffc09d37000 rw-p 00082000 08:06 11534430                   /lib/libm-2.11.1.so
7ffc09d37000-7ffc09e2d000 r-xp 00000000 08:06 10227375                   /usr/lib/libstdc++.so.6.0.13
7ffc09e2d000-7ffc0a02d000 ---p 000f6000 08:06 10227375                   /usr/lib/libstdc++.so.6.0.13
7ffc0a02d000-7ffc0a034000 r--p 000f6000 08:06 10227375                   /usr/lib/libstdc++.so.6.0.13
7ffc0a034000-7ffc0a036000 rw-p 000fd000 08:06 10227375                   /usr/lib/libstdc++.so.6.0.13
7ffc0a036000-7ffc0a04b000 rw-p 00000000 00:00 0 
7ffc0a04b000-7ffc0a98a000 r-xp 00000000 08:06 10493104                   /usr/lib/jvm/java-6-openjdk/jre/lib/amd64/server/libjvm.so
7ffc0a98a000-7ffc0ab89000 ---p 0093f000 08:06 10493104                   /usr/lib/jvm/java-6-openjdk/jre/lib/amd64/server/libjvm.so
7ffc0ab89000-7ffc0ac0a000 r--p 0093e000 08:06 10493104                   /usr/lib/jvm/java-6-openjdk/jre/lib/amd64/server/libjvm.so
7ffc0ac0a000-7ffc0ac25000 rw-p 009bf000 08:06 10493104                   /usr/lib/jvm/java-6-openjdk/jre/lib/amd64/server/libjvm.so
7ffc0ac25000-7ffc0ac4d000 rw-p 00000000 00:00 0 
7ffc0ac4d000-7ffc0adc7000 r-xp 00000000 08:06 11534381                   /lib/libc-2.11.1.so
7ffc0adc7000-7ffc0afc6000 ---p 0017a000 08:06 11534381                   /lib/libc-2.11.1.so
7ffc0afc6000-7ffc0afca000 r--p 00179000 08:06 11534381                   /lib/libc-2.11.1.so
7ffc0afca000-7ffc0afcb000 rw-p 0017d000 08:06 11534381                   /lib/libc-2.11.1.so
7ffc0afcb000-7ffc0afd0000 rw-p 00000000 00:00 0 
7ffc0afd0000-7ffc0afd2000 r-xp 00000000 08:06 11534395                   /lib/libdl-2.11.1.so
7ffc0afd2000-7ffc0b1d2000 ---p 00002000 08:06 11534395                   /lib/libdl-2.11.1.so
7ffc0b1d2000-7ffc0b1d3000 r--p 00002000 08:06 11534395                   /lib/libdl-2.11.1.so
7ffc0b1d3000-7ffc0b1d4000 rw-p 00003000 08:06 11534395                   /lib/libdl-2.11.1.so
7ffc0b1d4000-7ffc0b1d8000 r-xp 00000000 08:06 10493121                   /usr/lib/jvm/java-6-openjdk/jre/lib/amd64/jli/libjli.so
7ffc0b1d8000-7ffc0b3d7000 ---p 00004000 08:06 10493121                   /usr/lib/jvm/java-6-openjdk/jre/lib/amd64/jli/libjli.so
7ffc0b3d7000-7ffc0b3d8000 r--p 00003000 08:06 10493121                   /usr/lib/jvm/java-6-openjdk/jre/lib/amd64/jli/libjli.so
7ffc0b3d8000-7ffc0b3d9000 rw-p 00004000 08:06 10493121                   /usr/lib/jvm/java-6-openjdk/jre/lib/amd64/jli/libjli.so
7ffc0b3d9000-7ffc0b3f1000 r-xp 00000000 08:06 11534489                   /lib/libpthread-2.11.1.so
7ffc0b3f1000-7ffc0b5f0000 ---p 00018000 08:06 11534489                   /lib/libpthread-2.11.1.so
7ffc0b5f0000-7ffc0b5f1000 r--p 00017000 08:06 11534489                   /lib/libpthread-2.11.1.so
7ffc0b5f1000-7ffc0b5f2000 rw-p 00018000 08:06 11534489                   /lib/libpthread-2.11.1.so
7ffc0b5f2000-7ffc0b5f6000 rw-p 00000000 00:00 0 
7ffc0b5f6000-7ffc0b60c000 r-xp 00000000 08:06 11534530                   /lib/libz.so.1.2.3.3
7ffc0b60c000-7ffc0b80b000 ---p 00016000 08:06 11534530                   /lib/libz.so.1.2.3.3
7ffc0b80b000-7ffc0b80c000 r--p 00015000 08:06 11534530                   /lib/libz.so.1.2.3.3
7ffc0b80c000-7ffc0b80d000 rw-p 00016000 08:06 11534530                   /lib/libz.so.1.2.3.3
7ffc0b80d000-7ffc0b82d000 r-xp 00000000 08:06 11534357                   /lib/ld-2.11.1.so
7ffc0b82d000-7ffc0b82f000 r--s 0020a000 08:06 1573731                    /home/disclaimer/jmonkeyplatform/jmonkeyplatform/libs/jME3-lwjgl-natives.jar
7ffc0b82f000-7ffc0b831000 r--s 00017000 08:06 1573904                    /home/disclaimer/jmonkeyplatform/jmonkeyplatform/libs/jME3-lwjgl.jar
7ffc0b831000-7ffc0b834000 r--s 00024000 08:06 1573866                    /home/disclaimer/jmonkeyplatform/jmonkeyplatform/libs/jME3-terrain.jar
7ffc0b834000-7ffc0b835000 r--s 00009000 08:06 1573846                    /home/disclaimer/jmonkeyplatform/jmonkeyplatform/libs/j-ogg-vorbisd.jar
7ffc0b835000-7ffc0b837000 r--s 00005000 08:06 1573907                    /home/disclaimer/jmonkeyplatform/jmonkeyplatform/libs/j-ogg-oggd.jar
7ffc0b837000-7ffc0b838000 r--s 00002000 08:06 1573922                    /home/disclaimer/jmonkeyplatform/jmonkeyplatform/libs/jME3-jogg.jar
7ffc0b838000-7ffc0b83b000 r--s 0001c000 08:06 1573798                    /home/disclaimer/jmonkeyplatform/jmonkeyplatform/libs/jME3-networking.jar
7ffc0b83b000-7ffc0b83e000 r--s 0006c000 08:06 1573867                    /home/disclaimer/jmonkeyplatform/jmonkeyplatform/libs/jME3-effects.jar
7ffc0b83e000-7ffc0b83f000 r--s 00010000 08:06 1573869                    /home/disclaimer/jmonkeyplatform/jmonkeyplatform/libs/jME3-plugins.jar
7ffc0b83f000-7ffc0b841000 r--s 00033000 08:06 1573868                    /home/disclaimer/jmonkeyplatform/jmonkeyplatform/libs/jME3-desktop.jar
7ffc0b841000-7ffc0b851000 r--s 00101000 08:06 1573921                    /home/disclaimer/jmonkeyplatform/jmonkeyplatform/libs/jME3-core.jar
7ffc0b851000-7ffc0b853000 r--s 0000f000 08:06 10358810                   /usr/lib/jvm/java-6-openjdk/jre/lib/ext/pulse-java.jar
7ffc0b853000-7ffc0b85d000 rw-p 00000000 00:00 0 
7ffc0b85d000-7ffc0b913000 rw-p 00000000 00:00 0 
7ffc0b913000-7ffc0b916000 ---p 00000000 00:00 0 
7ffc0b916000-7ffc0ba19000 rw-p 00000000 00:00 0 
7ffc0ba19000-7ffc0ba20000 r--s 00000000 08:06 10230079                   /usr/lib/gconv/gconv-modules.cache
7ffc0ba20000-7ffc0ba28000 rw-s 00000000 08:06 6553694                    /tmp/hsperfdata_disclaimer/5379 (deleted)
7ffc0ba28000-7ffc0ba29000 rw-p 00000000 00:00 0 
7ffc0ba29000-7ffc0ba2a000 ---p 00000000 00:00 0 
7ffc0ba2a000-7ffc0ba2c000 rw-p 00000000 00:00 0 
7ffc0ba2c000-7ffc0ba2d000 r--p 0001f000 08:06 11534357                   /lib/ld-2.11.1.so
7ffc0ba2d000-7ffc0ba2e000 rw-p 00020000 08:06 11534357                   /lib/ld-2.11.1.so
7ffc0ba2e000-7ffc0ba2f000 rw-p 00000000 00:00 0 
7fff969c0000-7fff969d5000 rw-p 00000000 00:00 0                          [stack]
7fff969ff000-7fff96a00000 r-xp 00000000 00:00 0                          [vdso]
ffffffffff600000-ffffffffff601000 r-xp 00000000 00:00 0                  [vsyscall]

VM Arguments:
jvm_args: -Dfile.encoding=UTF-8 
java_command: controlador.Main
Launcher Type: SUN_STANDARD

Environment Variables:
PATH=/usr/local/sbin:/usr/local/bin:/usr/sbin:/usr/bin:/sbin:/bin:/usr/games
USERNAME=disclaimer
LD_LIBRARY_PATH=/usr/lib/jvm/java-6-openjdk/jre/lib/amd64/server:/usr/lib/jvm/java-6-openjdk/jre/lib/amd64:/usr/lib/jvm/java-6-openjdk/jre/../lib/amd64
SHELL=/bin/bash
DISPLAY=:0.0

Signal Handlers:
SIGSEGV: [libjvm.so+0x7cff30], sa_mask[0]=0x7ffbfeff, sa_flags=0x10000004
SIGBUS: [libjvm.so+0x7cff30], sa_mask[0]=0x7ffbfeff, sa_flags=0x10000004
SIGFPE: [libjvm.so+0x68d2c0], sa_mask[0]=0x7ffbfeff, sa_flags=0x10000004
SIGPIPE: SIG_IGN, sa_mask[0]=0x00001000, sa_flags=0x10000000
SIGXFSZ: [libjvm.so+0x68d2c0], sa_mask[0]=0x7ffbfeff, sa_flags=0x10000004
SIGILL: [libjvm.so+0x68d2c0], sa_mask[0]=0x7ffbfeff, sa_flags=0x10000004
SIGUSR1: SIG_DFL, sa_mask[0]=0x00000000, sa_flags=0x00000000
SIGUSR2: [libjvm.so+0x68ca70], sa_mask[0]=0x00000004, sa_flags=0x10000004
SIGHUP: [libjvm.so+0x68f0d0], sa_mask[0]=0x7ffbfeff, sa_flags=0x10000004
SIGINT: SIG_IGN, sa_mask[0]=0x00000000, sa_flags=0x00000000
SIGTERM: [libjvm.so+0x68f0d0], sa_mask[0]=0x7ffbfeff, sa_flags=0x10000004
SIGQUIT: [libjvm.so+0x68f0d0], sa_mask[0]=0x7ffbfeff, sa_flags=0x10000004


---------------  S Y S T E M  ---------------

OS:Ubuntu 10.04 (lucid)
uname:Linux 2.6.32-38-generic #83-Ubuntu SMP Wed Jan 4 11:12:07 UTC 2012 x86_64
libc:glibc 2.11.1 NPTL 2.11.1 
rlimit: STACK 8192k, CORE 0k, NPROC infinity, NOFILE 1024, AS infinity
load average:2,23 1,94 1,79

/proc/meminfo:
MemTotal:        2056896 kB
MemFree:          251276 kB
Buffers:           18176 kB
Cached:           262016 kB
SwapCached:        87920 kB
Active:           794240 kB
Inactive:         715124 kB
Active(anon):     677056 kB
Inactive(anon):   562788 kB
Active(file):     117184 kB
Inactive(file):   152336 kB
Unevictable:           0 kB
Mlocked:               0 kB
SwapTotal:        498680 kB
SwapFree:         108908 kB
Dirty:              1476 kB
Writeback:             0 kB
AnonPages:       1141212 kB
Mapped:           120184 kB
Shmem:             10664 kB
Slab:              41432 kB
SReclaimable:      21972 kB
SUnreclaim:        19460 kB
KernelStack:        2824 kB
PageTables:        25284 kB
NFS_Unstable:          0 kB
Bounce:                0 kB
WritebackTmp:          0 kB
CommitLimit:     1527128 kB
Committed_AS:    2500388 kB
VmallocTotal:   34359738367 kB
VmallocUsed:      320728 kB
VmallocChunk:   34359414920 kB
HardwareCorrupted:     0 kB
HugePages_Total:       0
HugePages_Free:        0
HugePages_Rsvd:        0
HugePages_Surp:        0
Hugepagesize:       2048 kB
DirectMap4k:     1776512 kB
DirectMap2M:      319488 kB


CPU:total 2 (2 cores per cpu, 1 threads per core) family 15 model 107 stepping 1, cmov, cx8, fxsr, mmx, sse, sse2, sse3, mmxext, 3dnowpref

Memory: 4k page, physical 2056896k(251276k free), swap 498680k(108908k free)

vm_info: OpenJDK 64-Bit Server VM (20.0-b12) for linux-amd64 JRE (1.6.0_24-b24), built on Sep  1 2012 09:58:05 by "buildd" with gcc 4.4.3

time: Wed Nov 14 16:19:15 2012
elapsed time: 32 seconds

