#
# A fatal error has been detected by the Java Runtime Environment:
#
#  SIGSEGV (0xb) at pc=0x00007fc2308b4c98, pid=3229, tid=140472173082368
#
# JRE version: 7.0_10-b18
# Java VM: Java HotSpot(TM) 64-Bit Server VM (23.6-b04 mixed mode linux-amd64 compressed oops)
# Problematic frame:
# C  [libX11.so.6+0x37c98]  XQueryExtension+0x28
#
# Failed to write core dump. Core dumps have been disabled. To enable core dumping, try "ulimit -c unlimited" before starting Java again
#
# If you would like to submit a bug report, please visit:
#   http://bugreport.sun.com/bugreport/crash.jsp
#

---------------  T H R E A D  ---------------

Current thread is native thread

siginfo:si_signo=SIGSEGV: si_errno=0, si_code=1 (SEGV_MAPERR), si_addr=0x000000002c662b88

Registers:
RAX=0x00000000031083d0, RBX=0x000000002c662220, RCX=0x00007fff74467e28, RDX=0x00007fff74467e24
RSP=0x00007fff74467dc0, RBP=0x00007fc222efae12, RSI=0x00007fc222efae12, RDI=0x000000002c662220
R8 =0x00007fff74467e2c, R9 =0x00007fc23975de50, R10=0x00007fc23975f748, R11=0x00007fc239418590
R12=0x00007fff74467e24, R13=0x00000000031083d0, R14=0x00000000031083d0, R15=0x0000000000000000
RIP=0x00007fc2308b4c98, EFLAGS=0x0000000000010206, CSGSFS=0x0000000000000033, ERR=0x0000000000000004
  TRAPNO=0x000000000000000e

Top of Stack: (sp=0x00007fff74467dc0)
0x00007fff74467dc0:   00007fc22c66f0f0 00007fc23975de40
0x00007fff74467dd0:   000000002c662220 0000000000000020
0x00007fff74467de0:   00007fc239fba048 000000002c662220
0x00007fff74467df0:   00007fc222efae12 0000000000000011
0x00007fff74467e00:   00000000031083d0 00000000031083d0
0x00007fff74467e10:   0000000000000000 00007fc2308a9172
0x00007fff74467e20:   00000000001ca818 00007fc223032c60
0x00007fff74467e30:   00007fc223032c60 000000002c662220
0x00007fff74467e40:   0000000000000011 00007fc230bc1782
0x00007fff74467e50:   00007fc200000005 0000000000000000
0x00007fff74467e60:   00007fc22c66a540 00007fc222efae12
0x00007fff74467e70:   00007fff74467ef0 0000000000000000
0x00007fff74467e80:   00007fff74467ef0 000000002c662220
0x00007fff74467e90:   00007fc239fba048 00007fc22c663ba0
0x00007fff74467ea0:   00007fc22304c490 00007fc222ea6fd9
0x00007fff74467eb0:   0000000000000000 0000000000000062
0x00007fff74467ec0:   00007fff74467ef0 0000000000000000
0x00007fff74467ed0:   00007fc239fba048 00007fc22c663ba0
0x00007fff74467ee0:   000000000000002c 00007fc222e9b6e2
0x00007fff74467ef0:   00007fff744682a0 00007fc222efad81
0x00007fff74467f00:   0000000000000000 00007fc239da93ec
0x00007fff74467f10:   00007fc239fbb128 00007fc239fbb6b8
0x00007fff74467f20:   00007fc239fb8b28 00000000024ad0d0
0x00007fff74467f30:   0000000002604bd0 0000000002604200
0x00007fff74467f40:   00007fc22c14b960 00007fc22c4dc990
0x00007fff74467f50:   00007fc22c3672e0 00007fc22c149890
0x00007fff74467f60:   00007fc22c3a4460 00007fc22c384900
0x00007fff74467f70:   00000000024a16e0 00000000024a1060
0x00007fff74467f80:   000000000249e4e0 00007fc22c2defd0
0x00007fff74467f90:   00007fc22c2df4a0 00007fc22c30dc00
0x00007fff74467fa0:   00007fc22c403470 00007fc22c2c1930
0x00007fff74467fb0:   00007fc22c2c1de0 00007fc22c2c2770 

Instructions: (pc=0x00007fc2308b4c98)
0x00007fc2308b4c78:   24 d8 48 89 fb 4c 89 64 24 e0 4c 89 6c 24 e8 49
0x00007fc2308b4c88:   89 d4 4c 89 74 24 f0 4c 89 7c 24 f8 48 83 ec 58
0x00007fc2308b4c98:   48 8b 87 68 09 00 00 49 89 f5 48 89 cd 4d 89 c6
0x00007fc2308b4ca8:   48 85 c0 74 02 ff 10 4c 8b bb b0 00 00 00 49 8d 

Register to memory mapping:

RAX=0x00000000031083d0 is an unknown value
RBX=0x000000002c662220 is an unknown value
RCX=0x00007fff74467e28 is an unknown value
RDX=0x00007fff74467e24 is an unknown value
RSP=0x00007fff74467dc0 is an unknown value
RBP=0x00007fc222efae12: <offset 0x92e12> in /usr/lib/libGL.so.1 at 0x00007fc222e68000
RSI=0x00007fc222efae12: <offset 0x92e12> in /usr/lib/libGL.so.1 at 0x00007fc222e68000
RDI=0x000000002c662220 is an unknown value
R8 =0x00007fff74467e2c is an unknown value
R9 =0x00007fc23975de50: <offset 0x37ee50> in /lib/libc.so.6 at 0x00007fc2393df000
R10=0x00007fc23975f748: <offset 0x380748> in /lib/libc.so.6 at 0x00007fc2393df000
R11=0x00007fc239418590: __cxa_finalize+0 in /lib/libc.so.6 at 0x00007fc2393df000
R12=0x00007fff74467e24 is an unknown value
R13=0x00000000031083d0 is an unknown value
R14=0x00000000031083d0 is an unknown value
R15=0x0000000000000000 is an unknown value


Stack: [0x00007fff7436b000,0x00007fff7446b000],  sp=0x00007fff74467dc0,  free space=1011k
Native frames: (J=compiled Java code, j=interpreted, Vv=VM code, C=native code)
C  [libX11.so.6+0x37c98]  XQueryExtension+0x28


---------------  P R O C E S S  ---------------

VM state:at safepoint (shutting down)

VM Mutex/Monitor currently owned by a thread:  ([mutex/lock_event])
[0x00000000024a5500] Threads_lock - owner thread: 0x000000000252d800

Heap
 PSYoungGen      total 169216K, used 47358K [0x00000000f5560000, 0x0000000100000000, 0x0000000100000000)
  eden space 163712K, 28% used [0x00000000f5560000,0x00000000f839f998,0x00000000ff540000)
  from space 5504K, 0% used [0x00000000ff540000,0x00000000ff540000,0x00000000ffaa0000)
  to   space 5504K, 0% used [0x00000000ffaa0000,0x00000000ffaa0000,0x0000000100000000)
 ParOldGen       total 163328K, used 73056K [0x00000000e0000000, 0x00000000e9f80000, 0x00000000f5560000)
  object space 163328K, 44% used [0x00000000e0000000,0x00000000e47582c8,0x00000000e9f80000)
 PSPermGen       total 48256K, used 22669K [0x00000000dae00000, 0x00000000ddd20000, 0x00000000e0000000)
  object space 48256K, 46% used [0x00000000dae00000,0x00000000dc423418,0x00000000ddd20000)

Card table byte_map: [0x00007fc234275000,0x00007fc23439f000] byte_map_base: 0x00007fc233b9e000

Polling page: 0x00007fc239fb6000

Code Cache  [0x00007fc23439f000, 0x00007fc23460f000, 0x00007fc23739f000)
 total_blobs=997 nmethods=326 adapters=623 free_code_cache=47816Kb largest_free_block=48910656

Compilation events (10 events):
Event: 22,810 Thread 0x00007fc22c054800 nmethod 321 0x00007fc2344eb510 code [0x00007fc2344eb660, 0x00007fc2344eb728]
Event: 22,814 Thread 0x00007fc22c057800 nmethod 319 0x00007fc2344f3350 code [0x00007fc2344f34c0, 0x00007fc2344f3858]
Event: 22,817 Thread 0x00007fc22c054800  322             com.jme3.renderer.RenderManager::renderSubScene (217 bytes)
Event: 22,825 Thread 0x00007fc22c057800  323             com.jme3.scene.Spatial::getCullHint (34 bytes)
Event: 22,830 Thread 0x00007fc22c057800 nmethod 323 0x00007fc2344eb250 code [0x00007fc2344eb3a0, 0x00007fc2344eb448]
Event: 22,936 Thread 0x00007fc22c054800 nmethod 322 0x00007fc2344f6ad0 code [0x00007fc2344f6ea0, 0x00007fc2344f8698]
Event: 23,104 Thread 0x00007fc22c057800  324             java.util.concurrent.ConcurrentHashMap::hash (81 bytes)
Event: 23,107 Thread 0x00007fc22c057800 nmethod 324 0x00007fc2344ed990 code [0x00007fc2344edae0, 0x00007fc2344edc48]
Event: 23,113 Thread 0x00007fc22c057800  325             java.util.regex.Pattern$Single::isSatisfiedBy (14 bytes)
Event: 23,114 Thread 0x00007fc22c057800 nmethod 325 0x00007fc2344eb050 code [0x00007fc2344eb180, 0x00007fc2344eb1d8]

GC Heap History (10 events):
Event: 14,835 GC heap before
{Heap before GC invocations=12 (full 2):
 PSYoungGen      total 134656K, used 130048K [0x00000000f5560000, 0x0000000100000000, 0x0000000100000000)
  eden space 130048K, 100% used [0x00000000f5560000,0x00000000fd460000,0x00000000fd460000)
  from space 4608K, 0% used [0x00000000fd460000,0x00000000fd460000,0x00000000fd8e0000)
  to   space 5056K, 0% used [0x00000000ffb10000,0x00000000ffb10000,0x0000000100000000)
 ParOldGen       total 56000K, used 23954K [0x00000000e0000000, 0x00000000e36b0000, 0x00000000f5560000)
  object space 56000K, 42% used [0x00000000e0000000,0x00000000e17648a0,0x00000000e36b0000)
 PSPermGen       total 50304K, used 22218K [0x00000000dae00000, 0x00000000ddf20000, 0x00000000e0000000)
  object space 50304K, 44% used [0x00000000dae00000,0x00000000dc3b2bf8,0x00000000ddf20000)
Event: 14,885 GC heap after
Heap after GC invocations=12 (full 2):
 PSYoungGen      total 154688K, used 64K [0x00000000f5560000, 0x00000000ffb20000, 0x0000000100000000)
  eden space 154624K, 0% used [0x00000000f5560000,0x00000000f5560000,0x00000000fec60000)
  from space 64K, 100% used [0x00000000ffb10000,0x00000000ffb20000,0x00000000ffb20000)
  to   space 5312K, 0% used [0x00000000ff0c0000,0x00000000ff0c0000,0x00000000ff5f0000)
 ParOldGen       total 88832K, used 56722K [0x00000000e0000000, 0x00000000e56c0000, 0x00000000f5560000)
  object space 88832K, 63% used [0x00000000e0000000,0x00000000e37648b0,0x00000000e56c0000)
 PSPermGen       total 50304K, used 22218K [0x00000000dae00000, 0x00000000ddf20000, 0x00000000e0000000)
  object space 50304K, 44% used [0x00000000dae00000,0x00000000dc3b2bf8,0x00000000ddf20000)
}
Event: 15,788 GC heap before
{Heap before GC invocations=13 (full 2):
 PSYoungGen      total 154688K, used 154688K [0x00000000f5560000, 0x00000000ffb20000, 0x0000000100000000)
  eden space 154624K, 100% used [0x00000000f5560000,0x00000000fec60000,0x00000000fec60000)
  from space 64K, 100% used [0x00000000ffb10000,0x00000000ffb20000,0x00000000ffb20000)
  to   space 5312K, 0% used [0x00000000ff0c0000,0x00000000ff0c0000,0x00000000ff5f0000)
 ParOldGen       total 88832K, used 56722K [0x00000000e0000000, 0x00000000e56c0000, 0x00000000f5560000)
  object space 88832K, 63% used [0x00000000e0000000,0x00000000e37648b0,0x00000000e56c0000)
 PSPermGen       total 50304K, used 22219K [0x00000000dae00000, 0x00000000ddf20000, 0x00000000e0000000)
  object space 50304K, 44% used [0x00000000dae00000,0x00000000dc3b2d70,0x00000000ddf20000)
Event: 15,791 GC heap after
Heap after GC invocations=13 (full 2):
 PSYoungGen      total 164416K, used 32K [0x00000000f5560000, 0x0000000100000000, 0x0000000100000000)
  eden space 159104K, 0% used [0x00000000f5560000,0x00000000f5560000,0x00000000ff0c0000)
  from space 5312K, 0% used [0x00000000ff0c0000,0x00000000ff0c8000,0x00000000ff5f0000)
  to   space 5440K, 0% used [0x00000000ffab0000,0x00000000ffab0000,0x0000000100000000)
 ParOldGen       total 88832K, used 56722K [0x00000000e0000000, 0x00000000e56c0000, 0x00000000f5560000)
  object space 88832K, 63% used [0x00000000e0000000,0x00000000e37648b0,0x00000000e56c0000)
 PSPermGen       total 50304K, used 22219K [0x00000000dae00000, 0x00000000ddf20000, 0x00000000e0000000)
  object space 50304K, 44% used [0x00000000dae00000,0x00000000dc3b2d70,0x00000000ddf20000)
}
Event: 16,580 GC heap before
{Heap before GC invocations=14 (full 2):
 PSYoungGen      total 164416K, used 137822K [0x00000000f5560000, 0x0000000100000000, 0x0000000100000000)
  eden space 159104K, 86% used [0x00000000f5560000,0x00000000fdbefa80,0x00000000ff0c0000)
  from space 5312K, 0% used [0x00000000ff0c0000,0x00000000ff0c8000,0x00000000ff5f0000)
  to   space 5440K, 0% used [0x00000000ffab0000,0x00000000ffab0000,0x0000000100000000)
 ParOldGen       total 88832K, used 56722K [0x00000000e0000000, 0x00000000e56c0000, 0x00000000f5560000)
  object space 88832K, 63% used [0x00000000e0000000,0x00000000e37648b0,0x00000000e56c0000)
 PSPermGen       total 50304K, used 22219K [0x00000000dae00000, 0x00000000ddf20000, 0x00000000e0000000)
  object space 50304K, 44% used [0x00000000dae00000,0x00000000dc3b2d70,0x00000000ddf20000)
Event: 16,581 GC heap after
Heap after GC invocations=14 (full 2):
 PSYoungGen      total 169152K, used 32K [0x00000000f5560000, 0x0000000100000000, 0x0000000100000000)
  eden space 163712K, 0% used [0x00000000f5560000,0x00000000f5560000,0x00000000ff540000)
  from space 5440K, 0% used [0x00000000ffab0000,0x00000000ffab8000,0x0000000100000000)
  to   space 5504K, 0% used [0x00000000ff540000,0x00000000ff540000,0x00000000ffaa0000)
 ParOldGen       total 88832K, used 56722K [0x00000000e0000000, 0x00000000e56c0000, 0x00000000f5560000)
  object space 88832K, 63% used [0x00000000e0000000,0x00000000e37648b0,0x00000000e56c0000)
 PSPermGen       total 50304K, used 22219K [0x00000000dae00000, 0x00000000ddf20000, 0x00000000e0000000)
  object space 50304K, 44% used [0x00000000dae00000,0x00000000dc3b2d70,0x00000000ddf20000)
}
Event: 17,013 GC heap before
{Heap before GC invocations=15 (full 2):
 PSYoungGen      total 169152K, used 143374K [0x00000000f5560000, 0x0000000100000000, 0x0000000100000000)
  eden space 163712K, 87% used [0x00000000f5560000,0x00000000fe15bb20,0x00000000ff540000)
  from space 5440K, 0% used [0x00000000ffab0000,0x00000000ffab8000,0x0000000100000000)
  to   space 5504K, 0% used [0x00000000ff540000,0x00000000ff540000,0x00000000ffaa0000)
 ParOldGen       total 88832K, used 56722K [0x00000000e0000000, 0x00000000e56c0000, 0x00000000f5560000)
  object space 88832K, 63% used [0x00000000e0000000,0x00000000e37648b0,0x00000000e56c0000)
 PSPermGen       total 50304K, used 22220K [0x00000000dae00000, 0x00000000ddf20000, 0x00000000e0000000)
  object space 50304K, 44% used [0x00000000dae00000,0x00000000dc3b3020,0x00000000ddf20000)
Event: 17,244 GC heap after
Heap after GC invocations=15 (full 2):
 PSYoungGen      total 169216K, used 64K [0x00000000f5560000, 0x0000000100000000, 0x0000000100000000)
  eden space 163712K, 0% used [0x00000000f5560000,0x00000000f5560000,0x00000000ff540000)
  from space 5504K, 1% used [0x00000000ff540000,0x00000000ff550000,0x00000000ffaa0000)
  to   space 5504K, 0% used [0x00000000ffaa0000,0x00000000ffaa0000,0x0000000100000000)
 ParOldGen       total 220032K, used 187794K [0x00000000e0000000, 0x00000000ed6e0000, 0x00000000f5560000)
  object space 220032K, 85% used [0x00000000e0000000,0x00000000eb7648d0,0x00000000ed6e0000)
 PSPermGen       total 50304K, used 22220K [0x00000000dae00000, 0x00000000ddf20000, 0x00000000e0000000)
  object space 50304K, 44% used [0x00000000dae00000,0x00000000dc3b3020,0x00000000ddf20000)
}
Event: 17,244 GC heap before
{Heap before GC invocations=16 (full 3):
 PSYoungGen      total 169216K, used 64K [0x00000000f5560000, 0x0000000100000000, 0x0000000100000000)
  eden space 163712K, 0% used [0x00000000f5560000,0x00000000f5560000,0x00000000ff540000)
  from space 5504K, 1% used [0x00000000ff540000,0x00000000ff550000,0x00000000ffaa0000)
  to   space 5504K, 0% used [0x00000000ffaa0000,0x00000000ffaa0000,0x0000000100000000)
 ParOldGen       total 220032K, used 187794K [0x00000000e0000000, 0x00000000ed6e0000, 0x00000000f5560000)
  object space 220032K, 85% used [0x00000000e0000000,0x00000000eb7648d0,0x00000000ed6e0000)
 PSPermGen       total 50304K, used 22220K [0x00000000dae00000, 0x00000000ddf20000, 0x00000000e0000000)
  object space 50304K, 44% used [0x00000000dae00000,0x00000000dc3b3020,0x00000000ddf20000)
Event: 17,447 GC heap after
Heap after GC invocations=16 (full 3):
 PSYoungGen      total 169216K, used 0K [0x00000000f5560000, 0x0000000100000000, 0x0000000100000000)
  eden space 163712K, 0% used [0x00000000f5560000,0x00000000f5560000,0x00000000ff540000)
  from space 5504K, 0% used [0x00000000ff540000,0x00000000ff540000,0x00000000ffaa0000)
  to   space 5504K, 0% used [0x00000000ffaa0000,0x00000000ffaa0000,0x0000000100000000)
 ParOldGen       total 163328K, used 73056K [0x00000000e0000000, 0x00000000e9f80000, 0x00000000f5560000)
  object space 163328K, 44% used [0x00000000e0000000,0x00000000e47582c8,0x00000000e9f80000)
 PSPermGen       total 48256K, used 22220K [0x00000000dae00000, 0x00000000ddd20000, 0x00000000e0000000)
  object space 48256K, 46% used [0x00000000dae00000,0x00000000dc3b3020,0x00000000ddd20000)
}

Deoptimization events (10 events):
Event: 10,629 Thread 0x00007fc22c5d9800 Uncommon trap -34 fr.pc 0x00007fc2344a5594
Event: 10,629 Thread 0x00007fc22c5d9800 Uncommon trap -34 fr.pc 0x00007fc2344a5594
Event: 10,629 Thread 0x00007fc22c5d9800 Uncommon trap -34 fr.pc 0x00007fc2344a5594
Event: 10,837 Thread 0x00007fc22c5d9800 Uncommon trap -34 fr.pc 0x00007fc2344ab0ec
Event: 10,837 Thread 0x00007fc22c5d9800 Uncommon trap -34 fr.pc 0x00007fc2344ab0ec
Event: 17,012 Thread 0x00007fc22c5d9800 Uncommon trap 90 fr.pc 0x00007fc2344cda90
Event: 17,627 Thread 0x00007fc22c5d9800 Uncommon trap -34 fr.pc 0x00007fc23449c7d0
Event: 17,627 Thread 0x00007fc22c5d9800 Uncommon trap -34 fr.pc 0x00007fc23449c7d0
Event: 17,627 Thread 0x00007fc22c5d9800 Uncommon trap -34 fr.pc 0x00007fc23449c7d0
Event: 17,627 Thread 0x00007fc22c5d9800 Uncommon trap -34 fr.pc 0x00007fc23449c7d0

Internal exceptions (10 events):
Event: 19,647 Thread 0x00007fc22c5d9800 Threw 0x00000000f7cce288 at /HUDSON/workspace/jdk7u10-2-build-linux-amd64-product/jdk7u10/hotspot/src/share/vm/prims/jvm.cpp:1166
Event: 19,649 Thread 0x00007fc22c5d9800 Threw 0x00000000f7cd28a8 at /HUDSON/workspace/jdk7u10-2-build-linux-amd64-product/jdk7u10/hotspot/src/share/vm/prims/jvm.cpp:1166
Event: 19,650 Thread 0x00007fc22c5d9800 Threw 0x00000000f7cd76b8 at /HUDSON/workspace/jdk7u10-2-build-linux-amd64-product/jdk7u10/hotspot/src/share/vm/prims/jvm.cpp:1166
Event: 19,654 Thread 0x00007fc22c5d9800 Threw 0x00000000f7ce0f20 at /HUDSON/workspace/jdk7u10-2-build-linux-amd64-product/jdk7u10/hotspot/src/share/vm/prims/jvm.cpp:1166
Event: 19,655 Thread 0x00007fc22c5d9800 Threw 0x00000000f7ce4100 at /HUDSON/workspace/jdk7u10-2-build-linux-amd64-product/jdk7u10/hotspot/src/share/vm/prims/jvm.cpp:1166
Event: 19,714 Thread 0x00007fc22c5d9800 Threw 0x00000000f7d08c10 at /HUDSON/workspace/jdk7u10-2-build-linux-amd64-product/jdk7u10/hotspot/src/share/vm/prims/jvm.cpp:1166
Event: 23,040 Thread 0x00007fc22c5d9800 Threw 0x00000000f7dec7b0 at /HUDSON/workspace/jdk7u10-2-build-linux-amd64-product/jdk7u10/hotspot/src/share/vm/prims/jvm.cpp:1166
Event: 23,056 Thread 0x00007fc22c5d9800 Threw 0x00000000f7df05f0 at /HUDSON/workspace/jdk7u10-2-build-linux-amd64-product/jdk7u10/hotspot/src/share/vm/prims/jvm.cpp:1166
Event: 23,092 Thread 0x00007fc22c5d9800 Threw 0x00000000f7dffd10 at /HUDSON/workspace/jdk7u10-2-build-linux-amd64-product/jdk7u10/hotspot/src/share/vm/prims/jvm.cpp:1166
Event: 23,118 Thread 0x00000000028df000 Threw 0x00000000f7e89c00 at /HUDSON/workspace/jdk7u10-2-build-linux-amd64-product/jdk7u10/hotspot/src/share/vm/prims/jvm.cpp:2888

Events (10 events):
Event: 23,126 loading class 0x000000000298be70
Event: 23,126 loading class 0x000000000298be70 done
Event: 23,126 loading class 0x00007fc22c164b70 done
Event: 23,126 Thread 0x00007fc22c9f5800 Thread added: 0x00007fc22c9f5800
Event: 23,126 Thread 0x00000000028df000 Thread exited: 0x00000000028df000
Event: 23,127 Thread 0x00007fc22c9c7000 Thread exited: 0x00007fc22c9c7000
Event: 23,128 Thread 0x00007fc22c259000 Thread exited: 0x00007fc22c259000
Event: 23,128 Thread 0x00007fc22c9f5800 Thread exited: 0x00007fc22c9f5800
Event: 23,136 Thread 0x00007fc22c5bf000 Thread exited: 0x00007fc22c5bf000
Event: 23,136 Thread 0x00007fc22c5d9800 Thread exited: 0x00007fc22c5d9800


Dynamic libraries:
00400000-00401000 r-xp 00000000 08:06 10235140                           /usr/lib/jvm/java-7-oracle/bin/java
00600000-00601000 rw-p 00000000 08:06 10235140                           /usr/lib/jvm/java-7-oracle/bin/java
0249e000-034c6000 rw-p 00000000 00:00 0                                  [heap]
dae00000-ddd20000 rw-p 00000000 00:00 0 
ddd20000-ddf20000 ---p 00000000 00:00 0 
ddf20000-e0000000 rw-p 00000000 00:00 0 
e0000000-e9f80000 rw-p 00000000 00:00 0 
e9f80000-ed6e0000 ---p 00000000 00:00 0 
ed6e0000-f5560000 rw-p 00000000 00:00 0 
f5560000-100000000 rw-p 00000000 00:00 0 
7fc213574000-7fc213575000 ---p 00000000 00:00 0 
7fc213575000-7fc213d75000 rw-p 00000000 00:00 0 
7fc213d75000-7fc213d76000 ---p 00000000 00:00 0 
7fc213d76000-7fc214576000 rw-p 00000000 00:00 0 
7fc214906000-7fc217329000 rw-p 00000000 00:00 0 
7fc217d16000-7fc219fc3000 rw-p 00000000 00:00 0 
7fc21dfc4000-7fc21dfc5000 ---p 00000000 00:00 0 
7fc21dfc5000-7fc21e7c5000 rw-p 00000000 00:00 0 
7fc21e7c5000-7fc21e988000 r-xp 00000000 08:06 10227437                   /usr/lib/libvorbisenc.so.2.0.6
7fc21e988000-7fc21eb88000 ---p 001c3000 08:06 10227437                   /usr/lib/libvorbisenc.so.2.0.6
7fc21eb88000-7fc21eb9f000 r--p 001c3000 08:06 10227437                   /usr/lib/libvorbisenc.so.2.0.6
7fc21eb9f000-7fc21eba0000 rw-p 001da000 08:06 10227437                   /usr/lib/libvorbisenc.so.2.0.6
7fc21eba0000-7fc21ebe9000 r-xp 00000000 08:06 10226420                   /usr/lib/libFLAC.so.8.2.0
7fc21ebe9000-7fc21ede9000 ---p 00049000 08:06 10226420                   /usr/lib/libFLAC.so.8.2.0
7fc21ede9000-7fc21edea000 r--p 00049000 08:06 10226420                   /usr/lib/libFLAC.so.8.2.0
7fc21edea000-7fc21edeb000 rw-p 0004a000 08:06 10226420                   /usr/lib/libFLAC.so.8.2.0
7fc21edeb000-7fc21ee49000 r-xp 00000000 08:06 10227348                   /usr/lib/libsndfile.so.1.0.21
7fc21ee49000-7fc21f049000 ---p 0005e000 08:06 10227348                   /usr/lib/libsndfile.so.1.0.21
7fc21f049000-7fc21f04b000 r--p 0005e000 08:06 10227348                   /usr/lib/libsndfile.so.1.0.21
7fc21f04b000-7fc21f04c000 rw-p 00060000 08:06 10227348                   /usr/lib/libsndfile.so.1.0.21
7fc21f04c000-7fc21f050000 rw-p 00000000 00:00 0 
7fc21f050000-7fc21f059000 r-xp 00000000 08:06 11534525                   /lib/libwrap.so.0.7.6
7fc21f059000-7fc21f258000 ---p 00009000 08:06 11534525                   /lib/libwrap.so.0.7.6
7fc21f258000-7fc21f259000 r--p 00008000 08:06 11534525                   /lib/libwrap.so.0.7.6
7fc21f259000-7fc21f25a000 rw-p 00009000 08:06 11534525                   /lib/libwrap.so.0.7.6
7fc21f25a000-7fc21f25b000 rw-p 00000000 00:00 0 
7fc21f25b000-7fc21f25f000 r-xp 00000000 08:06 11534523                   /lib/libuuid.so.1.3.0
7fc21f25f000-7fc21f45e000 ---p 00004000 08:06 11534523                   /lib/libuuid.so.1.3.0
7fc21f45e000-7fc21f45f000 r--p 00003000 08:06 11534523                   /lib/libuuid.so.1.3.0
7fc21f45f000-7fc21f460000 rw-p 00004000 08:06 11534523                   /lib/libuuid.so.1.3.0
7fc21f460000-7fc21f4ab000 r-xp 00000000 08:06 10227289                   /usr/lib/libpulsecommon-0.9.21.so
7fc21f4ab000-7fc21f6aa000 ---p 0004b000 08:06 10227289                   /usr/lib/libpulsecommon-0.9.21.so
7fc21f6aa000-7fc21f6ab000 r--p 0004a000 08:06 10227289                   /usr/lib/libpulsecommon-0.9.21.so
7fc21f6ab000-7fc21f6ac000 rw-p 0004b000 08:06 10227289                   /usr/lib/libpulsecommon-0.9.21.so
7fc21f6ac000-7fc21f6b4000 r-xp 00000000 08:06 10226464                   /usr/lib/libSM.so.6.0.1
7fc21f6b4000-7fc21f8b3000 ---p 00008000 08:06 10226464                   /usr/lib/libSM.so.6.0.1
7fc21f8b3000-7fc21f8b4000 r--p 00007000 08:06 10226464                   /usr/lib/libSM.so.6.0.1
7fc21f8b4000-7fc21f8b5000 rw-p 00008000 08:06 10226464                   /usr/lib/libSM.so.6.0.1
7fc21f8b5000-7fc21f8cc000 r-xp 00000000 08:06 10226435                   /usr/lib/libICE.so.6.3.0
7fc21f8cc000-7fc21facb000 ---p 00017000 08:06 10226435                   /usr/lib/libICE.so.6.3.0
7fc21facb000-7fc21facc000 r--p 00016000 08:06 10226435                   /usr/lib/libICE.so.6.3.0
7fc21facc000-7fc21facd000 rw-p 00017000 08:06 10226435                   /usr/lib/libICE.so.6.3.0
7fc21facd000-7fc21fad0000 rw-p 00000000 00:00 0 
7fc21fad0000-7fc21fb10000 r-xp 00000000 08:06 10227288                   /usr/lib/libpulse.so.0.12.2
7fc21fb10000-7fc21fd10000 ---p 00040000 08:06 10227288                   /usr/lib/libpulse.so.0.12.2
7fc21fd10000-7fc21fd11000 r--p 00040000 08:06 10227288                   /usr/lib/libpulse.so.0.12.2
7fc21fd11000-7fc21fd12000 rw-p 00041000 08:06 10227288                   /usr/lib/libpulse.so.0.12.2
7fc21ffa7000-7fc2206a7000 rw-s 00006000 00:05 4767                       /dev/ati/card0
7fc2206a7000-7fc2208a7000 rw-p 00000000 00:00 0 
7fc2208a7000-7fc2208f3000 r-xp 00000000 08:06 10231252                   /usr/lib/libatiadlxx.so
7fc2208f3000-7fc2209f3000 ---p 0004c000 08:06 10231252                   /usr/lib/libatiadlxx.so
7fc2209f3000-7fc2209fe000 rw-p 0004c000 08:06 10231252                   /usr/lib/libatiadlxx.so
7fc2209fe000-7fc220a0e000 rw-p 00000000 00:00 0 
7fc220a1f000-7fc220a20000 rw-s 00005000 00:05 4767                       /dev/ati/card0
7fc220a20000-7fc220a40000 rw-s fdcc0000 00:05 4767                       /dev/ati/card0
7fc220a40000-7fc2229de000 r-xp 00000000 08:06 10231380                   /usr/lib/dri/fglrx_dri.so
7fc2229de000-7fc222add000 ---p 01f9e000 08:06 10231380                   /usr/lib/dri/fglrx_dri.so
7fc222add000-7fc222c2b000 rwxp 01f9d000 08:06 10231380                   /usr/lib/dri/fglrx_dri.so
7fc222c2b000-7fc222d5f000 rwxp 00000000 00:00 0 
7fc222d5f000-7fc222d66000 r-xp 00000000 08:06 10231376                   /usr/lib/libatiuki.so.1.0
7fc222d66000-7fc222e66000 ---p 00007000 08:06 10231376                   /usr/lib/libatiuki.so.1.0
7fc222e66000-7fc222e67000 rw-p 00007000 08:06 10231376                   /usr/lib/libatiuki.so.1.0
7fc222e67000-7fc222e68000 rw-p 00000000 00:00 0 
7fc222e68000-7fc222f26000 r-xp 00000000 08:06 10231379                   /usr/lib/fglrx/fglrx-libGL.so.1.2
7fc222f26000-7fc223026000 ---p 000be000 08:06 10231379                   /usr/lib/fglrx/fglrx-libGL.so.1.2
7fc223026000-7fc22304d000 rwxp 000be000 08:06 10231379                   /usr/lib/fglrx/fglrx-libGL.so.1.2
7fc22304d000-7fc22306c000 rwxp 00000000 00:00 0 
7fc22306f000-7fc22307d000 r--p 00000000 08:06 11668834                   /usr/share/locale-langpack/es/LC_MESSAGES/pulseaudio.mo
7fc22307d000-7fc223082000 r-xp 00000000 08:06 10226523                   /usr/lib/libXxf86vm.so.1.0.0
7fc223082000-7fc223281000 ---p 00005000 08:06 10226523                   /usr/lib/libXxf86vm.so.1.0.0
7fc223281000-7fc223282000 r--p 00004000 08:06 10226523                   /usr/lib/libXxf86vm.so.1.0.0
7fc223282000-7fc223283000 rw-p 00005000 08:06 10226523                   /usr/lib/libXxf86vm.so.1.0.0
7fc223283000-7fc2232eb000 r-xp 00000000 08:06 2230188                    /home/disclaimer/Escritorio/BasicGame/liblwjgl64.so
7fc2232eb000-7fc2234eb000 ---p 00068000 08:06 2230188                    /home/disclaimer/Escritorio/BasicGame/liblwjgl64.so
7fc2234eb000-7fc2234ed000 r--p 00068000 08:06 2230188                    /home/disclaimer/Escritorio/BasicGame/liblwjgl64.so
7fc2234ed000-7fc2234ee000 rw-p 0006a000 08:06 2230188                    /home/disclaimer/Escritorio/BasicGame/liblwjgl64.so
7fc2234ee000-7fc2234ef000 r-xp 00000000 08:06 10234343                   /usr/lib/jvm/java-7-oracle/jre/lib/amd64/libjawt.so
7fc2234ef000-7fc2236ee000 ---p 00001000 08:06 10234343                   /usr/lib/jvm/java-7-oracle/jre/lib/amd64/libjawt.so
7fc2236ee000-7fc2236ef000 rw-p 00000000 08:06 10234343                   /usr/lib/jvm/java-7-oracle/jre/lib/amd64/libjawt.so
7fc2236ef000-7fc2237ef000 rw-s 00000000 00:04 19988537                   /SYSV00000000 (deleted)
7fc2237ef000-7fc22384f000 rw-s 00000000 00:04 19955768                   /SYSV00000000 (deleted)
7fc22385c000-7fc22385f000 ---p 00000000 00:00 0 
7fc22385f000-7fc223884000 rw-p 00000000 00:00 0 
7fc223884000-7fc223887000 ---p 00000000 00:00 0 
7fc223887000-7fc223985000 rw-p 00000000 00:00 0 
7fc223985000-7fc2239ed000 r-xp 00000000 08:06 10234345                   /usr/lib/jvm/java-7-oracle/jre/lib/amd64/libt2k.so
7fc2239ed000-7fc223bed000 ---p 00068000 08:06 10234345                   /usr/lib/jvm/java-7-oracle/jre/lib/amd64/libt2k.so
7fc223bed000-7fc223bf4000 rw-p 00068000 08:06 10234345                   /usr/lib/jvm/java-7-oracle/jre/lib/amd64/libt2k.so
7fc223bf4000-7fc223c04000 rw-p 00000000 00:00 0 
7fc223c04000-7fc223c07000 ---p 00000000 00:00 0 
7fc223c07000-7fc223d05000 rw-p 00000000 00:00 0 
7fc223d05000-7fc223d10000 r-xp 00000000 08:06 11534513                   /lib/libudev.so.0.6.1
7fc223d10000-7fc223f0f000 ---p 0000b000 08:06 11534513                   /lib/libudev.so.0.6.1
7fc223f0f000-7fc223f10000 r--p 0000a000 08:06 11534513                   /lib/libudev.so.0.6.1
7fc223f10000-7fc223f11000 rw-p 0000b000 08:06 11534513                   /lib/libudev.so.0.6.1
7fc223f11000-7fc223f3a000 r-xp 00000000 08:06 10230189                   /usr/lib/gio/modules/libgvfsdbus.so
7fc223f3a000-7fc22413a000 ---p 00029000 08:06 10230189                   /usr/lib/gio/modules/libgvfsdbus.so
7fc22413a000-7fc22413b000 r--p 00029000 08:06 10230189                   /usr/lib/gio/modules/libgvfsdbus.so
7fc22413b000-7fc22413c000 rw-p 0002a000 08:06 10230189                   /usr/lib/gio/modules/libgvfsdbus.so
7fc22413c000-7fc224154000 r-xp 00000000 08:06 10227010                   /usr/lib/libgvfscommon.so.0.0.0
7fc224154000-7fc224353000 ---p 00018000 08:06 10227010                   /usr/lib/libgvfscommon.so.0.0.0
7fc224353000-7fc224354000 r--p 00017000 08:06 10227010                   /usr/lib/libgvfscommon.so.0.0.0
7fc224354000-7fc224355000 rw-p 00018000 08:06 10227010                   /usr/lib/libgvfscommon.so.0.0.0
7fc224355000-7fc224369000 r-xp 00000000 08:06 10230188                   /usr/lib/gio/modules/libgioremote-volume-monitor.so
7fc224369000-7fc224568000 ---p 00014000 08:06 10230188                   /usr/lib/gio/modules/libgioremote-volume-monitor.so
7fc224568000-7fc224569000 r--p 00013000 08:06 10230188                   /usr/lib/gio/modules/libgioremote-volume-monitor.so
7fc224569000-7fc22456a000 rw-p 00014000 08:06 10230188                   /usr/lib/gio/modules/libgioremote-volume-monitor.so
7fc22456a000-7fc2245a7000 r-xp 00000000 08:06 11534393                   /lib/libdbus-1.so.3.4.0
7fc2245a7000-7fc2247a7000 ---p 0003d000 08:06 11534393                   /lib/libdbus-1.so.3.4.0
7fc2247a7000-7fc2247a8000 r--p 0003d000 08:06 11534393                   /lib/libdbus-1.so.3.4.0
7fc2247a8000-7fc2247a9000 rw-p 0003e000 08:06 11534393                   /lib/libdbus-1.so.3.4.0
7fc2247a9000-7fc2247e8000 r-xp 00000000 08:06 10227026                   /usr/lib/libibus.so.1.0.0
7fc2247e8000-7fc2249e8000 ---p 0003f000 08:06 10227026                   /usr/lib/libibus.so.1.0.0
7fc2249e8000-7fc2249ea000 r--p 0003f000 08:06 10227026                   /usr/lib/libibus.so.1.0.0
7fc2249ea000-7fc2249eb000 rw-p 00041000 08:06 10227026                   /usr/lib/libibus.so.1.0.0
7fc2249eb000-7fc2249ec000 rw-p 00000000 00:00 0 
7fc2249f8000-7fc2249fa000 rw-s 00002000 00:05 4767                       /dev/ati/card0
7fc2249fa000-7fc2249fd000 r--s 000f7000 08:06 10234243                   /usr/lib/jvm/java-7-oracle/jre/lib/ext/localedata.jar
7fc2249fd000-7fc224a02000 r-xp 00000000 08:06 10230634                   /usr/lib/gtk-2.0/2.10.0/immodules/im-ibus.so
7fc224a02000-7fc224c02000 ---p 00005000 08:06 10230634                   /usr/lib/gtk-2.0/2.10.0/immodules/im-ibus.so
7fc224c02000-7fc224c03000 r--p 00005000 08:06 10230634                   /usr/lib/gtk-2.0/2.10.0/immodules/im-ibus.so
7fc224c03000-7fc224c04000 rw-p 00006000 08:06 10230634                   /usr/lib/gtk-2.0/2.10.0/immodules/im-ibus.so
7fc224c04000-7fc224c9c000 r--p 00000000 08:06 11144441                   /usr/share/fonts/truetype/ttf-dejavu/DejaVuSans.ttf
7fc224c9c000-7fc224c9e000 r-xp 00000000 08:06 10486760                   /usr/lib/pango/1.6.0/modules/pango-basic-fc.so
7fc224c9e000-7fc224e9d000 ---p 00002000 08:06 10486760                   /usr/lib/pango/1.6.0/modules/pango-basic-fc.so
7fc224e9d000-7fc224e9e000 r--p 00001000 08:06 10486760                   /usr/lib/pango/1.6.0/modules/pango-basic-fc.so
7fc224e9e000-7fc224e9f000 rw-p 00002000 08:06 10486760                   /usr/lib/pango/1.6.0/modules/pango-basic-fc.so
7fc224e9f000-7fc224eab000 r--p 00000000 08:06 11668653                   /usr/share/locale-langpack/es/LC_MESSAGES/glib20.mo
7fc224eab000-7fc224ebb000 r-xp 00000000 08:06 10234335                   /usr/lib/jvm/java-7-oracle/jre/lib/amd64/libnio.so
7fc224ebb000-7fc2250bb000 ---p 00010000 08:06 10234335                   /usr/lib/jvm/java-7-oracle/jre/lib/amd64/libnio.so
7fc2250bb000-7fc2250bc000 rw-p 00010000 08:06 10234335                   /usr/lib/jvm/java-7-oracle/jre/lib/amd64/libnio.so
7fc2250bc000-7fc2250c5000 r--s 00000000 08:06 3940048                    /var/cache/fontconfig/945677eb7aeaf62f1d50efc3fb3ec7d8-le64.cache-3
7fc2250c5000-7fc2250c7000 r--s 00000000 08:06 3940052                    /var/cache/fontconfig/99e8ed0e538f840c565b6ed5dad60d56-le64.cache-3
7fc2250c7000-7fc2250ca000 r--s 00000000 08:06 3940051                    /var/cache/fontconfig/e383d7ea5fbe662a33d9b44caf393297-le64.cache-3
7fc2250ca000-7fc2250ce000 r--s 00000000 08:06 3940013                    /var/cache/fontconfig/6eb3985aa4124903f6ff08ba781cd364-le64.cache-3
7fc2250ce000-7fc2250d7000 r--s 00000000 08:06 3939227                    /var/cache/fontconfig/6d41288fd70b0be22e8c3a91e032eec0-le64.cache-3
7fc2250d7000-7fc2250e7000 r--s 00000000 08:06 3939143                    /var/cache/fontconfig/0f34bcd4b6ee430af32735b75db7f02b-le64.cache-3
7fc2250e7000-7fc2250f1000 r--s 00000000 08:06 3938196                    /var/cache/fontconfig/d52a8644073d54c13679302ca1180695-le64.cache-3
7fc2250f1000-7fc225106000 r-xp 00000000 08:06 10234342                   /usr/lib/jvm/java-7-oracle/jre/lib/amd64/libnet.so
7fc225106000-7fc225306000 ---p 00015000 08:06 10234342                   /usr/lib/jvm/java-7-oracle/jre/lib/amd64/libnet.so
7fc225306000-7fc225307000 rw-p 00015000 08:06 10234342                   /usr/lib/jvm/java-7-oracle/jre/lib/amd64/libnet.so
7fc225307000-7fc22531d000 r-xp 00000000 08:06 11534415                   /lib/libgcc_s.so.1
7fc22531d000-7fc22551c000 ---p 00016000 08:06 11534415                   /lib/libgcc_s.so.1
7fc22551c000-7fc22551d000 r--p 00015000 08:06 11534415                   /lib/libgcc_s.so.1
7fc22551d000-7fc22551e000 rw-p 00016000 08:06 11534415                   /lib/libgcc_s.so.1
7fc22551e000-7fc225562000 r-xp 00000000 08:06 10234340                   /usr/lib/jvm/java-7-oracle/jre/lib/amd64/libfontmanager.so
7fc225562000-7fc225762000 ---p 00044000 08:06 10234340                   /usr/lib/jvm/java-7-oracle/jre/lib/amd64/libfontmanager.so
7fc225762000-7fc225766000 rw-p 00044000 08:06 10234340                   /usr/lib/jvm/java-7-oracle/jre/lib/amd64/libfontmanager.so
7fc225766000-7fc225776000 rw-p 00000000 00:00 0 
7fc225776000-7fc22579e000 r-xp 00000000 08:06 10230624                   /usr/lib/gtk-2.0/2.10.0/engines/libmurrine.so
7fc22579e000-7fc22599d000 ---p 00028000 08:06 10230624                   /usr/lib/gtk-2.0/2.10.0/engines/libmurrine.so
7fc22599d000-7fc22599e000 r--p 00027000 08:06 10230624                   /usr/lib/gtk-2.0/2.10.0/engines/libmurrine.so
7fc22599e000-7fc22599f000 rw-p 00028000 08:06 10230624                   /usr/lib/gtk-2.0/2.10.0/engines/libmurrine.so
7fc22599f000-7fc2259a7000 r-xp 00000000 08:06 10227111                   /usr/lib/libltdl.so.7.2.1
7fc2259a7000-7fc225ba7000 ---p 00008000 08:06 10227111                   /usr/lib/libltdl.so.7.2.1
7fc225ba7000-7fc225ba8000 r--p 00008000 08:06 10227111                   /usr/lib/libltdl.so.7.2.1
7fc225ba8000-7fc225ba9000 rw-p 00009000 08:06 10227111                   /usr/lib/libltdl.so.7.2.1
7fc225ba9000-7fc225bb7000 r-xp 00000000 08:06 10227384                   /usr/lib/libtdb.so.1.2.0
7fc225bb7000-7fc225db6000 ---p 0000e000 08:06 10227384                   /usr/lib/libtdb.so.1.2.0
7fc225db6000-7fc225db7000 r--p 0000d000 08:06 10227384                   /usr/lib/libtdb.so.1.2.0
7fc225db7000-7fc225db8000 rw-p 0000e000 08:06 10227384                   /usr/lib/libtdb.so.1.2.0
7fc225db8000-7fc225dbe000 r-xp 00000000 08:06 10227194                   /usr/lib/libogg.so.0.6.0
7fc225dbe000-7fc225fbd000 ---p 00006000 08:06 10227194                   /usr/lib/libogg.so.0.6.0
7fc225fbd000-7fc225fbe000 r--p 00005000 08:06 10227194                   /usr/lib/libogg.so.0.6.0
7fc225fbe000-7fc225fbf000 rw-p 00006000 08:06 10227194                   /usr/lib/libogg.so.0.6.0
7fc225fbf000-7fc225feb000 r-xp 00000000 08:06 10227435                   /usr/lib/libvorbis.so.0.4.3
7fc225feb000-7fc2261ea000 ---p 0002c000 08:06 10227435                   /usr/lib/libvorbis.so.0.4.3
7fc2261ea000-7fc2261eb000 r--p 0002b000 08:06 10227435                   /usr/lib/libvorbis.so.0.4.3
7fc2261eb000-7fc2261ec000 rw-p 0002c000 08:06 10227435                   /usr/lib/libvorbis.so.0.4.3
7fc2261ec000-7fc2261f3000 r-xp 00000000 08:06 10227439                   /usr/lib/libvorbisfile.so.3.3.2
7fc2261f3000-7fc2263f2000 ---p 00007000 08:06 10227439                   /usr/lib/libvorbisfile.so.3.3.2
7fc2263f2000-7fc2263f3000 r--p 00006000 08:06 10227439                   /usr/lib/libvorbisfile.so.3.3.2
7fc2263f3000-7fc2263f4000 rw-p 00007000 08:06 10227439                   /usr/lib/libvorbisfile.so.3.3.2
7fc2263f4000-7fc226403000 r-xp 00000000 08:06 10226613                   /usr/lib/libcanberra.so.0.2.1
7fc226403000-7fc226602000 ---p 0000f000 08:06 10226613                   /usr/lib/libcanberra.so.0.2.1
7fc226602000-7fc226603000 r--p 0000e000 08:06 10226613                   /usr/lib/libcanberra.so.0.2.1
7fc226603000-7fc226604000 rw-p 0000f000 08:06 10226613                   /usr/lib/libcanberra.so.0.2.1
7fc226604000-7fc226608000 r-xp 00000000 08:06 10226611                   /usr/lib/libcanberra-gtk.so.0.1.5
7fc226608000-7fc226807000 ---p 00004000 08:06 10226611                   /usr/lib/libcanberra-gtk.so.0.1.5
7fc226807000-7fc226808000 r--p 00003000 08:06 10226611                   /usr/lib/libcanberra-gtk.so.0.1.5
7fc226808000-7fc226809000 rw-p 00004000 08:06 10226611                   /usr/lib/libcanberra-gtk.so.0.1.5
7fc226809000-7fc22680a000 r--s 00000000 08:06 3940054                    /var/cache/fontconfig/c05880de57d1f5e948fdfacc138775d9-le64.cache-3
7fc22680a000-7fc22680b000 r--s 00000000 08:06 3940030                    /var/cache/fontconfig/e7071f4a29fa870f4323321c154eba04-le64.cache-3
7fc22680b000-7fc22680c000 r--s 00000000 08:06 3940028                    /var/cache/fontconfig/b6fa9421f6700638fe50130b224ed2b7-le64.cache-3
7fc22680c000-7fc22680d000 r--s 00000000 08:06 3939939                    /var/cache/fontconfig/4c73fe0c47614734b17d736dbde7580a-le64.cache-3
7fc22680d000-7fc22680e000 r--s 00000000 08:06 3939722                    /var/cache/fontconfig/0d8c3b2ac0904cb8a57a757ad11a4a08-le64.cache-3
7fc22680e000-7fc22680f000 r--s 00000000 08:06 3939439                    /var/cache/fontconfig/6a53c69dea097a2d716e069445527da8-le64.cache-3
7fc22680f000-7fc22681a000 r--s 00000000 08:06 3934102                    /var/cache/fontconfig/e13b20fdb08344e0e664864cc2ede53d-le64.cache-3
7fc22681a000-7fc22681f000 r-xp 00000000 08:06 10230670                   /usr/lib/gtk-2.0/modules/libcanberra-gtk-module.so
7fc22681f000-7fc226a1e000 ---p 00005000 08:06 10230670                   /usr/lib/gtk-2.0/modules/libcanberra-gtk-module.so
7fc226a1e000-7fc226a1f000 r--p 00004000 08:06 10230670                   /usr/lib/gtk-2.0/modules/libcanberra-gtk-module.so
7fc226a1f000-7fc226a20000 rw-p 00005000 08:06 10230670                   /usr/lib/gtk-2.0/modules/libcanberra-gtk-module.so
7fc226a20000-7fc226a4a000 r--p 00000000 08:06 11668695                   /usr/share/locale-langpack/es/LC_MESSAGES/gtk20-properties.mo
7fc226a4a000-7fc226a70000 r-xp 00000000 08:06 11534408                   /lib/libexpat.so.1.5.2
7fc226a70000-7fc226c70000 ---p 00026000 08:06 11534408                   /lib/libexpat.so.1.5.2
7fc226c70000-7fc226c72000 r--p 00026000 08:06 11534408                   /lib/libexpat.so.1.5.2
7fc226c72000-7fc226c73000 rw-p 00028000 08:06 11534408                   /lib/libexpat.so.1.5.2
7fc226c73000-7fc226c8f000 r-xp 00000000 08:06 11534497                   /lib/libselinux.so.1
7fc226c8f000-7fc226e8e000 ---p 0001c000 08:06 11534497                   /lib/libselinux.so.1
7fc226e8e000-7fc226e8f000 r--p 0001b000 08:06 11534497                   /lib/libselinux.so.1
7fc226e8f000-7fc226e90000 rw-p 0001c000 08:06 11534497                   /lib/libselinux.so.1
7fc226e90000-7fc226e91000 rw-p 00000000 00:00 0 
7fc226e91000-7fc226ea7000 r-xp 00000000 08:06 11534493                   /lib/libresolv-2.11.1.so
7fc226ea7000-7fc2270a6000 ---p 00016000 08:06 11534493                   /lib/libresolv-2.11.1.so
7fc2270a6000-7fc2270a7000 r--p 00015000 08:06 11534493                   /lib/libresolv-2.11.1.so
7fc2270a7000-7fc2270a8000 rw-p 00016000 08:06 11534493                   /lib/libresolv-2.11.1.so
7fc2270a8000-7fc2270aa000 rw-p 00000000 00:00 0 
7fc2270aa000-7fc2270d7000 r-xp 00000000 08:06 11534473                   /lib/libpcre.so.3.12.1
7fc2270d7000-7fc2272d6000 ---p 0002d000 08:06 11534473                   /lib/libpcre.so.3.12.1
7fc2272d6000-7fc2272d7000 r--p 0002c000 08:06 11534473                   /lib/libpcre.so.3.12.1
7fc2272d7000-7fc2272d8000 rw-p 0002d000 08:06 11534473                   /lib/libpcre.so.3.12.1
7fc2272d8000-7fc2272df000 r-xp 00000000 08:06 10227474                   /usr/lib/libxcb-render.so.0.0.0
7fc2272df000-7fc2274df000 ---p 00007000 08:06 10227474                   /usr/lib/libxcb-render.so.0.0.0
7fc2274df000-7fc2274e0000 r--p 00007000 08:06 10227474                   /usr/lib/libxcb-render.so.0.0.0
7fc2274e0000-7fc2274e1000 rw-p 00008000 08:06 10227474                   /usr/lib/libxcb-render.so.0.0.0
7fc2274e1000-7fc2274e4000 r-xp 00000000 08:06 10227472                   /usr/lib/libxcb-render-util.so.0.0.0
7fc2274e4000-7fc2276e3000 ---p 00003000 08:06 10227472                   /usr/lib/libxcb-render-util.so.0.0.0
7fc2276e3000-7fc2276e4000 r--p 00002000 08:06 10227472                   /usr/lib/libxcb-render-util.so.0.0.0
7fc2276e4000-7fc2276e5000 rw-p 00003000 08:06 10227472                   /usr/lib/libxcb-render-util.so.0.0.0
7fc2276e5000-7fc22770a000 r-xp 00000000 08:06 11534485                   /lib/libpng12.so.0.42.0
7fc22770a000-7fc22790a000 ---p 00025000 08:06 11534485                   /lib/libpng12.so.0.42.0
7fc22790a000-7fc22790b000 r--p 00025000 08:06 11534485                   /lib/libpng12.so.0.42.0
7fc22790b000-7fc22790c000 rw-p 00026000 08:06 11534485                   /lib/libpng12.so.0.42.0
7fc22790c000-7fc227923000 r-xp 00000000 08:06 10226697                   /usr/lib/libdirect-1.2.so.0.8.0
7fc227923000-7fc227b22000 ---p 00017000 08:06 10226697                   /usr/lib/libdirect-1.2.so.0.8.0
7fc227b22000-7fc227b23000 r--p 00016000 08:06 10226697                   /usr/lib/libdirect-1.2.so.0.8.0
7fc227b23000-7fc227b24000 rw-p 00017000 08:06 10226697                   /usr/lib/libdirect-1.2.so.0.8.0
7fc227b24000-7fc227b25000 rw-p 00000000 00:00 0 
7fc227b25000-7fc227b2e000 r-xp 00000000 08:06 10226774                   /usr/lib/libfusion-1.2.so.0.8.0
7fc227b2e000-7fc227d2d000 ---p 00009000 08:06 10226774                   /usr/lib/libfusion-1.2.so.0.8.0
7fc227d2d000-7fc227d2e000 r--p 00008000 08:06 10226774                   /usr/lib/libfusion-1.2.so.0.8.0
7fc227d2e000-7fc227d2f000 rw-p 00009000 08:06 10226774                   /usr/lib/libfusion-1.2.so.0.8.0
7fc227d2f000-7fc227dae000 r-xp 00000000 08:06 10226699                   /usr/lib/libdirectfb-1.2.so.0.8.0
7fc227dae000-7fc227fad000 ---p 0007f000 08:06 10226699                   /usr/lib/libdirectfb-1.2.so.0.8.0
7fc227fad000-7fc227faf000 r--p 0007e000 08:06 10226699                   /usr/lib/libdirectfb-1.2.so.0.8.0
7fc227faf000-7fc227fb1000 rw-p 00080000 08:06 10226699                   /usr/lib/libdirectfb-1.2.so.0.8.0
7fc227fb1000-7fc227fb2000 rw-p 00000000 00:00 0 
7fc227fb2000-7fc228007000 r-xp 00000000 08:06 10227241                   /usr/lib/libpixman-1.so.0.16.4
7fc228007000-7fc228207000 ---p 00055000 08:06 10227241                   /usr/lib/libpixman-1.so.0.16.4
7fc228207000-7fc22820a000 r--p 00055000 08:06 10227241                   /usr/lib/libpixman-1.so.0.16.4
7fc22820a000-7fc22820b000 rw-p 00058000 08:06 10227241                   /usr/lib/libpixman-1.so.0.16.4
7fc22820b000-7fc2282e6000 r-xp 00000000 08:06 11534419                   /lib/libglib-2.0.so.0.2400.1
7fc2282e6000-7fc2284e6000 ---p 000db000 08:06 11534419                   /lib/libglib-2.0.so.0.2400.1
7fc2284e6000-7fc2284e7000 r--p 000db000 08:06 11534419                   /lib/libglib-2.0.so.0.2400.1
7fc2284e7000-7fc2284e8000 rw-p 000dc000 08:06 11534419                   /lib/libglib-2.0.so.0.2400.1
7fc2284e8000-7fc2284e9000 rw-p 00000000 00:00 0 
7fc2284e9000-7fc2284ed000 r-xp 00000000 08:06 10226961                   /usr/lib/libgthread-2.0.so.0.2400.1
7fc2284ed000-7fc2286ec000 ---p 00004000 08:06 10226961                   /usr/lib/libgthread-2.0.so.0.2400.1
7fc2286ec000-7fc2286ed000 r--p 00003000 08:06 10226961                   /usr/lib/libgthread-2.0.so.0.2400.1
7fc2286ed000-7fc2286ee000 rw-p 00004000 08:06 10226961                   /usr/lib/libgthread-2.0.so.0.2400.1
7fc2286ee000-7fc2286f1000 r-xp 00000000 08:06 10226841                   /usr/lib/libgmodule-2.0.so.0.2400.1
7fc2286f1000-7fc2288f0000 ---p 00003000 08:06 10226841                   /usr/lib/libgmodule-2.0.so.0.2400.1
7fc2288f0000-7fc2288f1000 r--p 00002000 08:06 10226841                   /usr/lib/libgmodule-2.0.so.0.2400.1
7fc2288f1000-7fc2288f2000 rw-p 00003000 08:06 10226841                   /usr/lib/libgmodule-2.0.so.0.2400.1
7fc2288f2000-7fc228937000 r-xp 00000000 08:06 10226877                   /usr/lib/libgobject-2.0.so.0.2400.1
7fc228937000-7fc228b37000 ---p 00045000 08:06 10226877                   /usr/lib/libgobject-2.0.so.0.2400.1
7fc228b37000-7fc228b38000 r--p 00045000 08:06 10226877                   /usr/lib/libgobject-2.0.so.0.2400.1
7fc228b38000-7fc228b39000 rw-p 00046000 08:06 10226877                   /usr/lib/libgobject-2.0.so.0.2400.1
7fc228b39000-7fc228b3a000 rw-p 00000000 00:00 0 
7fc228b3a000-7fc228b6d000 r-xp 00000000 08:06 10226762                   /usr/lib/libfontconfig.so.1.4.4
7fc228b6d000-7fc228d6d000 ---p 00033000 08:06 10226762                   /usr/lib/libfontconfig.so.1.4.4
7fc228d6d000-7fc228d6e000 r--p 00033000 08:06 10226762                   /usr/lib/libfontconfig.so.1.4.4
7fc228d6e000-7fc228d6f000 rw-p 00034000 08:06 10226762                   /usr/lib/libfontconfig.so.1.4.4
7fc228d6f000-7fc228d85000 r-xp 00000000 08:06 11534530                   /lib/libz.so.1.2.3.3
7fc228d85000-7fc228f84000 ---p 00016000 08:06 11534530                   /lib/libz.so.1.2.3.3
7fc228f84000-7fc228f85000 r--p 00015000 08:06 11534530                   /lib/libz.so.1.2.3.3
7fc228f85000-7fc228f86000 rw-p 00016000 08:06 11534530                   /lib/libz.so.1.2.3.3
7fc228f86000-7fc229006000 r-xp 00000000 08:06 10226770                   /usr/lib/libfreetype.so.6.3.22
7fc229006000-7fc229206000 ---p 00080000 08:06 10226770                   /usr/lib/libfreetype.so.6.3.22
7fc229206000-7fc22920b000 r--p 00080000 08:06 10226770                   /usr/lib/libfreetype.so.6.3.22
7fc22920b000-7fc22920c000 rw-p 00085000 08:06 10226770                   /usr/lib/libfreetype.so.6.3.22
7fc22920c000-7fc229253000 r-xp 00000000 08:06 10227211                   /usr/lib/libpango-1.0.so.0.2800.0
7fc229253000-7fc229453000 ---p 00047000 08:06 10227211                   /usr/lib/libpango-1.0.so.0.2800.0
7fc229453000-7fc229455000 r--p 00047000 08:06 10227211                   /usr/lib/libpango-1.0.so.0.2800.0
7fc229455000-7fc229456000 rw-p 00049000 08:06 10227211                   /usr/lib/libpango-1.0.so.0.2800.0
7fc229456000-7fc22947e000 r-xp 00000000 08:06 10227215                   /usr/lib/libpangoft2-1.0.so.0.2800.0
7fc22947e000-7fc22967e000 ---p 00028000 08:06 10227215                   /usr/lib/libpangoft2-1.0.so.0.2800.0
7fc22967e000-7fc22967f000 r--p 00028000 08:06 10227215                   /usr/lib/libpangoft2-1.0.so.0.2800.0
7fc22967f000-7fc229680000 rw-p 00029000 08:06 10227215                   /usr/lib/libpangoft2-1.0.so.0.2800.0
7fc229680000-7fc22972f000 r-xp 00000000 08:06 10226823                   /usr/lib/libgio-2.0.so.0.2400.1
7fc22972f000-7fc22992e000 ---p 000af000 08:06 10226823                   /usr/lib/libgio-2.0.so.0.2400.1
7fc22992e000-7fc229930000 r--p 000ae000 08:06 10226823                   /usr/lib/libgio-2.0.so.0.2400.1
7fc229930000-7fc229932000 rw-p 000b0000 08:06 10226823                   /usr/lib/libgio-2.0.so.0.2400.1
7fc229932000-7fc229933000 rw-p 00000000 00:00 0 
7fc229933000-7fc2299b2000 r-xp 00000000 08:06 10226603                   /usr/lib/libcairo.so.2.10800.10
7fc2299b2000-7fc229bb2000 ---p 0007f000 08:06 10226603                   /usr/lib/libcairo.so.2.10800.10
7fc229bb2000-7fc229bb4000 r--p 0007f000 08:06 10226603                   /usr/lib/libcairo.so.2.10800.10
7fc229bb4000-7fc229bb5000 rw-p 00081000 08:06 10226603                   /usr/lib/libcairo.so.2.10800.10
7fc229bb5000-7fc229bb6000 rw-p 00000000 00:00 0 
7fc229bb6000-7fc229bd4000 r-xp 00000000 08:06 10226556                   /usr/lib/libatk-1.0.so.0.3009.1
7fc229bd4000-7fc229dd4000 ---p 0001e000 08:06 10226556                   /usr/lib/libatk-1.0.so.0.3009.1
7fc229dd4000-7fc229dd6000 r--p 0001e000 08:06 10226556                   /usr/lib/libatk-1.0.so.0.3009.1
7fc229dd6000-7fc229dd7000 rw-p 00020000 08:06 10226556                   /usr/lib/libatk-1.0.so.0.3009.1
7fc229dd7000-7fc229dd9000 r-xp 00000000 08:06 10226479                   /usr/lib/libXdamage.so.1.1.0
7fc229dd9000-7fc229fd8000 ---p 00002000 08:06 10226479                   /usr/lib/libXdamage.so.1.1.0
7fc229fd8000-7fc229fd9000 r--p 00001000 08:06 10226479                   /usr/lib/libXdamage.so.1.1.0
7fc229fd9000-7fc229fda000 rw-p 00002000 08:06 10226479                   /usr/lib/libXdamage.so.1.1.0
7fc229fda000-7fc229fdc000 r-xp 00000000 08:06 10226475                   /usr/lib/libXcomposite.so.1.0.0
7fc229fdc000-7fc22a1db000 ---p 00002000 08:06 10226475                   /usr/lib/libXcomposite.so.1.0.0
7fc22a1db000-7fc22a1dc000 r--p 00001000 08:06 10226475                   /usr/lib/libXcomposite.so.1.0.0
7fc22a1dc000-7fc22a1dd000 rw-p 00002000 08:06 10226475                   /usr/lib/libXcomposite.so.1.0.0
7fc22a1dd000-7fc22a1e8000 r-xp 00000000 08:06 10227213                   /usr/lib/libpangocairo-1.0.so.0.2800.0
7fc22a1e8000-7fc22a3e8000 ---p 0000b000 08:06 10227213                   /usr/lib/libpangocairo-1.0.so.0.2800.0
7fc22a3e8000-7fc22a3e9000 r--p 0000b000 08:06 10227213                   /usr/lib/libpangocairo-1.0.so.0.2800.0
7fc22a3e9000-7fc22a3ea000 rw-p 0000c000 08:06 10227213                   /usr/lib/libpangocairo-1.0.so.0.2800.0
7fc22a3ea000-7fc22a405000 r-xp 00000000 08:06 10226810                   /usr/lib/libgdk_pixbuf-2.0.so.0.2000.1
7fc22a405000-7fc22a604000 ---p 0001b000 08:06 10226810                   /usr/lib/libgdk_pixbuf-2.0.so.0.2000.1
7fc22a604000-7fc22a605000 r--p 0001a000 08:06 10226810                   /usr/lib/libgdk_pixbuf-2.0.so.0.2000.1
7fc22a605000-7fc22a606000 rw-p 0001b000 08:06 10226810                   /usr/lib/libgdk_pixbuf-2.0.so.0.2000.1
7fc22a606000-7fc22a608000 r-xp 00000000 08:06 10226493                   /usr/lib/libXinerama.so.1.0.0
7fc22a608000-7fc22a807000 ---p 00002000 08:06 10226493                   /usr/lib/libXinerama.so.1.0.0
7fc22a807000-7fc22a808000 r--p 00001000 08:06 10226493                   /usr/lib/libXinerama.so.1.0.0
7fc22a808000-7fc22a809000 rw-p 00002000 08:06 10226493                   /usr/lib/libXinerama.so.1.0.0
7fc22a809000-7fc22a8b1000 r-xp 00000000 08:06 10226808                   /usr/lib/libgdk-x11-2.0.so.0.2000.1
7fc22a8b1000-7fc22aab0000 ---p 000a8000 08:06 10226808                   /usr/lib/libgdk-x11-2.0.so.0.2000.1
7fc22aab0000-7fc22aab4000 r--p 000a7000 08:06 10226808                   /usr/lib/libgdk-x11-2.0.so.0.2000.1
7fc22aab4000-7fc22aab6000 rw-p 000ab000 08:06 10226808                   /usr/lib/libgdk-x11-2.0.so.0.2000.1
7fc22aab6000-7fc22aecb000 r-xp 00000000 08:06 10226965                   /usr/lib/libgtk-x11-2.0.so.0.2000.1
7fc22aecb000-7fc22b0cb000 ---p 00415000 08:06 10226965                   /usr/lib/libgtk-x11-2.0.so.0.2000.1
7fc22b0cb000-7fc22b0d2000 r--p 00415000 08:06 10226965                   /usr/lib/libgtk-x11-2.0.so.0.2000.1
7fc22b0d2000-7fc22b0d6000 rw-p 0041c000 08:06 10226965                   /usr/lib/libgtk-x11-2.0.so.0.2000.1
7fc22b0d6000-7fc22b0d8000 rw-p 00000000 00:00 0 
7fc22b0d8000-7fc22b0e0000 r-xp 00000000 08:06 10226503                   /usr/lib/libXrandr.so.2.2.0
7fc22b0e0000-7fc22b2df000 ---p 00008000 08:06 10226503                   /usr/lib/libXrandr.so.2.2.0
7fc22b2df000-7fc22b2e0000 r--p 00007000 08:06 10226503                   /usr/lib/libXrandr.so.2.2.0
7fc22b2e0000-7fc22b2e1000 rw-p 00008000 08:06 10226503                   /usr/lib/libXrandr.so.2.2.0
7fc22b2e1000-7fc22b2e4000 ---p 00000000 00:00 0 
7fc22b2e4000-7fc22b3e2000 rw-p 00000000 00:00 0 
7fc22b3e2000-7fc22b3e5000 ---p 00000000 00:00 0 
7fc22b3e5000-7fc22b4e3000 rw-p 00000000 00:00 0 
7fc22b4e3000-7fc22b4e6000 ---p 00000000 00:00 0 
7fc22b4e6000-7fc22b5e4000 rw-p 00000000 00:00 0 
7fc22b5e4000-7fc22b5e7000 ---p 00000000 00:00 0 
7fc22b5e7000-7fc22b6e5000 rw-p 00000000 00:00 0 
7fc22b6e5000-7fc22b6ea000 r-xp 00000000 08:06 10226485                   /usr/lib/libXfixes.so.3.1.0
7fc22b6ea000-7fc22b8e9000 ---p 00005000 08:06 10226485                   /usr/lib/libXfixes.so.3.1.0
7fc22b8e9000-7fc22b8ea000 r--p 00004000 08:06 10226485                   /usr/lib/libXfixes.so.3.1.0
7fc22b8ea000-7fc22b8eb000 rw-p 00005000 08:06 10226485                   /usr/lib/libXfixes.so.3.1.0
7fc22b8eb000-7fc22b8f4000 r-xp 00000000 08:06 10226477                   /usr/lib/libXcursor.so.1.0.2
7fc22b8f4000-7fc22baf3000 ---p 00009000 08:06 10226477                   /usr/lib/libXcursor.so.1.0.2
7fc22baf3000-7fc22baf4000 r--p 00008000 08:06 10226477                   /usr/lib/libXcursor.so.1.0.2
7fc22baf4000-7fc22baf5000 rw-p 00009000 08:06 10226477                   /usr/lib/libXcursor.so.1.0.2
7fc22baf5000-7fc22baf8000 ---p 00000000 00:00 0 
7fc22baf8000-7fc22bbf6000 rw-p 00000000 00:00 0 
7fc22bbf6000-7fc22bbfb000 r-xp 00000000 08:06 10226481                   /usr/lib/libXdmcp.so.6.0.0
7fc22bbfb000-7fc22bdfa000 ---p 00005000 08:06 10226481                   /usr/lib/libXdmcp.so.6.0.0
7fc22bdfa000-7fc22bdfb000 r--p 00004000 08:06 10226481                   /usr/lib/libXdmcp.so.6.0.0
7fc22bdfb000-7fc22bdfc000 rw-p 00005000 08:06 10226481                   /usr/lib/libXdmcp.so.6.0.0
7fc22bdfc000-7fc22bdfe000 r-xp 00000000 08:06 10226470                   /usr/lib/libXau.so.6.0.0
7fc22bdfe000-7fc22bffe000 ---p 00002000 08:06 10226470                   /usr/lib/libXau.so.6.0.0
7fc22bffe000-7fc22bfff000 r--p 00002000 08:06 10226470                   /usr/lib/libXau.so.6.0.0
7fc22bfff000-7fc22c000000 rw-p 00003000 08:06 10226470                   /usr/lib/libXau.so.6.0.0
7fc22c000000-7fc22d21e000 rw-p 00000000 00:00 0 
7fc22d21e000-7fc230000000 ---p 00000000 00:00 0 
7fc230000000-7fc230006000 r--s 00000000 08:06 3939320                    /var/cache/fontconfig/a755afe4a08bf5b97852ceb7400b47bc-le64.cache-3
7fc230006000-7fc230009000 r--s 00000000 08:06 3939000                    /var/cache/fontconfig/d60319d88cac85ba9e1a07bd06cfbb8c-le64.cache-3
7fc230009000-7fc23001d000 r--p 00000000 08:06 11668696                   /usr/share/locale-langpack/es/LC_MESSAGES/gtk20.mo
7fc23001d000-7fc230040000 r--p 00000000 08:06 11668741                   /usr/share/locale-langpack/es/LC_MESSAGES/libc.mo
7fc230040000-7fc23005b000 r-xp 00000000 08:06 10227476                   /usr/lib/libxcb.so.1.1.0
7fc23005b000-7fc23025a000 ---p 0001b000 08:06 10227476                   /usr/lib/libxcb.so.1.1.0
7fc23025a000-7fc23025b000 r--p 0001a000 08:06 10227476                   /usr/lib/libxcb.so.1.1.0
7fc23025b000-7fc23025c000 rw-p 0001b000 08:06 10227476                   /usr/lib/libxcb.so.1.1.0
7fc23025c000-7fc23026b000 r-xp 00000000 08:06 10226491                   /usr/lib/libXi.so.6.1.0
7fc23026b000-7fc23046a000 ---p 0000f000 08:06 10226491                   /usr/lib/libXi.so.6.1.0
7fc23046a000-7fc23046b000 r--p 0000e000 08:06 10226491                   /usr/lib/libXi.so.6.1.0
7fc23046b000-7fc23046c000 rw-p 0000f000 08:06 10226491                   /usr/lib/libXi.so.6.1.0
7fc23046c000-7fc230471000 r-xp 00000000 08:06 10226511                   /usr/lib/libXtst.so.6.1.0
7fc230471000-7fc230671000 ---p 00005000 08:06 10226511                   /usr/lib/libXtst.so.6.1.0
7fc230671000-7fc230672000 r--p 00005000 08:06 10226511                   /usr/lib/libXtst.so.6.1.0
7fc230672000-7fc230673000 rw-p 00006000 08:06 10226511                   /usr/lib/libXtst.so.6.1.0
7fc230673000-7fc23067c000 r-xp 00000000 08:06 10226505                   /usr/lib/libXrender.so.1.3.0
7fc23067c000-7fc23087b000 ---p 00009000 08:06 10226505                   /usr/lib/libXrender.so.1.3.0
7fc23087b000-7fc23087c000 r--p 00008000 08:06 10226505                   /usr/lib/libXrender.so.1.3.0
7fc23087c000-7fc23087d000 rw-p 00009000 08:06 10226505                   /usr/lib/libXrender.so.1.3.0
7fc23087d000-7fc2309ae000 r-xp 00000000 08:06 10226466                   /usr/lib/libX11.so.6.3.0
7fc2309ae000-7fc230bae000 ---p 00131000 08:06 10226466                   /usr/lib/libX11.so.6.3.0
7fc230bae000-7fc230baf000 r--p 00131000 08:06 10226466                   /usr/lib/libX11.so.6.3.0
7fc230baf000-7fc230bb3000 rw-p 00132000 08:06 10226466                   /usr/lib/libX11.so.6.3.0
7fc230bb3000-7fc230bc4000 r-xp 00000000 08:06 10226483                   /usr/lib/libXext.so.6.4.0
7fc230bc4000-7fc230dc3000 ---p 00011000 08:06 10226483                   /usr/lib/libXext.so.6.4.0
7fc230dc3000-7fc230dc4000 r--p 00010000 08:06 10226483                   /usr/lib/libXext.so.6.4.0
7fc230dc4000-7fc230dc5000 rw-p 00011000 08:06 10226483                   /usr/lib/libXext.so.6.4.0
7fc230dc5000-7fc230dc7000 r--s 00000000 08:06 3939305                    /var/cache/fontconfig/81cda67e8be65ec12c33ffdbc3c0aede-le64.cache-3
7fc230dc7000-7fc230dc8000 r--s 00000000 08:06 3938691                    /var/cache/fontconfig/4794a0821666d79190d59a36cb4f44b5-le64.cache-3
7fc230dc8000-7fc230dcc000 r--s 00000000 08:06 3932234                    /var/cache/fontconfig/7ef2298fde41cc6eeb7af42e48b7d293-le64.cache-3
7fc230dcc000-7fc230dd6000 r--s 00254000 08:06 10234379                   /usr/lib/jvm/java-7-oracle/jre/lib/resources.jar
7fc230dd6000-7fc230e26000 r-xp 00000000 08:06 10234323                   /usr/lib/jvm/java-7-oracle/jre/lib/amd64/xawt/libmawt.so
7fc230e26000-7fc231026000 ---p 00050000 08:06 10234323                   /usr/lib/jvm/java-7-oracle/jre/lib/amd64/xawt/libmawt.so
7fc231026000-7fc23102a000 rw-p 00050000 08:06 10234323                   /usr/lib/jvm/java-7-oracle/jre/lib/amd64/xawt/libmawt.so
7fc23102a000-7fc23102b000 rw-p 00000000 00:00 0 
7fc23102b000-7fc2310cd000 r-xp 00000000 08:06 10234327                   /usr/lib/jvm/java-7-oracle/jre/lib/amd64/libawt.so
7fc2310cd000-7fc2312cd000 ---p 000a2000 08:06 10234327                   /usr/lib/jvm/java-7-oracle/jre/lib/amd64/libawt.so
7fc2312cd000-7fc2312d9000 rw-p 000a2000 08:06 10234327                   /usr/lib/jvm/java-7-oracle/jre/lib/amd64/libawt.so
7fc2312d9000-7fc2312fd000 rw-p 00000000 00:00 0 
7fc2312fd000-7fc231303000 r--s 02646000 08:06 1573848                    /home/disclaimer/jmonkeyplatform/jmonkeyplatform/libs/jME3-testdata.jar
7fc231303000-7fc231306000 r--s 0001a000 08:06 1573873                    /home/disclaimer/jmonkeyplatform/jmonkeyplatform/libs/xmlpull-xpp3.jar
7fc231306000-7fc231308000 r--s 00012000 08:06 1573939                    /home/disclaimer/jmonkeyplatform/jmonkeyplatform/libs/eventbus.jar
7fc231308000-7fc23130b000 r--s 0000f000 08:06 1573761                    /home/disclaimer/jmonkeyplatform/jmonkeyplatform/libs/nifty-style-black.jar
7fc23130b000-7fc231313000 r--s 00033000 08:06 1573628                    /home/disclaimer/jmonkeyplatform/jmonkeyplatform/libs/nifty-default-controls.jar
7fc231313000-7fc23131d000 r--s 0006c000 08:06 1573970                    /home/disclaimer/jmonkeyplatform/jmonkeyplatform/libs/nifty.jar
7fc23131d000-7fc23131e000 r--s 00005000 08:06 1573843                    /home/disclaimer/jmonkeyplatform/jmonkeyplatform/libs/jME3-niftygui.jar
7fc23131e000-7fc23131f000 r--s 0000b000 08:06 1573893                    /home/disclaimer/jmonkeyplatform/jmonkeyplatform/libs/stack-alloc.jar
7fc23131f000-7fc231321000 r--s 0003c000 08:06 1573950                    /home/disclaimer/jmonkeyplatform/jmonkeyplatform/libs/vecmath.jar
7fc231321000-7fc23132b000 r--s 00079000 08:06 1573945                    /home/disclaimer/jmonkeyplatform/jmonkeyplatform/libs/jbullet.jar
7fc23132b000-7fc23132e000 r--s 00020000 08:06 1573865                    /home/disclaimer/jmonkeyplatform/jmonkeyplatform/libs/jME3-jbullet.jar
7fc23132e000-7fc23133b000 r--s 000d6000 08:06 1573972                    /home/disclaimer/jmonkeyplatform/jmonkeyplatform/libs/lwjgl.jar
7fc23133b000-7fc23133f000 r--s 00030000 08:06 1573963                    /home/disclaimer/jmonkeyplatform/jmonkeyplatform/libs/jinput.jar
7fc23133f000-7fc231341000 r--s 0020a000 08:06 1573731                    /home/disclaimer/jmonkeyplatform/jmonkeyplatform/libs/jME3-lwjgl-natives.jar
7fc231341000-7fc231343000 r--s 00017000 08:06 1573904                    /home/disclaimer/jmonkeyplatform/jmonkeyplatform/libs/jME3-lwjgl.jar
7fc231343000-7fc231346000 r--s 00024000 08:06 1573866                    /home/disclaimer/jmonkeyplatform/jmonkeyplatform/libs/jME3-terrain.jar
7fc231346000-7fc231347000 ---p 00000000 00:00 0 
7fc231347000-7fc231447000 rw-p 00000000 00:00 0 
7fc231447000-7fc23144a000 ---p 00000000 00:00 0 
7fc23144a000-7fc231548000 rw-p 00000000 00:00 0 
7fc231548000-7fc23154b000 ---p 00000000 00:00 0 
7fc23154b000-7fc231649000 rw-p 00000000 00:00 0 
7fc231649000-7fc23164c000 ---p 00000000 00:00 0 
7fc23164c000-7fc23174a000 rw-p 00000000 00:00 0 
7fc23174a000-7fc23174d000 ---p 00000000 00:00 0 
7fc23174d000-7fc23184b000 rw-p 00000000 00:00 0 
7fc23184b000-7fc23188a000 r--p 00000000 08:06 10231228                   /usr/lib/locale/es_ES.utf8/LC_CTYPE
7fc23188a000-7fc2319a8000 r--p 00000000 08:06 10231304                   /usr/lib/locale/es_ES.utf8/LC_COLLATE
7fc2319a8000-7fc2319ab000 ---p 00000000 00:00 0 
7fc2319ab000-7fc231aa9000 rw-p 00000000 00:00 0 
7fc231aa9000-7fc231aac000 ---p 00000000 00:00 0 
7fc231aac000-7fc231baa000 rw-p 00000000 00:00 0 
7fc231baa000-7fc231bab000 ---p 00000000 00:00 0 
7fc231bab000-7fc232687000 rw-p 00000000 00:00 0 
7fc232687000-7fc232843000 r--s 039dc000 08:06 10234374                   /usr/lib/jvm/java-7-oracle/jre/lib/rt.jar
7fc232843000-7fc233f9f000 rw-p 00000000 00:00 0 
7fc233f9f000-7fc233fa0000 ---p 00000000 00:00 0 
7fc233fa0000-7fc2340a0000 rw-p 00000000 00:00 0 
7fc2340a0000-7fc2340a1000 ---p 00000000 00:00 0 
7fc2340a1000-7fc2341b9000 rw-p 00000000 00:00 0 
7fc2341b9000-7fc2341ba000 ---p 00000000 00:00 0 
7fc2341ba000-7fc2341ca000 rw-p 00000000 00:00 0 
7fc2341ca000-7fc23421a000 rw-p 00000000 00:00 0 
7fc23421a000-7fc234236000 ---p 00000000 00:00 0 
7fc234236000-7fc234275000 rw-p 00000000 00:00 0 
7fc234275000-7fc23428d000 rw-p 00000000 00:00 0 
7fc23428d000-7fc23428e000 ---p 00000000 00:00 0 
7fc23428e000-7fc23429e000 rw-p 00000000 00:00 0 
7fc23429e000-7fc2342ee000 rw-p 00000000 00:00 0 
7fc2342ee000-7fc23430a000 ---p 00000000 00:00 0 
7fc23430a000-7fc234348000 rw-p 00000000 00:00 0 
7fc234348000-7fc23439e000 rw-p 00000000 00:00 0 
7fc23439e000-7fc23439f000 rw-p 00000000 00:00 0 
7fc23439f000-7fc23460f000 rwxp 00000000 00:00 0 
7fc23460f000-7fc23739f000 rw-p 00000000 00:00 0 
7fc23739f000-7fc2373b9000 r-xp 00000000 08:06 10234352                   /usr/lib/jvm/java-7-oracle/jre/lib/amd64/libzip.so
7fc2373b9000-7fc2375b9000 ---p 0001a000 08:06 10234352                   /usr/lib/jvm/java-7-oracle/jre/lib/amd64/libzip.so
7fc2375b9000-7fc2375ba000 rw-p 0001a000 08:06 10234352                   /usr/lib/jvm/java-7-oracle/jre/lib/amd64/libzip.so
7fc2375ba000-7fc2375c6000 r-xp 00000000 08:06 11534447                   /lib/libnss_files-2.11.1.so
7fc2375c6000-7fc2377c5000 ---p 0000c000 08:06 11534447                   /lib/libnss_files-2.11.1.so
7fc2377c5000-7fc2377c6000 r--p 0000b000 08:06 11534447                   /lib/libnss_files-2.11.1.so
7fc2377c6000-7fc2377c7000 rw-p 0000c000 08:06 11534447                   /lib/libnss_files-2.11.1.so
7fc2377c7000-7fc2377d1000 r-xp 00000000 08:06 11534457                   /lib/libnss_nis-2.11.1.so
7fc2377d1000-7fc2379d0000 ---p 0000a000 08:06 11534457                   /lib/libnss_nis-2.11.1.so
7fc2379d0000-7fc2379d1000 r--p 00009000 08:06 11534457                   /lib/libnss_nis-2.11.1.so
7fc2379d1000-7fc2379d2000 rw-p 0000a000 08:06 11534457                   /lib/libnss_nis-2.11.1.so
7fc2379d2000-7fc2379e9000 r-xp 00000000 08:06 11534441                   /lib/libnsl-2.11.1.so
7fc2379e9000-7fc237be8000 ---p 00017000 08:06 11534441                   /lib/libnsl-2.11.1.so
7fc237be8000-7fc237be9000 r--p 00016000 08:06 11534441                   /lib/libnsl-2.11.1.so
7fc237be9000-7fc237bea000 rw-p 00017000 08:06 11534441                   /lib/libnsl-2.11.1.so
7fc237bea000-7fc237bec000 rw-p 00000000 00:00 0 
7fc237bec000-7fc237bf4000 r-xp 00000000 08:06 11534443                   /lib/libnss_compat-2.11.1.so
7fc237bf4000-7fc237df3000 ---p 00008000 08:06 11534443                   /lib/libnss_compat-2.11.1.so
7fc237df3000-7fc237df4000 r--p 00007000 08:06 11534443                   /lib/libnss_compat-2.11.1.so
7fc237df4000-7fc237df5000 rw-p 00008000 08:06 11534443                   /lib/libnss_compat-2.11.1.so
7fc237df5000-7fc237e1e000 r-xp 00000000 08:06 10234316                   /usr/lib/jvm/java-7-oracle/jre/lib/amd64/libjava.so
7fc237e1e000-7fc23801e000 ---p 00029000 08:06 10234316                   /usr/lib/jvm/java-7-oracle/jre/lib/amd64/libjava.so
7fc23801e000-7fc238020000 rw-p 00029000 08:06 10234316                   /usr/lib/jvm/java-7-oracle/jre/lib/amd64/libjava.so
7fc238020000-7fc23802d000 r-xp 00000000 08:06 10234326                   /usr/lib/jvm/java-7-oracle/jre/lib/amd64/libverify.so
7fc23802d000-7fc23822c000 ---p 0000d000 08:06 10234326                   /usr/lib/jvm/java-7-oracle/jre/lib/amd64/libverify.so
7fc23822c000-7fc23822e000 rw-p 0000c000 08:06 10234326                   /usr/lib/jvm/java-7-oracle/jre/lib/amd64/libverify.so
7fc23822e000-7fc238235000 r-xp 00000000 08:06 11534495                   /lib/librt-2.11.1.so
7fc238235000-7fc238434000 ---p 00007000 08:06 11534495                   /lib/librt-2.11.1.so
7fc238434000-7fc238435000 r--p 00006000 08:06 11534495                   /lib/librt-2.11.1.so
7fc238435000-7fc238436000 rw-p 00007000 08:06 11534495                   /lib/librt-2.11.1.so
7fc238436000-7fc2384b8000 r-xp 00000000 08:06 11534430                   /lib/libm-2.11.1.so
7fc2384b8000-7fc2386b7000 ---p 00082000 08:06 11534430                   /lib/libm-2.11.1.so
7fc2386b7000-7fc2386b8000 r--p 00081000 08:06 11534430                   /lib/libm-2.11.1.so
7fc2386b8000-7fc2386b9000 rw-p 00082000 08:06 11534430                   /lib/libm-2.11.1.so
7fc2386b9000-7fc239100000 r-xp 00000000 08:06 10234348                   /usr/lib/jvm/java-7-oracle/jre/lib/amd64/server/libjvm.so
7fc239100000-7fc239300000 ---p 00a47000 08:06 10234348                   /usr/lib/jvm/java-7-oracle/jre/lib/amd64/server/libjvm.so
7fc239300000-7fc2393a3000 rw-p 00a47000 08:06 10234348                   /usr/lib/jvm/java-7-oracle/jre/lib/amd64/server/libjvm.so
7fc2393a3000-7fc2393df000 rw-p 00000000 00:00 0 
7fc2393df000-7fc239559000 r-xp 00000000 08:06 11534381                   /lib/libc-2.11.1.so
7fc239559000-7fc239758000 ---p 0017a000 08:06 11534381                   /lib/libc-2.11.1.so
7fc239758000-7fc23975c000 r--p 00179000 08:06 11534381                   /lib/libc-2.11.1.so
7fc23975c000-7fc23975d000 rw-p 0017d000 08:06 11534381                   /lib/libc-2.11.1.so
7fc23975d000-7fc239762000 rw-p 00000000 00:00 0 
7fc239762000-7fc239764000 r-xp 00000000 08:06 11534395                   /lib/libdl-2.11.1.so
7fc239764000-7fc239964000 ---p 00002000 08:06 11534395                   /lib/libdl-2.11.1.so
7fc239964000-7fc239965000 r--p 00002000 08:06 11534395                   /lib/libdl-2.11.1.so
7fc239965000-7fc239966000 rw-p 00003000 08:06 11534395                   /lib/libdl-2.11.1.so
7fc239966000-7fc23997c000 r-xp 00000000 08:06 10234329                   /usr/lib/jvm/java-7-oracle/jre/lib/amd64/jli/libjli.so
7fc23997c000-7fc239b7c000 ---p 00016000 08:06 10234329                   /usr/lib/jvm/java-7-oracle/jre/lib/amd64/jli/libjli.so
7fc239b7c000-7fc239b7d000 rw-p 00016000 08:06 10234329                   /usr/lib/jvm/java-7-oracle/jre/lib/amd64/jli/libjli.so
7fc239b7d000-7fc239b95000 r-xp 00000000 08:06 11534489                   /lib/libpthread-2.11.1.so
7fc239b95000-7fc239d94000 ---p 00018000 08:06 11534489                   /lib/libpthread-2.11.1.so
7fc239d94000-7fc239d95000 r--p 00017000 08:06 11534489                   /lib/libpthread-2.11.1.so
7fc239d95000-7fc239d96000 rw-p 00018000 08:06 11534489                   /lib/libpthread-2.11.1.so
7fc239d96000-7fc239d9a000 rw-p 00000000 00:00 0 
7fc239d9a000-7fc239dba000 r-xp 00000000 08:06 11534357                   /lib/ld-2.11.1.so
7fc239dba000-7fc239dbb000 r--s 00009000 08:06 1573846                    /home/disclaimer/jmonkeyplatform/jmonkeyplatform/libs/j-ogg-vorbisd.jar
7fc239dbb000-7fc239dbd000 r--s 00005000 08:06 1573907                    /home/disclaimer/jmonkeyplatform/jmonkeyplatform/libs/j-ogg-oggd.jar
7fc239dbd000-7fc239dbe000 r--s 00002000 08:06 1573922                    /home/disclaimer/jmonkeyplatform/jmonkeyplatform/libs/jME3-jogg.jar
7fc239dbe000-7fc239dc1000 r--s 0001c000 08:06 1573798                    /home/disclaimer/jmonkeyplatform/jmonkeyplatform/libs/jME3-networking.jar
7fc239dc1000-7fc239dc4000 r--s 0006c000 08:06 1573867                    /home/disclaimer/jmonkeyplatform/jmonkeyplatform/libs/jME3-effects.jar
7fc239dc4000-7fc239dc5000 r--s 00010000 08:06 1573869                    /home/disclaimer/jmonkeyplatform/jmonkeyplatform/libs/jME3-plugins.jar
7fc239dc5000-7fc239dc7000 r--s 00033000 08:06 1573868                    /home/disclaimer/jmonkeyplatform/jmonkeyplatform/libs/jME3-desktop.jar
7fc239dc7000-7fc239dd7000 r--s 00101000 08:06 1573921                    /home/disclaimer/jmonkeyplatform/jmonkeyplatform/libs/jME3-core.jar
7fc239dd7000-7fc239dd8000 r--p 00000000 08:06 10231310                   /usr/lib/locale/es_ES.utf8/LC_NUMERIC
7fc239dd8000-7fc239dd9000 r--p 00000000 08:06 10233427                   /usr/lib/locale/es_ES.utf8/LC_TIME
7fc239dd9000-7fc239dda000 r--p 00000000 08:06 10231517                   /usr/lib/locale/es_ES.utf8/LC_MONETARY
7fc239dda000-7fc239de1000 r--s 00000000 08:06 10230079                   /usr/lib/gconv/gconv-modules.cache
7fc239de1000-7fc239deb000 rw-p 00000000 00:00 0 
7fc239deb000-7fc239ea1000 rw-p 00000000 00:00 0 
7fc239ea1000-7fc239ea4000 ---p 00000000 00:00 0 
7fc239ea4000-7fc239fa6000 rw-p 00000000 00:00 0 
7fc239fa6000-7fc239fa7000 r--p 00000000 08:06 10354710                   /usr/lib/locale/es_ES.utf8/LC_MESSAGES/SYS_LC_MESSAGES
7fc239fa7000-7fc239fa8000 r--p 00000000 08:06 10231432                   /usr/lib/locale/es_ES.utf8/LC_PAPER
7fc239fa8000-7fc239fa9000 r--p 00000000 08:06 10231309                   /usr/lib/locale/es_ES.utf8/LC_NAME
7fc239fa9000-7fc239faa000 r--p 00000000 08:06 10233428                   /usr/lib/locale/es_ES.utf8/LC_ADDRESS
7fc239faa000-7fc239fab000 r--p 00000000 08:06 10233429                   /usr/lib/locale/es_ES.utf8/LC_TELEPHONE
7fc239fab000-7fc239fac000 r--p 00000000 08:06 10231230                   /usr/lib/locale/es_ES.utf8/LC_MEASUREMENT
7fc239fac000-7fc239fad000 r--p 00000000 08:06 10233430                   /usr/lib/locale/es_ES.utf8/LC_IDENTIFICATION
7fc239fad000-7fc239fb5000 rw-s 00000000 08:06 6553716                    /tmp/hsperfdata_disclaimer/3229 (deleted)
7fc239fb5000-7fc239fb6000 rw-p 00000000 00:00 0 
7fc239fb6000-7fc239fb7000 ---p 00000000 00:00 0 
7fc239fb7000-7fc239fb9000 rw-p 00000000 00:00 0 
7fc239fb9000-7fc239fba000 r--p 0001f000 08:06 11534357                   /lib/ld-2.11.1.so
7fc239fba000-7fc239fbb000 rw-p 00020000 08:06 11534357                   /lib/ld-2.11.1.so
7fc239fbb000-7fc239fbc000 rw-p 00000000 00:00 0 
7fff74456000-7fff7446b000 rw-p 00000000 00:00 0                          [stack]
7fff7457a000-7fff7457b000 r-xp 00000000 00:00 0                          [vdso]
ffffffffff600000-ffffffffff601000 r-xp 00000000 00:00 0                  [vsyscall]

VM Arguments:
jvm_args: -Dfile.encoding=UTF-8 -Xmx2000m -XX:MaxHeapSize=512m 
java_command: controlador.Main
Launcher Type: SUN_STANDARD

Environment Variables:
PATH=/usr/local/sbin:/usr/local/bin:/usr/sbin:/usr/bin:/sbin:/bin:/usr/games
USERNAME=disclaimer
SHELL=/bin/bash
DISPLAY=:0.0

Signal Handlers:
SIGSEGV: [libjvm.so+0x8a5c80], sa_mask[0]=0x7ffbfeff, sa_flags=0x10000004
SIGBUS: [libjvm.so+0x8a5c80], sa_mask[0]=0x7ffbfeff, sa_flags=0x10000004
SIGFPE: [libjvm.so+0x741d60], sa_mask[0]=0x7ffbfeff, sa_flags=0x10000004
SIGPIPE: SIG_IGN, sa_mask[0]=0x00001000, sa_flags=0x10000000
SIGXFSZ: [libjvm.so+0x741d60], sa_mask[0]=0x7ffbfeff, sa_flags=0x10000004
SIGILL: [libjvm.so+0x741d60], sa_mask[0]=0x7ffbfeff, sa_flags=0x10000004
SIGUSR1: SIG_DFL, sa_mask[0]=0x00000000, sa_flags=0x00000000
SIGUSR2: [libjvm.so+0x7416b0], sa_mask[0]=0x00000004, sa_flags=0x10000004
SIGHUP: [libjvm.so+0x743a40], sa_mask[0]=0x7ffbfeff, sa_flags=0x10000004
SIGINT: SIG_IGN, sa_mask[0]=0x00000000, sa_flags=0x00000000
SIGTERM: [libjvm.so+0x743a40], sa_mask[0]=0x7ffbfeff, sa_flags=0x10000004
SIGQUIT: [libjvm.so+0x743a40], sa_mask[0]=0x7ffbfeff, sa_flags=0x10000004


---------------  S Y S T E M  ---------------

OS:squeeze/sid

uname:Linux 2.6.32-38-generic #83-Ubuntu SMP Wed Jan 4 11:12:07 UTC 2012 x86_64
libc:glibc 2.11.1 NPTL 2.11.1 
rlimit: STACK 8192k, CORE 0k, NPROC infinity, NOFILE 1024, AS infinity
load average:3,53 3,07 2,78

/proc/meminfo:
MemTotal:        2056896 kB
MemFree:           49700 kB
Buffers:           16312 kB
Cached:           239000 kB
SwapCached:        38248 kB
Active:          1091460 kB
Inactive:         598172 kB
Active(anon):    1003128 kB
Inactive(anon):   456288 kB
Active(file):      88332 kB
Inactive(file):   141884 kB
Unevictable:           0 kB
Mlocked:               0 kB
SwapTotal:        498680 kB
SwapFree:         220560 kB
Dirty:               456 kB
Writeback:             0 kB
AnonPages:       1401468 kB
Mapped:           138560 kB
Shmem:             24996 kB
Slab:              43512 kB
SReclaimable:      23068 kB
SUnreclaim:        20444 kB
KernelStack:        3048 kB
PageTables:        29536 kB
NFS_Unstable:          0 kB
Bounce:                0 kB
WritebackTmp:          0 kB
CommitLimit:     1527128 kB
Committed_AS:    2984496 kB
VmallocTotal:   34359738367 kB
VmallocUsed:      322672 kB
VmallocChunk:   34359409052 kB
HardwareCorrupted:     0 kB
HugePages_Total:       0
HugePages_Free:        0
HugePages_Rsvd:        0
HugePages_Surp:        0
Hugepagesize:       2048 kB
DirectMap4k:     1889152 kB
DirectMap2M:      206848 kB


CPU:total 2 (2 cores per cpu, 1 threads per core) family 15 model 107 stepping 1, cmov, cx8, fxsr, mmx, sse, sse2, sse3, mmxext, 3dnowpref, tsc

/proc/cpuinfo:
processor	: 0
vendor_id	: AuthenticAMD
cpu family	: 15
model		: 107
model name	: AMD Athlon(tm) 64 X2 Dual Core Processor 4200+
stepping	: 1
cpu MHz		: 2200.000
cache size	: 512 KB
physical id	: 0
siblings	: 2
core id		: 0
cpu cores	: 2
apicid		: 0
initial apicid	: 0
fpu		: yes
fpu_exception	: yes
cpuid level	: 1
wp		: yes
flags		: fpu vme de pse tsc msr pae mce cx8 apic sep mtrr pge mca cmov pat pse36 clflush mmx fxsr sse sse2 ht syscall nx mmxext fxsr_opt rdtscp lm 3dnowext 3dnow rep_good pni cx16 lahf_lm cmp_legacy svm extapic cr8_legacy 3dnowprefetch
bogomips	: 4399.73
TLB size	: 1024 4K pages
clflush size	: 64
cache_alignment	: 64
address sizes	: 40 bits physical, 48 bits virtual
power management: ts fid vid ttp tm stc 100mhzsteps

processor	: 1
vendor_id	: AuthenticAMD
cpu family	: 15
model		: 107
model name	: AMD Athlon(tm) 64 X2 Dual Core Processor 4200+
stepping	: 1
cpu MHz		: 2200.000
cache size	: 512 KB
physical id	: 0
siblings	: 2
core id		: 1
cpu cores	: 2
apicid		: 1
initial apicid	: 1
fpu		: yes
fpu_exception	: yes
cpuid level	: 1
wp		: yes
flags		: fpu vme de pse tsc msr pae mce cx8 apic sep mtrr pge mca cmov pat pse36 clflush mmx fxsr sse sse2 ht syscall nx mmxext fxsr_opt rdtscp lm 3dnowext 3dnow rep_good pni cx16 lahf_lm cmp_legacy svm extapic cr8_legacy 3dnowprefetch
bogomips	: 4399.73
TLB size	: 1024 4K pages
clflush size	: 64
cache_alignment	: 64
address sizes	: 40 bits physical, 48 bits virtual
power management: ts fid vid ttp tm stc 100mhzsteps



Memory: 4k page, physical 2056896k(49700k free), swap 498680k(220560k free)

vm_info: Java HotSpot(TM) 64-Bit Server VM (23.6-b04) for linux-amd64 JRE (1.7.0_10-b18), built on Nov 28 2012 03:39:52 by "java_re" with gcc 4.3.0 20080428 (Red Hat 4.3.0-8)

time: Fri Dec 14 21:49:26 2012
elapsed time: 23 seconds

