#
# A fatal error has been detected by the Java Runtime Environment:
#
#  SIGSEGV (0xb) at pc=0x00007f0603296c98, pid=3110, tid=139663932356352
#
# JRE version: 6.0_24-b24
# Java VM: OpenJDK 64-Bit Server VM (20.0-b12 mixed mode linux-amd64 compressed oops)
# Derivative: IcedTea6 1.11.4
# Distribution: Ubuntu 10.04.1 LTS, package 6b24-1.11.4-1ubuntu0.10.04.1
# Problematic frame:
# C  [libX11.so.6+0x37c98]  XQueryExtension+0x28
#
# If you would like to submit a bug report, please include
# instructions how to reproduce the bug and visit:
#   https://bugs.launchpad.net/ubuntu/+source/openjdk-6/
#

---------------  T H R E A D  ---------------

Current thread is native thread

siginfo:si_signo=SIGSEGV: si_errno=0, si_code=1 (SEGV_MAPERR), si_addr=0xfffffffffc0d02e8

Registers:
RAX=0x0000000001455b20, RBX=0xfffffffffc0cf980, RCX=0x00007fff5d4a1528, RDX=0x00007fff5d4a1524
RSP=0x00007fff5d4a14c0, RBP=0x00007f05f5c51e12, RSI=0x00007f05f5c51e12, RDI=0xfffffffffc0cf980
R8 =0x00007fff5d4a152c, R9 =0x00007f060a6ede50, R10=0x00007f060a6ef748, R11=0x00007f060a3a8590
R12=0x00007fff5d4a1524, R13=0x0000000001455b20, R14=0x0000000001455b20, R15=0x0000000000000000
RIP=0x00007f0603296c98, EFLAGS=0x0000000000010206, CSGSFS=0x0000000000000033, ERR=0x0000000000000005
  TRAPNO=0x000000000000000e

Top of Stack: (sp=0x00007fff5d4a14c0)
0x00007fff5d4a14c0:   00007f060b1376a8 00007f060a6ede40
0x00007fff5d4a14d0:   fffffffffc0cf980 0000000000000020
0x00007fff5d4a14e0:   00007f060b14f048 fffffffffc0cf980
0x00007fff5d4a14f0:   00007f05f5c51e12 0000000000000011
0x00007fff5d4a1500:   0000000001455b20 0000000001455b20
0x00007fff5d4a1510:   0000000000000000 00007f060328b172
0x00007fff5d4a1520:   00000000001ca818 00007f05f5d89c60
0x00007fff5d4a1530:   00007f05f5d89c60 fffffffffc0cf980
0x00007fff5d4a1540:   0000000000000011 00007f06035a3782
0x00007fff5d4a1550:   0000000000000005 0000000000000000
0x00007fff5d4a1560:   00007f05fc0cf570 00007f05f5c51e12
0x00007fff5d4a1570:   00007fff5d4a15f0 0000000000000000
0x00007fff5d4a1580:   00007fff5d4a15f0 fffffffffc0cf980
0x00007fff5d4a1590:   00007f060b14f048 00007f05fc0ce7a0
0x00007fff5d4a15a0:   00007f05f5da3490 00007f05f5bfdfd9
0x00007fff5d4a15b0:   0000000000000000 0000000000000066
0x00007fff5d4a15c0:   00007fff5d4a15f0 0000000000000000
0x00007fff5d4a15d0:   00007f060b14f048 00007f05fc0ce7a0
0x00007fff5d4a15e0:   0000000000000032 00007f05f5bf26e2
0x00007fff5d4a15f0:   00007fff5d4a19c0 00007f05f5c51d81
0x00007fff5d4a1600:   0000000000000000 00007f060af3e3ec
0x00007fff5d4a1610:   00007f060b150128 00007f060b1506b8
0x00007fff5d4a1620:   00007f060b13a4f0 0000000000ca9cd0
0x00007fff5d4a1630:   0000000000dc9070 00000000010d1ae0
0x00007fff5d4a1640:   00000000010d1fb0 0000000001102c80
0x00007fff5d4a1650:   00000000011d7410 0000000000f3ec40
0x00007fff5d4a1660:   00000000010c8130 00000000010c8f40
0x00007fff5d4a1670:   000000000109e280 00000000011b0100
0x00007fff5d4a1680:   00000000010c4f80 00000000010c58e0
0x00007fff5d4a1690:   0000000000f14030 00000000011dab60
0x00007fff5d4a16a0:   00000000011dd900 00000000010c8a90
0x00007fff5d4a16b0:   00000000011d78d0 00000000011db0a0 

Instructions: (pc=0x00007f0603296c98)
0x00007f0603296c78:   24 d8 48 89 fb 4c 89 64 24 e0 4c 89 6c 24 e8 49
0x00007f0603296c88:   89 d4 4c 89 74 24 f0 4c 89 7c 24 f8 48 83 ec 58
0x00007f0603296c98:   48 8b 87 68 09 00 00 49 89 f5 48 89 cd 4d 89 c6
0x00007f0603296ca8:   48 85 c0 74 02 ff 10 4c 8b bb b0 00 00 00 49 8d 

Register to memory mapping:

RAX=0x0000000001455b20 is an unknown value
RBX=0xfffffffffc0cf980 is an unknown value
RCX=0x00007fff5d4a1528 is an unknown value
RDX=0x00007fff5d4a1524 is an unknown value
RSP=0x00007fff5d4a14c0 is an unknown value
RBP=0x00007f05f5c51e12: <offset 0x92e12> in /usr/lib/libGL.so.1 at 0x00007f05f5bbf000
RSI=0x00007f05f5c51e12: <offset 0x92e12> in /usr/lib/libGL.so.1 at 0x00007f05f5bbf000
RDI=0xfffffffffc0cf980 is an unknown value
R8 =0x00007fff5d4a152c is an unknown value
R9 =0x00007f060a6ede50: <offset 0x37ee50> in /lib/libc.so.6 at 0x00007f060a36f000
R10=0x00007f060a6ef748: <offset 0x380748> in /lib/libc.so.6 at 0x00007f060a36f000
R11=0x00007f060a3a8590: __cxa_finalize+0 in /lib/libc.so.6 at 0x00007f060a36f000
R12=0x00007fff5d4a1524 is an unknown value
R13=0x0000000001455b20 is an unknown value
R14=0x0000000001455b20 is an unknown value
R15=0x0000000000000000 is an unknown value


Stack: [0x00007fff5d3a3000,0x00007fff5d4a3000],  sp=0x00007fff5d4a14c0,  free space=1017k
Native frames: (J=compiled Java code, j=interpreted, Vv=VM code, C=native code)
C  [libX11.so.6+0x37c98]  XQueryExtension+0x28


---------------  P R O C E S S  ---------------

VM state:at safepoint (shutting down)

VM Mutex/Monitor currently owned by a thread:  ([mutex/lock_event])
[0x0000000000ca2a50] Threads_lock - owner thread: 0x0000000000d09800

Heap
 PSYoungGen      total 115840K, used 86076K [0x00000000f2200000, 0x00000000facc0000, 0x0000000100000000)
  eden space 105856K, 72% used [0x00000000f2200000,0x00000000f6d673d0,0x00000000f8960000)
  from space 9984K, 88% used [0x00000000f8960000,0x00000000f9208000,0x00000000f9320000)
  to   space 11328K, 0% used [0x00000000fa1b0000,0x00000000fa1b0000,0x00000000facc0000)
 PSOldGen        total 54656K, used 24678K [0x00000000d6600000, 0x00000000d9b60000, 0x00000000f2200000)
  object space 54656K, 45% used [0x00000000d6600000,0x00000000d7e19980,0x00000000d9b60000)
 PSPermGen       total 63680K, used 29633K [0x00000000cc000000, 0x00000000cfe30000, 0x00000000d6600000)
  object space 63680K, 46% used [0x00000000cc000000,0x00000000cdcf06e0,0x00000000cfe30000)

Code Cache  [0x00007f0604f33000, 0x00007f06053e3000, 0x00007f0607f33000)
 total_blobs=1747 nmethods=1071 adapters=630 free_code_cache=45488896 largest_free_block=13760

Dynamic libraries:
00400000-00409000 r-xp 00000000 08:06 10493093                           /usr/lib/jvm/java-6-openjdk/jre/bin/java
00608000-00609000 r--p 00008000 08:06 10493093                           /usr/lib/jvm/java-6-openjdk/jre/bin/java
00609000-0060a000 rw-p 00009000 08:06 10493093                           /usr/lib/jvm/java-6-openjdk/jre/bin/java
00c9b000-06713000 rw-p 00000000 00:00 0                                  [heap]
cc000000-cfe30000 rw-p 00000000 00:00 0 
cfe30000-d6600000 rw-p 00000000 00:00 0 
d6600000-d9b60000 rw-p 00000000 00:00 0 
d9b60000-f2200000 rw-p 00000000 00:00 0 
f2200000-facc0000 rw-p 00000000 00:00 0 
facc0000-100000000 rw-p 00000000 00:00 0 
7f05c4000000-7f05c7ff6000 rw-p 00000000 00:00 0 
7f05c7ff6000-7f05c8000000 ---p 00000000 00:00 0 
7f05c8000000-7f05c8d94000 rw-p 00000000 00:00 0 
7f05c8d94000-7f05cc000000 ---p 00000000 00:00 0 
7f05cc000000-7f05cfff5000 rw-p 00000000 00:00 0 
7f05cfff5000-7f05d0000000 ---p 00000000 00:00 0 
7f05d0000000-7f05d3ff5000 rw-p 00000000 00:00 0 
7f05d3ff5000-7f05d4000000 ---p 00000000 00:00 0 
7f05d4000000-7f05d4155000 rw-p 00000000 00:00 0 
7f05d4155000-7f05d8000000 ---p 00000000 00:00 0 
7f05d8000000-7f05dbffe000 rw-p 00000000 00:00 0 
7f05dbffe000-7f05dc000000 ---p 00000000 00:00 0 
7f05dc000000-7f05dfffb000 rw-p 00000000 00:00 0 
7f05dfffb000-7f05e0000000 ---p 00000000 00:00 0 
7f05e296d000-7f05e4000000 rw-p 00000000 00:00 0 
7f05e4000000-7f05e5b28000 rw-p 00000000 00:00 0 
7f05e5b28000-7f05e8000000 ---p 00000000 00:00 0 
7f05e8c29000-7f05e96cf000 rw-p 00000000 00:00 0 
7f05e99cf000-7f05e99d0000 ---p 00000000 00:00 0 
7f05e99d0000-7f05ea1d0000 rw-p 00000000 00:00 0 
7f05ea1d0000-7f05ea1d1000 ---p 00000000 00:00 0 
7f05ea1d1000-7f05ea9d1000 rw-p 00000000 00:00 0 
7f05eac7d000-7f05eb2bb000 rw-p 00000000 00:00 0 
7f05eb2bb000-7f05eb2de000 r-xp 00000000 08:06 10227079                   /usr/lib/libjpeg.so.62.0.0
7f05eb2de000-7f05eb4dd000 ---p 00023000 08:06 10227079                   /usr/lib/libjpeg.so.62.0.0
7f05eb4dd000-7f05eb4de000 r--p 00022000 08:06 10227079                   /usr/lib/libjpeg.so.62.0.0
7f05eb4de000-7f05eb4df000 rw-p 00023000 08:06 10227079                   /usr/lib/libjpeg.so.62.0.0
7f05eb4df000-7f05ec8ba000 rw-p 00000000 00:00 0 
7f05ec8ba000-7f05ec8c4000 r-xp 00000000 08:06 10493128                   /usr/lib/jvm/java-6-openjdk/jre/lib/amd64/libjpeg.so
7f05ec8c4000-7f05ecac3000 ---p 0000a000 08:06 10493128                   /usr/lib/jvm/java-6-openjdk/jre/lib/amd64/libjpeg.so
7f05ecac3000-7f05ecac4000 r--p 00009000 08:06 10493128                   /usr/lib/jvm/java-6-openjdk/jre/lib/amd64/libjpeg.so
7f05ecac4000-7f05ecac5000 rw-p 0000a000 08:06 10493128                   /usr/lib/jvm/java-6-openjdk/jre/lib/amd64/libjpeg.so
7f05ecac5000-7f05ecaf7000 r-xp 00000000 08:06 10493135                   /usr/lib/jvm/java-6-openjdk/jre/lib/amd64/liblcms.so
7f05ecaf7000-7f05eccf6000 ---p 00032000 08:06 10493135                   /usr/lib/jvm/java-6-openjdk/jre/lib/amd64/liblcms.so
7f05eccf6000-7f05eccf7000 r--p 00031000 08:06 10493135                   /usr/lib/jvm/java-6-openjdk/jre/lib/amd64/liblcms.so
7f05eccf7000-7f05eccf8000 rw-p 00032000 08:06 10493135                   /usr/lib/jvm/java-6-openjdk/jre/lib/amd64/liblcms.so
7f05eccf8000-7f05eccfa000 rw-p 00000000 00:00 0 
7f05eccfa000-7f05f0cfb000 rw-s 00000000 00:10 23606                      /dev/shm/pulse-shm-2061229429
7f05f0cfb000-7f05f0cfc000 ---p 00000000 00:00 0 
7f05f0cfc000-7f05f14fc000 rw-p 00000000 00:00 0 
7f05f14fc000-7f05f16bf000 r-xp 00000000 08:06 10227437                   /usr/lib/libvorbisenc.so.2.0.6
7f05f16bf000-7f05f18bf000 ---p 001c3000 08:06 10227437                   /usr/lib/libvorbisenc.so.2.0.6
7f05f18bf000-7f05f18d6000 r--p 001c3000 08:06 10227437                   /usr/lib/libvorbisenc.so.2.0.6
7f05f18d6000-7f05f18d7000 rw-p 001da000 08:06 10227437                   /usr/lib/libvorbisenc.so.2.0.6
7f05f18d7000-7f05f1920000 r-xp 00000000 08:06 10226420                   /usr/lib/libFLAC.so.8.2.0
7f05f1920000-7f05f1b20000 ---p 00049000 08:06 10226420                   /usr/lib/libFLAC.so.8.2.0
7f05f1b20000-7f05f1b21000 r--p 00049000 08:06 10226420                   /usr/lib/libFLAC.so.8.2.0
7f05f1b21000-7f05f1b22000 rw-p 0004a000 08:06 10226420                   /usr/lib/libFLAC.so.8.2.0
7f05f1b22000-7f05f1b80000 r-xp 00000000 08:06 10227348                   /usr/lib/libsndfile.so.1.0.21
7f05f1b80000-7f05f1d80000 ---p 0005e000 08:06 10227348                   /usr/lib/libsndfile.so.1.0.21
7f05f1d80000-7f05f1d82000 r--p 0005e000 08:06 10227348                   /usr/lib/libsndfile.so.1.0.21
7f05f1d82000-7f05f1d83000 rw-p 00060000 08:06 10227348                   /usr/lib/libsndfile.so.1.0.21
7f05f1d83000-7f05f1d87000 rw-p 00000000 00:00 0 
7f05f1d87000-7f05f1d90000 r-xp 00000000 08:06 11534525                   /lib/libwrap.so.0.7.6
7f05f1d90000-7f05f1f8f000 ---p 00009000 08:06 11534525                   /lib/libwrap.so.0.7.6
7f05f1f8f000-7f05f1f90000 r--p 00008000 08:06 11534525                   /lib/libwrap.so.0.7.6
7f05f1f90000-7f05f1f91000 rw-p 00009000 08:06 11534525                   /lib/libwrap.so.0.7.6
7f05f1f91000-7f05f1f92000 rw-p 00000000 00:00 0 
7f05f1f92000-7f05f1f96000 r-xp 00000000 08:06 11534523                   /lib/libuuid.so.1.3.0
7f05f1f96000-7f05f2195000 ---p 00004000 08:06 11534523                   /lib/libuuid.so.1.3.0
7f05f2195000-7f05f2196000 r--p 00003000 08:06 11534523                   /lib/libuuid.so.1.3.0
7f05f2196000-7f05f2197000 rw-p 00004000 08:06 11534523                   /lib/libuuid.so.1.3.0
7f05f2197000-7f05f21e2000 r-xp 00000000 08:06 10227289                   /usr/lib/libpulsecommon-0.9.21.so
7f05f21e2000-7f05f23e1000 ---p 0004b000 08:06 10227289                   /usr/lib/libpulsecommon-0.9.21.so
7f05f23e1000-7f05f23e2000 r--p 0004a000 08:06 10227289                   /usr/lib/libpulsecommon-0.9.21.so
7f05f23e2000-7f05f23e3000 rw-p 0004b000 08:06 10227289                   /usr/lib/libpulsecommon-0.9.21.so
7f05f23e3000-7f05f23eb000 r-xp 00000000 08:06 10226464                   /usr/lib/libSM.so.6.0.1
7f05f23eb000-7f05f25ea000 ---p 00008000 08:06 10226464                   /usr/lib/libSM.so.6.0.1
7f05f25ea000-7f05f25eb000 r--p 00007000 08:06 10226464                   /usr/lib/libSM.so.6.0.1
7f05f25eb000-7f05f25ec000 rw-p 00008000 08:06 10226464                   /usr/lib/libSM.so.6.0.1
7f05f25ec000-7f05f2603000 r-xp 00000000 08:06 10226435                   /usr/lib/libICE.so.6.3.0
7f05f2603000-7f05f2802000 ---p 00017000 08:06 10226435                   /usr/lib/libICE.so.6.3.0
7f05f2802000-7f05f2803000 r--p 00016000 08:06 10226435                   /usr/lib/libICE.so.6.3.0
7f05f2803000-7f05f2804000 rw-p 00017000 08:06 10226435                   /usr/lib/libICE.so.6.3.0
7f05f2804000-7f05f2807000 rw-p 00000000 00:00 0 
7f05f2807000-7f05f2847000 r-xp 00000000 08:06 10227288                   /usr/lib/libpulse.so.0.12.2
7f05f2847000-7f05f2a47000 ---p 00040000 08:06 10227288                   /usr/lib/libpulse.so.0.12.2
7f05f2a47000-7f05f2a48000 r--p 00040000 08:06 10227288                   /usr/lib/libpulse.so.0.12.2
7f05f2a48000-7f05f2a49000 rw-p 00041000 08:06 10227288                   /usr/lib/libpulse.so.0.12.2
7f05f2a49000-7f05f2a9b000 r-xp 00000000 08:06 1708007                    /home/disclaimer/Escritorio/EngSw_Dilluns-Grup-C-NewMain/BasicGame/libopenal64.so
7f05f2a9b000-7f05f2c9a000 ---p 00052000 08:06 1708007                    /home/disclaimer/Escritorio/EngSw_Dilluns-Grup-C-NewMain/BasicGame/libopenal64.so
7f05f2c9a000-7f05f2c9c000 r--p 00051000 08:06 1708007                    /home/disclaimer/Escritorio/EngSw_Dilluns-Grup-C-NewMain/BasicGame/libopenal64.so
7f05f2c9c000-7f05f2c9d000 rw-p 00053000 08:06 1708007                    /home/disclaimer/Escritorio/EngSw_Dilluns-Grup-C-NewMain/BasicGame/libopenal64.so
7f05f2c9d000-7f05f2c9e000 rw-p 00000000 00:00 0 
7f05f2d68000-7f05f2db0000 rw-p 00000000 00:00 0 
7f05f2db0000-7f05f34b0000 rw-s 00006000 00:05 4791                       /dev/ati/card0
7f05f34b0000-7f05f3630000 rw-p 00000000 00:00 0 
7f05f3630000-7f05f367c000 r-xp 00000000 08:06 10231252                   /usr/lib/libatiadlxx.so
7f05f367c000-7f05f377c000 ---p 0004c000 08:06 10231252                   /usr/lib/libatiadlxx.so
7f05f377c000-7f05f3787000 rw-p 0004c000 08:06 10231252                   /usr/lib/libatiadlxx.so
7f05f3787000-7f05f3797000 rw-p 00000000 00:00 0 
7f05f3797000-7f05f5735000 r-xp 00000000 08:06 10231380                   /usr/lib/dri/fglrx_dri.so
7f05f5735000-7f05f5834000 ---p 01f9e000 08:06 10231380                   /usr/lib/dri/fglrx_dri.so
7f05f5834000-7f05f5982000 rwxp 01f9d000 08:06 10231380                   /usr/lib/dri/fglrx_dri.so
7f05f5982000-7f05f5ab6000 rwxp 00000000 00:00 0 
7f05f5ab6000-7f05f5abd000 r-xp 00000000 08:06 10231376                   /usr/lib/libatiuki.so.1.0
7f05f5abd000-7f05f5bbd000 ---p 00007000 08:06 10231376                   /usr/lib/libatiuki.so.1.0
7f05f5bbd000-7f05f5bbe000 rw-p 00007000 08:06 10231376                   /usr/lib/libatiuki.so.1.0
7f05f5bbe000-7f05f5bbf000 rw-p 00000000 00:00 0 
7f05f5bbf000-7f05f5c7d000 r-xp 00000000 08:06 10231379                   /usr/lib/fglrx/fglrx-libGL.so.1.2
7f05f5c7d000-7f05f5d7d000 ---p 000be000 08:06 10231379                   /usr/lib/fglrx/fglrx-libGL.so.1.2
7f05f5d7d000-7f05f5da4000 rwxp 000be000 08:06 10231379                   /usr/lib/fglrx/fglrx-libGL.so.1.2
7f05f5da4000-7f05f5dc3000 rwxp 00000000 00:00 0 
7f05f5dc3000-7f05f5dc6000 ---p 00000000 00:00 0 
7f05f5dc6000-7f05f5ec4000 rw-p 00000000 00:00 0 
7f05f5ec4000-7f05f5ec7000 ---p 00000000 00:00 0 
7f05f5ec7000-7f05f5fc5000 rw-p 00000000 00:00 0 
7f05f5fc5000-7f05f5fca000 r-xp 00000000 08:06 10226523                   /usr/lib/libXxf86vm.so.1.0.0
7f05f5fca000-7f05f61c9000 ---p 00005000 08:06 10226523                   /usr/lib/libXxf86vm.so.1.0.0
7f05f61c9000-7f05f61ca000 r--p 00004000 08:06 10226523                   /usr/lib/libXxf86vm.so.1.0.0
7f05f61ca000-7f05f61cb000 rw-p 00005000 08:06 10226523                   /usr/lib/libXxf86vm.so.1.0.0
7f05f61cb000-7f05f6233000 r-xp 00000000 08:06 1708006                    /home/disclaimer/Escritorio/EngSw_Dilluns-Grup-C-NewMain/BasicGame/liblwjgl64.so
7f05f6233000-7f05f6433000 ---p 00068000 08:06 1708006                    /home/disclaimer/Escritorio/EngSw_Dilluns-Grup-C-NewMain/BasicGame/liblwjgl64.so
7f05f6433000-7f05f6435000 r--p 00068000 08:06 1708006                    /home/disclaimer/Escritorio/EngSw_Dilluns-Grup-C-NewMain/BasicGame/liblwjgl64.so
7f05f6435000-7f05f6436000 rw-p 0006a000 08:06 1708006                    /home/disclaimer/Escritorio/EngSw_Dilluns-Grup-C-NewMain/BasicGame/liblwjgl64.so
7f05f6436000-7f05f6437000 r-xp 00000000 08:06 10493133                   /usr/lib/jvm/java-6-openjdk/jre/lib/amd64/libjawt.so
7f05f6437000-7f05f6636000 ---p 00001000 08:06 10493133                   /usr/lib/jvm/java-6-openjdk/jre/lib/amd64/libjawt.so
7f05f6636000-7f05f6637000 r--p 00000000 08:06 10493133                   /usr/lib/jvm/java-6-openjdk/jre/lib/amd64/libjawt.so
7f05f6637000-7f05f6638000 rw-p 00001000 08:06 10493133                   /usr/lib/jvm/java-6-openjdk/jre/lib/amd64/libjawt.so
7f05f6638000-7f05f6698000 rw-s 00000000 00:04 14417939                   /SYSV00000000 (deleted)
7f05f66cd000-7f05f66d0000 ---p 00000000 00:00 0 
7f05f66d0000-7f05f67ce000 rw-p 00000000 00:00 0 
7f05f67ce000-7f05f67d1000 ---p 00000000 00:00 0 
7f05f67d1000-7f05f68cf000 rw-p 00000000 00:00 0 
7f05f68cf000-7f05f68da000 r-xp 00000000 08:06 11534513                   /lib/libudev.so.0.6.1
7f05f68da000-7f05f6ad9000 ---p 0000b000 08:06 11534513                   /lib/libudev.so.0.6.1
7f05f6ad9000-7f05f6ada000 r--p 0000a000 08:06 11534513                   /lib/libudev.so.0.6.1
7f05f6ada000-7f05f6adb000 rw-p 0000b000 08:06 11534513                   /lib/libudev.so.0.6.1
7f05f6adb000-7f05f6b04000 r-xp 00000000 08:06 10230189                   /usr/lib/gio/modules/libgvfsdbus.so
7f05f6b04000-7f05f6d04000 ---p 00029000 08:06 10230189                   /usr/lib/gio/modules/libgvfsdbus.so
7f05f6d04000-7f05f6d05000 r--p 00029000 08:06 10230189                   /usr/lib/gio/modules/libgvfsdbus.so
7f05f6d05000-7f05f6d06000 rw-p 0002a000 08:06 10230189                   /usr/lib/gio/modules/libgvfsdbus.so
7f05f6d06000-7f05f6d1e000 r-xp 00000000 08:06 10227010                   /usr/lib/libgvfscommon.so.0.0.0
7f05f6d1e000-7f05f6f1d000 ---p 00018000 08:06 10227010                   /usr/lib/libgvfscommon.so.0.0.0
7f05f6f1d000-7f05f6f1e000 r--p 00017000 08:06 10227010                   /usr/lib/libgvfscommon.so.0.0.0
7f05f6f1e000-7f05f6f1f000 rw-p 00018000 08:06 10227010                   /usr/lib/libgvfscommon.so.0.0.0
7f05f6f1f000-7f05f6f33000 r-xp 00000000 08:06 10230188                   /usr/lib/gio/modules/libgioremote-volume-monitor.so
7f05f6f33000-7f05f7132000 ---p 00014000 08:06 10230188                   /usr/lib/gio/modules/libgioremote-volume-monitor.so
7f05f7132000-7f05f7133000 r--p 00013000 08:06 10230188                   /usr/lib/gio/modules/libgioremote-volume-monitor.so
7f05f7133000-7f05f7134000 rw-p 00014000 08:06 10230188                   /usr/lib/gio/modules/libgioremote-volume-monitor.so
7f05f7134000-7f05f7171000 r-xp 00000000 08:06 11534393                   /lib/libdbus-1.so.3.4.0
7f05f7171000-7f05f7371000 ---p 0003d000 08:06 11534393                   /lib/libdbus-1.so.3.4.0
7f05f7371000-7f05f7372000 r--p 0003d000 08:06 11534393                   /lib/libdbus-1.so.3.4.0
7f05f7372000-7f05f7373000 rw-p 0003e000 08:06 11534393                   /lib/libdbus-1.so.3.4.0
7f05f7373000-7f05f73b2000 r-xp 00000000 08:06 10227026                   /usr/lib/libibus.so.1.0.0
7f05f73b2000-7f05f75b2000 ---p 0003f000 08:06 10227026                   /usr/lib/libibus.so.1.0.0
7f05f75b2000-7f05f75b4000 r--p 0003f000 08:06 10227026                   /usr/lib/libibus.so.1.0.0
7f05f75b4000-7f05f75b5000 rw-p 00041000 08:06 10227026                   /usr/lib/libibus.so.1.0.0
7f05f75b5000-7f05f75b6000 rw-p 00000000 00:00 0 
7f05f75b6000-7f05f75bb000 r-xp 00000000 08:06 10230634                   /usr/lib/gtk-2.0/2.10.0/immodules/im-ibus.so
7f05f75bb000-7f05f77bb000 ---p 00005000 08:06 10230634                   /usr/lib/gtk-2.0/2.10.0/immodules/im-ibus.so
7f05f77bb000-7f05f77bc000 r--p 00005000 08:06 10230634                   /usr/lib/gtk-2.0/2.10.0/immodules/im-ibus.so
7f05f77bc000-7f05f77bd000 rw-p 00006000 08:06 10230634                   /usr/lib/gtk-2.0/2.10.0/immodules/im-ibus.so
7f05f77bd000-7f05f7855000 r--p 00000000 08:06 11144441                   /usr/share/fonts/truetype/ttf-dejavu/DejaVuSans.ttf
7f05f7855000-7f05f7857000 r-xp 00000000 08:06 10486760                   /usr/lib/pango/1.6.0/modules/pango-basic-fc.so
7f05f7857000-7f05f7a56000 ---p 00002000 08:06 10486760                   /usr/lib/pango/1.6.0/modules/pango-basic-fc.so
7f05f7a56000-7f05f7a57000 r--p 00001000 08:06 10486760                   /usr/lib/pango/1.6.0/modules/pango-basic-fc.so
7f05f7a57000-7f05f7a58000 rw-p 00002000 08:06 10486760                   /usr/lib/pango/1.6.0/modules/pango-basic-fc.so
7f05f7a58000-7f05f7a60000 r-xp 00000000 08:06 10493136                   /usr/lib/jvm/java-6-openjdk/jre/lib/amd64/libnio.so
7f05f7a60000-7f05f7c5f000 ---p 00008000 08:06 10493136                   /usr/lib/jvm/java-6-openjdk/jre/lib/amd64/libnio.so
7f05f7c5f000-7f05f7c60000 r--p 00007000 08:06 10493136                   /usr/lib/jvm/java-6-openjdk/jre/lib/amd64/libnio.so
7f05f7c60000-7f05f7c61000 rw-p 00008000 08:06 10493136                   /usr/lib/jvm/java-6-openjdk/jre/lib/amd64/libnio.so
7f05f7c61000-7f05f7c76000 r-xp 00000000 08:06 10493124                   /usr/lib/jvm/java-6-openjdk/jre/lib/amd64/libnet.so
7f05f7c76000-7f05f7e75000 ---p 00015000 08:06 10493124                   /usr/lib/jvm/java-6-openjdk/jre/lib/amd64/libnet.so
7f05f7e75000-7f05f7e76000 r--p 00014000 08:06 10493124                   /usr/lib/jvm/java-6-openjdk/jre/lib/amd64/libnet.so
7f05f7e76000-7f05f7e77000 rw-p 00015000 08:06 10493124                   /usr/lib/jvm/java-6-openjdk/jre/lib/amd64/libnet.so
7f05f7e77000-7f05f7e9f000 r-xp 00000000 08:06 10230624                   /usr/lib/gtk-2.0/2.10.0/engines/libmurrine.so
7f05f7e9f000-7f05f809e000 ---p 00028000 08:06 10230624                   /usr/lib/gtk-2.0/2.10.0/engines/libmurrine.so
7f05f809e000-7f05f809f000 r--p 00027000 08:06 10230624                   /usr/lib/gtk-2.0/2.10.0/engines/libmurrine.so
7f05f809f000-7f05f80a0000 rw-p 00028000 08:06 10230624                   /usr/lib/gtk-2.0/2.10.0/engines/libmurrine.so
7f05f80a0000-7f05f80a8000 r-xp 00000000 08:06 10227111                   /usr/lib/libltdl.so.7.2.1
7f05f80a8000-7f05f82a8000 ---p 00008000 08:06 10227111                   /usr/lib/libltdl.so.7.2.1
7f05f82a8000-7f05f82a9000 r--p 00008000 08:06 10227111                   /usr/lib/libltdl.so.7.2.1
7f05f82a9000-7f05f82aa000 rw-p 00009000 08:06 10227111                   /usr/lib/libltdl.so.7.2.1
7f05f82aa000-7f05f82b8000 r-xp 00000000 08:06 10227384                   /usr/lib/libtdb.so.1.2.0
7f05f82b8000-7f05f84b7000 ---p 0000e000 08:06 10227384                   /usr/lib/libtdb.so.1.2.0
7f05f84b7000-7f05f84b8000 r--p 0000d000 08:06 10227384                   /usr/lib/libtdb.so.1.2.0
7f05f84b8000-7f05f84b9000 rw-p 0000e000 08:06 10227384                   /usr/lib/libtdb.so.1.2.0
7f05f84b9000-7f05f84bf000 r-xp 00000000 08:06 10227194                   /usr/lib/libogg.so.0.6.0
7f05f84bf000-7f05f86be000 ---p 00006000 08:06 10227194                   /usr/lib/libogg.so.0.6.0
7f05f86be000-7f05f86bf000 r--p 00005000 08:06 10227194                   /usr/lib/libogg.so.0.6.0
7f05f86bf000-7f05f86c0000 rw-p 00006000 08:06 10227194                   /usr/lib/libogg.so.0.6.0
7f05f86c0000-7f05f86ec000 r-xp 00000000 08:06 10227435                   /usr/lib/libvorbis.so.0.4.3
7f05f86ec000-7f05f88eb000 ---p 0002c000 08:06 10227435                   /usr/lib/libvorbis.so.0.4.3
7f05f88eb000-7f05f88ec000 r--p 0002b000 08:06 10227435                   /usr/lib/libvorbis.so.0.4.3
7f05f88ec000-7f05f88ed000 rw-p 0002c000 08:06 10227435                   /usr/lib/libvorbis.so.0.4.3
7f05f88ed000-7f05f88f4000 r-xp 00000000 08:06 10227439                   /usr/lib/libvorbisfile.so.3.3.2
7f05f88f4000-7f05f8af3000 ---p 00007000 08:06 10227439                   /usr/lib/libvorbisfile.so.3.3.2
7f05f8af3000-7f05f8af4000 r--p 00006000 08:06 10227439                   /usr/lib/libvorbisfile.so.3.3.2
7f05f8af4000-7f05f8af5000 rw-p 00007000 08:06 10227439                   /usr/lib/libvorbisfile.so.3.3.2
7f05f8af5000-7f05f8b04000 r-xp 00000000 08:06 10226613                   /usr/lib/libcanberra.so.0.2.1
7f05f8b04000-7f05f8d03000 ---p 0000f000 08:06 10226613                   /usr/lib/libcanberra.so.0.2.1
7f05f8d03000-7f05f8d04000 r--p 0000e000 08:06 10226613                   /usr/lib/libcanberra.so.0.2.1
7f05f8d04000-7f05f8d05000 rw-p 0000f000 08:06 10226613                   /usr/lib/libcanberra.so.0.2.1
7f05f8d05000-7f05f8d09000 r-xp 00000000 08:06 10226611                   /usr/lib/libcanberra-gtk.so.0.1.5
7f05f8d09000-7f05f8f08000 ---p 00004000 08:06 10226611                   /usr/lib/libcanberra-gtk.so.0.1.5
7f05f8f08000-7f05f8f09000 r--p 00003000 08:06 10226611                   /usr/lib/libcanberra-gtk.so.0.1.5
7f05f8f09000-7f05f8f0a000 rw-p 00004000 08:06 10226611                   /usr/lib/libcanberra-gtk.so.0.1.5
7f05f8f0a000-7f05f8f0f000 r-xp 00000000 08:06 10230670                   /usr/lib/gtk-2.0/modules/libcanberra-gtk-module.so
7f05f8f0f000-7f05f910e000 ---p 00005000 08:06 10230670                   /usr/lib/gtk-2.0/modules/libcanberra-gtk-module.so
7f05f910e000-7f05f910f000 r--p 00004000 08:06 10230670                   /usr/lib/gtk-2.0/modules/libcanberra-gtk-module.so
7f05f910f000-7f05f9110000 rw-p 00005000 08:06 10230670                   /usr/lib/gtk-2.0/modules/libcanberra-gtk-module.so
7f05f9110000-7f05f9136000 r-xp 00000000 08:06 11534408                   /lib/libexpat.so.1.5.2
7f05f9136000-7f05f9336000 ---p 00026000 08:06 11534408                   /lib/libexpat.so.1.5.2
7f05f9336000-7f05f9338000 r--p 00026000 08:06 11534408                   /lib/libexpat.so.1.5.2
7f05f9338000-7f05f9339000 rw-p 00028000 08:06 11534408                   /lib/libexpat.so.1.5.2
7f05f9339000-7f05f9355000 r-xp 00000000 08:06 11534497                   /lib/libselinux.so.1
7f05f9355000-7f05f9554000 ---p 0001c000 08:06 11534497                   /lib/libselinux.so.1
7f05f9554000-7f05f9555000 r--p 0001b000 08:06 11534497                   /lib/libselinux.so.1
7f05f9555000-7f05f9556000 rw-p 0001c000 08:06 11534497                   /lib/libselinux.so.1
7f05f9556000-7f05f9557000 rw-p 00000000 00:00 0 
7f05f9557000-7f05f956d000 r-xp 00000000 08:06 11534493                   /lib/libresolv-2.11.1.so
7f05f956d000-7f05f976c000 ---p 00016000 08:06 11534493                   /lib/libresolv-2.11.1.so
7f05f976c000-7f05f976d000 r--p 00015000 08:06 11534493                   /lib/libresolv-2.11.1.so
7f05f976d000-7f05f976e000 rw-p 00016000 08:06 11534493                   /lib/libresolv-2.11.1.so
7f05f976e000-7f05f9770000 rw-p 00000000 00:00 0 
7f05f9770000-7f05f979d000 r-xp 00000000 08:06 11534473                   /lib/libpcre.so.3.12.1
7f05f979d000-7f05f999c000 ---p 0002d000 08:06 11534473                   /lib/libpcre.so.3.12.1
7f05f999c000-7f05f999d000 r--p 0002c000 08:06 11534473                   /lib/libpcre.so.3.12.1
7f05f999d000-7f05f999e000 rw-p 0002d000 08:06 11534473                   /lib/libpcre.so.3.12.1
7f05f999e000-7f05f99a5000 r-xp 00000000 08:06 10227474                   /usr/lib/libxcb-render.so.0.0.0
7f05f99a5000-7f05f9ba5000 ---p 00007000 08:06 10227474                   /usr/lib/libxcb-render.so.0.0.0
7f05f9ba5000-7f05f9ba6000 r--p 00007000 08:06 10227474                   /usr/lib/libxcb-render.so.0.0.0
7f05f9ba6000-7f05f9ba7000 rw-p 00008000 08:06 10227474                   /usr/lib/libxcb-render.so.0.0.0
7f05f9ba7000-7f05f9baa000 r-xp 00000000 08:06 10227472                   /usr/lib/libxcb-render-util.so.0.0.0
7f05f9baa000-7f05f9da9000 ---p 00003000 08:06 10227472                   /usr/lib/libxcb-render-util.so.0.0.0
7f05f9da9000-7f05f9daa000 r--p 00002000 08:06 10227472                   /usr/lib/libxcb-render-util.so.0.0.0
7f05f9daa000-7f05f9dab000 rw-p 00003000 08:06 10227472                   /usr/lib/libxcb-render-util.so.0.0.0
7f05f9dab000-7f05f9dd0000 r-xp 00000000 08:06 11534485                   /lib/libpng12.so.0.42.0
7f05f9dd0000-7f05f9fd0000 ---p 00025000 08:06 11534485                   /lib/libpng12.so.0.42.0
7f05f9fd0000-7f05f9fd1000 r--p 00025000 08:06 11534485                   /lib/libpng12.so.0.42.0
7f05f9fd1000-7f05f9fd2000 rw-p 00026000 08:06 11534485                   /lib/libpng12.so.0.42.0
7f05f9fd2000-7f05f9fe9000 r-xp 00000000 08:06 10226697                   /usr/lib/libdirect-1.2.so.0.8.0
7f05f9fe9000-7f05fa1e8000 ---p 00017000 08:06 10226697                   /usr/lib/libdirect-1.2.so.0.8.0
7f05fa1e8000-7f05fa1e9000 r--p 00016000 08:06 10226697                   /usr/lib/libdirect-1.2.so.0.8.0
7f05fa1e9000-7f05fa1ea000 rw-p 00017000 08:06 10226697                   /usr/lib/libdirect-1.2.so.0.8.0
7f05fa1ea000-7f05fa1eb000 rw-p 00000000 00:00 0 
7f05fa1eb000-7f05fa1f4000 r-xp 00000000 08:06 10226774                   /usr/lib/libfusion-1.2.so.0.8.0
7f05fa1f4000-7f05fa3f3000 ---p 00009000 08:06 10226774                   /usr/lib/libfusion-1.2.so.0.8.0
7f05fa3f3000-7f05fa3f4000 r--p 00008000 08:06 10226774                   /usr/lib/libfusion-1.2.so.0.8.0
7f05fa3f4000-7f05fa3f5000 rw-p 00009000 08:06 10226774                   /usr/lib/libfusion-1.2.so.0.8.0
7f05fa3f5000-7f05fa474000 r-xp 00000000 08:06 10226699                   /usr/lib/libdirectfb-1.2.so.0.8.0
7f05fa474000-7f05fa673000 ---p 0007f000 08:06 10226699                   /usr/lib/libdirectfb-1.2.so.0.8.0
7f05fa673000-7f05fa675000 r--p 0007e000 08:06 10226699                   /usr/lib/libdirectfb-1.2.so.0.8.0
7f05fa675000-7f05fa677000 rw-p 00080000 08:06 10226699                   /usr/lib/libdirectfb-1.2.so.0.8.0
7f05fa677000-7f05fa678000 rw-p 00000000 00:00 0 
7f05fa678000-7f05fa6cd000 r-xp 00000000 08:06 10227241                   /usr/lib/libpixman-1.so.0.16.4
7f05fa6cd000-7f05fa8cd000 ---p 00055000 08:06 10227241                   /usr/lib/libpixman-1.so.0.16.4
7f05fa8cd000-7f05fa8d0000 r--p 00055000 08:06 10227241                   /usr/lib/libpixman-1.so.0.16.4
7f05fa8d0000-7f05fa8d1000 rw-p 00058000 08:06 10227241                   /usr/lib/libpixman-1.so.0.16.4
7f05fa8d1000-7f05fa9ac000 r-xp 00000000 08:06 11534419                   /lib/libglib-2.0.so.0.2400.1
7f05fa9ac000-7f05fabac000 ---p 000db000 08:06 11534419                   /lib/libglib-2.0.so.0.2400.1
7f05fabac000-7f05fabad000 r--p 000db000 08:06 11534419                   /lib/libglib-2.0.so.0.2400.1
7f05fabad000-7f05fabae000 rw-p 000dc000 08:06 11534419                   /lib/libglib-2.0.so.0.2400.1
7f05fabae000-7f05fabaf000 rw-p 00000000 00:00 0 
7f05fabaf000-7f05fabb3000 r-xp 00000000 08:06 10226961                   /usr/lib/libgthread-2.0.so.0.2400.1
7f05fabb3000-7f05fadb2000 ---p 00004000 08:06 10226961                   /usr/lib/libgthread-2.0.so.0.2400.1
7f05fadb2000-7f05fadb3000 r--p 00003000 08:06 10226961                   /usr/lib/libgthread-2.0.so.0.2400.1
7f05fadb3000-7f05fadb4000 rw-p 00004000 08:06 10226961                   /usr/lib/libgthread-2.0.so.0.2400.1
7f05fadb4000-7f05fadb7000 r-xp 00000000 08:06 10226841                   /usr/lib/libgmodule-2.0.so.0.2400.1
7f05fadb7000-7f05fafb6000 ---p 00003000 08:06 10226841                   /usr/lib/libgmodule-2.0.so.0.2400.1
7f05fafb6000-7f05fafb7000 r--p 00002000 08:06 10226841                   /usr/lib/libgmodule-2.0.so.0.2400.1
7f05fafb7000-7f05fafb8000 rw-p 00003000 08:06 10226841                   /usr/lib/libgmodule-2.0.so.0.2400.1
7f05fafb8000-7f05faffd000 r-xp 00000000 08:06 10226877                   /usr/lib/libgobject-2.0.so.0.2400.1
7f05faffd000-7f05fb1fd000 ---p 00045000 08:06 10226877                   /usr/lib/libgobject-2.0.so.0.2400.1
7f05fb1fd000-7f05fb1fe000 r--p 00045000 08:06 10226877                   /usr/lib/libgobject-2.0.so.0.2400.1
7f05fb1fe000-7f05fb1ff000 rw-p 00046000 08:06 10226877                   /usr/lib/libgobject-2.0.so.0.2400.1
7f05fb1ff000-7f05fb200000 rw-p 00000000 00:00 0 
7f05fb200000-7f05fb233000 r-xp 00000000 08:06 10226762                   /usr/lib/libfontconfig.so.1.4.4
7f05fb233000-7f05fb433000 ---p 00033000 08:06 10226762                   /usr/lib/libfontconfig.so.1.4.4
7f05fb433000-7f05fb434000 r--p 00033000 08:06 10226762                   /usr/lib/libfontconfig.so.1.4.4
7f05fb434000-7f05fb435000 rw-p 00034000 08:06 10226762                   /usr/lib/libfontconfig.so.1.4.4
7f05fb435000-7f05fb47c000 r-xp 00000000 08:06 10227211                   /usr/lib/libpango-1.0.so.0.2800.0
7f05fb47c000-7f05fb67c000 ---p 00047000 08:06 10227211                   /usr/lib/libpango-1.0.so.0.2800.0
7f05fb67c000-7f05fb67e000 r--p 00047000 08:06 10227211                   /usr/lib/libpango-1.0.so.0.2800.0
7f05fb67e000-7f05fb67f000 rw-p 00049000 08:06 10227211                   /usr/lib/libpango-1.0.so.0.2800.0
7f05fb67f000-7f05fb6a7000 r-xp 00000000 08:06 10227215                   /usr/lib/libpangoft2-1.0.so.0.2800.0
7f05fb6a7000-7f05fb8a7000 ---p 00028000 08:06 10227215                   /usr/lib/libpangoft2-1.0.so.0.2800.0
7f05fb8a7000-7f05fb8a8000 r--p 00028000 08:06 10227215                   /usr/lib/libpangoft2-1.0.so.0.2800.0
7f05fb8a8000-7f05fb8a9000 rw-p 00029000 08:06 10227215                   /usr/lib/libpangoft2-1.0.so.0.2800.0
7f05fb8a9000-7f05fb958000 r-xp 00000000 08:06 10226823                   /usr/lib/libgio-2.0.so.0.2400.1
7f05fb958000-7f05fbb57000 ---p 000af000 08:06 10226823                   /usr/lib/libgio-2.0.so.0.2400.1
7f05fbb57000-7f05fbb59000 r--p 000ae000 08:06 10226823                   /usr/lib/libgio-2.0.so.0.2400.1
7f05fbb59000-7f05fbb5b000 rw-p 000b0000 08:06 10226823                   /usr/lib/libgio-2.0.so.0.2400.1
7f05fbb5b000-7f05fbb5c000 rw-p 00000000 00:00 0 
7f05fbb5c000-7f05fbbdb000 r-xp 00000000 08:06 10226603                   /usr/lib/libcairo.so.2.10800.10
7f05fbbdb000-7f05fbddb000 ---p 0007f000 08:06 10226603                   /usr/lib/libcairo.so.2.10800.10
7f05fbddb000-7f05fbddd000 r--p 0007f000 08:06 10226603                   /usr/lib/libcairo.so.2.10800.10
7f05fbddd000-7f05fbdde000 rw-p 00081000 08:06 10226603                   /usr/lib/libcairo.so.2.10800.10
7f05fbdde000-7f05fbddf000 rw-p 00000000 00:00 0 
7f05fbddf000-7f05fbdfd000 r-xp 00000000 08:06 10226556                   /usr/lib/libatk-1.0.so.0.3009.1
7f05fbdfd000-7f05fbffd000 ---p 0001e000 08:06 10226556                   /usr/lib/libatk-1.0.so.0.3009.1
7f05fbffd000-7f05fbfff000 r--p 0001e000 08:06 10226556                   /usr/lib/libatk-1.0.so.0.3009.1
7f05fbfff000-7f05fc000000 rw-p 00020000 08:06 10226556                   /usr/lib/libatk-1.0.so.0.3009.1
7f05fc000000-7f05fffff000 rw-p 00000000 00:00 0 
7f05fffff000-7f0600000000 ---p 00000000 00:00 0 
7f0600007000-7f0600087000 rw-p 00000000 00:00 0 
7f0600087000-7f06001a5000 r--p 00000000 08:06 10231304                   /usr/lib/locale/es_ES.utf8/LC_COLLATE
7f06001a5000-7f06001a7000 r-xp 00000000 08:06 10226479                   /usr/lib/libXdamage.so.1.1.0
7f06001a7000-7f06003a6000 ---p 00002000 08:06 10226479                   /usr/lib/libXdamage.so.1.1.0
7f06003a6000-7f06003a7000 r--p 00001000 08:06 10226479                   /usr/lib/libXdamage.so.1.1.0
7f06003a7000-7f06003a8000 rw-p 00002000 08:06 10226479                   /usr/lib/libXdamage.so.1.1.0
7f06003a8000-7f06003aa000 r-xp 00000000 08:06 10226475                   /usr/lib/libXcomposite.so.1.0.0
7f06003aa000-7f06005a9000 ---p 00002000 08:06 10226475                   /usr/lib/libXcomposite.so.1.0.0
7f06005a9000-7f06005aa000 r--p 00001000 08:06 10226475                   /usr/lib/libXcomposite.so.1.0.0
7f06005aa000-7f06005ab000 rw-p 00002000 08:06 10226475                   /usr/lib/libXcomposite.so.1.0.0
7f06005ab000-7f06005b6000 r-xp 00000000 08:06 10227213                   /usr/lib/libpangocairo-1.0.so.0.2800.0
7f06005b6000-7f06007b6000 ---p 0000b000 08:06 10227213                   /usr/lib/libpangocairo-1.0.so.0.2800.0
7f06007b6000-7f06007b7000 r--p 0000b000 08:06 10227213                   /usr/lib/libpangocairo-1.0.so.0.2800.0
7f06007b7000-7f06007b8000 rw-p 0000c000 08:06 10227213                   /usr/lib/libpangocairo-1.0.so.0.2800.0
7f06007b8000-7f06007d3000 r-xp 00000000 08:06 10226810                   /usr/lib/libgdk_pixbuf-2.0.so.0.2000.1
7f06007d3000-7f06009d2000 ---p 0001b000 08:06 10226810                   /usr/lib/libgdk_pixbuf-2.0.so.0.2000.1
7f06009d2000-7f06009d3000 r--p 0001a000 08:06 10226810                   /usr/lib/libgdk_pixbuf-2.0.so.0.2000.1
7f06009d3000-7f06009d4000 rw-p 0001b000 08:06 10226810                   /usr/lib/libgdk_pixbuf-2.0.so.0.2000.1
7f06009d4000-7f06009d6000 r-xp 00000000 08:06 10226493                   /usr/lib/libXinerama.so.1.0.0
7f06009d6000-7f0600bd5000 ---p 00002000 08:06 10226493                   /usr/lib/libXinerama.so.1.0.0
7f0600bd5000-7f0600bd6000 r--p 00001000 08:06 10226493                   /usr/lib/libXinerama.so.1.0.0
7f0600bd6000-7f0600bd7000 rw-p 00002000 08:06 10226493                   /usr/lib/libXinerama.so.1.0.0
7f0600bd7000-7f0600c7f000 r-xp 00000000 08:06 10226808                   /usr/lib/libgdk-x11-2.0.so.0.2000.1
7f0600c7f000-7f0600e7e000 ---p 000a8000 08:06 10226808                   /usr/lib/libgdk-x11-2.0.so.0.2000.1
7f0600e7e000-7f0600e82000 r--p 000a7000 08:06 10226808                   /usr/lib/libgdk-x11-2.0.so.0.2000.1
7f0600e82000-7f0600e84000 rw-p 000ab000 08:06 10226808                   /usr/lib/libgdk-x11-2.0.so.0.2000.1
7f0600e84000-7f0601299000 r-xp 00000000 08:06 10226965                   /usr/lib/libgtk-x11-2.0.so.0.2000.1
7f0601299000-7f0601499000 ---p 00415000 08:06 10226965                   /usr/lib/libgtk-x11-2.0.so.0.2000.1
7f0601499000-7f06014a0000 r--p 00415000 08:06 10226965                   /usr/lib/libgtk-x11-2.0.so.0.2000.1
7f06014a0000-7f06014a4000 rw-p 0041c000 08:06 10226965                   /usr/lib/libgtk-x11-2.0.so.0.2000.1
7f06014a4000-7f06014a6000 rw-p 00000000 00:00 0 
7f06014a6000-7f06014ae000 r-xp 00000000 08:06 10226503                   /usr/lib/libXrandr.so.2.2.0
7f06014ae000-7f06016ad000 ---p 00008000 08:06 10226503                   /usr/lib/libXrandr.so.2.2.0
7f06016ad000-7f06016ae000 r--p 00007000 08:06 10226503                   /usr/lib/libXrandr.so.2.2.0
7f06016ae000-7f06016af000 rw-p 00008000 08:06 10226503                   /usr/lib/libXrandr.so.2.2.0
7f06016af000-7f06016b2000 ---p 00000000 00:00 0 
7f06016b2000-7f06017b0000 rw-p 00000000 00:00 0 
7f06017b0000-7f06017b3000 ---p 00000000 00:00 0 
7f06017b3000-7f06018b1000 rw-p 00000000 00:00 0 
7f06018b1000-7f06018b4000 ---p 00000000 00:00 0 
7f06018b4000-7f06019b2000 rw-p 00000000 00:00 0 
7f06019b2000-7f06019b7000 r-xp 00000000 08:06 10226485                   /usr/lib/libXfixes.so.3.1.0
7f06019b7000-7f0601bb6000 ---p 00005000 08:06 10226485                   /usr/lib/libXfixes.so.3.1.0
7f0601bb6000-7f0601bb7000 r--p 00004000 08:06 10226485                   /usr/lib/libXfixes.so.3.1.0
7f0601bb7000-7f0601bb8000 rw-p 00005000 08:06 10226485                   /usr/lib/libXfixes.so.3.1.0
7f0601bb8000-7f0601bb9000 r--s 00000000 08:06 3940054                    /var/cache/fontconfig/c05880de57d1f5e948fdfacc138775d9-le64.cache-3
7f0601bb9000-7f0601bc2000 r--s 00000000 08:06 3940048                    /var/cache/fontconfig/945677eb7aeaf62f1d50efc3fb3ec7d8-le64.cache-3
7f0601bc2000-7f0601bc4000 r--s 00000000 08:06 3940052                    /var/cache/fontconfig/99e8ed0e538f840c565b6ed5dad60d56-le64.cache-3
7f0601bc4000-7f0601bc7000 r--s 00000000 08:06 3940051                    /var/cache/fontconfig/e383d7ea5fbe662a33d9b44caf393297-le64.cache-3
7f0601bc7000-7f0601bc8000 r--s 00000000 08:06 3940030                    /var/cache/fontconfig/e7071f4a29fa870f4323321c154eba04-le64.cache-3
7f0601bc8000-7f0601bc9000 r--s 00000000 08:06 3940028                    /var/cache/fontconfig/b6fa9421f6700638fe50130b224ed2b7-le64.cache-3
7f0601bc9000-7f0601bcd000 r--s 00000000 08:06 3940013                    /var/cache/fontconfig/6eb3985aa4124903f6ff08ba781cd364-le64.cache-3
7f0601bcd000-7f0601bce000 r--s 00000000 08:06 3939939                    /var/cache/fontconfig/4c73fe0c47614734b17d736dbde7580a-le64.cache-3
7f0601bce000-7f0601bcf000 r--s 00000000 08:06 3939722                    /var/cache/fontconfig/0d8c3b2ac0904cb8a57a757ad11a4a08-le64.cache-3
7f0601bcf000-7f0601bd0000 r--s 00000000 08:06 3939439                    /var/cache/fontconfig/6a53c69dea097a2d716e069445527da8-le64.cache-3
7f0601bd0000-7f0601bd6000 r--s 00000000 08:06 3939320                    /var/cache/fontconfig/a755afe4a08bf5b97852ceb7400b47bc-le64.cache-3
7f0601bd6000-7f0601bd8000 r--s 00000000 08:06 3939305                    /var/cache/fontconfig/81cda67e8be65ec12c33ffdbc3c0aede-le64.cache-3
7f0601bd8000-7f0601be1000 r--s 00000000 08:06 3939227                    /var/cache/fontconfig/6d41288fd70b0be22e8c3a91e032eec0-le64.cache-3
7f0601be1000-7f0601bf1000 r--s 00000000 08:06 3939143                    /var/cache/fontconfig/0f34bcd4b6ee430af32735b75db7f02b-le64.cache-3
7f0601bf1000-7f0601bf4000 r--s 00000000 08:06 3939000                    /var/cache/fontconfig/d60319d88cac85ba9e1a07bd06cfbb8c-le64.cache-3
7f0601bf4000-7f0601bf5000 r--s 00000000 08:06 3938691                    /var/cache/fontconfig/4794a0821666d79190d59a36cb4f44b5-le64.cache-3
7f0601bf9000-7f0601c07000 r--p 00000000 08:06 11668834                   /usr/share/locale-langpack/es/LC_MESSAGES/pulseaudio.mo
7f0601c07000-7f0601c08000 rw-s 00005000 00:05 4791                       /dev/ati/card0
7f0601c08000-7f0601c28000 rw-s fdcc0000 00:05 4791                       /dev/ati/card0
7f0601c28000-7f0601c2a000 rw-s 00002000 00:05 4791                       /dev/ati/card0
7f0601c2a000-7f0601c2d000 r--s 00077000 08:06 10358814                   /usr/lib/jvm/java-6-openjdk/jre/lib/ext/localedata.jar
7f0601c2d000-7f0601c2e000 r--s 00000000 08:06 3940054                    /var/cache/fontconfig/c05880de57d1f5e948fdfacc138775d9-le64.cache-3
7f0601c2e000-7f0601c37000 r--s 00000000 08:06 3940048                    /var/cache/fontconfig/945677eb7aeaf62f1d50efc3fb3ec7d8-le64.cache-3
7f0601c37000-7f0601c39000 r--s 00000000 08:06 3940052                    /var/cache/fontconfig/99e8ed0e538f840c565b6ed5dad60d56-le64.cache-3
7f0601c39000-7f0601c3c000 r--s 00000000 08:06 3940051                    /var/cache/fontconfig/e383d7ea5fbe662a33d9b44caf393297-le64.cache-3
7f0601c3c000-7f0601c3d000 r--s 00000000 08:06 3940030                    /var/cache/fontconfig/e7071f4a29fa870f4323321c154eba04-le64.cache-3
7f0601c3d000-7f0601c3e000 r--s 00000000 08:06 3940028                    /var/cache/fontconfig/b6fa9421f6700638fe50130b224ed2b7-le64.cache-3
7f0601c3e000-7f0601c42000 r--s 00000000 08:06 3940013                    /var/cache/fontconfig/6eb3985aa4124903f6ff08ba781cd364-le64.cache-3
7f0601c42000-7f0601c43000 r--s 00000000 08:06 3939939                    /var/cache/fontconfig/4c73fe0c47614734b17d736dbde7580a-le64.cache-3
7f0601c43000-7f0601c44000 r--s 00000000 08:06 3939722                    /var/cache/fontconfig/0d8c3b2ac0904cb8a57a757ad11a4a08-le64.cache-3
7f0601c44000-7f0601c45000 r--s 00000000 08:06 3939439                    /var/cache/fontconfig/6a53c69dea097a2d716e069445527da8-le64.cache-3
7f0601c45000-7f0601c4b000 r--s 00000000 08:06 3939320                    /var/cache/fontconfig/a755afe4a08bf5b97852ceb7400b47bc-le64.cache-3
7f0601c4b000-7f0601c54000 r--s 00000000 08:06 3939227                    /var/cache/fontconfig/6d41288fd70b0be22e8c3a91e032eec0-le64.cache-3
7f0601c54000-7f0601c64000 r--s 00000000 08:06 3939143                    /var/cache/fontconfig/0f34bcd4b6ee430af32735b75db7f02b-le64.cache-3
7f0601c64000-7f0601c6e000 r--s 00000000 08:06 3938196                    /var/cache/fontconfig/d52a8644073d54c13679302ca1180695-le64.cache-3
7f0601c6e000-7f0601c91000 r--p 00000000 08:06 11668741                   /usr/share/locale-langpack/es/LC_MESSAGES/libc.mo
7f0601c91000-7f0601cbb000 r--p 00000000 08:06 11668695                   /usr/share/locale-langpack/es/LC_MESSAGES/gtk20-properties.mo
7f0601cbb000-7f0601ccf000 r--p 00000000 08:06 11668696                   /usr/share/locale-langpack/es/LC_MESSAGES/gtk20.mo
7f0601ccf000-7f0601cd2000 ---p 00000000 00:00 0 
7f0601cd2000-7f0601dd0000 rw-p 00000000 00:00 0 
7f0601dd0000-7f0601dd1000 r--s 00000000 08:06 3940054                    /var/cache/fontconfig/c05880de57d1f5e948fdfacc138775d9-le64.cache-3
7f0601dd1000-7f0601dda000 r--s 00000000 08:06 3940048                    /var/cache/fontconfig/945677eb7aeaf62f1d50efc3fb3ec7d8-le64.cache-3
7f0601dda000-7f0601ddc000 r--s 00000000 08:06 3940052                    /var/cache/fontconfig/99e8ed0e538f840c565b6ed5dad60d56-le64.cache-3
7f0601ddc000-7f0601ddf000 r--s 00000000 08:06 3940051                    /var/cache/fontconfig/e383d7ea5fbe662a33d9b44caf393297-le64.cache-3
7f0601ddf000-7f0601de0000 r--s 00000000 08:06 3940030                    /var/cache/fontconfig/e7071f4a29fa870f4323321c154eba04-le64.cache-3
7f0601de0000-7f0601de1000 r--s 00000000 08:06 3940028                    /var/cache/fontconfig/b6fa9421f6700638fe50130b224ed2b7-le64.cache-3
7f0601de1000-7f0601de5000 r--s 00000000 08:06 3940013                    /var/cache/fontconfig/6eb3985aa4124903f6ff08ba781cd364-le64.cache-3
7f0601de5000-7f0601de6000 r--s 00000000 08:06 3939939                    /var/cache/fontconfig/4c73fe0c47614734b17d736dbde7580a-le64.cache-3
7f0601de6000-7f0601de7000 r--s 00000000 08:06 3939722                    /var/cache/fontconfig/0d8c3b2ac0904cb8a57a757ad11a4a08-le64.cache-3
7f0601de7000-7f0601de8000 r--s 00000000 08:06 3939439                    /var/cache/fontconfig/6a53c69dea097a2d716e069445527da8-le64.cache-3
7f0601de8000-7f0601dee000 r--s 00000000 08:06 3939320                    /var/cache/fontconfig/a755afe4a08bf5b97852ceb7400b47bc-le64.cache-3
7f0601dee000-7f0601df0000 r--s 00000000 08:06 3939305                    /var/cache/fontconfig/81cda67e8be65ec12c33ffdbc3c0aede-le64.cache-3
7f0601df0000-7f0601df9000 r--s 00000000 08:06 3939227                    /var/cache/fontconfig/6d41288fd70b0be22e8c3a91e032eec0-le64.cache-3
7f0601df9000-7f0601e09000 r--s 00000000 08:06 3939143                    /var/cache/fontconfig/0f34bcd4b6ee430af32735b75db7f02b-le64.cache-3
7f0601e09000-7f0601e0c000 r--s 00000000 08:06 3939000                    /var/cache/fontconfig/d60319d88cac85ba9e1a07bd06cfbb8c-le64.cache-3
7f0601e0c000-7f0601e0d000 r--s 00000000 08:06 3938691                    /var/cache/fontconfig/4794a0821666d79190d59a36cb4f44b5-le64.cache-3
7f0601e0e000-7f0601e10000 r--s 00000000 08:06 3939305                    /var/cache/fontconfig/81cda67e8be65ec12c33ffdbc3c0aede-le64.cache-3
7f0601e10000-7f0601e13000 r--s 00000000 08:06 3939000                    /var/cache/fontconfig/d60319d88cac85ba9e1a07bd06cfbb8c-le64.cache-3
7f0601e13000-7f0601e14000 r--s 00000000 08:06 3938691                    /var/cache/fontconfig/4794a0821666d79190d59a36cb4f44b5-le64.cache-3
7f0601e14000-7f0601e20000 r--p 00000000 08:06 11668653                   /usr/share/locale-langpack/es/LC_MESSAGES/glib20.mo
7f0601e20000-7f0601e29000 r-xp 00000000 08:06 10226477                   /usr/lib/libXcursor.so.1.0.2
7f0601e29000-7f0602028000 ---p 00009000 08:06 10226477                   /usr/lib/libXcursor.so.1.0.2
7f0602028000-7f0602029000 r--p 00008000 08:06 10226477                   /usr/lib/libXcursor.so.1.0.2
7f0602029000-7f060202a000 rw-p 00009000 08:06 10226477                   /usr/lib/libXcursor.so.1.0.2
7f060202a000-7f060202d000 r--s 00000000 08:06 3934102                    /var/cache/fontconfig/e13b20fdb08344e0e664864cc2ede53d-le64.cache-3
7f060202d000-7f0602031000 r--s 00000000 08:06 3932234                    /var/cache/fontconfig/7ef2298fde41cc6eeb7af42e48b7d293-le64.cache-3
7f0602031000-7f0602032000 r--p 00000000 08:06 10231310                   /usr/lib/locale/es_ES.utf8/LC_NUMERIC
7f0602032000-7f0602033000 r--p 00000000 08:06 10233427                   /usr/lib/locale/es_ES.utf8/LC_TIME
7f0602033000-7f0602034000 r--p 00000000 08:06 10231517                   /usr/lib/locale/es_ES.utf8/LC_MONETARY
7f0602034000-7f0602035000 r--p 00000000 08:06 10354710                   /usr/lib/locale/es_ES.utf8/LC_MESSAGES/SYS_LC_MESSAGES
7f0602035000-7f0602036000 r--p 00000000 08:06 10231432                   /usr/lib/locale/es_ES.utf8/LC_PAPER
7f0602036000-7f0602037000 r--p 00000000 08:06 10231309                   /usr/lib/locale/es_ES.utf8/LC_NAME
7f0602037000-7f0602038000 r--p 00000000 08:06 10233428                   /usr/lib/locale/es_ES.utf8/LC_ADDRESS
7f0602038000-7f0602039000 r--p 00000000 08:06 10233429                   /usr/lib/locale/es_ES.utf8/LC_TELEPHONE
7f0602039000-7f060203a000 r--p 00000000 08:06 10231230                   /usr/lib/locale/es_ES.utf8/LC_MEASUREMENT
7f060203a000-7f060203b000 r--p 00000000 08:06 10233430                   /usr/lib/locale/es_ES.utf8/LC_IDENTIFICATION
7f060203b000-7f0602042000 r--s 000fb000 08:06 10358815                   /usr/lib/jvm/java-6-openjdk/jre/lib/resources.jar
7f0602042000-7f060204c000 r--s 00000000 08:06 3938196                    /var/cache/fontconfig/d52a8644073d54c13679302ca1180695-le64.cache-3
7f060204c000-7f060204f000 r--s 00000000 08:06 3934102                    /var/cache/fontconfig/e13b20fdb08344e0e664864cc2ede53d-le64.cache-3
7f060204f000-7f0602053000 r--s 00000000 08:06 3932234                    /var/cache/fontconfig/7ef2298fde41cc6eeb7af42e48b7d293-le64.cache-3
7f0602053000-7f0602056000 ---p 00000000 00:00 0 
7f0602056000-7f0602154000 rw-p 00000000 00:00 0 
7f0602154000-7f06021d4000 r-xp 00000000 08:06 10226770                   /usr/lib/libfreetype.so.6.3.22
7f06021d4000-7f06023d4000 ---p 00080000 08:06 10226770                   /usr/lib/libfreetype.so.6.3.22
7f06023d4000-7f06023d9000 r--p 00080000 08:06 10226770                   /usr/lib/libfreetype.so.6.3.22
7f06023d9000-7f06023da000 rw-p 00085000 08:06 10226770                   /usr/lib/libfreetype.so.6.3.22
7f06023da000-7f0602415000 r-xp 00000000 08:06 10493108                   /usr/lib/jvm/java-6-openjdk/jre/lib/amd64/libfontmanager.so
7f0602415000-7f0602615000 ---p 0003b000 08:06 10493108                   /usr/lib/jvm/java-6-openjdk/jre/lib/amd64/libfontmanager.so
7f0602615000-7f0602617000 r--p 0003b000 08:06 10493108                   /usr/lib/jvm/java-6-openjdk/jre/lib/amd64/libfontmanager.so
7f0602617000-7f0602618000 rw-p 0003d000 08:06 10493108                   /usr/lib/jvm/java-6-openjdk/jre/lib/amd64/libfontmanager.so
7f0602618000-7f060261d000 r-xp 00000000 08:06 10226481                   /usr/lib/libXdmcp.so.6.0.0
7f060261d000-7f060281c000 ---p 00005000 08:06 10226481                   /usr/lib/libXdmcp.so.6.0.0
7f060281c000-7f060281d000 r--p 00004000 08:06 10226481                   /usr/lib/libXdmcp.so.6.0.0
7f060281d000-7f060281e000 rw-p 00005000 08:06 10226481                   /usr/lib/libXdmcp.so.6.0.0
7f060281e000-7f0602820000 r-xp 00000000 08:06 10226470                   /usr/lib/libXau.so.6.0.0
7f0602820000-7f0602a20000 ---p 00002000 08:06 10226470                   /usr/lib/libXau.so.6.0.0
7f0602a20000-7f0602a21000 r--p 00002000 08:06 10226470                   /usr/lib/libXau.so.6.0.0
7f0602a21000-7f0602a22000 rw-p 00003000 08:06 10226470                   /usr/lib/libXau.so.6.0.0
7f0602a22000-7f0602a3d000 r-xp 00000000 08:06 10227476                   /usr/lib/libxcb.so.1.1.0
7f0602a3d000-7f0602c3c000 ---p 0001b000 08:06 10227476                   /usr/lib/libxcb.so.1.1.0
7f0602c3c000-7f0602c3d000 r--p 0001a000 08:06 10227476                   /usr/lib/libxcb.so.1.1.0
7f0602c3d000-7f0602c3e000 rw-p 0001b000 08:06 10227476                   /usr/lib/libxcb.so.1.1.0
7f0602c3e000-7f0602c4d000 r-xp 00000000 08:06 10226491                   /usr/lib/libXi.so.6.1.0
7f0602c4d000-7f0602e4c000 ---p 0000f000 08:06 10226491                   /usr/lib/libXi.so.6.1.0
7f0602e4c000-7f0602e4d000 r--p 0000e000 08:06 10226491                   /usr/lib/libXi.so.6.1.0
7f0602e4d000-7f0602e4e000 rw-p 0000f000 08:06 10226491                   /usr/lib/libXi.so.6.1.0
7f0602e4e000-7f0602e53000 r-xp 00000000 08:06 10226511                   /usr/lib/libXtst.so.6.1.0
7f0602e53000-7f0603053000 ---p 00005000 08:06 10226511                   /usr/lib/libXtst.so.6.1.0
7f0603053000-7f0603054000 r--p 00005000 08:06 10226511                   /usr/lib/libXtst.so.6.1.0
7f0603054000-7f0603055000 rw-p 00006000 08:06 10226511                   /usr/lib/libXtst.so.6.1.0
7f0603055000-7f060305e000 r-xp 00000000 08:06 10226505                   /usr/lib/libXrender.so.1.3.0
7f060305e000-7f060325d000 ---p 00009000 08:06 10226505                   /usr/lib/libXrender.so.1.3.0
7f060325d000-7f060325e000 r--p 00008000 08:06 10226505                   /usr/lib/libXrender.so.1.3.0
7f060325e000-7f060325f000 rw-p 00009000 08:06 10226505                   /usr/lib/libXrender.so.1.3.0
7f060325f000-7f0603390000 r-xp 00000000 08:06 10226466                   /usr/lib/libX11.so.6.3.0
7f0603390000-7f0603590000 ---p 00131000 08:06 10226466                   /usr/lib/libX11.so.6.3.0
7f0603590000-7f0603591000 r--p 00131000 08:06 10226466                   /usr/lib/libX11.so.6.3.0
7f0603591000-7f0603595000 rw-p 00132000 08:06 10226466                   /usr/lib/libX11.so.6.3.0
7f0603595000-7f06035a6000 r-xp 00000000 08:06 10226483                   /usr/lib/libXext.so.6.4.0
7f06035a6000-7f06037a5000 ---p 00011000 08:06 10226483                   /usr/lib/libXext.so.6.4.0
7f06037a5000-7f06037a6000 r--p 00010000 08:06 10226483                   /usr/lib/libXext.so.6.4.0
7f06037a6000-7f06037a7000 rw-p 00011000 08:06 10226483                   /usr/lib/libXext.so.6.4.0
7f06037a7000-7f06037b1000 r--s 00000000 08:06 3938196                    /var/cache/fontconfig/d52a8644073d54c13679302ca1180695-le64.cache-3
7f06037b1000-7f06037b4000 r--s 00000000 08:06 3934102                    /var/cache/fontconfig/e13b20fdb08344e0e664864cc2ede53d-le64.cache-3
7f06037b4000-7f06037b8000 r--s 00000000 08:06 3932234                    /var/cache/fontconfig/7ef2298fde41cc6eeb7af42e48b7d293-le64.cache-3
7f06037b8000-7f0603804000 r-xp 00000000 08:06 10758786                   /usr/lib/jvm/java-6-openjdk/jre/lib/amd64/xawt/libmawt.so
7f0603804000-7f0603a04000 ---p 0004c000 08:06 10758786                   /usr/lib/jvm/java-6-openjdk/jre/lib/amd64/xawt/libmawt.so
7f0603a04000-7f0603a05000 r--p 0004c000 08:06 10758786                   /usr/lib/jvm/java-6-openjdk/jre/lib/amd64/xawt/libmawt.so
7f0603a05000-7f0603a08000 rw-p 0004d000 08:06 10758786                   /usr/lib/jvm/java-6-openjdk/jre/lib/amd64/xawt/libmawt.so
7f0603a08000-7f0603a09000 rw-p 00000000 00:00 0 
7f0603a09000-7f0603ab3000 r-xp 00000000 08:06 10493115                   /usr/lib/jvm/java-6-openjdk/jre/lib/amd64/libawt.so
7f0603ab3000-7f0603cb2000 ---p 000aa000 08:06 10493115                   /usr/lib/jvm/java-6-openjdk/jre/lib/amd64/libawt.so
7f0603cb2000-7f0603cb3000 r--p 000a9000 08:06 10493115                   /usr/lib/jvm/java-6-openjdk/jre/lib/amd64/libawt.so
7f0603cb3000-7f0603cbe000 rw-p 000aa000 08:06 10493115                   /usr/lib/jvm/java-6-openjdk/jre/lib/amd64/libawt.so
7f0603cbe000-7f0603ce3000 rw-p 00000000 00:00 0 
7f0603ce3000-7f0603ce6000 r--s 0007d000 08:06 10358792                   /usr/lib/jvm/java-6-openjdk/jre/lib/jsse.jar
7f0603ce6000-7f0603cec000 r--s 02646000 08:06 1573848                    /home/disclaimer/jmonkeyplatform/jmonkeyplatform/libs/jME3-testdata.jar
7f0603cec000-7f0603cef000 r--s 0001a000 08:06 1573873                    /home/disclaimer/jmonkeyplatform/jmonkeyplatform/libs/xmlpull-xpp3.jar
7f0603cef000-7f0603cf1000 r--s 00012000 08:06 1573939                    /home/disclaimer/jmonkeyplatform/jmonkeyplatform/libs/eventbus.jar
7f0603cf1000-7f0603cf4000 r--s 0000f000 08:06 1573761                    /home/disclaimer/jmonkeyplatform/jmonkeyplatform/libs/nifty-style-black.jar
7f0603cf4000-7f0603cfc000 r--s 00033000 08:06 1573628                    /home/disclaimer/jmonkeyplatform/jmonkeyplatform/libs/nifty-default-controls.jar
7f0603cfc000-7f0603d06000 r--s 0006c000 08:06 1573970                    /home/disclaimer/jmonkeyplatform/jmonkeyplatform/libs/nifty.jar
7f0603d06000-7f0603d07000 r--s 00005000 08:06 1573843                    /home/disclaimer/jmonkeyplatform/jmonkeyplatform/libs/jME3-niftygui.jar
7f0603d07000-7f0603d08000 r--s 0000b000 08:06 1573893                    /home/disclaimer/jmonkeyplatform/jmonkeyplatform/libs/stack-alloc.jar
7f0603d08000-7f0603d0a000 r--s 0003c000 08:06 1573950                    /home/disclaimer/jmonkeyplatform/jmonkeyplatform/libs/vecmath.jar
7f0603d0a000-7f0603d14000 r--s 00079000 08:06 1573945                    /home/disclaimer/jmonkeyplatform/jmonkeyplatform/libs/jbullet.jar
7f0603d14000-7f0603d17000 r--s 00020000 08:06 1573865                    /home/disclaimer/jmonkeyplatform/jmonkeyplatform/libs/jME3-jbullet.jar
7f0603d17000-7f0603d24000 r--s 000d6000 08:06 1573972                    /home/disclaimer/jmonkeyplatform/jmonkeyplatform/libs/lwjgl.jar
7f0603d24000-7f0603d28000 r--s 00030000 08:06 1573963                    /home/disclaimer/jmonkeyplatform/jmonkeyplatform/libs/jinput.jar
7f0603d28000-7f0603d29000 ---p 00000000 00:00 0 
7f0603d29000-7f0603e29000 rw-p 00000000 00:00 0 
7f0603e29000-7f0603e2c000 ---p 00000000 00:00 0 
7f0603e2c000-7f0603f2a000 rw-p 00000000 00:00 0 
7f0603f2a000-7f0603f2d000 ---p 00000000 00:00 0 
7f0603f2d000-7f060402b000 rw-p 00000000 00:00 0 
7f060402b000-7f060402e000 ---p 00000000 00:00 0 
7f060402e000-7f060412c000 rw-p 00000000 00:00 0 
7f060412c000-7f060412f000 ---p 00000000 00:00 0 
7f060412f000-7f060422d000 rw-p 00000000 00:00 0 
7f060422d000-7f060426c000 r--p 00000000 08:06 10231228                   /usr/lib/locale/es_ES.utf8/LC_CTYPE
7f060426c000-7f060426f000 ---p 00000000 00:00 0 
7f060426f000-7f060436d000 rw-p 00000000 00:00 0 
7f060436d000-7f0604370000 ---p 00000000 00:00 0 
7f0604370000-7f060446e000 rw-p 00000000 00:00 0 
7f060446e000-7f060446f000 ---p 00000000 00:00 0 
7f060446f000-7f06048a5000 rw-p 00000000 00:00 0 
7f06048a5000-7f0604a37000 r--s 037bf000 08:06 10359027                   /usr/lib/jvm/java-6-openjdk/jre/lib/rt.jar
7f0604a37000-7f0604a5f000 rw-p 00000000 00:00 0 
7f0604a5f000-7f0604a60000 ---p 00000000 00:00 0 
7f0604a60000-7f0604b60000 rw-p 00000000 00:00 0 
7f0604b60000-7f0604b61000 ---p 00000000 00:00 0 
7f0604b61000-7f0604c81000 rw-p 00000000 00:00 0 
7f0604c81000-7f0604cb4000 rw-p 00000000 00:00 0 
7f0604cb4000-7f0604ccf000 rw-p 00000000 00:00 0 
7f0604ccf000-7f0604d92000 rw-p 00000000 00:00 0 
7f0604d92000-7f0604db2000 rw-p 00000000 00:00 0 
7f0604db2000-7f0604de5000 rw-p 00000000 00:00 0 
7f0604de5000-7f0604e00000 rw-p 00000000 00:00 0 
7f0604e00000-7f0604ec3000 rw-p 00000000 00:00 0 
7f0604ec3000-7f0604f09000 rw-p 00000000 00:00 0 
7f0604f09000-7f0604f32000 rw-p 00000000 00:00 0 
7f0604f32000-7f0604f33000 rw-p 00000000 00:00 0 
7f0604f33000-7f06053e3000 rwxp 00000000 00:00 0 
7f06053e3000-7f0607f33000 rw-p 00000000 00:00 0 
7f0607f33000-7f0607f3a000 r-xp 00000000 08:06 10493122                   /usr/lib/jvm/java-6-openjdk/jre/lib/amd64/libzip.so
7f0607f3a000-7f0608139000 ---p 00007000 08:06 10493122                   /usr/lib/jvm/java-6-openjdk/jre/lib/amd64/libzip.so
7f0608139000-7f060813a000 r--p 00006000 08:06 10493122                   /usr/lib/jvm/java-6-openjdk/jre/lib/amd64/libzip.so
7f060813a000-7f060813b000 rw-p 00007000 08:06 10493122                   /usr/lib/jvm/java-6-openjdk/jre/lib/amd64/libzip.so
7f060813b000-7f0608147000 r-xp 00000000 08:06 11534447                   /lib/libnss_files-2.11.1.so
7f0608147000-7f0608346000 ---p 0000c000 08:06 11534447                   /lib/libnss_files-2.11.1.so
7f0608346000-7f0608347000 r--p 0000b000 08:06 11534447                   /lib/libnss_files-2.11.1.so
7f0608347000-7f0608348000 rw-p 0000c000 08:06 11534447                   /lib/libnss_files-2.11.1.so
7f0608348000-7f0608352000 r-xp 00000000 08:06 11534457                   /lib/libnss_nis-2.11.1.so
7f0608352000-7f0608551000 ---p 0000a000 08:06 11534457                   /lib/libnss_nis-2.11.1.so
7f0608551000-7f0608552000 r--p 00009000 08:06 11534457                   /lib/libnss_nis-2.11.1.so
7f0608552000-7f0608553000 rw-p 0000a000 08:06 11534457                   /lib/libnss_nis-2.11.1.so
7f0608553000-7f060855b000 r-xp 00000000 08:06 11534443                   /lib/libnss_compat-2.11.1.so
7f060855b000-7f060875a000 ---p 00008000 08:06 11534443                   /lib/libnss_compat-2.11.1.so
7f060875a000-7f060875b000 r--p 00007000 08:06 11534443                   /lib/libnss_compat-2.11.1.so
7f060875b000-7f060875c000 rw-p 00008000 08:06 11534443                   /lib/libnss_compat-2.11.1.so
7f060875c000-7f0608773000 r-xp 00000000 08:06 11534441                   /lib/libnsl-2.11.1.so
7f0608773000-7f0608972000 ---p 00017000 08:06 11534441                   /lib/libnsl-2.11.1.so
7f0608972000-7f0608973000 r--p 00016000 08:06 11534441                   /lib/libnsl-2.11.1.so
7f0608973000-7f0608974000 rw-p 00017000 08:06 11534441                   /lib/libnsl-2.11.1.so
7f0608974000-7f0608976000 rw-p 00000000 00:00 0 
7f0608976000-7f06089a3000 r-xp 00000000 08:06 10493111                   /usr/lib/jvm/java-6-openjdk/jre/lib/amd64/libjava.so
7f06089a3000-7f0608ba2000 ---p 0002d000 08:06 10493111                   /usr/lib/jvm/java-6-openjdk/jre/lib/amd64/libjava.so
7f0608ba2000-7f0608ba3000 r--p 0002c000 08:06 10493111                   /usr/lib/jvm/java-6-openjdk/jre/lib/amd64/libjava.so
7f0608ba3000-7f0608ba6000 rw-p 0002d000 08:06 10493111                   /usr/lib/jvm/java-6-openjdk/jre/lib/amd64/libjava.so
7f0608ba6000-7f0608bb5000 r-xp 00000000 08:06 10493137                   /usr/lib/jvm/java-6-openjdk/jre/lib/amd64/libverify.so
7f0608bb5000-7f0608db4000 ---p 0000f000 08:06 10493137                   /usr/lib/jvm/java-6-openjdk/jre/lib/amd64/libverify.so
7f0608db4000-7f0608db6000 r--p 0000e000 08:06 10493137                   /usr/lib/jvm/java-6-openjdk/jre/lib/amd64/libverify.so
7f0608db6000-7f0608db7000 rw-p 00010000 08:06 10493137                   /usr/lib/jvm/java-6-openjdk/jre/lib/amd64/libverify.so
7f0608db7000-7f0608dbe000 r-xp 00000000 08:06 11534495                   /lib/librt-2.11.1.so
7f0608dbe000-7f0608fbd000 ---p 00007000 08:06 11534495                   /lib/librt-2.11.1.so
7f0608fbd000-7f0608fbe000 r--p 00006000 08:06 11534495                   /lib/librt-2.11.1.so
7f0608fbe000-7f0608fbf000 rw-p 00007000 08:06 11534495                   /lib/librt-2.11.1.so
7f0608fbf000-7f0608fd5000 r-xp 00000000 08:06 11534415                   /lib/libgcc_s.so.1
7f0608fd5000-7f06091d4000 ---p 00016000 08:06 11534415                   /lib/libgcc_s.so.1
7f06091d4000-7f06091d5000 r--p 00015000 08:06 11534415                   /lib/libgcc_s.so.1
7f06091d5000-7f06091d6000 rw-p 00016000 08:06 11534415                   /lib/libgcc_s.so.1
7f06091d6000-7f0609258000 r-xp 00000000 08:06 11534430                   /lib/libm-2.11.1.so
7f0609258000-7f0609457000 ---p 00082000 08:06 11534430                   /lib/libm-2.11.1.so
7f0609457000-7f0609458000 r--p 00081000 08:06 11534430                   /lib/libm-2.11.1.so
7f0609458000-7f0609459000 rw-p 00082000 08:06 11534430                   /lib/libm-2.11.1.so
7f0609459000-7f060954f000 r-xp 00000000 08:06 10227375                   /usr/lib/libstdc++.so.6.0.13
7f060954f000-7f060974f000 ---p 000f6000 08:06 10227375                   /usr/lib/libstdc++.so.6.0.13
7f060974f000-7f0609756000 r--p 000f6000 08:06 10227375                   /usr/lib/libstdc++.so.6.0.13
7f0609756000-7f0609758000 rw-p 000fd000 08:06 10227375                   /usr/lib/libstdc++.so.6.0.13
7f0609758000-7f060976d000 rw-p 00000000 00:00 0 
7f060976d000-7f060a0ac000 r-xp 00000000 08:06 10493104                   /usr/lib/jvm/java-6-openjdk/jre/lib/amd64/server/libjvm.so
7f060a0ac000-7f060a2ab000 ---p 0093f000 08:06 10493104                   /usr/lib/jvm/java-6-openjdk/jre/lib/amd64/server/libjvm.so
7f060a2ab000-7f060a32c000 r--p 0093e000 08:06 10493104                   /usr/lib/jvm/java-6-openjdk/jre/lib/amd64/server/libjvm.so
7f060a32c000-7f060a347000 rw-p 009bf000 08:06 10493104                   /usr/lib/jvm/java-6-openjdk/jre/lib/amd64/server/libjvm.so
7f060a347000-7f060a36f000 rw-p 00000000 00:00 0 
7f060a36f000-7f060a4e9000 r-xp 00000000 08:06 11534381                   /lib/libc-2.11.1.so
7f060a4e9000-7f060a6e8000 ---p 0017a000 08:06 11534381                   /lib/libc-2.11.1.so
7f060a6e8000-7f060a6ec000 r--p 00179000 08:06 11534381                   /lib/libc-2.11.1.so
7f060a6ec000-7f060a6ed000 rw-p 0017d000 08:06 11534381                   /lib/libc-2.11.1.so
7f060a6ed000-7f060a6f2000 rw-p 00000000 00:00 0 
7f060a6f2000-7f060a6f4000 r-xp 00000000 08:06 11534395                   /lib/libdl-2.11.1.so
7f060a6f4000-7f060a8f4000 ---p 00002000 08:06 11534395                   /lib/libdl-2.11.1.so
7f060a8f4000-7f060a8f5000 r--p 00002000 08:06 11534395                   /lib/libdl-2.11.1.so
7f060a8f5000-7f060a8f6000 rw-p 00003000 08:06 11534395                   /lib/libdl-2.11.1.so
7f060a8f6000-7f060a8fa000 r-xp 00000000 08:06 10493121                   /usr/lib/jvm/java-6-openjdk/jre/lib/amd64/jli/libjli.so
7f060a8fa000-7f060aaf9000 ---p 00004000 08:06 10493121                   /usr/lib/jvm/java-6-openjdk/jre/lib/amd64/jli/libjli.so
7f060aaf9000-7f060aafa000 r--p 00003000 08:06 10493121                   /usr/lib/jvm/java-6-openjdk/jre/lib/amd64/jli/libjli.so
7f060aafa000-7f060aafb000 rw-p 00004000 08:06 10493121                   /usr/lib/jvm/java-6-openjdk/jre/lib/amd64/jli/libjli.so
7f060aafb000-7f060ab13000 r-xp 00000000 08:06 11534489                   /lib/libpthread-2.11.1.so
7f060ab13000-7f060ad12000 ---p 00018000 08:06 11534489                   /lib/libpthread-2.11.1.so
7f060ad12000-7f060ad13000 r--p 00017000 08:06 11534489                   /lib/libpthread-2.11.1.so
7f060ad13000-7f060ad14000 rw-p 00018000 08:06 11534489                   /lib/libpthread-2.11.1.so
7f060ad14000-7f060ad18000 rw-p 00000000 00:00 0 
7f060ad18000-7f060ad2e000 r-xp 00000000 08:06 11534530                   /lib/libz.so.1.2.3.3
7f060ad2e000-7f060af2d000 ---p 00016000 08:06 11534530                   /lib/libz.so.1.2.3.3
7f060af2d000-7f060af2e000 r--p 00015000 08:06 11534530                   /lib/libz.so.1.2.3.3
7f060af2e000-7f060af2f000 rw-p 00016000 08:06 11534530                   /lib/libz.so.1.2.3.3
7f060af2f000-7f060af4f000 r-xp 00000000 08:06 11534357                   /lib/ld-2.11.1.so
7f060af4f000-7f060af51000 r--s 0020a000 08:06 1573731                    /home/disclaimer/jmonkeyplatform/jmonkeyplatform/libs/jME3-lwjgl-natives.jar
7f060af51000-7f060af53000 r--s 00017000 08:06 1573904                    /home/disclaimer/jmonkeyplatform/jmonkeyplatform/libs/jME3-lwjgl.jar
7f060af53000-7f060af56000 r--s 00024000 08:06 1573866                    /home/disclaimer/jmonkeyplatform/jmonkeyplatform/libs/jME3-terrain.jar
7f060af56000-7f060af57000 r--s 00009000 08:06 1573846                    /home/disclaimer/jmonkeyplatform/jmonkeyplatform/libs/j-ogg-vorbisd.jar
7f060af57000-7f060af59000 r--s 00005000 08:06 1573907                    /home/disclaimer/jmonkeyplatform/jmonkeyplatform/libs/j-ogg-oggd.jar
7f060af59000-7f060af5a000 r--s 00002000 08:06 1573922                    /home/disclaimer/jmonkeyplatform/jmonkeyplatform/libs/jME3-jogg.jar
7f060af5a000-7f060af5d000 r--s 0001c000 08:06 1573798                    /home/disclaimer/jmonkeyplatform/jmonkeyplatform/libs/jME3-networking.jar
7f060af5d000-7f060af60000 r--s 0006c000 08:06 1573867                    /home/disclaimer/jmonkeyplatform/jmonkeyplatform/libs/jME3-effects.jar
7f060af60000-7f060af61000 r--s 00010000 08:06 1573869                    /home/disclaimer/jmonkeyplatform/jmonkeyplatform/libs/jME3-plugins.jar
7f060af61000-7f060af63000 r--s 00033000 08:06 1573868                    /home/disclaimer/jmonkeyplatform/jmonkeyplatform/libs/jME3-desktop.jar
7f060af63000-7f060af73000 r--s 00101000 08:06 1573921                    /home/disclaimer/jmonkeyplatform/jmonkeyplatform/libs/jME3-core.jar
7f060af73000-7f060af75000 r--s 0000f000 08:06 10358810                   /usr/lib/jvm/java-6-openjdk/jre/lib/ext/pulse-java.jar
7f060af75000-7f060af88000 rw-p 00000000 00:00 0 
7f060af88000-7f060b035000 rw-p 00000000 00:00 0 
7f060b035000-7f060b038000 ---p 00000000 00:00 0 
7f060b038000-7f060b13b000 rw-p 00000000 00:00 0 
7f060b13b000-7f060b142000 r--s 00000000 08:06 10230079                   /usr/lib/gconv/gconv-modules.cache
7f060b142000-7f060b14a000 rw-s 00000000 08:06 6553689                    /tmp/hsperfdata_disclaimer/3110 (deleted)
7f060b14a000-7f060b14b000 rw-p 00000000 00:00 0 
7f060b14b000-7f060b14c000 ---p 00000000 00:00 0 
7f060b14c000-7f060b14e000 rw-p 00000000 00:00 0 
7f060b14e000-7f060b14f000 r--p 0001f000 08:06 11534357                   /lib/ld-2.11.1.so
7f060b14f000-7f060b150000 rw-p 00020000 08:06 11534357                   /lib/ld-2.11.1.so
7f060b150000-7f060b151000 rw-p 00000000 00:00 0 
7fff5d48e000-7fff5d4a3000 rw-p 00000000 00:00 0                          [stack]
7fff5d5ff000-7fff5d600000 r-xp 00000000 00:00 0                          [vdso]
ffffffffff600000-ffffffffff601000 r-xp 00000000 00:00 0                  [vsyscall]

VM Arguments:
jvm_args: -Dfile.encoding=UTF-8 
java_command: controlador.Main
Launcher Type: SUN_STANDARD

Environment Variables:
PATH=/usr/local/sbin:/usr/local/bin:/usr/sbin:/usr/bin:/sbin:/bin:/usr/games
USERNAME=disclaimer
LD_LIBRARY_PATH=/usr/lib/jvm/java-6-openjdk/jre/lib/amd64/server:/usr/lib/jvm/java-6-openjdk/jre/lib/amd64:/usr/lib/jvm/java-6-openjdk/jre/../lib/amd64
SHELL=/bin/bash
DISPLAY=:0.0

Signal Handlers:
SIGSEGV: [libjvm.so+0x7cff30], sa_mask[0]=0x7ffbfeff, sa_flags=0x10000004
SIGBUS: [libjvm.so+0x7cff30], sa_mask[0]=0x7ffbfeff, sa_flags=0x10000004
SIGFPE: [libjvm.so+0x68d2c0], sa_mask[0]=0x7ffbfeff, sa_flags=0x10000004
SIGPIPE: SIG_IGN, sa_mask[0]=0x00001000, sa_flags=0x10000000
SIGXFSZ: [libjvm.so+0x68d2c0], sa_mask[0]=0x7ffbfeff, sa_flags=0x10000004
SIGILL: [libjvm.so+0x68d2c0], sa_mask[0]=0x7ffbfeff, sa_flags=0x10000004
SIGUSR1: SIG_DFL, sa_mask[0]=0x00000000, sa_flags=0x00000000
SIGUSR2: [libjvm.so+0x68ca70], sa_mask[0]=0x00000004, sa_flags=0x10000004
SIGHUP: [libjvm.so+0x68f0d0], sa_mask[0]=0x7ffbfeff, sa_flags=0x10000004
SIGINT: SIG_IGN, sa_mask[0]=0x00000000, sa_flags=0x00000000
SIGTERM: [libjvm.so+0x68f0d0], sa_mask[0]=0x7ffbfeff, sa_flags=0x10000004
SIGQUIT: [libjvm.so+0x68f0d0], sa_mask[0]=0x7ffbfeff, sa_flags=0x10000004


---------------  S Y S T E M  ---------------

OS:Ubuntu 10.04 (lucid)
uname:Linux 2.6.32-38-generic #83-Ubuntu SMP Wed Jan 4 11:12:07 UTC 2012 x86_64
libc:glibc 2.11.1 NPTL 2.11.1 
rlimit: STACK 8192k, CORE 0k, NPROC infinity, NOFILE 1024, AS infinity
load average:3,71 2,66 1,95

/proc/meminfo:
MemTotal:        2056896 kB
MemFree:           20088 kB
Buffers:            1064 kB
Cached:           106320 kB
SwapCached:        21772 kB
Active:          1268732 kB
Inactive:         446640 kB
Active(anon):    1212040 kB
Inactive(anon):   409924 kB
Active(file):      56692 kB
Inactive(file):    36716 kB
Unevictable:           0 kB
Mlocked:               0 kB
SwapTotal:        498680 kB
SwapFree:         259980 kB
Dirty:               120 kB
Writeback:             0 kB
AnonPages:       1590216 kB
Mapped:           115548 kB
Shmem:             13780 kB
Slab:              42412 kB
SReclaimable:      23356 kB
SUnreclaim:        19056 kB
KernelStack:        2768 kB
PageTables:        25572 kB
NFS_Unstable:          0 kB
Bounce:                0 kB
WritebackTmp:          0 kB
CommitLimit:     1527128 kB
Committed_AS:    2522688 kB
VmallocTotal:   34359738367 kB
VmallocUsed:      320728 kB
VmallocChunk:   34359414920 kB
HardwareCorrupted:     0 kB
HugePages_Total:       0
HugePages_Free:        0
HugePages_Rsvd:        0
HugePages_Surp:        0
Hugepagesize:       2048 kB
DirectMap4k:     1330048 kB
DirectMap2M:      765952 kB


CPU:total 2 (2 cores per cpu, 1 threads per core) family 15 model 107 stepping 1, cmov, cx8, fxsr, mmx, sse, sse2, sse3, mmxext, 3dnowpref

Memory: 4k page, physical 2056896k(20088k free), swap 498680k(259980k free)

vm_info: OpenJDK 64-Bit Server VM (20.0-b12) for linux-amd64 JRE (1.6.0_24-b24), built on Sep  1 2012 09:58:05 by "buildd" with gcc 4.4.3

time: Wed Nov 14 13:31:34 2012
elapsed time: 105 seconds

