#
# A fatal error has been detected by the Java Runtime Environment:
#
#  SIGSEGV (0xb) at pc=0x00007f7ad1df0c98, pid=2960, tid=140165616572160
#
# JRE version: 6.0_24-b24
# Java VM: OpenJDK 64-Bit Server VM (20.0-b12 mixed mode linux-amd64 compressed oops)
# Derivative: IcedTea6 1.11.4
# Distribution: Ubuntu 10.04.1 LTS, package 6b24-1.11.4-1ubuntu0.10.04.1
# Problematic frame:
# C  [libX11.so.6+0x37c98]  XQueryExtension+0x28
#
# If you would like to submit a bug report, please include
# instructions how to reproduce the bug and visit:
#   https://bugs.launchpad.net/ubuntu/+source/openjdk-6/
#

---------------  T H R E A D  ---------------

Current thread is native thread

siginfo:si_signo=SIGSEGV: si_errno=0, si_code=1 (SEGV_MAPERR), si_addr=0xffffffffcc1957d8

Registers:
RAX=0x0000000001396ad0, RBX=0xffffffffcc194e70, RCX=0x00007fffda13a018, RDX=0x00007fffda13a014
RSP=0x00007fffda139fb0, RBP=0x00007f7ac4933e12, RSI=0x00007f7ac4933e12, RDI=0xffffffffcc194e70
R8 =0x00007fffda13a01c, R9 =0x00007f7ad9247e50, R10=0x00007f7ad9249748, R11=0x00007f7ad8f02590
R12=0x00007fffda13a014, R13=0x0000000001396ad0, R14=0x0000000001396ad0, R15=0x0000000000000000
RIP=0x00007f7ad1df0c98, EFLAGS=0x0000000000010202, CSGSFS=0x0000000000000033, ERR=0x0000000000000005
  TRAPNO=0x000000000000000e

Top of Stack: (sp=0x00007fffda139fb0)
0x00007fffda139fb0:   00007f7acc1abf50 00007f7ad9247e40
0x00007fffda139fc0:   ffffffffcc194e70 0000000000000020
0x00007fffda139fd0:   00007f7ad9ca9048 ffffffffcc194e70
0x00007fffda139fe0:   00007f7ac4933e12 0000000000000011
0x00007fffda139ff0:   0000000001396ad0 0000000001396ad0
0x00007fffda13a000:   0000000000000000 00007f7ad1de5172
0x00007fffda13a010:   00000000001ca818 00007f7ac4a6bc60
0x00007fffda13a020:   00007f7ac4a6bc60 ffffffffcc194e70
0x00007fffda13a030:   0000000000000011 00007f7ad20fd782
0x00007fffda13a040:   00007f7a00000005 0000000000000000
0x00007fffda13a050:   00007f7acc1a0400 00007f7ac4933e12
0x00007fffda13a060:   00007fffda13a0e0 0000000000000000
0x00007fffda13a070:   00007fffda13a0e0 ffffffffcc194e70
0x00007fffda13a080:   00007f7ad9ca9048 00007f7acc1900b0
0x00007fffda13a090:   00007f7ac4a85490 00007f7ac48dffd9
0x00007fffda13a0a0:   0000000000000000 000000000000006b
0x00007fffda13a0b0:   00007fffda13a0e0 0000000000000000
0x00007fffda13a0c0:   00007f7ad9ca9048 00007f7acc1900b0
0x00007fffda13a0d0:   0000000000000036 00007f7ac48d46e2
0x00007fffda13a0e0:   00007fffda13a4e0 00007f7ac4933d81
0x00007fffda13a0f0:   0000000000000000 00007f7ad9a983ec
0x00007fffda13a100:   00007f7ad9caa128 00007f7ad9caa6b8
0x00007fffda13a110:   00007f7ad9c944f0 00000000011d6cd0
0x00007fffda13a120:   00007f7acc04f4c0 0000000001542640
0x00007fffda13a130:   0000000001542c80 0000000001573ec0
0x00007fffda13a140:   00000000016486e0 00000000014e1100
0x00007fffda13a150:   00000000011eb800 0000000001b04fd0
0x00007fffda13a160:   00000000014e15b0 000000000143e630
0x00007fffda13a170:   00000000014c4d30 0000000001621400
0x00007fffda13a180:   00000000014c5670 0000000001457fe0
0x00007fffda13a190:   00007f7acc04f990 000000000164be30
0x00007fffda13a1a0:   000000000164ec00 0000000001783bb0 

Instructions: (pc=0x00007f7ad1df0c98)
0x00007f7ad1df0c78:   24 d8 48 89 fb 4c 89 64 24 e0 4c 89 6c 24 e8 49
0x00007f7ad1df0c88:   89 d4 4c 89 74 24 f0 4c 89 7c 24 f8 48 83 ec 58
0x00007f7ad1df0c98:   48 8b 87 68 09 00 00 49 89 f5 48 89 cd 4d 89 c6
0x00007f7ad1df0ca8:   48 85 c0 74 02 ff 10 4c 8b bb b0 00 00 00 49 8d 

Register to memory mapping:

RAX=0x0000000001396ad0 is an unknown value
RBX=0xffffffffcc194e70 is an unknown value
RCX=0x00007fffda13a018 is an unknown value
RDX=0x00007fffda13a014 is an unknown value
RSP=0x00007fffda139fb0 is an unknown value
RBP=0x00007f7ac4933e12: <offset 0x92e12> in /usr/lib/libGL.so.1 at 0x00007f7ac48a1000
RSI=0x00007f7ac4933e12: <offset 0x92e12> in /usr/lib/libGL.so.1 at 0x00007f7ac48a1000
RDI=0xffffffffcc194e70 is an unknown value
R8 =0x00007fffda13a01c is an unknown value
R9 =0x00007f7ad9247e50: <offset 0x37ee50> in /lib/libc.so.6 at 0x00007f7ad8ec9000
R10=0x00007f7ad9249748: <offset 0x380748> in /lib/libc.so.6 at 0x00007f7ad8ec9000
R11=0x00007f7ad8f02590: __cxa_finalize+0 in /lib/libc.so.6 at 0x00007f7ad8ec9000
R12=0x00007fffda13a014 is an unknown value
R13=0x0000000001396ad0 is an unknown value
R14=0x0000000001396ad0 is an unknown value
R15=0x0000000000000000 is an unknown value


Stack: [0x00007fffda03d000,0x00007fffda13d000],  sp=0x00007fffda139fb0,  free space=1011k
Native frames: (J=compiled Java code, j=interpreted, Vv=VM code, C=native code)
C  [libX11.so.6+0x37c98]  XQueryExtension+0x28


---------------  P R O C E S S  ---------------

VM state:at safepoint (shutting down)

VM Mutex/Monitor currently owned by a thread:  ([mutex/lock_event])
[0x00000000011cfa50] Threads_lock - owner thread: 0x0000000001236800

Heap
 PSYoungGen      total 54464K, used 37079K [0x00000000f2200000, 0x00000000f5a40000, 0x0000000100000000)
  eden space 51712K, 67% used [0x00000000f2200000,0x00000000f4405140,0x00000000f5480000)
  from space 2752K, 81% used [0x00000000f5750000,0x00000000f5980bc0,0x00000000f5a00000)
  to   space 2880K, 0% used [0x00000000f5480000,0x00000000f5480000,0x00000000f5750000)
 PSOldGen        total 21504K, used 11039K [0x00000000d6600000, 0x00000000d7b00000, 0x00000000f2200000)
  object space 21504K, 51% used [0x00000000d6600000,0x00000000d70c7f90,0x00000000d7b00000)
 PSPermGen       total 27584K, used 27405K [0x00000000cc000000, 0x00000000cdaf0000, 0x00000000d6600000)
  object space 27584K, 99% used [0x00000000cc000000,0x00000000cdac37a8,0x00000000cdaf0000)

Code Cache  [0x00007f7ad3a8d000, 0x00007f7ad3cfd000, 0x00007f7ad6a8d000)
 total_blobs=863 nmethods=223 adapters=594 free_code_cache=49149568 largest_free_block=19712

Dynamic libraries:
00400000-00409000 r-xp 00000000 08:06 10493093                           /usr/lib/jvm/java-6-openjdk/jre/bin/java
00608000-00609000 r--p 00008000 08:06 10493093                           /usr/lib/jvm/java-6-openjdk/jre/bin/java
00609000-0060a000 rw-p 00009000 08:06 10493093                           /usr/lib/jvm/java-6-openjdk/jre/bin/java
011c8000-0232f000 rw-p 00000000 00:00 0                                  [heap]
cc000000-cdaf0000 rw-p 00000000 00:00 0 
cdaf0000-d6600000 rw-p 00000000 00:00 0 
d6600000-d7b00000 rw-p 00000000 00:00 0 
d7b00000-f2200000 rw-p 00000000 00:00 0 
f2200000-f5a40000 rw-p 00000000 00:00 0 
f5a40000-100000000 rw-p 00000000 00:00 0 
7f7ab8aea000-7f7ab9109000 r--p 00000000 08:06 280794                     /usr/share/icons/hicolor/icon-theme.cache
7f7ab9109000-7f7ab97f4000 r--p 00000000 08:06 271162                     /usr/share/icons/gnome/icon-theme.cache
7f7ab97f4000-7f7ab989f000 r--p 00000000 08:06 133401                     /usr/share/icons/Humanity/icon-theme.cache
7f7ab989f000-7f7ab98a2000 ---p 00000000 00:00 0 
7f7ab98a2000-7f7ab9fde000 rw-p 00000000 00:00 0 
7f7ab9fde000-7f7aba001000 r-xp 00000000 08:06 10227079                   /usr/lib/libjpeg.so.62.0.0
7f7aba001000-7f7aba200000 ---p 00023000 08:06 10227079                   /usr/lib/libjpeg.so.62.0.0
7f7aba200000-7f7aba201000 r--p 00022000 08:06 10227079                   /usr/lib/libjpeg.so.62.0.0
7f7aba201000-7f7aba202000 rw-p 00023000 08:06 10227079                   /usr/lib/libjpeg.so.62.0.0
7f7ababef000-7f7abb5dd000 rw-p 00000000 00:00 0 
7f7abb5dd000-7f7abb5e7000 r-xp 00000000 08:06 10493128                   /usr/lib/jvm/java-6-openjdk/jre/lib/amd64/libjpeg.so
7f7abb5e7000-7f7abb7e6000 ---p 0000a000 08:06 10493128                   /usr/lib/jvm/java-6-openjdk/jre/lib/amd64/libjpeg.so
7f7abb7e6000-7f7abb7e7000 r--p 00009000 08:06 10493128                   /usr/lib/jvm/java-6-openjdk/jre/lib/amd64/libjpeg.so
7f7abb7e7000-7f7abb7e8000 rw-p 0000a000 08:06 10493128                   /usr/lib/jvm/java-6-openjdk/jre/lib/amd64/libjpeg.so
7f7abb7e8000-7f7abb81a000 r-xp 00000000 08:06 10493135                   /usr/lib/jvm/java-6-openjdk/jre/lib/amd64/liblcms.so
7f7abb81a000-7f7abba19000 ---p 00032000 08:06 10493135                   /usr/lib/jvm/java-6-openjdk/jre/lib/amd64/liblcms.so
7f7abba19000-7f7abba1a000 r--p 00031000 08:06 10493135                   /usr/lib/jvm/java-6-openjdk/jre/lib/amd64/liblcms.so
7f7abba1a000-7f7abba1b000 rw-p 00032000 08:06 10493135                   /usr/lib/jvm/java-6-openjdk/jre/lib/amd64/liblcms.so
7f7abba1b000-7f7abba1d000 rw-p 00000000 00:00 0 
7f7abee0e000-7f7abee1e000 r-xp 00000000 08:06 11534380                   /lib/libbz2.so.1.0.4
7f7abee1e000-7f7abf01d000 ---p 00010000 08:06 11534380                   /lib/libbz2.so.1.0.4
7f7abf01d000-7f7abf01e000 r--p 0000f000 08:06 11534380                   /lib/libbz2.so.1.0.4
7f7abf01e000-7f7abf01f000 rw-p 00010000 08:06 11534380                   /lib/libbz2.so.1.0.4
7f7abf01f000-7f7abf165000 r-xp 00000000 08:06 10227482                   /usr/lib/libxml2.so.2.7.6
7f7abf165000-7f7abf364000 ---p 00146000 08:06 10227482                   /usr/lib/libxml2.so.2.7.6
7f7abf364000-7f7abf36c000 r--p 00145000 08:06 10227482                   /usr/lib/libxml2.so.2.7.6
7f7abf36c000-7f7abf36e000 rw-p 0014d000 08:06 10227482                   /usr/lib/libxml2.so.2.7.6
7f7abf36e000-7f7abf36f000 rw-p 00000000 00:00 0 
7f7abf36f000-7f7abf3a5000 r-xp 00000000 08:06 10226649                   /usr/lib/libcroco-0.6.so.3.0.1
7f7abf3a5000-7f7abf5a4000 ---p 00036000 08:06 10226649                   /usr/lib/libcroco-0.6.so.3.0.1
7f7abf5a4000-7f7abf5a5000 r--p 00035000 08:06 10226649                   /usr/lib/libcroco-0.6.so.3.0.1
7f7abf5a5000-7f7abf5a8000 rw-p 00036000 08:06 10226649                   /usr/lib/libcroco-0.6.so.3.0.1
7f7abf5a8000-7f7abf5e2000 r-xp 00000000 08:06 10226911                   /usr/lib/libgsf-1.so.114.0.16
7f7abf5e2000-7f7abf7e1000 ---p 0003a000 08:06 10226911                   /usr/lib/libgsf-1.so.114.0.16
7f7abf7e1000-7f7abf7e4000 r--p 00039000 08:06 10226911                   /usr/lib/libgsf-1.so.114.0.16
7f7abf7e4000-7f7abf7e5000 rw-p 0003c000 08:06 10226911                   /usr/lib/libgsf-1.so.114.0.16
7f7abf7e5000-7f7abf7e7000 rw-p 00000000 00:00 0 
7f7abf7e7000-7f7abf81c000 r-xp 00000000 08:06 10227318                   /usr/lib/librsvg-2.so.2.26.3
7f7abf81c000-7f7abfa1c000 ---p 00035000 08:06 10227318                   /usr/lib/librsvg-2.so.2.26.3
7f7abfa1c000-7f7abfa1d000 r--p 00035000 08:06 10227318                   /usr/lib/librsvg-2.so.2.26.3
7f7abfa1d000-7f7abfa1e000 rw-p 00036000 08:06 10227318                   /usr/lib/librsvg-2.so.2.26.3
7f7abfa1e000-7f7abfa1f000 ---p 00000000 00:00 0 
7f7abfa1f000-7f7ac021f000 rw-p 00000000 00:00 0 
7f7ac021f000-7f7ac03e2000 r-xp 00000000 08:06 10227437                   /usr/lib/libvorbisenc.so.2.0.6
7f7ac03e2000-7f7ac05e2000 ---p 001c3000 08:06 10227437                   /usr/lib/libvorbisenc.so.2.0.6
7f7ac05e2000-7f7ac05f9000 r--p 001c3000 08:06 10227437                   /usr/lib/libvorbisenc.so.2.0.6
7f7ac05f9000-7f7ac05fa000 rw-p 001da000 08:06 10227437                   /usr/lib/libvorbisenc.so.2.0.6
7f7ac05fa000-7f7ac0643000 r-xp 00000000 08:06 10226420                   /usr/lib/libFLAC.so.8.2.0
7f7ac0643000-7f7ac0843000 ---p 00049000 08:06 10226420                   /usr/lib/libFLAC.so.8.2.0
7f7ac0843000-7f7ac0844000 r--p 00049000 08:06 10226420                   /usr/lib/libFLAC.so.8.2.0
7f7ac0844000-7f7ac0845000 rw-p 0004a000 08:06 10226420                   /usr/lib/libFLAC.so.8.2.0
7f7ac0845000-7f7ac08a3000 r-xp 00000000 08:06 10227348                   /usr/lib/libsndfile.so.1.0.21
7f7ac08a3000-7f7ac0aa3000 ---p 0005e000 08:06 10227348                   /usr/lib/libsndfile.so.1.0.21
7f7ac0aa3000-7f7ac0aa5000 r--p 0005e000 08:06 10227348                   /usr/lib/libsndfile.so.1.0.21
7f7ac0aa5000-7f7ac0aa6000 rw-p 00060000 08:06 10227348                   /usr/lib/libsndfile.so.1.0.21
7f7ac0aa6000-7f7ac0aaa000 rw-p 00000000 00:00 0 
7f7ac0aaa000-7f7ac0ab3000 r-xp 00000000 08:06 11534525                   /lib/libwrap.so.0.7.6
7f7ac0ab3000-7f7ac0cb2000 ---p 00009000 08:06 11534525                   /lib/libwrap.so.0.7.6
7f7ac0cb2000-7f7ac0cb3000 r--p 00008000 08:06 11534525                   /lib/libwrap.so.0.7.6
7f7ac0cb3000-7f7ac0cb4000 rw-p 00009000 08:06 11534525                   /lib/libwrap.so.0.7.6
7f7ac0cb4000-7f7ac0cb5000 rw-p 00000000 00:00 0 
7f7ac0cb5000-7f7ac0cb9000 r-xp 00000000 08:06 11534523                   /lib/libuuid.so.1.3.0
7f7ac0cb9000-7f7ac0eb8000 ---p 00004000 08:06 11534523                   /lib/libuuid.so.1.3.0
7f7ac0eb8000-7f7ac0eb9000 r--p 00003000 08:06 11534523                   /lib/libuuid.so.1.3.0
7f7ac0eb9000-7f7ac0eba000 rw-p 00004000 08:06 11534523                   /lib/libuuid.so.1.3.0
7f7ac0eba000-7f7ac0f05000 r-xp 00000000 08:06 10227289                   /usr/lib/libpulsecommon-0.9.21.so
7f7ac0f05000-7f7ac1104000 ---p 0004b000 08:06 10227289                   /usr/lib/libpulsecommon-0.9.21.so
7f7ac1104000-7f7ac1105000 r--p 0004a000 08:06 10227289                   /usr/lib/libpulsecommon-0.9.21.so
7f7ac1105000-7f7ac1106000 rw-p 0004b000 08:06 10227289                   /usr/lib/libpulsecommon-0.9.21.so
7f7ac1106000-7f7ac110e000 r-xp 00000000 08:06 10226464                   /usr/lib/libSM.so.6.0.1
7f7ac110e000-7f7ac130d000 ---p 00008000 08:06 10226464                   /usr/lib/libSM.so.6.0.1
7f7ac130d000-7f7ac130e000 r--p 00007000 08:06 10226464                   /usr/lib/libSM.so.6.0.1
7f7ac130e000-7f7ac130f000 rw-p 00008000 08:06 10226464                   /usr/lib/libSM.so.6.0.1
7f7ac130f000-7f7ac1326000 r-xp 00000000 08:06 10226435                   /usr/lib/libICE.so.6.3.0
7f7ac1326000-7f7ac1525000 ---p 00017000 08:06 10226435                   /usr/lib/libICE.so.6.3.0
7f7ac1525000-7f7ac1526000 r--p 00016000 08:06 10226435                   /usr/lib/libICE.so.6.3.0
7f7ac1526000-7f7ac1527000 rw-p 00017000 08:06 10226435                   /usr/lib/libICE.so.6.3.0
7f7ac1527000-7f7ac152a000 rw-p 00000000 00:00 0 
7f7ac152a000-7f7ac156a000 r-xp 00000000 08:06 10227288                   /usr/lib/libpulse.so.0.12.2
7f7ac156a000-7f7ac176a000 ---p 00040000 08:06 10227288                   /usr/lib/libpulse.so.0.12.2
7f7ac176a000-7f7ac176b000 r--p 00040000 08:06 10227288                   /usr/lib/libpulse.so.0.12.2
7f7ac176b000-7f7ac176c000 rw-p 00041000 08:06 10227288                   /usr/lib/libpulse.so.0.12.2
7f7ac17fe000-7f7ac1800000 r-xp 00000000 08:06 10230664                   /usr/lib/gtk-2.0/2.10.0/loaders/svg_loader.so
7f7ac1800000-7f7ac19ff000 ---p 00002000 08:06 10230664                   /usr/lib/gtk-2.0/2.10.0/loaders/svg_loader.so
7f7ac19ff000-7f7ac1a00000 r--p 00001000 08:06 10230664                   /usr/lib/gtk-2.0/2.10.0/loaders/svg_loader.so
7f7ac1a00000-7f7ac1a01000 rw-p 00002000 08:06 10230664                   /usr/lib/gtk-2.0/2.10.0/loaders/svg_loader.so
7f7ac1a01000-7f7ac2101000 rw-s 00006000 00:05 4791                       /dev/ati/card0
7f7ac2101000-7f7ac2301000 rw-p 00000000 00:00 0 
7f7ac2301000-7f7ac234d000 r-xp 00000000 08:06 10231252                   /usr/lib/libatiadlxx.so
7f7ac234d000-7f7ac244d000 ---p 0004c000 08:06 10231252                   /usr/lib/libatiadlxx.so
7f7ac244d000-7f7ac2458000 rw-p 0004c000 08:06 10231252                   /usr/lib/libatiadlxx.so
7f7ac2458000-7f7ac2468000 rw-p 00000000 00:00 0 
7f7ac2479000-7f7ac4417000 r-xp 00000000 08:06 10231380                   /usr/lib/dri/fglrx_dri.so
7f7ac4417000-7f7ac4516000 ---p 01f9e000 08:06 10231380                   /usr/lib/dri/fglrx_dri.so
7f7ac4516000-7f7ac4664000 rwxp 01f9d000 08:06 10231380                   /usr/lib/dri/fglrx_dri.so
7f7ac4664000-7f7ac4798000 rwxp 00000000 00:00 0 
7f7ac4798000-7f7ac479f000 r-xp 00000000 08:06 10231376                   /usr/lib/libatiuki.so.1.0
7f7ac479f000-7f7ac489f000 ---p 00007000 08:06 10231376                   /usr/lib/libatiuki.so.1.0
7f7ac489f000-7f7ac48a0000 rw-p 00007000 08:06 10231376                   /usr/lib/libatiuki.so.1.0
7f7ac48a0000-7f7ac48a1000 rw-p 00000000 00:00 0 
7f7ac48a1000-7f7ac495f000 r-xp 00000000 08:06 10231379                   /usr/lib/fglrx/fglrx-libGL.so.1.2
7f7ac495f000-7f7ac4a5f000 ---p 000be000 08:06 10231379                   /usr/lib/fglrx/fglrx-libGL.so.1.2
7f7ac4a5f000-7f7ac4a86000 rwxp 000be000 08:06 10231379                   /usr/lib/fglrx/fglrx-libGL.so.1.2
7f7ac4a86000-7f7ac4aa5000 rwxp 00000000 00:00 0 
7f7ac4aa5000-7f7ac4aa8000 ---p 00000000 00:00 0 
7f7ac4aa8000-7f7ac4ba6000 rw-p 00000000 00:00 0 
7f7ac4ba6000-7f7ac4bab000 r-xp 00000000 08:06 10226523                   /usr/lib/libXxf86vm.so.1.0.0
7f7ac4bab000-7f7ac4daa000 ---p 00005000 08:06 10226523                   /usr/lib/libXxf86vm.so.1.0.0
7f7ac4daa000-7f7ac4dab000 r--p 00004000 08:06 10226523                   /usr/lib/libXxf86vm.so.1.0.0
7f7ac4dab000-7f7ac4dac000 rw-p 00005000 08:06 10226523                   /usr/lib/libXxf86vm.so.1.0.0
7f7ac4dac000-7f7ac4e14000 r-xp 00000000 08:06 1708006                    /home/disclaimer/Escritorio/EngSw_Dilluns-Grup-C-NewMain/BasicGame/liblwjgl64.so
7f7ac4e14000-7f7ac5014000 ---p 00068000 08:06 1708006                    /home/disclaimer/Escritorio/EngSw_Dilluns-Grup-C-NewMain/BasicGame/liblwjgl64.so
7f7ac5014000-7f7ac5016000 r--p 00068000 08:06 1708006                    /home/disclaimer/Escritorio/EngSw_Dilluns-Grup-C-NewMain/BasicGame/liblwjgl64.so
7f7ac5016000-7f7ac5017000 rw-p 0006a000 08:06 1708006                    /home/disclaimer/Escritorio/EngSw_Dilluns-Grup-C-NewMain/BasicGame/liblwjgl64.so
7f7ac5017000-7f7ac5018000 r-xp 00000000 08:06 10493133                   /usr/lib/jvm/java-6-openjdk/jre/lib/amd64/libjawt.so
7f7ac5018000-7f7ac5217000 ---p 00001000 08:06 10493133                   /usr/lib/jvm/java-6-openjdk/jre/lib/amd64/libjawt.so
7f7ac5217000-7f7ac5218000 r--p 00000000 08:06 10493133                   /usr/lib/jvm/java-6-openjdk/jre/lib/amd64/libjawt.so
7f7ac5218000-7f7ac5219000 rw-p 00001000 08:06 10493133                   /usr/lib/jvm/java-6-openjdk/jre/lib/amd64/libjawt.so
7f7ac5219000-7f7ac5279000 rw-s 00000000 00:04 12353587                   /SYSV00000000 (deleted)
7f7ac5283000-7f7ac529e000 r--s 00000000 08:06 10622808                   /usr/share/mime/mime.cache
7f7ac529e000-7f7ac52a8000 r--p 00000000 08:06 133407                     /usr/share/icons/Humanity-Dark/icon-theme.cache
7f7ac52a8000-7f7ac52ae000 r--p 00000000 08:06 278958                     /usr/share/icons/ubuntu-mono-dark/icon-theme.cache
7f7ac52ae000-7f7ac52b1000 ---p 00000000 00:00 0 
7f7ac52b1000-7f7ac53af000 rw-p 00000000 00:00 0 
7f7ac53af000-7f7ac53b2000 ---p 00000000 00:00 0 
7f7ac53b2000-7f7ac54b0000 rw-p 00000000 00:00 0 
7f7ac54b0000-7f7ac54bb000 r-xp 00000000 08:06 11534513                   /lib/libudev.so.0.6.1
7f7ac54bb000-7f7ac56ba000 ---p 0000b000 08:06 11534513                   /lib/libudev.so.0.6.1
7f7ac56ba000-7f7ac56bb000 r--p 0000a000 08:06 11534513                   /lib/libudev.so.0.6.1
7f7ac56bb000-7f7ac56bc000 rw-p 0000b000 08:06 11534513                   /lib/libudev.so.0.6.1
7f7ac56bc000-7f7ac56e5000 r-xp 00000000 08:06 10230189                   /usr/lib/gio/modules/libgvfsdbus.so
7f7ac56e5000-7f7ac58e5000 ---p 00029000 08:06 10230189                   /usr/lib/gio/modules/libgvfsdbus.so
7f7ac58e5000-7f7ac58e6000 r--p 00029000 08:06 10230189                   /usr/lib/gio/modules/libgvfsdbus.so
7f7ac58e6000-7f7ac58e7000 rw-p 0002a000 08:06 10230189                   /usr/lib/gio/modules/libgvfsdbus.so
7f7ac58e7000-7f7ac58ff000 r-xp 00000000 08:06 10227010                   /usr/lib/libgvfscommon.so.0.0.0
7f7ac58ff000-7f7ac5afe000 ---p 00018000 08:06 10227010                   /usr/lib/libgvfscommon.so.0.0.0
7f7ac5afe000-7f7ac5aff000 r--p 00017000 08:06 10227010                   /usr/lib/libgvfscommon.so.0.0.0
7f7ac5aff000-7f7ac5b00000 rw-p 00018000 08:06 10227010                   /usr/lib/libgvfscommon.so.0.0.0
7f7ac5b00000-7f7ac5b14000 r-xp 00000000 08:06 10230188                   /usr/lib/gio/modules/libgioremote-volume-monitor.so
7f7ac5b14000-7f7ac5d13000 ---p 00014000 08:06 10230188                   /usr/lib/gio/modules/libgioremote-volume-monitor.so
7f7ac5d13000-7f7ac5d14000 r--p 00013000 08:06 10230188                   /usr/lib/gio/modules/libgioremote-volume-monitor.so
7f7ac5d14000-7f7ac5d15000 rw-p 00014000 08:06 10230188                   /usr/lib/gio/modules/libgioremote-volume-monitor.so
7f7ac5d15000-7f7ac5d52000 r-xp 00000000 08:06 11534393                   /lib/libdbus-1.so.3.4.0
7f7ac5d52000-7f7ac5f52000 ---p 0003d000 08:06 11534393                   /lib/libdbus-1.so.3.4.0
7f7ac5f52000-7f7ac5f53000 r--p 0003d000 08:06 11534393                   /lib/libdbus-1.so.3.4.0
7f7ac5f53000-7f7ac5f54000 rw-p 0003e000 08:06 11534393                   /lib/libdbus-1.so.3.4.0
7f7ac5f54000-7f7ac5f93000 r-xp 00000000 08:06 10227026                   /usr/lib/libibus.so.1.0.0
7f7ac5f93000-7f7ac6193000 ---p 0003f000 08:06 10227026                   /usr/lib/libibus.so.1.0.0
7f7ac6193000-7f7ac6195000 r--p 0003f000 08:06 10227026                   /usr/lib/libibus.so.1.0.0
7f7ac6195000-7f7ac6196000 rw-p 00041000 08:06 10227026                   /usr/lib/libibus.so.1.0.0
7f7ac6196000-7f7ac6197000 rw-p 00000000 00:00 0 
7f7ac6197000-7f7ac619c000 r-xp 00000000 08:06 10230634                   /usr/lib/gtk-2.0/2.10.0/immodules/im-ibus.so
7f7ac619c000-7f7ac639c000 ---p 00005000 08:06 10230634                   /usr/lib/gtk-2.0/2.10.0/immodules/im-ibus.so
7f7ac639c000-7f7ac639d000 r--p 00005000 08:06 10230634                   /usr/lib/gtk-2.0/2.10.0/immodules/im-ibus.so
7f7ac639d000-7f7ac639e000 rw-p 00006000 08:06 10230634                   /usr/lib/gtk-2.0/2.10.0/immodules/im-ibus.so
7f7ac639e000-7f7ac6436000 r--p 00000000 08:06 11144441                   /usr/share/fonts/truetype/ttf-dejavu/DejaVuSans.ttf
7f7ac6436000-7f7ac6438000 r-xp 00000000 08:06 10486760                   /usr/lib/pango/1.6.0/modules/pango-basic-fc.so
7f7ac6438000-7f7ac6637000 ---p 00002000 08:06 10486760                   /usr/lib/pango/1.6.0/modules/pango-basic-fc.so
7f7ac6637000-7f7ac6638000 r--p 00001000 08:06 10486760                   /usr/lib/pango/1.6.0/modules/pango-basic-fc.so
7f7ac6638000-7f7ac6639000 rw-p 00002000 08:06 10486760                   /usr/lib/pango/1.6.0/modules/pango-basic-fc.so
7f7ac6639000-7f7ac6641000 r-xp 00000000 08:06 10493136                   /usr/lib/jvm/java-6-openjdk/jre/lib/amd64/libnio.so
7f7ac6641000-7f7ac6840000 ---p 00008000 08:06 10493136                   /usr/lib/jvm/java-6-openjdk/jre/lib/amd64/libnio.so
7f7ac6840000-7f7ac6841000 r--p 00007000 08:06 10493136                   /usr/lib/jvm/java-6-openjdk/jre/lib/amd64/libnio.so
7f7ac6841000-7f7ac6842000 rw-p 00008000 08:06 10493136                   /usr/lib/jvm/java-6-openjdk/jre/lib/amd64/libnio.so
7f7ac6842000-7f7ac6857000 r-xp 00000000 08:06 10493124                   /usr/lib/jvm/java-6-openjdk/jre/lib/amd64/libnet.so
7f7ac6857000-7f7ac6a56000 ---p 00015000 08:06 10493124                   /usr/lib/jvm/java-6-openjdk/jre/lib/amd64/libnet.so
7f7ac6a56000-7f7ac6a57000 r--p 00014000 08:06 10493124                   /usr/lib/jvm/java-6-openjdk/jre/lib/amd64/libnet.so
7f7ac6a57000-7f7ac6a58000 rw-p 00015000 08:06 10493124                   /usr/lib/jvm/java-6-openjdk/jre/lib/amd64/libnet.so
7f7ac6a58000-7f7ac6a80000 r-xp 00000000 08:06 10230624                   /usr/lib/gtk-2.0/2.10.0/engines/libmurrine.so
7f7ac6a80000-7f7ac6c7f000 ---p 00028000 08:06 10230624                   /usr/lib/gtk-2.0/2.10.0/engines/libmurrine.so
7f7ac6c7f000-7f7ac6c80000 r--p 00027000 08:06 10230624                   /usr/lib/gtk-2.0/2.10.0/engines/libmurrine.so
7f7ac6c80000-7f7ac6c81000 rw-p 00028000 08:06 10230624                   /usr/lib/gtk-2.0/2.10.0/engines/libmurrine.so
7f7ac6c81000-7f7ac6c89000 r-xp 00000000 08:06 10227111                   /usr/lib/libltdl.so.7.2.1
7f7ac6c89000-7f7ac6e89000 ---p 00008000 08:06 10227111                   /usr/lib/libltdl.so.7.2.1
7f7ac6e89000-7f7ac6e8a000 r--p 00008000 08:06 10227111                   /usr/lib/libltdl.so.7.2.1
7f7ac6e8a000-7f7ac6e8b000 rw-p 00009000 08:06 10227111                   /usr/lib/libltdl.so.7.2.1
7f7ac6e8b000-7f7ac6e99000 r-xp 00000000 08:06 10227384                   /usr/lib/libtdb.so.1.2.0
7f7ac6e99000-7f7ac7098000 ---p 0000e000 08:06 10227384                   /usr/lib/libtdb.so.1.2.0
7f7ac7098000-7f7ac7099000 r--p 0000d000 08:06 10227384                   /usr/lib/libtdb.so.1.2.0
7f7ac7099000-7f7ac709a000 rw-p 0000e000 08:06 10227384                   /usr/lib/libtdb.so.1.2.0
7f7ac709a000-7f7ac70a0000 r-xp 00000000 08:06 10227194                   /usr/lib/libogg.so.0.6.0
7f7ac70a0000-7f7ac729f000 ---p 00006000 08:06 10227194                   /usr/lib/libogg.so.0.6.0
7f7ac729f000-7f7ac72a0000 r--p 00005000 08:06 10227194                   /usr/lib/libogg.so.0.6.0
7f7ac72a0000-7f7ac72a1000 rw-p 00006000 08:06 10227194                   /usr/lib/libogg.so.0.6.0
7f7ac72a1000-7f7ac72cd000 r-xp 00000000 08:06 10227435                   /usr/lib/libvorbis.so.0.4.3
7f7ac72cd000-7f7ac74cc000 ---p 0002c000 08:06 10227435                   /usr/lib/libvorbis.so.0.4.3
7f7ac74cc000-7f7ac74cd000 r--p 0002b000 08:06 10227435                   /usr/lib/libvorbis.so.0.4.3
7f7ac74cd000-7f7ac74ce000 rw-p 0002c000 08:06 10227435                   /usr/lib/libvorbis.so.0.4.3
7f7ac74ce000-7f7ac74d5000 r-xp 00000000 08:06 10227439                   /usr/lib/libvorbisfile.so.3.3.2
7f7ac74d5000-7f7ac76d4000 ---p 00007000 08:06 10227439                   /usr/lib/libvorbisfile.so.3.3.2
7f7ac76d4000-7f7ac76d5000 r--p 00006000 08:06 10227439                   /usr/lib/libvorbisfile.so.3.3.2
7f7ac76d5000-7f7ac76d6000 rw-p 00007000 08:06 10227439                   /usr/lib/libvorbisfile.so.3.3.2
7f7ac76d6000-7f7ac76e5000 r-xp 00000000 08:06 10226613                   /usr/lib/libcanberra.so.0.2.1
7f7ac76e5000-7f7ac78e4000 ---p 0000f000 08:06 10226613                   /usr/lib/libcanberra.so.0.2.1
7f7ac78e4000-7f7ac78e5000 r--p 0000e000 08:06 10226613                   /usr/lib/libcanberra.so.0.2.1
7f7ac78e5000-7f7ac78e6000 rw-p 0000f000 08:06 10226613                   /usr/lib/libcanberra.so.0.2.1
7f7ac78e6000-7f7ac78ea000 r-xp 00000000 08:06 10226611                   /usr/lib/libcanberra-gtk.so.0.1.5
7f7ac78ea000-7f7ac7ae9000 ---p 00004000 08:06 10226611                   /usr/lib/libcanberra-gtk.so.0.1.5
7f7ac7ae9000-7f7ac7aea000 r--p 00003000 08:06 10226611                   /usr/lib/libcanberra-gtk.so.0.1.5
7f7ac7aea000-7f7ac7aeb000 rw-p 00004000 08:06 10226611                   /usr/lib/libcanberra-gtk.so.0.1.5
7f7ac7aeb000-7f7ac7af0000 r-xp 00000000 08:06 10230670                   /usr/lib/gtk-2.0/modules/libcanberra-gtk-module.so
7f7ac7af0000-7f7ac7cef000 ---p 00005000 08:06 10230670                   /usr/lib/gtk-2.0/modules/libcanberra-gtk-module.so
7f7ac7cef000-7f7ac7cf0000 r--p 00004000 08:06 10230670                   /usr/lib/gtk-2.0/modules/libcanberra-gtk-module.so
7f7ac7cf0000-7f7ac7cf1000 rw-p 00005000 08:06 10230670                   /usr/lib/gtk-2.0/modules/libcanberra-gtk-module.so
7f7ac7cf1000-7f7ac7e0f000 r--p 00000000 08:06 10231304                   /usr/lib/locale/es_ES.utf8/LC_COLLATE
7f7ac7e0f000-7f7ac7e35000 r-xp 00000000 08:06 11534408                   /lib/libexpat.so.1.5.2
7f7ac7e35000-7f7ac8035000 ---p 00026000 08:06 11534408                   /lib/libexpat.so.1.5.2
7f7ac8035000-7f7ac8037000 r--p 00026000 08:06 11534408                   /lib/libexpat.so.1.5.2
7f7ac8037000-7f7ac8038000 rw-p 00028000 08:06 11534408                   /lib/libexpat.so.1.5.2
7f7ac8038000-7f7ac8054000 r-xp 00000000 08:06 11534497                   /lib/libselinux.so.1
7f7ac8054000-7f7ac8253000 ---p 0001c000 08:06 11534497                   /lib/libselinux.so.1
7f7ac8253000-7f7ac8254000 r--p 0001b000 08:06 11534497                   /lib/libselinux.so.1
7f7ac8254000-7f7ac8255000 rw-p 0001c000 08:06 11534497                   /lib/libselinux.so.1
7f7ac8255000-7f7ac8256000 rw-p 00000000 00:00 0 
7f7ac8256000-7f7ac826c000 r-xp 00000000 08:06 11534493                   /lib/libresolv-2.11.1.so
7f7ac826c000-7f7ac846b000 ---p 00016000 08:06 11534493                   /lib/libresolv-2.11.1.so
7f7ac846b000-7f7ac846c000 r--p 00015000 08:06 11534493                   /lib/libresolv-2.11.1.so
7f7ac846c000-7f7ac846d000 rw-p 00016000 08:06 11534493                   /lib/libresolv-2.11.1.so
7f7ac846d000-7f7ac846f000 rw-p 00000000 00:00 0 
7f7ac846f000-7f7ac849c000 r-xp 00000000 08:06 11534473                   /lib/libpcre.so.3.12.1
7f7ac849c000-7f7ac869b000 ---p 0002d000 08:06 11534473                   /lib/libpcre.so.3.12.1
7f7ac869b000-7f7ac869c000 r--p 0002c000 08:06 11534473                   /lib/libpcre.so.3.12.1
7f7ac869c000-7f7ac869d000 rw-p 0002d000 08:06 11534473                   /lib/libpcre.so.3.12.1
7f7ac869d000-7f7ac86a4000 r-xp 00000000 08:06 10227474                   /usr/lib/libxcb-render.so.0.0.0
7f7ac86a4000-7f7ac88a4000 ---p 00007000 08:06 10227474                   /usr/lib/libxcb-render.so.0.0.0
7f7ac88a4000-7f7ac88a5000 r--p 00007000 08:06 10227474                   /usr/lib/libxcb-render.so.0.0.0
7f7ac88a5000-7f7ac88a6000 rw-p 00008000 08:06 10227474                   /usr/lib/libxcb-render.so.0.0.0
7f7ac88a6000-7f7ac88a9000 r-xp 00000000 08:06 10227472                   /usr/lib/libxcb-render-util.so.0.0.0
7f7ac88a9000-7f7ac8aa8000 ---p 00003000 08:06 10227472                   /usr/lib/libxcb-render-util.so.0.0.0
7f7ac8aa8000-7f7ac8aa9000 r--p 00002000 08:06 10227472                   /usr/lib/libxcb-render-util.so.0.0.0
7f7ac8aa9000-7f7ac8aaa000 rw-p 00003000 08:06 10227472                   /usr/lib/libxcb-render-util.so.0.0.0
7f7ac8aaa000-7f7ac8acf000 r-xp 00000000 08:06 11534485                   /lib/libpng12.so.0.42.0
7f7ac8acf000-7f7ac8ccf000 ---p 00025000 08:06 11534485                   /lib/libpng12.so.0.42.0
7f7ac8ccf000-7f7ac8cd0000 r--p 00025000 08:06 11534485                   /lib/libpng12.so.0.42.0
7f7ac8cd0000-7f7ac8cd1000 rw-p 00026000 08:06 11534485                   /lib/libpng12.so.0.42.0
7f7ac8cd1000-7f7ac8ce8000 r-xp 00000000 08:06 10226697                   /usr/lib/libdirect-1.2.so.0.8.0
7f7ac8ce8000-7f7ac8ee7000 ---p 00017000 08:06 10226697                   /usr/lib/libdirect-1.2.so.0.8.0
7f7ac8ee7000-7f7ac8ee8000 r--p 00016000 08:06 10226697                   /usr/lib/libdirect-1.2.so.0.8.0
7f7ac8ee8000-7f7ac8ee9000 rw-p 00017000 08:06 10226697                   /usr/lib/libdirect-1.2.so.0.8.0
7f7ac8ee9000-7f7ac8eea000 rw-p 00000000 00:00 0 
7f7ac8eea000-7f7ac8ef3000 r-xp 00000000 08:06 10226774                   /usr/lib/libfusion-1.2.so.0.8.0
7f7ac8ef3000-7f7ac90f2000 ---p 00009000 08:06 10226774                   /usr/lib/libfusion-1.2.so.0.8.0
7f7ac90f2000-7f7ac90f3000 r--p 00008000 08:06 10226774                   /usr/lib/libfusion-1.2.so.0.8.0
7f7ac90f3000-7f7ac90f4000 rw-p 00009000 08:06 10226774                   /usr/lib/libfusion-1.2.so.0.8.0
7f7ac90f4000-7f7ac9173000 r-xp 00000000 08:06 10226699                   /usr/lib/libdirectfb-1.2.so.0.8.0
7f7ac9173000-7f7ac9372000 ---p 0007f000 08:06 10226699                   /usr/lib/libdirectfb-1.2.so.0.8.0
7f7ac9372000-7f7ac9374000 r--p 0007e000 08:06 10226699                   /usr/lib/libdirectfb-1.2.so.0.8.0
7f7ac9374000-7f7ac9376000 rw-p 00080000 08:06 10226699                   /usr/lib/libdirectfb-1.2.so.0.8.0
7f7ac9376000-7f7ac9377000 rw-p 00000000 00:00 0 
7f7ac9377000-7f7ac93cc000 r-xp 00000000 08:06 10227241                   /usr/lib/libpixman-1.so.0.16.4
7f7ac93cc000-7f7ac95cc000 ---p 00055000 08:06 10227241                   /usr/lib/libpixman-1.so.0.16.4
7f7ac95cc000-7f7ac95cf000 r--p 00055000 08:06 10227241                   /usr/lib/libpixman-1.so.0.16.4
7f7ac95cf000-7f7ac95d0000 rw-p 00058000 08:06 10227241                   /usr/lib/libpixman-1.so.0.16.4
7f7ac95d0000-7f7ac96ab000 r-xp 00000000 08:06 11534419                   /lib/libglib-2.0.so.0.2400.1
7f7ac96ab000-7f7ac98ab000 ---p 000db000 08:06 11534419                   /lib/libglib-2.0.so.0.2400.1
7f7ac98ab000-7f7ac98ac000 r--p 000db000 08:06 11534419                   /lib/libglib-2.0.so.0.2400.1
7f7ac98ac000-7f7ac98ad000 rw-p 000dc000 08:06 11534419                   /lib/libglib-2.0.so.0.2400.1
7f7ac98ad000-7f7ac98ae000 rw-p 00000000 00:00 0 
7f7ac98ae000-7f7ac98b2000 r-xp 00000000 08:06 10226961                   /usr/lib/libgthread-2.0.so.0.2400.1
7f7ac98b2000-7f7ac9ab1000 ---p 00004000 08:06 10226961                   /usr/lib/libgthread-2.0.so.0.2400.1
7f7ac9ab1000-7f7ac9ab2000 r--p 00003000 08:06 10226961                   /usr/lib/libgthread-2.0.so.0.2400.1
7f7ac9ab2000-7f7ac9ab3000 rw-p 00004000 08:06 10226961                   /usr/lib/libgthread-2.0.so.0.2400.1
7f7ac9ab3000-7f7ac9ab6000 r-xp 00000000 08:06 10226841                   /usr/lib/libgmodule-2.0.so.0.2400.1
7f7ac9ab6000-7f7ac9cb5000 ---p 00003000 08:06 10226841                   /usr/lib/libgmodule-2.0.so.0.2400.1
7f7ac9cb5000-7f7ac9cb6000 r--p 00002000 08:06 10226841                   /usr/lib/libgmodule-2.0.so.0.2400.1
7f7ac9cb6000-7f7ac9cb7000 rw-p 00003000 08:06 10226841                   /usr/lib/libgmodule-2.0.so.0.2400.1
7f7ac9cb7000-7f7ac9cfc000 r-xp 00000000 08:06 10226877                   /usr/lib/libgobject-2.0.so.0.2400.1
7f7ac9cfc000-7f7ac9efc000 ---p 00045000 08:06 10226877                   /usr/lib/libgobject-2.0.so.0.2400.1
7f7ac9efc000-7f7ac9efd000 r--p 00045000 08:06 10226877                   /usr/lib/libgobject-2.0.so.0.2400.1
7f7ac9efd000-7f7ac9efe000 rw-p 00046000 08:06 10226877                   /usr/lib/libgobject-2.0.so.0.2400.1
7f7ac9efe000-7f7ac9eff000 rw-p 00000000 00:00 0 
7f7ac9eff000-7f7ac9f32000 r-xp 00000000 08:06 10226762                   /usr/lib/libfontconfig.so.1.4.4
7f7ac9f32000-7f7aca132000 ---p 00033000 08:06 10226762                   /usr/lib/libfontconfig.so.1.4.4
7f7aca132000-7f7aca133000 r--p 00033000 08:06 10226762                   /usr/lib/libfontconfig.so.1.4.4
7f7aca133000-7f7aca134000 rw-p 00034000 08:06 10226762                   /usr/lib/libfontconfig.so.1.4.4
7f7aca134000-7f7aca17b000 r-xp 00000000 08:06 10227211                   /usr/lib/libpango-1.0.so.0.2800.0
7f7aca17b000-7f7aca37b000 ---p 00047000 08:06 10227211                   /usr/lib/libpango-1.0.so.0.2800.0
7f7aca37b000-7f7aca37d000 r--p 00047000 08:06 10227211                   /usr/lib/libpango-1.0.so.0.2800.0
7f7aca37d000-7f7aca37e000 rw-p 00049000 08:06 10227211                   /usr/lib/libpango-1.0.so.0.2800.0
7f7aca37e000-7f7aca3a6000 r-xp 00000000 08:06 10227215                   /usr/lib/libpangoft2-1.0.so.0.2800.0
7f7aca3a6000-7f7aca5a6000 ---p 00028000 08:06 10227215                   /usr/lib/libpangoft2-1.0.so.0.2800.0
7f7aca5a6000-7f7aca5a7000 r--p 00028000 08:06 10227215                   /usr/lib/libpangoft2-1.0.so.0.2800.0
7f7aca5a7000-7f7aca5a8000 rw-p 00029000 08:06 10227215                   /usr/lib/libpangoft2-1.0.so.0.2800.0
7f7aca5a8000-7f7aca657000 r-xp 00000000 08:06 10226823                   /usr/lib/libgio-2.0.so.0.2400.1
7f7aca657000-7f7aca856000 ---p 000af000 08:06 10226823                   /usr/lib/libgio-2.0.so.0.2400.1
7f7aca856000-7f7aca858000 r--p 000ae000 08:06 10226823                   /usr/lib/libgio-2.0.so.0.2400.1
7f7aca858000-7f7aca85a000 rw-p 000b0000 08:06 10226823                   /usr/lib/libgio-2.0.so.0.2400.1
7f7aca85a000-7f7aca85b000 rw-p 00000000 00:00 0 
7f7aca85b000-7f7aca8da000 r-xp 00000000 08:06 10226603                   /usr/lib/libcairo.so.2.10800.10
7f7aca8da000-7f7acaada000 ---p 0007f000 08:06 10226603                   /usr/lib/libcairo.so.2.10800.10
7f7acaada000-7f7acaadc000 r--p 0007f000 08:06 10226603                   /usr/lib/libcairo.so.2.10800.10
7f7acaadc000-7f7acaadd000 rw-p 00081000 08:06 10226603                   /usr/lib/libcairo.so.2.10800.10
7f7acaadd000-7f7acaade000 rw-p 00000000 00:00 0 
7f7acaade000-7f7acaafc000 r-xp 00000000 08:06 10226556                   /usr/lib/libatk-1.0.so.0.3009.1
7f7acaafc000-7f7acacfc000 ---p 0001e000 08:06 10226556                   /usr/lib/libatk-1.0.so.0.3009.1
7f7acacfc000-7f7acacfe000 r--p 0001e000 08:06 10226556                   /usr/lib/libatk-1.0.so.0.3009.1
7f7acacfe000-7f7acacff000 rw-p 00020000 08:06 10226556                   /usr/lib/libatk-1.0.so.0.3009.1
7f7acacff000-7f7acad01000 r-xp 00000000 08:06 10226479                   /usr/lib/libXdamage.so.1.1.0
7f7acad01000-7f7acaf00000 ---p 00002000 08:06 10226479                   /usr/lib/libXdamage.so.1.1.0
7f7acaf00000-7f7acaf01000 r--p 00001000 08:06 10226479                   /usr/lib/libXdamage.so.1.1.0
7f7acaf01000-7f7acaf02000 rw-p 00002000 08:06 10226479                   /usr/lib/libXdamage.so.1.1.0
7f7acaf02000-7f7acaf04000 r-xp 00000000 08:06 10226475                   /usr/lib/libXcomposite.so.1.0.0
7f7acaf04000-7f7acb103000 ---p 00002000 08:06 10226475                   /usr/lib/libXcomposite.so.1.0.0
7f7acb103000-7f7acb104000 r--p 00001000 08:06 10226475                   /usr/lib/libXcomposite.so.1.0.0
7f7acb104000-7f7acb105000 rw-p 00002000 08:06 10226475                   /usr/lib/libXcomposite.so.1.0.0
7f7acb105000-7f7acb110000 r-xp 00000000 08:06 10227213                   /usr/lib/libpangocairo-1.0.so.0.2800.0
7f7acb110000-7f7acb310000 ---p 0000b000 08:06 10227213                   /usr/lib/libpangocairo-1.0.so.0.2800.0
7f7acb310000-7f7acb311000 r--p 0000b000 08:06 10227213                   /usr/lib/libpangocairo-1.0.so.0.2800.0
7f7acb311000-7f7acb312000 rw-p 0000c000 08:06 10227213                   /usr/lib/libpangocairo-1.0.so.0.2800.0
7f7acb312000-7f7acb32d000 r-xp 00000000 08:06 10226810                   /usr/lib/libgdk_pixbuf-2.0.so.0.2000.1
7f7acb32d000-7f7acb52c000 ---p 0001b000 08:06 10226810                   /usr/lib/libgdk_pixbuf-2.0.so.0.2000.1
7f7acb52c000-7f7acb52d000 r--p 0001a000 08:06 10226810                   /usr/lib/libgdk_pixbuf-2.0.so.0.2000.1
7f7acb52d000-7f7acb52e000 rw-p 0001b000 08:06 10226810                   /usr/lib/libgdk_pixbuf-2.0.so.0.2000.1
7f7acb52e000-7f7acb530000 r-xp 00000000 08:06 10226493                   /usr/lib/libXinerama.so.1.0.0
7f7acb530000-7f7acb72f000 ---p 00002000 08:06 10226493                   /usr/lib/libXinerama.so.1.0.0
7f7acb72f000-7f7acb730000 r--p 00001000 08:06 10226493                   /usr/lib/libXinerama.so.1.0.0
7f7acb730000-7f7acb731000 rw-p 00002000 08:06 10226493                   /usr/lib/libXinerama.so.1.0.0
7f7acb731000-7f7acb7d9000 r-xp 00000000 08:06 10226808                   /usr/lib/libgdk-x11-2.0.so.0.2000.1
7f7acb7d9000-7f7acb9d8000 ---p 000a8000 08:06 10226808                   /usr/lib/libgdk-x11-2.0.so.0.2000.1
7f7acb9d8000-7f7acb9dc000 r--p 000a7000 08:06 10226808                   /usr/lib/libgdk-x11-2.0.so.0.2000.1
7f7acb9dc000-7f7acb9de000 rw-p 000ab000 08:06 10226808                   /usr/lib/libgdk-x11-2.0.so.0.2000.1
7f7acb9de000-7f7acbdf3000 r-xp 00000000 08:06 10226965                   /usr/lib/libgtk-x11-2.0.so.0.2000.1
7f7acbdf3000-7f7acbff3000 ---p 00415000 08:06 10226965                   /usr/lib/libgtk-x11-2.0.so.0.2000.1
7f7acbff3000-7f7acbffa000 r--p 00415000 08:06 10226965                   /usr/lib/libgtk-x11-2.0.so.0.2000.1
7f7acbffa000-7f7acbffe000 rw-p 0041c000 08:06 10226965                   /usr/lib/libgtk-x11-2.0.so.0.2000.1
7f7acbffe000-7f7acc000000 rw-p 00000000 00:00 0 
7f7acc000000-7f7acd604000 rw-p 00000000 00:00 0 
7f7acd604000-7f7ad0000000 ---p 00000000 00:00 0 
7f7ad0000000-7f7ad0008000 r-xp 00000000 08:06 10226503                   /usr/lib/libXrandr.so.2.2.0
7f7ad0008000-7f7ad0207000 ---p 00008000 08:06 10226503                   /usr/lib/libXrandr.so.2.2.0
7f7ad0207000-7f7ad0208000 r--p 00007000 08:06 10226503                   /usr/lib/libXrandr.so.2.2.0
7f7ad0208000-7f7ad0209000 rw-p 00008000 08:06 10226503                   /usr/lib/libXrandr.so.2.2.0
7f7ad0209000-7f7ad020c000 ---p 00000000 00:00 0 
7f7ad020c000-7f7ad030a000 rw-p 00000000 00:00 0 
7f7ad030a000-7f7ad030d000 ---p 00000000 00:00 0 
7f7ad030d000-7f7ad040b000 rw-p 00000000 00:00 0 
7f7ad040b000-7f7ad040e000 ---p 00000000 00:00 0 
7f7ad040e000-7f7ad050c000 rw-p 00000000 00:00 0 
7f7ad050c000-7f7ad0511000 r-xp 00000000 08:06 10226485                   /usr/lib/libXfixes.so.3.1.0
7f7ad0511000-7f7ad0710000 ---p 00005000 08:06 10226485                   /usr/lib/libXfixes.so.3.1.0
7f7ad0710000-7f7ad0711000 r--p 00004000 08:06 10226485                   /usr/lib/libXfixes.so.3.1.0
7f7ad0711000-7f7ad0712000 rw-p 00005000 08:06 10226485                   /usr/lib/libXfixes.so.3.1.0
7f7ad0712000-7f7ad0713000 r--s 00000000 08:06 3940054                    /var/cache/fontconfig/c05880de57d1f5e948fdfacc138775d9-le64.cache-3
7f7ad0713000-7f7ad071c000 r--s 00000000 08:06 3940048                    /var/cache/fontconfig/945677eb7aeaf62f1d50efc3fb3ec7d8-le64.cache-3
7f7ad071c000-7f7ad071e000 r--s 00000000 08:06 3940052                    /var/cache/fontconfig/99e8ed0e538f840c565b6ed5dad60d56-le64.cache-3
7f7ad071e000-7f7ad0721000 r--s 00000000 08:06 3940051                    /var/cache/fontconfig/e383d7ea5fbe662a33d9b44caf393297-le64.cache-3
7f7ad0721000-7f7ad0722000 r--s 00000000 08:06 3940030                    /var/cache/fontconfig/e7071f4a29fa870f4323321c154eba04-le64.cache-3
7f7ad0722000-7f7ad0723000 r--s 00000000 08:06 3940028                    /var/cache/fontconfig/b6fa9421f6700638fe50130b224ed2b7-le64.cache-3
7f7ad0723000-7f7ad0727000 r--s 00000000 08:06 3940013                    /var/cache/fontconfig/6eb3985aa4124903f6ff08ba781cd364-le64.cache-3
7f7ad0727000-7f7ad0728000 r--s 00000000 08:06 3939939                    /var/cache/fontconfig/4c73fe0c47614734b17d736dbde7580a-le64.cache-3
7f7ad0728000-7f7ad0729000 r--s 00000000 08:06 3939722                    /var/cache/fontconfig/0d8c3b2ac0904cb8a57a757ad11a4a08-le64.cache-3
7f7ad0729000-7f7ad072a000 r--s 00000000 08:06 3939439                    /var/cache/fontconfig/6a53c69dea097a2d716e069445527da8-le64.cache-3
7f7ad072a000-7f7ad0730000 r--s 00000000 08:06 3939320                    /var/cache/fontconfig/a755afe4a08bf5b97852ceb7400b47bc-le64.cache-3
7f7ad0730000-7f7ad0732000 r--s 00000000 08:06 3939305                    /var/cache/fontconfig/81cda67e8be65ec12c33ffdbc3c0aede-le64.cache-3
7f7ad0732000-7f7ad073b000 r--s 00000000 08:06 3939227                    /var/cache/fontconfig/6d41288fd70b0be22e8c3a91e032eec0-le64.cache-3
7f7ad073b000-7f7ad074b000 r--s 00000000 08:06 3939143                    /var/cache/fontconfig/0f34bcd4b6ee430af32735b75db7f02b-le64.cache-3
7f7ad074b000-7f7ad074e000 r--s 00000000 08:06 3939000                    /var/cache/fontconfig/d60319d88cac85ba9e1a07bd06cfbb8c-le64.cache-3
7f7ad074e000-7f7ad074f000 r--s 00000000 08:06 3938691                    /var/cache/fontconfig/4794a0821666d79190d59a36cb4f44b5-le64.cache-3
7f7ad0753000-7f7ad0761000 r--p 00000000 08:06 11668834                   /usr/share/locale-langpack/es/LC_MESSAGES/pulseaudio.mo
7f7ad0761000-7f7ad0762000 rw-s 00005000 00:05 4791                       /dev/ati/card0
7f7ad0762000-7f7ad0782000 rw-s fdcc0000 00:05 4791                       /dev/ati/card0
7f7ad0782000-7f7ad0784000 rw-s 00002000 00:05 4791                       /dev/ati/card0
7f7ad0784000-7f7ad0787000 r--s 00077000 08:06 10358814                   /usr/lib/jvm/java-6-openjdk/jre/lib/ext/localedata.jar
7f7ad0787000-7f7ad0788000 r--s 00000000 08:06 3940054                    /var/cache/fontconfig/c05880de57d1f5e948fdfacc138775d9-le64.cache-3
7f7ad0788000-7f7ad0791000 r--s 00000000 08:06 3940048                    /var/cache/fontconfig/945677eb7aeaf62f1d50efc3fb3ec7d8-le64.cache-3
7f7ad0791000-7f7ad0793000 r--s 00000000 08:06 3940052                    /var/cache/fontconfig/99e8ed0e538f840c565b6ed5dad60d56-le64.cache-3
7f7ad0793000-7f7ad0796000 r--s 00000000 08:06 3940051                    /var/cache/fontconfig/e383d7ea5fbe662a33d9b44caf393297-le64.cache-3
7f7ad0796000-7f7ad0797000 r--s 00000000 08:06 3940030                    /var/cache/fontconfig/e7071f4a29fa870f4323321c154eba04-le64.cache-3
7f7ad0797000-7f7ad0798000 r--s 00000000 08:06 3940028                    /var/cache/fontconfig/b6fa9421f6700638fe50130b224ed2b7-le64.cache-3
7f7ad0798000-7f7ad079c000 r--s 00000000 08:06 3940013                    /var/cache/fontconfig/6eb3985aa4124903f6ff08ba781cd364-le64.cache-3
7f7ad079c000-7f7ad079d000 r--s 00000000 08:06 3939939                    /var/cache/fontconfig/4c73fe0c47614734b17d736dbde7580a-le64.cache-3
7f7ad079d000-7f7ad079e000 r--s 00000000 08:06 3939722                    /var/cache/fontconfig/0d8c3b2ac0904cb8a57a757ad11a4a08-le64.cache-3
7f7ad079e000-7f7ad079f000 r--s 00000000 08:06 3939439                    /var/cache/fontconfig/6a53c69dea097a2d716e069445527da8-le64.cache-3
7f7ad079f000-7f7ad07a5000 r--s 00000000 08:06 3939320                    /var/cache/fontconfig/a755afe4a08bf5b97852ceb7400b47bc-le64.cache-3
7f7ad07a5000-7f7ad07ae000 r--s 00000000 08:06 3939227                    /var/cache/fontconfig/6d41288fd70b0be22e8c3a91e032eec0-le64.cache-3
7f7ad07ae000-7f7ad07be000 r--s 00000000 08:06 3939143                    /var/cache/fontconfig/0f34bcd4b6ee430af32735b75db7f02b-le64.cache-3
7f7ad07be000-7f7ad07c8000 r--s 00000000 08:06 3938196                    /var/cache/fontconfig/d52a8644073d54c13679302ca1180695-le64.cache-3
7f7ad07c8000-7f7ad07eb000 r--p 00000000 08:06 11668741                   /usr/share/locale-langpack/es/LC_MESSAGES/libc.mo
7f7ad07eb000-7f7ad0815000 r--p 00000000 08:06 11668695                   /usr/share/locale-langpack/es/LC_MESSAGES/gtk20-properties.mo
7f7ad0815000-7f7ad0829000 r--p 00000000 08:06 11668696                   /usr/share/locale-langpack/es/LC_MESSAGES/gtk20.mo
7f7ad0829000-7f7ad082c000 ---p 00000000 00:00 0 
7f7ad082c000-7f7ad092a000 rw-p 00000000 00:00 0 
7f7ad092a000-7f7ad092b000 r--s 00000000 08:06 3940054                    /var/cache/fontconfig/c05880de57d1f5e948fdfacc138775d9-le64.cache-3
7f7ad092b000-7f7ad0934000 r--s 00000000 08:06 3940048                    /var/cache/fontconfig/945677eb7aeaf62f1d50efc3fb3ec7d8-le64.cache-3
7f7ad0934000-7f7ad0936000 r--s 00000000 08:06 3940052                    /var/cache/fontconfig/99e8ed0e538f840c565b6ed5dad60d56-le64.cache-3
7f7ad0936000-7f7ad0939000 r--s 00000000 08:06 3940051                    /var/cache/fontconfig/e383d7ea5fbe662a33d9b44caf393297-le64.cache-3
7f7ad0939000-7f7ad093a000 r--s 00000000 08:06 3940030                    /var/cache/fontconfig/e7071f4a29fa870f4323321c154eba04-le64.cache-3
7f7ad093a000-7f7ad093b000 r--s 00000000 08:06 3940028                    /var/cache/fontconfig/b6fa9421f6700638fe50130b224ed2b7-le64.cache-3
7f7ad093b000-7f7ad093f000 r--s 00000000 08:06 3940013                    /var/cache/fontconfig/6eb3985aa4124903f6ff08ba781cd364-le64.cache-3
7f7ad093f000-7f7ad0940000 r--s 00000000 08:06 3939939                    /var/cache/fontconfig/4c73fe0c47614734b17d736dbde7580a-le64.cache-3
7f7ad0940000-7f7ad0941000 r--s 00000000 08:06 3939722                    /var/cache/fontconfig/0d8c3b2ac0904cb8a57a757ad11a4a08-le64.cache-3
7f7ad0941000-7f7ad0942000 r--s 00000000 08:06 3939439                    /var/cache/fontconfig/6a53c69dea097a2d716e069445527da8-le64.cache-3
7f7ad0942000-7f7ad0948000 r--s 00000000 08:06 3939320                    /var/cache/fontconfig/a755afe4a08bf5b97852ceb7400b47bc-le64.cache-3
7f7ad0948000-7f7ad094a000 r--s 00000000 08:06 3939305                    /var/cache/fontconfig/81cda67e8be65ec12c33ffdbc3c0aede-le64.cache-3
7f7ad094a000-7f7ad0953000 r--s 00000000 08:06 3939227                    /var/cache/fontconfig/6d41288fd70b0be22e8c3a91e032eec0-le64.cache-3
7f7ad0953000-7f7ad0963000 r--s 00000000 08:06 3939143                    /var/cache/fontconfig/0f34bcd4b6ee430af32735b75db7f02b-le64.cache-3
7f7ad0963000-7f7ad0966000 r--s 00000000 08:06 3939000                    /var/cache/fontconfig/d60319d88cac85ba9e1a07bd06cfbb8c-le64.cache-3
7f7ad0966000-7f7ad0967000 r--s 00000000 08:06 3938691                    /var/cache/fontconfig/4794a0821666d79190d59a36cb4f44b5-le64.cache-3
7f7ad0968000-7f7ad096a000 r--s 00000000 08:06 3939305                    /var/cache/fontconfig/81cda67e8be65ec12c33ffdbc3c0aede-le64.cache-3
7f7ad096a000-7f7ad096d000 r--s 00000000 08:06 3939000                    /var/cache/fontconfig/d60319d88cac85ba9e1a07bd06cfbb8c-le64.cache-3
7f7ad096d000-7f7ad096e000 r--s 00000000 08:06 3938691                    /var/cache/fontconfig/4794a0821666d79190d59a36cb4f44b5-le64.cache-3
7f7ad096e000-7f7ad097a000 r--p 00000000 08:06 11668653                   /usr/share/locale-langpack/es/LC_MESSAGES/glib20.mo
7f7ad097a000-7f7ad0983000 r-xp 00000000 08:06 10226477                   /usr/lib/libXcursor.so.1.0.2
7f7ad0983000-7f7ad0b82000 ---p 00009000 08:06 10226477                   /usr/lib/libXcursor.so.1.0.2
7f7ad0b82000-7f7ad0b83000 r--p 00008000 08:06 10226477                   /usr/lib/libXcursor.so.1.0.2
7f7ad0b83000-7f7ad0b84000 rw-p 00009000 08:06 10226477                   /usr/lib/libXcursor.so.1.0.2
7f7ad0b84000-7f7ad0b87000 r--s 00000000 08:06 3934102                    /var/cache/fontconfig/e13b20fdb08344e0e664864cc2ede53d-le64.cache-3
7f7ad0b87000-7f7ad0b8b000 r--s 00000000 08:06 3932234                    /var/cache/fontconfig/7ef2298fde41cc6eeb7af42e48b7d293-le64.cache-3
7f7ad0b8b000-7f7ad0b8c000 r--p 00000000 08:06 10231310                   /usr/lib/locale/es_ES.utf8/LC_NUMERIC
7f7ad0b8c000-7f7ad0b8d000 r--p 00000000 08:06 10233427                   /usr/lib/locale/es_ES.utf8/LC_TIME
7f7ad0b8d000-7f7ad0b8e000 r--p 00000000 08:06 10231517                   /usr/lib/locale/es_ES.utf8/LC_MONETARY
7f7ad0b8e000-7f7ad0b8f000 r--p 00000000 08:06 10354710                   /usr/lib/locale/es_ES.utf8/LC_MESSAGES/SYS_LC_MESSAGES
7f7ad0b8f000-7f7ad0b90000 r--p 00000000 08:06 10231432                   /usr/lib/locale/es_ES.utf8/LC_PAPER
7f7ad0b90000-7f7ad0b91000 r--p 00000000 08:06 10231309                   /usr/lib/locale/es_ES.utf8/LC_NAME
7f7ad0b91000-7f7ad0b92000 r--p 00000000 08:06 10233428                   /usr/lib/locale/es_ES.utf8/LC_ADDRESS
7f7ad0b92000-7f7ad0b93000 r--p 00000000 08:06 10233429                   /usr/lib/locale/es_ES.utf8/LC_TELEPHONE
7f7ad0b93000-7f7ad0b94000 r--p 00000000 08:06 10231230                   /usr/lib/locale/es_ES.utf8/LC_MEASUREMENT
7f7ad0b94000-7f7ad0b95000 r--p 00000000 08:06 10233430                   /usr/lib/locale/es_ES.utf8/LC_IDENTIFICATION
7f7ad0b95000-7f7ad0b9c000 r--s 000fb000 08:06 10358815                   /usr/lib/jvm/java-6-openjdk/jre/lib/resources.jar
7f7ad0b9c000-7f7ad0ba6000 r--s 00000000 08:06 3938196                    /var/cache/fontconfig/d52a8644073d54c13679302ca1180695-le64.cache-3
7f7ad0ba6000-7f7ad0ba9000 r--s 00000000 08:06 3934102                    /var/cache/fontconfig/e13b20fdb08344e0e664864cc2ede53d-le64.cache-3
7f7ad0ba9000-7f7ad0bad000 r--s 00000000 08:06 3932234                    /var/cache/fontconfig/7ef2298fde41cc6eeb7af42e48b7d293-le64.cache-3
7f7ad0bad000-7f7ad0bb0000 ---p 00000000 00:00 0 
7f7ad0bb0000-7f7ad0cae000 rw-p 00000000 00:00 0 
7f7ad0cae000-7f7ad0d2e000 r-xp 00000000 08:06 10226770                   /usr/lib/libfreetype.so.6.3.22
7f7ad0d2e000-7f7ad0f2e000 ---p 00080000 08:06 10226770                   /usr/lib/libfreetype.so.6.3.22
7f7ad0f2e000-7f7ad0f33000 r--p 00080000 08:06 10226770                   /usr/lib/libfreetype.so.6.3.22
7f7ad0f33000-7f7ad0f34000 rw-p 00085000 08:06 10226770                   /usr/lib/libfreetype.so.6.3.22
7f7ad0f34000-7f7ad0f6f000 r-xp 00000000 08:06 10493108                   /usr/lib/jvm/java-6-openjdk/jre/lib/amd64/libfontmanager.so
7f7ad0f6f000-7f7ad116f000 ---p 0003b000 08:06 10493108                   /usr/lib/jvm/java-6-openjdk/jre/lib/amd64/libfontmanager.so
7f7ad116f000-7f7ad1171000 r--p 0003b000 08:06 10493108                   /usr/lib/jvm/java-6-openjdk/jre/lib/amd64/libfontmanager.so
7f7ad1171000-7f7ad1172000 rw-p 0003d000 08:06 10493108                   /usr/lib/jvm/java-6-openjdk/jre/lib/amd64/libfontmanager.so
7f7ad1172000-7f7ad1177000 r-xp 00000000 08:06 10226481                   /usr/lib/libXdmcp.so.6.0.0
7f7ad1177000-7f7ad1376000 ---p 00005000 08:06 10226481                   /usr/lib/libXdmcp.so.6.0.0
7f7ad1376000-7f7ad1377000 r--p 00004000 08:06 10226481                   /usr/lib/libXdmcp.so.6.0.0
7f7ad1377000-7f7ad1378000 rw-p 00005000 08:06 10226481                   /usr/lib/libXdmcp.so.6.0.0
7f7ad1378000-7f7ad137a000 r-xp 00000000 08:06 10226470                   /usr/lib/libXau.so.6.0.0
7f7ad137a000-7f7ad157a000 ---p 00002000 08:06 10226470                   /usr/lib/libXau.so.6.0.0
7f7ad157a000-7f7ad157b000 r--p 00002000 08:06 10226470                   /usr/lib/libXau.so.6.0.0
7f7ad157b000-7f7ad157c000 rw-p 00003000 08:06 10226470                   /usr/lib/libXau.so.6.0.0
7f7ad157c000-7f7ad1597000 r-xp 00000000 08:06 10227476                   /usr/lib/libxcb.so.1.1.0
7f7ad1597000-7f7ad1796000 ---p 0001b000 08:06 10227476                   /usr/lib/libxcb.so.1.1.0
7f7ad1796000-7f7ad1797000 r--p 0001a000 08:06 10227476                   /usr/lib/libxcb.so.1.1.0
7f7ad1797000-7f7ad1798000 rw-p 0001b000 08:06 10227476                   /usr/lib/libxcb.so.1.1.0
7f7ad1798000-7f7ad17a7000 r-xp 00000000 08:06 10226491                   /usr/lib/libXi.so.6.1.0
7f7ad17a7000-7f7ad19a6000 ---p 0000f000 08:06 10226491                   /usr/lib/libXi.so.6.1.0
7f7ad19a6000-7f7ad19a7000 r--p 0000e000 08:06 10226491                   /usr/lib/libXi.so.6.1.0
7f7ad19a7000-7f7ad19a8000 rw-p 0000f000 08:06 10226491                   /usr/lib/libXi.so.6.1.0
7f7ad19a8000-7f7ad19ad000 r-xp 00000000 08:06 10226511                   /usr/lib/libXtst.so.6.1.0
7f7ad19ad000-7f7ad1bad000 ---p 00005000 08:06 10226511                   /usr/lib/libXtst.so.6.1.0
7f7ad1bad000-7f7ad1bae000 r--p 00005000 08:06 10226511                   /usr/lib/libXtst.so.6.1.0
7f7ad1bae000-7f7ad1baf000 rw-p 00006000 08:06 10226511                   /usr/lib/libXtst.so.6.1.0
7f7ad1baf000-7f7ad1bb8000 r-xp 00000000 08:06 10226505                   /usr/lib/libXrender.so.1.3.0
7f7ad1bb8000-7f7ad1db7000 ---p 00009000 08:06 10226505                   /usr/lib/libXrender.so.1.3.0
7f7ad1db7000-7f7ad1db8000 r--p 00008000 08:06 10226505                   /usr/lib/libXrender.so.1.3.0
7f7ad1db8000-7f7ad1db9000 rw-p 00009000 08:06 10226505                   /usr/lib/libXrender.so.1.3.0
7f7ad1db9000-7f7ad1eea000 r-xp 00000000 08:06 10226466                   /usr/lib/libX11.so.6.3.0
7f7ad1eea000-7f7ad20ea000 ---p 00131000 08:06 10226466                   /usr/lib/libX11.so.6.3.0
7f7ad20ea000-7f7ad20eb000 r--p 00131000 08:06 10226466                   /usr/lib/libX11.so.6.3.0
7f7ad20eb000-7f7ad20ef000 rw-p 00132000 08:06 10226466                   /usr/lib/libX11.so.6.3.0
7f7ad20ef000-7f7ad2100000 r-xp 00000000 08:06 10226483                   /usr/lib/libXext.so.6.4.0
7f7ad2100000-7f7ad22ff000 ---p 00011000 08:06 10226483                   /usr/lib/libXext.so.6.4.0
7f7ad22ff000-7f7ad2300000 r--p 00010000 08:06 10226483                   /usr/lib/libXext.so.6.4.0
7f7ad2300000-7f7ad2301000 rw-p 00011000 08:06 10226483                   /usr/lib/libXext.so.6.4.0
7f7ad2301000-7f7ad230b000 r--s 00000000 08:06 3938196                    /var/cache/fontconfig/d52a8644073d54c13679302ca1180695-le64.cache-3
7f7ad230b000-7f7ad230e000 r--s 00000000 08:06 3934102                    /var/cache/fontconfig/e13b20fdb08344e0e664864cc2ede53d-le64.cache-3
7f7ad230e000-7f7ad2312000 r--s 00000000 08:06 3932234                    /var/cache/fontconfig/7ef2298fde41cc6eeb7af42e48b7d293-le64.cache-3
7f7ad2312000-7f7ad235e000 r-xp 00000000 08:06 10758786                   /usr/lib/jvm/java-6-openjdk/jre/lib/amd64/xawt/libmawt.so
7f7ad235e000-7f7ad255e000 ---p 0004c000 08:06 10758786                   /usr/lib/jvm/java-6-openjdk/jre/lib/amd64/xawt/libmawt.so
7f7ad255e000-7f7ad255f000 r--p 0004c000 08:06 10758786                   /usr/lib/jvm/java-6-openjdk/jre/lib/amd64/xawt/libmawt.so
7f7ad255f000-7f7ad2562000 rw-p 0004d000 08:06 10758786                   /usr/lib/jvm/java-6-openjdk/jre/lib/amd64/xawt/libmawt.so
7f7ad2562000-7f7ad2563000 rw-p 00000000 00:00 0 
7f7ad2563000-7f7ad260d000 r-xp 00000000 08:06 10493115                   /usr/lib/jvm/java-6-openjdk/jre/lib/amd64/libawt.so
7f7ad260d000-7f7ad280c000 ---p 000aa000 08:06 10493115                   /usr/lib/jvm/java-6-openjdk/jre/lib/amd64/libawt.so
7f7ad280c000-7f7ad280d000 r--p 000a9000 08:06 10493115                   /usr/lib/jvm/java-6-openjdk/jre/lib/amd64/libawt.so
7f7ad280d000-7f7ad2818000 rw-p 000aa000 08:06 10493115                   /usr/lib/jvm/java-6-openjdk/jre/lib/amd64/libawt.so
7f7ad2818000-7f7ad283d000 rw-p 00000000 00:00 0 
7f7ad283d000-7f7ad2840000 r--s 0007d000 08:06 10358792                   /usr/lib/jvm/java-6-openjdk/jre/lib/jsse.jar
7f7ad2840000-7f7ad2846000 r--s 02646000 08:06 1573848                    /home/disclaimer/jmonkeyplatform/jmonkeyplatform/libs/jME3-testdata.jar
7f7ad2846000-7f7ad2849000 r--s 0001a000 08:06 1573873                    /home/disclaimer/jmonkeyplatform/jmonkeyplatform/libs/xmlpull-xpp3.jar
7f7ad2849000-7f7ad284b000 r--s 00012000 08:06 1573939                    /home/disclaimer/jmonkeyplatform/jmonkeyplatform/libs/eventbus.jar
7f7ad284b000-7f7ad284e000 r--s 0000f000 08:06 1573761                    /home/disclaimer/jmonkeyplatform/jmonkeyplatform/libs/nifty-style-black.jar
7f7ad284e000-7f7ad2856000 r--s 00033000 08:06 1573628                    /home/disclaimer/jmonkeyplatform/jmonkeyplatform/libs/nifty-default-controls.jar
7f7ad2856000-7f7ad2860000 r--s 0006c000 08:06 1573970                    /home/disclaimer/jmonkeyplatform/jmonkeyplatform/libs/nifty.jar
7f7ad2860000-7f7ad2861000 r--s 00005000 08:06 1573843                    /home/disclaimer/jmonkeyplatform/jmonkeyplatform/libs/jME3-niftygui.jar
7f7ad2861000-7f7ad2862000 r--s 0000b000 08:06 1573893                    /home/disclaimer/jmonkeyplatform/jmonkeyplatform/libs/stack-alloc.jar
7f7ad2862000-7f7ad2864000 r--s 0003c000 08:06 1573950                    /home/disclaimer/jmonkeyplatform/jmonkeyplatform/libs/vecmath.jar
7f7ad2864000-7f7ad286e000 r--s 00079000 08:06 1573945                    /home/disclaimer/jmonkeyplatform/jmonkeyplatform/libs/jbullet.jar
7f7ad286e000-7f7ad2871000 r--s 00020000 08:06 1573865                    /home/disclaimer/jmonkeyplatform/jmonkeyplatform/libs/jME3-jbullet.jar
7f7ad2871000-7f7ad287e000 r--s 000d6000 08:06 1573972                    /home/disclaimer/jmonkeyplatform/jmonkeyplatform/libs/lwjgl.jar
7f7ad287e000-7f7ad2882000 r--s 00030000 08:06 1573963                    /home/disclaimer/jmonkeyplatform/jmonkeyplatform/libs/jinput.jar
7f7ad2882000-7f7ad2883000 ---p 00000000 00:00 0 
7f7ad2883000-7f7ad2983000 rw-p 00000000 00:00 0 
7f7ad2983000-7f7ad2986000 ---p 00000000 00:00 0 
7f7ad2986000-7f7ad2a84000 rw-p 00000000 00:00 0 
7f7ad2a84000-7f7ad2a87000 ---p 00000000 00:00 0 
7f7ad2a87000-7f7ad2b85000 rw-p 00000000 00:00 0 
7f7ad2b85000-7f7ad2b88000 ---p 00000000 00:00 0 
7f7ad2b88000-7f7ad2c86000 rw-p 00000000 00:00 0 
7f7ad2c86000-7f7ad2c89000 ---p 00000000 00:00 0 
7f7ad2c89000-7f7ad2d87000 rw-p 00000000 00:00 0 
7f7ad2d87000-7f7ad2dc6000 r--p 00000000 08:06 10231228                   /usr/lib/locale/es_ES.utf8/LC_CTYPE
7f7ad2dc6000-7f7ad2dc9000 ---p 00000000 00:00 0 
7f7ad2dc9000-7f7ad2ec7000 rw-p 00000000 00:00 0 
7f7ad2ec7000-7f7ad2eca000 ---p 00000000 00:00 0 
7f7ad2eca000-7f7ad2fc8000 rw-p 00000000 00:00 0 
7f7ad2fc8000-7f7ad2fc9000 ---p 00000000 00:00 0 
7f7ad2fc9000-7f7ad33ff000 rw-p 00000000 00:00 0 
7f7ad33ff000-7f7ad3591000 r--s 037bf000 08:06 10359027                   /usr/lib/jvm/java-6-openjdk/jre/lib/rt.jar
7f7ad3591000-7f7ad35b9000 rw-p 00000000 00:00 0 
7f7ad35b9000-7f7ad35ba000 ---p 00000000 00:00 0 
7f7ad35ba000-7f7ad36ba000 rw-p 00000000 00:00 0 
7f7ad36ba000-7f7ad36bb000 ---p 00000000 00:00 0 
7f7ad36bb000-7f7ad37c9000 rw-p 00000000 00:00 0 
7f7ad37c9000-7f7ad380e000 rw-p 00000000 00:00 0 
7f7ad380e000-7f7ad3819000 rw-p 00000000 00:00 0 
7f7ad3819000-7f7ad38ec000 rw-p 00000000 00:00 0 
7f7ad38ec000-7f7ad38fa000 rw-p 00000000 00:00 0 
7f7ad38fa000-7f7ad393f000 rw-p 00000000 00:00 0 
7f7ad393f000-7f7ad394a000 rw-p 00000000 00:00 0 
7f7ad394a000-7f7ad3a1d000 rw-p 00000000 00:00 0 
7f7ad3a1d000-7f7ad3a3a000 rw-p 00000000 00:00 0 
7f7ad3a3a000-7f7ad3a8c000 rw-p 00000000 00:00 0 
7f7ad3a8c000-7f7ad3a8d000 rw-p 00000000 00:00 0 
7f7ad3a8d000-7f7ad3cfd000 rwxp 00000000 00:00 0 
7f7ad3cfd000-7f7ad6a8d000 rw-p 00000000 00:00 0 
7f7ad6a8d000-7f7ad6a94000 r-xp 00000000 08:06 10493122                   /usr/lib/jvm/java-6-openjdk/jre/lib/amd64/libzip.so
7f7ad6a94000-7f7ad6c93000 ---p 00007000 08:06 10493122                   /usr/lib/jvm/java-6-openjdk/jre/lib/amd64/libzip.so
7f7ad6c93000-7f7ad6c94000 r--p 00006000 08:06 10493122                   /usr/lib/jvm/java-6-openjdk/jre/lib/amd64/libzip.so
7f7ad6c94000-7f7ad6c95000 rw-p 00007000 08:06 10493122                   /usr/lib/jvm/java-6-openjdk/jre/lib/amd64/libzip.so
7f7ad6c95000-7f7ad6ca1000 r-xp 00000000 08:06 11534447                   /lib/libnss_files-2.11.1.so
7f7ad6ca1000-7f7ad6ea0000 ---p 0000c000 08:06 11534447                   /lib/libnss_files-2.11.1.so
7f7ad6ea0000-7f7ad6ea1000 r--p 0000b000 08:06 11534447                   /lib/libnss_files-2.11.1.so
7f7ad6ea1000-7f7ad6ea2000 rw-p 0000c000 08:06 11534447                   /lib/libnss_files-2.11.1.so
7f7ad6ea2000-7f7ad6eac000 r-xp 00000000 08:06 11534457                   /lib/libnss_nis-2.11.1.so
7f7ad6eac000-7f7ad70ab000 ---p 0000a000 08:06 11534457                   /lib/libnss_nis-2.11.1.so
7f7ad70ab000-7f7ad70ac000 r--p 00009000 08:06 11534457                   /lib/libnss_nis-2.11.1.so
7f7ad70ac000-7f7ad70ad000 rw-p 0000a000 08:06 11534457                   /lib/libnss_nis-2.11.1.so
7f7ad70ad000-7f7ad70b5000 r-xp 00000000 08:06 11534443                   /lib/libnss_compat-2.11.1.so
7f7ad70b5000-7f7ad72b4000 ---p 00008000 08:06 11534443                   /lib/libnss_compat-2.11.1.so
7f7ad72b4000-7f7ad72b5000 r--p 00007000 08:06 11534443                   /lib/libnss_compat-2.11.1.so
7f7ad72b5000-7f7ad72b6000 rw-p 00008000 08:06 11534443                   /lib/libnss_compat-2.11.1.so
7f7ad72b6000-7f7ad72cd000 r-xp 00000000 08:06 11534441                   /lib/libnsl-2.11.1.so
7f7ad72cd000-7f7ad74cc000 ---p 00017000 08:06 11534441                   /lib/libnsl-2.11.1.so
7f7ad74cc000-7f7ad74cd000 r--p 00016000 08:06 11534441                   /lib/libnsl-2.11.1.so
7f7ad74cd000-7f7ad74ce000 rw-p 00017000 08:06 11534441                   /lib/libnsl-2.11.1.so
7f7ad74ce000-7f7ad74d0000 rw-p 00000000 00:00 0 
7f7ad74d0000-7f7ad74fd000 r-xp 00000000 08:06 10493111                   /usr/lib/jvm/java-6-openjdk/jre/lib/amd64/libjava.so
7f7ad74fd000-7f7ad76fc000 ---p 0002d000 08:06 10493111                   /usr/lib/jvm/java-6-openjdk/jre/lib/amd64/libjava.so
7f7ad76fc000-7f7ad76fd000 r--p 0002c000 08:06 10493111                   /usr/lib/jvm/java-6-openjdk/jre/lib/amd64/libjava.so
7f7ad76fd000-7f7ad7700000 rw-p 0002d000 08:06 10493111                   /usr/lib/jvm/java-6-openjdk/jre/lib/amd64/libjava.so
7f7ad7700000-7f7ad770f000 r-xp 00000000 08:06 10493137                   /usr/lib/jvm/java-6-openjdk/jre/lib/amd64/libverify.so
7f7ad770f000-7f7ad790e000 ---p 0000f000 08:06 10493137                   /usr/lib/jvm/java-6-openjdk/jre/lib/amd64/libverify.so
7f7ad790e000-7f7ad7910000 r--p 0000e000 08:06 10493137                   /usr/lib/jvm/java-6-openjdk/jre/lib/amd64/libverify.so
7f7ad7910000-7f7ad7911000 rw-p 00010000 08:06 10493137                   /usr/lib/jvm/java-6-openjdk/jre/lib/amd64/libverify.so
7f7ad7911000-7f7ad7918000 r-xp 00000000 08:06 11534495                   /lib/librt-2.11.1.so
7f7ad7918000-7f7ad7b17000 ---p 00007000 08:06 11534495                   /lib/librt-2.11.1.so
7f7ad7b17000-7f7ad7b18000 r--p 00006000 08:06 11534495                   /lib/librt-2.11.1.so
7f7ad7b18000-7f7ad7b19000 rw-p 00007000 08:06 11534495                   /lib/librt-2.11.1.so
7f7ad7b19000-7f7ad7b2f000 r-xp 00000000 08:06 11534415                   /lib/libgcc_s.so.1
7f7ad7b2f000-7f7ad7d2e000 ---p 00016000 08:06 11534415                   /lib/libgcc_s.so.1
7f7ad7d2e000-7f7ad7d2f000 r--p 00015000 08:06 11534415                   /lib/libgcc_s.so.1
7f7ad7d2f000-7f7ad7d30000 rw-p 00016000 08:06 11534415                   /lib/libgcc_s.so.1
7f7ad7d30000-7f7ad7db2000 r-xp 00000000 08:06 11534430                   /lib/libm-2.11.1.so
7f7ad7db2000-7f7ad7fb1000 ---p 00082000 08:06 11534430                   /lib/libm-2.11.1.so
7f7ad7fb1000-7f7ad7fb2000 r--p 00081000 08:06 11534430                   /lib/libm-2.11.1.so
7f7ad7fb2000-7f7ad7fb3000 rw-p 00082000 08:06 11534430                   /lib/libm-2.11.1.so
7f7ad7fb3000-7f7ad80a9000 r-xp 00000000 08:06 10227375                   /usr/lib/libstdc++.so.6.0.13
7f7ad80a9000-7f7ad82a9000 ---p 000f6000 08:06 10227375                   /usr/lib/libstdc++.so.6.0.13
7f7ad82a9000-7f7ad82b0000 r--p 000f6000 08:06 10227375                   /usr/lib/libstdc++.so.6.0.13
7f7ad82b0000-7f7ad82b2000 rw-p 000fd000 08:06 10227375                   /usr/lib/libstdc++.so.6.0.13
7f7ad82b2000-7f7ad82c7000 rw-p 00000000 00:00 0 
7f7ad82c7000-7f7ad8c06000 r-xp 00000000 08:06 10493104                   /usr/lib/jvm/java-6-openjdk/jre/lib/amd64/server/libjvm.so
7f7ad8c06000-7f7ad8e05000 ---p 0093f000 08:06 10493104                   /usr/lib/jvm/java-6-openjdk/jre/lib/amd64/server/libjvm.so
7f7ad8e05000-7f7ad8e86000 r--p 0093e000 08:06 10493104                   /usr/lib/jvm/java-6-openjdk/jre/lib/amd64/server/libjvm.so
7f7ad8e86000-7f7ad8ea1000 rw-p 009bf000 08:06 10493104                   /usr/lib/jvm/java-6-openjdk/jre/lib/amd64/server/libjvm.so
7f7ad8ea1000-7f7ad8ec9000 rw-p 00000000 00:00 0 
7f7ad8ec9000-7f7ad9043000 r-xp 00000000 08:06 11534381                   /lib/libc-2.11.1.so
7f7ad9043000-7f7ad9242000 ---p 0017a000 08:06 11534381                   /lib/libc-2.11.1.so
7f7ad9242000-7f7ad9246000 r--p 00179000 08:06 11534381                   /lib/libc-2.11.1.so
7f7ad9246000-7f7ad9247000 rw-p 0017d000 08:06 11534381                   /lib/libc-2.11.1.so
7f7ad9247000-7f7ad924c000 rw-p 00000000 00:00 0 
7f7ad924c000-7f7ad924e000 r-xp 00000000 08:06 11534395                   /lib/libdl-2.11.1.so
7f7ad924e000-7f7ad944e000 ---p 00002000 08:06 11534395                   /lib/libdl-2.11.1.so
7f7ad944e000-7f7ad944f000 r--p 00002000 08:06 11534395                   /lib/libdl-2.11.1.so
7f7ad944f000-7f7ad9450000 rw-p 00003000 08:06 11534395                   /lib/libdl-2.11.1.so
7f7ad9450000-7f7ad9454000 r-xp 00000000 08:06 10493121                   /usr/lib/jvm/java-6-openjdk/jre/lib/amd64/jli/libjli.so
7f7ad9454000-7f7ad9653000 ---p 00004000 08:06 10493121                   /usr/lib/jvm/java-6-openjdk/jre/lib/amd64/jli/libjli.so
7f7ad9653000-7f7ad9654000 r--p 00003000 08:06 10493121                   /usr/lib/jvm/java-6-openjdk/jre/lib/amd64/jli/libjli.so
7f7ad9654000-7f7ad9655000 rw-p 00004000 08:06 10493121                   /usr/lib/jvm/java-6-openjdk/jre/lib/amd64/jli/libjli.so
7f7ad9655000-7f7ad966d000 r-xp 00000000 08:06 11534489                   /lib/libpthread-2.11.1.so
7f7ad966d000-7f7ad986c000 ---p 00018000 08:06 11534489                   /lib/libpthread-2.11.1.so
7f7ad986c000-7f7ad986d000 r--p 00017000 08:06 11534489                   /lib/libpthread-2.11.1.so
7f7ad986d000-7f7ad986e000 rw-p 00018000 08:06 11534489                   /lib/libpthread-2.11.1.so
7f7ad986e000-7f7ad9872000 rw-p 00000000 00:00 0 
7f7ad9872000-7f7ad9888000 r-xp 00000000 08:06 11534530                   /lib/libz.so.1.2.3.3
7f7ad9888000-7f7ad9a87000 ---p 00016000 08:06 11534530                   /lib/libz.so.1.2.3.3
7f7ad9a87000-7f7ad9a88000 r--p 00015000 08:06 11534530                   /lib/libz.so.1.2.3.3
7f7ad9a88000-7f7ad9a89000 rw-p 00016000 08:06 11534530                   /lib/libz.so.1.2.3.3
7f7ad9a89000-7f7ad9aa9000 r-xp 00000000 08:06 11534357                   /lib/ld-2.11.1.so
7f7ad9aa9000-7f7ad9aab000 r--s 0020a000 08:06 1573731                    /home/disclaimer/jmonkeyplatform/jmonkeyplatform/libs/jME3-lwjgl-natives.jar
7f7ad9aab000-7f7ad9aad000 r--s 00017000 08:06 1573904                    /home/disclaimer/jmonkeyplatform/jmonkeyplatform/libs/jME3-lwjgl.jar
7f7ad9aad000-7f7ad9ab0000 r--s 00024000 08:06 1573866                    /home/disclaimer/jmonkeyplatform/jmonkeyplatform/libs/jME3-terrain.jar
7f7ad9ab0000-7f7ad9ab1000 r--s 00009000 08:06 1573846                    /home/disclaimer/jmonkeyplatform/jmonkeyplatform/libs/j-ogg-vorbisd.jar
7f7ad9ab1000-7f7ad9ab3000 r--s 00005000 08:06 1573907                    /home/disclaimer/jmonkeyplatform/jmonkeyplatform/libs/j-ogg-oggd.jar
7f7ad9ab3000-7f7ad9ab4000 r--s 00002000 08:06 1573922                    /home/disclaimer/jmonkeyplatform/jmonkeyplatform/libs/jME3-jogg.jar
7f7ad9ab4000-7f7ad9ab7000 r--s 0001c000 08:06 1573798                    /home/disclaimer/jmonkeyplatform/jmonkeyplatform/libs/jME3-networking.jar
7f7ad9ab7000-7f7ad9aba000 r--s 0006c000 08:06 1573867                    /home/disclaimer/jmonkeyplatform/jmonkeyplatform/libs/jME3-effects.jar
7f7ad9aba000-7f7ad9abb000 r--s 00010000 08:06 1573869                    /home/disclaimer/jmonkeyplatform/jmonkeyplatform/libs/jME3-plugins.jar
7f7ad9abb000-7f7ad9abd000 r--s 00033000 08:06 1573868                    /home/disclaimer/jmonkeyplatform/jmonkeyplatform/libs/jME3-desktop.jar
7f7ad9abd000-7f7ad9acd000 r--s 00101000 08:06 1573921                    /home/disclaimer/jmonkeyplatform/jmonkeyplatform/libs/jME3-core.jar
7f7ad9acd000-7f7ad9acf000 r--s 0000f000 08:06 10358810                   /usr/lib/jvm/java-6-openjdk/jre/lib/ext/pulse-java.jar
7f7ad9acf000-7f7ad9ad9000 rw-p 00000000 00:00 0 
7f7ad9ad9000-7f7ad9b8f000 rw-p 00000000 00:00 0 
7f7ad9b8f000-7f7ad9b92000 ---p 00000000 00:00 0 
7f7ad9b92000-7f7ad9c95000 rw-p 00000000 00:00 0 
7f7ad9c95000-7f7ad9c9c000 r--s 00000000 08:06 10230079                   /usr/lib/gconv/gconv-modules.cache
7f7ad9c9c000-7f7ad9ca4000 rw-s 00000000 08:06 6553689                    /tmp/hsperfdata_disclaimer/2960 (deleted)
7f7ad9ca4000-7f7ad9ca5000 rw-p 00000000 00:00 0 
7f7ad9ca5000-7f7ad9ca6000 ---p 00000000 00:00 0 
7f7ad9ca6000-7f7ad9ca8000 rw-p 00000000 00:00 0 
7f7ad9ca8000-7f7ad9ca9000 r--p 0001f000 08:06 11534357                   /lib/ld-2.11.1.so
7f7ad9ca9000-7f7ad9caa000 rw-p 00020000 08:06 11534357                   /lib/ld-2.11.1.so
7f7ad9caa000-7f7ad9cab000 rw-p 00000000 00:00 0 
7fffda128000-7fffda13d000 rw-p 00000000 00:00 0                          [stack]
7fffda1ff000-7fffda200000 r-xp 00000000 00:00 0                          [vdso]
ffffffffff600000-ffffffffff601000 r-xp 00000000 00:00 0                  [vsyscall]

VM Arguments:
jvm_args: -Dfile.encoding=UTF-8 
java_command: controlador.Main
Launcher Type: SUN_STANDARD

Environment Variables:
PATH=/usr/local/sbin:/usr/local/bin:/usr/sbin:/usr/bin:/sbin:/bin:/usr/games
USERNAME=disclaimer
LD_LIBRARY_PATH=/usr/lib/jvm/java-6-openjdk/jre/lib/amd64/server:/usr/lib/jvm/java-6-openjdk/jre/lib/amd64:/usr/lib/jvm/java-6-openjdk/jre/../lib/amd64
SHELL=/bin/bash
DISPLAY=:0.0

Signal Handlers:
SIGSEGV: [libjvm.so+0x7cff30], sa_mask[0]=0x7ffbfeff, sa_flags=0x10000004
SIGBUS: [libjvm.so+0x7cff30], sa_mask[0]=0x7ffbfeff, sa_flags=0x10000004
SIGFPE: [libjvm.so+0x68d2c0], sa_mask[0]=0x7ffbfeff, sa_flags=0x10000004
SIGPIPE: SIG_IGN, sa_mask[0]=0x00001000, sa_flags=0x10000000
SIGXFSZ: [libjvm.so+0x68d2c0], sa_mask[0]=0x7ffbfeff, sa_flags=0x10000004
SIGILL: [libjvm.so+0x68d2c0], sa_mask[0]=0x7ffbfeff, sa_flags=0x10000004
SIGUSR1: SIG_DFL, sa_mask[0]=0x00000000, sa_flags=0x00000000
SIGUSR2: [libjvm.so+0x68ca70], sa_mask[0]=0x00000004, sa_flags=0x10000004
SIGHUP: [libjvm.so+0x68f0d0], sa_mask[0]=0x7ffbfeff, sa_flags=0x10000004
SIGINT: SIG_IGN, sa_mask[0]=0x00000000, sa_flags=0x00000000
SIGTERM: [libjvm.so+0x68f0d0], sa_mask[0]=0x7ffbfeff, sa_flags=0x10000004
SIGQUIT: [libjvm.so+0x68f0d0], sa_mask[0]=0x7ffbfeff, sa_flags=0x10000004


---------------  S Y S T E M  ---------------

OS:Ubuntu 10.04 (lucid)
uname:Linux 2.6.32-38-generic #83-Ubuntu SMP Wed Jan 4 11:12:07 UTC 2012 x86_64
libc:glibc 2.11.1 NPTL 2.11.1 
rlimit: STACK 8192k, CORE 0k, NPROC infinity, NOFILE 1024, AS infinity
load average:1,87 1,46 1,47

/proc/meminfo:
MemTotal:        2056896 kB
MemFree:           29124 kB
Buffers:           90776 kB
Cached:           372824 kB
SwapCached:         4904 kB
Active:          1163248 kB
Inactive:         526080 kB
Active(anon):     924544 kB
Inactive(anon):   314460 kB
Active(file):     238704 kB
Inactive(file):   211620 kB
Unevictable:           0 kB
Mlocked:               0 kB
SwapTotal:        498680 kB
SwapFree:         471340 kB
Dirty:               712 kB
Writeback:             0 kB
AnonPages:       1221740 kB
Mapped:           157348 kB
Shmem:             13276 kB
Slab:              79360 kB
SReclaimable:      60324 kB
SUnreclaim:        19036 kB
KernelStack:        2760 kB
PageTables:        24400 kB
NFS_Unstable:          0 kB
Bounce:                0 kB
WritebackTmp:          0 kB
CommitLimit:     1527128 kB
Committed_AS:    2222104 kB
VmallocTotal:   34359738367 kB
VmallocUsed:      320728 kB
VmallocChunk:   34359414920 kB
HardwareCorrupted:     0 kB
HugePages_Total:       0
HugePages_Free:        0
HugePages_Rsvd:        0
HugePages_Surp:        0
Hugepagesize:       2048 kB
DirectMap4k:      164736 kB
DirectMap2M:     1931264 kB


CPU:total 2 (2 cores per cpu, 1 threads per core) family 15 model 107 stepping 1, cmov, cx8, fxsr, mmx, sse, sse2, sse3, mmxext, 3dnowpref

Memory: 4k page, physical 2056896k(29124k free), swap 498680k(471340k free)

vm_info: OpenJDK 64-Bit Server VM (20.0-b12) for linux-amd64 JRE (1.6.0_24-b24), built on Sep  1 2012 09:58:05 by "buildd" with gcc 4.4.3

time: Wed Nov 14 13:23:48 2012
elapsed time: 22 seconds

