#
# A fatal error has been detected by the Java Runtime Environment:
#
#  SIGSEGV (0xb) at pc=0x00007fc6c3d01c98, pid=3588, tid=140491867596544
#
# JRE version: 6.0_24-b24
# Java VM: OpenJDK 64-Bit Server VM (20.0-b12 mixed mode linux-amd64 compressed oops)
# Derivative: IcedTea6 1.11.4
# Distribution: Ubuntu 10.04.1 LTS, package 6b24-1.11.4-1ubuntu0.10.04.1
# Problematic frame:
# C  [libX11.so.6+0x37c98]  XQueryExtension+0x28
#
# If you would like to submit a bug report, please include
# instructions how to reproduce the bug and visit:
#   https://bugs.launchpad.net/ubuntu/+source/openjdk-6/
#

---------------  T H R E A D  ---------------

Current thread is native thread

siginfo:si_signo=SIGSEGV: si_errno=0, si_code=1 (SEGV_MAPERR), si_addr=0xffffffffc42b30d8

Registers:
RAX=0x0000000002faed90, RBX=0xffffffffc42b2770, RCX=0x00007fff10154c88, RDX=0x00007fff10154c84
RSP=0x00007fff10154c20, RBP=0x00007fc6baa6be12, RSI=0x00007fc6baa6be12, RDI=0xffffffffc42b2770
R8 =0x00007fff10154c8c, R9 =0x00007fc6cf380e50, R10=0x00007fc6cf382748, R11=0x00007fc6cf03b590
R12=0x00007fff10154c84, R13=0x0000000002faed90, R14=0x0000000002faed90, R15=0x0000000000000000
RIP=0x00007fc6c3d01c98, EFLAGS=0x0000000000010202, CSGSFS=0x0000000000000033, ERR=0x0000000000000005
  TRAPNO=0x000000000000000e

Top of Stack: (sp=0x00007fff10154c20)
0x00007fff10154c20:   00007fc6cfdca6a8 00007fc6cf380e40
0x00007fff10154c30:   ffffffffc42b2770 0000000000000020
0x00007fff10154c40:   00007fc6cfde2048 ffffffffc42b2770
0x00007fff10154c50:   00007fc6baa6be12 0000000000000011
0x00007fff10154c60:   0000000002faed90 0000000002faed90
0x00007fff10154c70:   0000000000000000 00007fc6c3cf6172
0x00007fff10154c80:   00000000001ca818 00007fc6baba3c60
0x00007fff10154c90:   00007fc6baba3c60 ffffffffc42b2770
0x00007fff10154ca0:   0000000000000011 00007fc6c8235782
0x00007fff10154cb0:   0000000000000005 0000000000000000
0x00007fff10154cc0:   00007fc6c41f5b90 00007fc6baa6be12
0x00007fff10154cd0:   00007fff10154d50 0000000000000000
0x00007fff10154ce0:   00007fff10154d50 ffffffffc42b2770
0x00007fff10154cf0:   00007fc6cfde2048 00007fc6c4221ea0
0x00007fff10154d00:   00007fc6babbd490 00007fc6baa17fd9
0x00007fff10154d10:   0000000000000000 0000000000000066
0x00007fff10154d20:   00007fff10154d50 0000000000000000
0x00007fff10154d30:   00007fc6cfde2048 00007fc6c4221ea0
0x00007fff10154d40:   0000000000000032 00007fc6baa0c6e2
0x00007fff10154d50:   00007fff10155120 00007fc6baa6bd81
0x00007fff10154d60:   0000000000000000 00007fc6cfbd13ec
0x00007fff10154d70:   00007fc6cfde3128 00007fc6cfde36b8
0x00007fff10154d80:   00007fc6cfdcd4f0 0000000001f22cd0
0x00007fff10154d90:   00007fc6c40ff180 000000000222f6f0
0x00007fff10154da0:   000000000222fd30 0000000002260f70
0x00007fff10154db0:   0000000002335800 0000000002216620
0x00007fff10154dc0:   0000000002133c50 000000000215fb40
0x00007fff10154dd0:   00000000021bfe60 000000000230e300
0x00007fff10154de0:   00000000021e56f0 00000000021e6050
0x00007fff10154df0:   00007fc6c40ff650 0000000002338ef0
0x00007fff10154e00:   000000000233bc30 00000000021345b0
0x00007fff10154e10:   0000000002335cc0 0000000002339430 

Instructions: (pc=0x00007fc6c3d01c98)
0x00007fc6c3d01c78:   24 d8 48 89 fb 4c 89 64 24 e0 4c 89 6c 24 e8 49
0x00007fc6c3d01c88:   89 d4 4c 89 74 24 f0 4c 89 7c 24 f8 48 83 ec 58
0x00007fc6c3d01c98:   48 8b 87 68 09 00 00 49 89 f5 48 89 cd 4d 89 c6
0x00007fc6c3d01ca8:   48 85 c0 74 02 ff 10 4c 8b bb b0 00 00 00 49 8d 

Register to memory mapping:

RAX=0x0000000002faed90 is an unknown value
RBX=0xffffffffc42b2770 is an unknown value
RCX=0x00007fff10154c88 is an unknown value
RDX=0x00007fff10154c84 is an unknown value
RSP=0x00007fff10154c20 is an unknown value
RBP=0x00007fc6baa6be12: <offset 0x92e12> in /usr/lib/libGL.so.1 at 0x00007fc6ba9d9000
RSI=0x00007fc6baa6be12: <offset 0x92e12> in /usr/lib/libGL.so.1 at 0x00007fc6ba9d9000
RDI=0xffffffffc42b2770 is an unknown value
R8 =0x00007fff10154c8c is an unknown value
R9 =0x00007fc6cf380e50: <offset 0x37ee50> in /lib/libc.so.6 at 0x00007fc6cf002000
R10=0x00007fc6cf382748: <offset 0x380748> in /lib/libc.so.6 at 0x00007fc6cf002000
R11=0x00007fc6cf03b590: __cxa_finalize+0 in /lib/libc.so.6 at 0x00007fc6cf002000
R12=0x00007fff10154c84 is an unknown value
R13=0x0000000002faed90 is an unknown value
R14=0x0000000002faed90 is an unknown value
R15=0x0000000000000000 is an unknown value


Stack: [0x00007fff10057000,0x00007fff10157000],  sp=0x00007fff10154c20,  free space=1015k
Native frames: (J=compiled Java code, j=interpreted, Vv=VM code, C=native code)
C  [libX11.so.6+0x37c98]  XQueryExtension+0x28


---------------  P R O C E S S  ---------------

VM state:at safepoint (shutting down)

VM Mutex/Monitor currently owned by a thread:  ([mutex/lock_event])
[0x0000000001f1ba50] Threads_lock - owner thread: 0x0000000001f82800

Heap
 PSYoungGen      total 92480K, used 50845K [0x00000000f2200000, 0x00000000f95a0000, 0x0000000100000000)
  eden space 82816K, 56% used [0x00000000f2200000,0x00000000f4fd7430,0x00000000f72e0000)
  from space 9664K, 40% used [0x00000000f72e0000,0x00000000f76b0000,0x00000000f7c50000)
  to   space 9344K, 0% used [0x00000000f8c80000,0x00000000f8c80000,0x00000000f95a0000)
 PSOldGen        total 56000K, used 25217K [0x00000000d6600000, 0x00000000d9cb0000, 0x00000000f2200000)
  object space 56000K, 45% used [0x00000000d6600000,0x00000000d7ea04e0,0x00000000d9cb0000)
 PSPermGen       total 63680K, used 29596K [0x00000000cc000000, 0x00000000cfe30000, 0x00000000d6600000)
  object space 63680K, 46% used [0x00000000cc000000,0x00000000cdce7040,0x00000000cfe30000)

Code Cache  [0x00007fc6c9bc6000, 0x00007fc6ca0b6000, 0x00007fc6ccbc6000)
 total_blobs=1752 nmethods=1076 adapters=630 free_code_cache=45531776 largest_free_block=57344

Dynamic libraries:
00400000-00409000 r-xp 00000000 08:06 10493093                           /usr/lib/jvm/java-6-openjdk/jre/bin/java
00608000-00609000 r--p 00008000 08:06 10493093                           /usr/lib/jvm/java-6-openjdk/jre/bin/java
00609000-0060a000 rw-p 00009000 08:06 10493093                           /usr/lib/jvm/java-6-openjdk/jre/bin/java
01f14000-04de3000 rw-p 00000000 00:00 0                                  [heap]
cc000000-cfe30000 rw-p 00000000 00:00 0 
cfe30000-d6600000 rw-p 00000000 00:00 0 
d6600000-d9cb0000 rw-p 00000000 00:00 0 
d9cb0000-f2200000 rw-p 00000000 00:00 0 
f2200000-f95a0000 rw-p 00000000 00:00 0 
f95a0000-f9930000 ---p 00000000 00:00 0 
f9930000-100000000 rw-p 00000000 00:00 0 
7fc688000000-7fc68bfff000 rw-p 00000000 00:00 0 
7fc68bfff000-7fc68c000000 ---p 00000000 00:00 0 
7fc68c000000-7fc68dd0f000 rw-p 00000000 00:00 0 
7fc68dd0f000-7fc690000000 ---p 00000000 00:00 0 
7fc690000000-7fc692ea3000 rw-p 00000000 00:00 0 
7fc692ea3000-7fc694000000 ---p 00000000 00:00 0 
7fc694000000-7fc697ffe000 rw-p 00000000 00:00 0 
7fc697ffe000-7fc698000000 ---p 00000000 00:00 0 
7fc698000000-7fc69bffd000 rw-p 00000000 00:00 0 
7fc69bffd000-7fc69c000000 ---p 00000000 00:00 0 
7fc6a0000000-7fc6a2193000 rw-p 00000000 00:00 0 
7fc6a2193000-7fc6a4000000 ---p 00000000 00:00 0 
7fc6a8000000-7fc6abffc000 rw-p 00000000 00:00 0 
7fc6abffc000-7fc6ac000000 ---p 00000000 00:00 0 
7fc6ac69d000-7fc6ae7d6000 rw-p 00000000 00:00 0 
7fc6aead6000-7fc6aead7000 ---p 00000000 00:00 0 
7fc6aead7000-7fc6af2d7000 rw-p 00000000 00:00 0 
7fc6af2d7000-7fc6af2d8000 ---p 00000000 00:00 0 
7fc6af2d8000-7fc6b0116000 rw-p 00000000 00:00 0 
7fc6b0116000-7fc6b0139000 r-xp 00000000 08:06 10227079                   /usr/lib/libjpeg.so.62.0.0
7fc6b0139000-7fc6b0338000 ---p 00023000 08:06 10227079                   /usr/lib/libjpeg.so.62.0.0
7fc6b0338000-7fc6b0339000 r--p 00022000 08:06 10227079                   /usr/lib/libjpeg.so.62.0.0
7fc6b0339000-7fc6b033a000 rw-p 00023000 08:06 10227079                   /usr/lib/libjpeg.so.62.0.0
7fc6b033a000-7fc6b1715000 rw-p 00000000 00:00 0 
7fc6b1715000-7fc6b171f000 r-xp 00000000 08:06 10493128                   /usr/lib/jvm/java-6-openjdk/jre/lib/amd64/libjpeg.so
7fc6b171f000-7fc6b191e000 ---p 0000a000 08:06 10493128                   /usr/lib/jvm/java-6-openjdk/jre/lib/amd64/libjpeg.so
7fc6b191e000-7fc6b191f000 r--p 00009000 08:06 10493128                   /usr/lib/jvm/java-6-openjdk/jre/lib/amd64/libjpeg.so
7fc6b191f000-7fc6b1920000 rw-p 0000a000 08:06 10493128                   /usr/lib/jvm/java-6-openjdk/jre/lib/amd64/libjpeg.so
7fc6b1920000-7fc6b1952000 r-xp 00000000 08:06 10493135                   /usr/lib/jvm/java-6-openjdk/jre/lib/amd64/liblcms.so
7fc6b1952000-7fc6b1b51000 ---p 00032000 08:06 10493135                   /usr/lib/jvm/java-6-openjdk/jre/lib/amd64/liblcms.so
7fc6b1b51000-7fc6b1b52000 r--p 00031000 08:06 10493135                   /usr/lib/jvm/java-6-openjdk/jre/lib/amd64/liblcms.so
7fc6b1b52000-7fc6b1b53000 rw-p 00032000 08:06 10493135                   /usr/lib/jvm/java-6-openjdk/jre/lib/amd64/liblcms.so
7fc6b1b53000-7fc6b1b55000 rw-p 00000000 00:00 0 
7fc6b1b55000-7fc6b5b56000 rw-s 00000000 00:10 32845                      /dev/shm/pulse-shm-2039555237
7fc6b5b56000-7fc6b5b57000 ---p 00000000 00:00 0 
7fc6b5b57000-7fc6b6357000 rw-p 00000000 00:00 0 
7fc6b6357000-7fc6b651a000 r-xp 00000000 08:06 10227437                   /usr/lib/libvorbisenc.so.2.0.6
7fc6b651a000-7fc6b671a000 ---p 001c3000 08:06 10227437                   /usr/lib/libvorbisenc.so.2.0.6
7fc6b671a000-7fc6b6731000 r--p 001c3000 08:06 10227437                   /usr/lib/libvorbisenc.so.2.0.6
7fc6b6731000-7fc6b6732000 rw-p 001da000 08:06 10227437                   /usr/lib/libvorbisenc.so.2.0.6
7fc6b6732000-7fc6b677b000 r-xp 00000000 08:06 10226420                   /usr/lib/libFLAC.so.8.2.0
7fc6b677b000-7fc6b697b000 ---p 00049000 08:06 10226420                   /usr/lib/libFLAC.so.8.2.0
7fc6b697b000-7fc6b697c000 r--p 00049000 08:06 10226420                   /usr/lib/libFLAC.so.8.2.0
7fc6b697c000-7fc6b697d000 rw-p 0004a000 08:06 10226420                   /usr/lib/libFLAC.so.8.2.0
7fc6b697d000-7fc6b69db000 r-xp 00000000 08:06 10227348                   /usr/lib/libsndfile.so.1.0.21
7fc6b69db000-7fc6b6bdb000 ---p 0005e000 08:06 10227348                   /usr/lib/libsndfile.so.1.0.21
7fc6b6bdb000-7fc6b6bdd000 r--p 0005e000 08:06 10227348                   /usr/lib/libsndfile.so.1.0.21
7fc6b6bdd000-7fc6b6bde000 rw-p 00060000 08:06 10227348                   /usr/lib/libsndfile.so.1.0.21
7fc6b6bde000-7fc6b6be2000 rw-p 00000000 00:00 0 
7fc6b6be2000-7fc6b6beb000 r-xp 00000000 08:06 11534525                   /lib/libwrap.so.0.7.6
7fc6b6beb000-7fc6b6dea000 ---p 00009000 08:06 11534525                   /lib/libwrap.so.0.7.6
7fc6b6dea000-7fc6b6deb000 r--p 00008000 08:06 11534525                   /lib/libwrap.so.0.7.6
7fc6b6deb000-7fc6b6dec000 rw-p 00009000 08:06 11534525                   /lib/libwrap.so.0.7.6
7fc6b6dec000-7fc6b6ded000 rw-p 00000000 00:00 0 
7fc6b6ded000-7fc6b6df1000 r-xp 00000000 08:06 11534523                   /lib/libuuid.so.1.3.0
7fc6b6df1000-7fc6b6ff0000 ---p 00004000 08:06 11534523                   /lib/libuuid.so.1.3.0
7fc6b6ff0000-7fc6b6ff1000 r--p 00003000 08:06 11534523                   /lib/libuuid.so.1.3.0
7fc6b6ff1000-7fc6b6ff2000 rw-p 00004000 08:06 11534523                   /lib/libuuid.so.1.3.0
7fc6b6ff2000-7fc6b703d000 r-xp 00000000 08:06 10227289                   /usr/lib/libpulsecommon-0.9.21.so
7fc6b703d000-7fc6b723c000 ---p 0004b000 08:06 10227289                   /usr/lib/libpulsecommon-0.9.21.so
7fc6b723c000-7fc6b723d000 r--p 0004a000 08:06 10227289                   /usr/lib/libpulsecommon-0.9.21.so
7fc6b723d000-7fc6b723e000 rw-p 0004b000 08:06 10227289                   /usr/lib/libpulsecommon-0.9.21.so
7fc6b723e000-7fc6b7246000 r-xp 00000000 08:06 10226464                   /usr/lib/libSM.so.6.0.1
7fc6b7246000-7fc6b7445000 ---p 00008000 08:06 10226464                   /usr/lib/libSM.so.6.0.1
7fc6b7445000-7fc6b7446000 r--p 00007000 08:06 10226464                   /usr/lib/libSM.so.6.0.1
7fc6b7446000-7fc6b7447000 rw-p 00008000 08:06 10226464                   /usr/lib/libSM.so.6.0.1
7fc6b7447000-7fc6b745e000 r-xp 00000000 08:06 10226435                   /usr/lib/libICE.so.6.3.0
7fc6b745e000-7fc6b765d000 ---p 00017000 08:06 10226435                   /usr/lib/libICE.so.6.3.0
7fc6b765d000-7fc6b765e000 r--p 00016000 08:06 10226435                   /usr/lib/libICE.so.6.3.0
7fc6b765e000-7fc6b765f000 rw-p 00017000 08:06 10226435                   /usr/lib/libICE.so.6.3.0
7fc6b765f000-7fc6b7662000 rw-p 00000000 00:00 0 
7fc6b7662000-7fc6b76a2000 r-xp 00000000 08:06 10227288                   /usr/lib/libpulse.so.0.12.2
7fc6b76a2000-7fc6b78a2000 ---p 00040000 08:06 10227288                   /usr/lib/libpulse.so.0.12.2
7fc6b78a2000-7fc6b78a3000 r--p 00040000 08:06 10227288                   /usr/lib/libpulse.so.0.12.2
7fc6b78a3000-7fc6b78a4000 rw-p 00041000 08:06 10227288                   /usr/lib/libpulse.so.0.12.2
7fc6b78a4000-7fc6b78f6000 r-xp 00000000 08:06 1708007                    /home/disclaimer/Escritorio/EngSw_Dilluns-Grup-C-NewMain/BasicGame/libopenal64.so
7fc6b78f6000-7fc6b7af5000 ---p 00052000 08:06 1708007                    /home/disclaimer/Escritorio/EngSw_Dilluns-Grup-C-NewMain/BasicGame/libopenal64.so
7fc6b7af5000-7fc6b7af7000 r--p 00051000 08:06 1708007                    /home/disclaimer/Escritorio/EngSw_Dilluns-Grup-C-NewMain/BasicGame/libopenal64.so
7fc6b7af7000-7fc6b7af8000 rw-p 00053000 08:06 1708007                    /home/disclaimer/Escritorio/EngSw_Dilluns-Grup-C-NewMain/BasicGame/libopenal64.so
7fc6b7af8000-7fc6b7af9000 rw-p 00000000 00:00 0 
7fc6b7b39000-7fc6b8239000 rw-s 00006000 00:05 4791                       /dev/ati/card0
7fc6b8239000-7fc6b8439000 rw-p 00000000 00:00 0 
7fc6b8439000-7fc6b8485000 r-xp 00000000 08:06 10231252                   /usr/lib/libatiadlxx.so
7fc6b8485000-7fc6b8585000 ---p 0004c000 08:06 10231252                   /usr/lib/libatiadlxx.so
7fc6b8585000-7fc6b8590000 rw-p 0004c000 08:06 10231252                   /usr/lib/libatiadlxx.so
7fc6b8590000-7fc6b85a0000 rw-p 00000000 00:00 0 
7fc6b85b1000-7fc6ba54f000 r-xp 00000000 08:06 10231380                   /usr/lib/dri/fglrx_dri.so
7fc6ba54f000-7fc6ba64e000 ---p 01f9e000 08:06 10231380                   /usr/lib/dri/fglrx_dri.so
7fc6ba64e000-7fc6ba79c000 rwxp 01f9d000 08:06 10231380                   /usr/lib/dri/fglrx_dri.so
7fc6ba79c000-7fc6ba8d0000 rwxp 00000000 00:00 0 
7fc6ba8d0000-7fc6ba8d7000 r-xp 00000000 08:06 10231376                   /usr/lib/libatiuki.so.1.0
7fc6ba8d7000-7fc6ba9d7000 ---p 00007000 08:06 10231376                   /usr/lib/libatiuki.so.1.0
7fc6ba9d7000-7fc6ba9d8000 rw-p 00007000 08:06 10231376                   /usr/lib/libatiuki.so.1.0
7fc6ba9d8000-7fc6ba9d9000 rw-p 00000000 00:00 0 
7fc6ba9d9000-7fc6baa97000 r-xp 00000000 08:06 10231379                   /usr/lib/fglrx/fglrx-libGL.so.1.2
7fc6baa97000-7fc6bab97000 ---p 000be000 08:06 10231379                   /usr/lib/fglrx/fglrx-libGL.so.1.2
7fc6bab97000-7fc6babbe000 rwxp 000be000 08:06 10231379                   /usr/lib/fglrx/fglrx-libGL.so.1.2
7fc6babbe000-7fc6babdd000 rwxp 00000000 00:00 0 
7fc6babdd000-7fc6babe0000 ---p 00000000 00:00 0 
7fc6babe0000-7fc6bacde000 rw-p 00000000 00:00 0 
7fc6bacde000-7fc6bace3000 r-xp 00000000 08:06 10226523                   /usr/lib/libXxf86vm.so.1.0.0
7fc6bace3000-7fc6baee2000 ---p 00005000 08:06 10226523                   /usr/lib/libXxf86vm.so.1.0.0
7fc6baee2000-7fc6baee3000 r--p 00004000 08:06 10226523                   /usr/lib/libXxf86vm.so.1.0.0
7fc6baee3000-7fc6baee4000 rw-p 00005000 08:06 10226523                   /usr/lib/libXxf86vm.so.1.0.0
7fc6baee4000-7fc6baf4c000 r-xp 00000000 08:06 1708006                    /home/disclaimer/Escritorio/EngSw_Dilluns-Grup-C-NewMain/BasicGame/liblwjgl64.so
7fc6baf4c000-7fc6bb14c000 ---p 00068000 08:06 1708006                    /home/disclaimer/Escritorio/EngSw_Dilluns-Grup-C-NewMain/BasicGame/liblwjgl64.so
7fc6bb14c000-7fc6bb14e000 r--p 00068000 08:06 1708006                    /home/disclaimer/Escritorio/EngSw_Dilluns-Grup-C-NewMain/BasicGame/liblwjgl64.so
7fc6bb14e000-7fc6bb14f000 rw-p 0006a000 08:06 1708006                    /home/disclaimer/Escritorio/EngSw_Dilluns-Grup-C-NewMain/BasicGame/liblwjgl64.so
7fc6bb14f000-7fc6bb150000 r-xp 00000000 08:06 10493133                   /usr/lib/jvm/java-6-openjdk/jre/lib/amd64/libjawt.so
7fc6bb150000-7fc6bb34f000 ---p 00001000 08:06 10493133                   /usr/lib/jvm/java-6-openjdk/jre/lib/amd64/libjawt.so
7fc6bb34f000-7fc6bb350000 r--p 00000000 08:06 10493133                   /usr/lib/jvm/java-6-openjdk/jre/lib/amd64/libjawt.so
7fc6bb350000-7fc6bb351000 rw-p 00001000 08:06 10493133                   /usr/lib/jvm/java-6-openjdk/jre/lib/amd64/libjawt.so
7fc6bb351000-7fc6bb3b1000 rw-s 00000000 00:04 30277684                   /SYSV00000000 (deleted)
7fc6bb3e6000-7fc6bb3e9000 ---p 00000000 00:00 0 
7fc6bb3e9000-7fc6bb4e7000 rw-p 00000000 00:00 0 
7fc6bb4e7000-7fc6bb4ea000 ---p 00000000 00:00 0 
7fc6bb4ea000-7fc6bb5e8000 rw-p 00000000 00:00 0 
7fc6bb5e8000-7fc6bb5f3000 r-xp 00000000 08:06 11534513                   /lib/libudev.so.0.6.1
7fc6bb5f3000-7fc6bb7f2000 ---p 0000b000 08:06 11534513                   /lib/libudev.so.0.6.1
7fc6bb7f2000-7fc6bb7f3000 r--p 0000a000 08:06 11534513                   /lib/libudev.so.0.6.1
7fc6bb7f3000-7fc6bb7f4000 rw-p 0000b000 08:06 11534513                   /lib/libudev.so.0.6.1
7fc6bb7f4000-7fc6bb81d000 r-xp 00000000 08:06 10230189                   /usr/lib/gio/modules/libgvfsdbus.so
7fc6bb81d000-7fc6bba1d000 ---p 00029000 08:06 10230189                   /usr/lib/gio/modules/libgvfsdbus.so
7fc6bba1d000-7fc6bba1e000 r--p 00029000 08:06 10230189                   /usr/lib/gio/modules/libgvfsdbus.so
7fc6bba1e000-7fc6bba1f000 rw-p 0002a000 08:06 10230189                   /usr/lib/gio/modules/libgvfsdbus.so
7fc6bba1f000-7fc6bba37000 r-xp 00000000 08:06 10227010                   /usr/lib/libgvfscommon.so.0.0.0
7fc6bba37000-7fc6bbc36000 ---p 00018000 08:06 10227010                   /usr/lib/libgvfscommon.so.0.0.0
7fc6bbc36000-7fc6bbc37000 r--p 00017000 08:06 10227010                   /usr/lib/libgvfscommon.so.0.0.0
7fc6bbc37000-7fc6bbc38000 rw-p 00018000 08:06 10227010                   /usr/lib/libgvfscommon.so.0.0.0
7fc6bbc38000-7fc6bbc4c000 r-xp 00000000 08:06 10230188                   /usr/lib/gio/modules/libgioremote-volume-monitor.so
7fc6bbc4c000-7fc6bbe4b000 ---p 00014000 08:06 10230188                   /usr/lib/gio/modules/libgioremote-volume-monitor.so
7fc6bbe4b000-7fc6bbe4c000 r--p 00013000 08:06 10230188                   /usr/lib/gio/modules/libgioremote-volume-monitor.so
7fc6bbe4c000-7fc6bbe4d000 rw-p 00014000 08:06 10230188                   /usr/lib/gio/modules/libgioremote-volume-monitor.so
7fc6bbe4d000-7fc6bbe8a000 r-xp 00000000 08:06 11534393                   /lib/libdbus-1.so.3.4.0
7fc6bbe8a000-7fc6bc08a000 ---p 0003d000 08:06 11534393                   /lib/libdbus-1.so.3.4.0
7fc6bc08a000-7fc6bc08b000 r--p 0003d000 08:06 11534393                   /lib/libdbus-1.so.3.4.0
7fc6bc08b000-7fc6bc08c000 rw-p 0003e000 08:06 11534393                   /lib/libdbus-1.so.3.4.0
7fc6bc08c000-7fc6bc0cb000 r-xp 00000000 08:06 10227026                   /usr/lib/libibus.so.1.0.0
7fc6bc0cb000-7fc6bc2cb000 ---p 0003f000 08:06 10227026                   /usr/lib/libibus.so.1.0.0
7fc6bc2cb000-7fc6bc2cd000 r--p 0003f000 08:06 10227026                   /usr/lib/libibus.so.1.0.0
7fc6bc2cd000-7fc6bc2ce000 rw-p 00041000 08:06 10227026                   /usr/lib/libibus.so.1.0.0
7fc6bc2ce000-7fc6bc2cf000 rw-p 00000000 00:00 0 
7fc6bc2cf000-7fc6bc2d4000 r-xp 00000000 08:06 10230634                   /usr/lib/gtk-2.0/2.10.0/immodules/im-ibus.so
7fc6bc2d4000-7fc6bc4d4000 ---p 00005000 08:06 10230634                   /usr/lib/gtk-2.0/2.10.0/immodules/im-ibus.so
7fc6bc4d4000-7fc6bc4d5000 r--p 00005000 08:06 10230634                   /usr/lib/gtk-2.0/2.10.0/immodules/im-ibus.so
7fc6bc4d5000-7fc6bc4d6000 rw-p 00006000 08:06 10230634                   /usr/lib/gtk-2.0/2.10.0/immodules/im-ibus.so
7fc6bc4d6000-7fc6bc56e000 r--p 00000000 08:06 11144441                   /usr/share/fonts/truetype/ttf-dejavu/DejaVuSans.ttf
7fc6bc56e000-7fc6bc570000 r-xp 00000000 08:06 10486760                   /usr/lib/pango/1.6.0/modules/pango-basic-fc.so
7fc6bc570000-7fc6bc76f000 ---p 00002000 08:06 10486760                   /usr/lib/pango/1.6.0/modules/pango-basic-fc.so
7fc6bc76f000-7fc6bc770000 r--p 00001000 08:06 10486760                   /usr/lib/pango/1.6.0/modules/pango-basic-fc.so
7fc6bc770000-7fc6bc771000 rw-p 00002000 08:06 10486760                   /usr/lib/pango/1.6.0/modules/pango-basic-fc.so
7fc6bc771000-7fc6bc779000 r-xp 00000000 08:06 10493136                   /usr/lib/jvm/java-6-openjdk/jre/lib/amd64/libnio.so
7fc6bc779000-7fc6bc978000 ---p 00008000 08:06 10493136                   /usr/lib/jvm/java-6-openjdk/jre/lib/amd64/libnio.so
7fc6bc978000-7fc6bc979000 r--p 00007000 08:06 10493136                   /usr/lib/jvm/java-6-openjdk/jre/lib/amd64/libnio.so
7fc6bc979000-7fc6bc97a000 rw-p 00008000 08:06 10493136                   /usr/lib/jvm/java-6-openjdk/jre/lib/amd64/libnio.so
7fc6bc97a000-7fc6bc98f000 r-xp 00000000 08:06 10493124                   /usr/lib/jvm/java-6-openjdk/jre/lib/amd64/libnet.so
7fc6bc98f000-7fc6bcb8e000 ---p 00015000 08:06 10493124                   /usr/lib/jvm/java-6-openjdk/jre/lib/amd64/libnet.so
7fc6bcb8e000-7fc6bcb8f000 r--p 00014000 08:06 10493124                   /usr/lib/jvm/java-6-openjdk/jre/lib/amd64/libnet.so
7fc6bcb8f000-7fc6bcb90000 rw-p 00015000 08:06 10493124                   /usr/lib/jvm/java-6-openjdk/jre/lib/amd64/libnet.so
7fc6bcb90000-7fc6bcbb8000 r-xp 00000000 08:06 10230624                   /usr/lib/gtk-2.0/2.10.0/engines/libmurrine.so
7fc6bcbb8000-7fc6bcdb7000 ---p 00028000 08:06 10230624                   /usr/lib/gtk-2.0/2.10.0/engines/libmurrine.so
7fc6bcdb7000-7fc6bcdb8000 r--p 00027000 08:06 10230624                   /usr/lib/gtk-2.0/2.10.0/engines/libmurrine.so
7fc6bcdb8000-7fc6bcdb9000 rw-p 00028000 08:06 10230624                   /usr/lib/gtk-2.0/2.10.0/engines/libmurrine.so
7fc6bcdb9000-7fc6bcdc1000 r-xp 00000000 08:06 10227111                   /usr/lib/libltdl.so.7.2.1
7fc6bcdc1000-7fc6bcfc1000 ---p 00008000 08:06 10227111                   /usr/lib/libltdl.so.7.2.1
7fc6bcfc1000-7fc6bcfc2000 r--p 00008000 08:06 10227111                   /usr/lib/libltdl.so.7.2.1
7fc6bcfc2000-7fc6bcfc3000 rw-p 00009000 08:06 10227111                   /usr/lib/libltdl.so.7.2.1
7fc6bcfc3000-7fc6bcfd1000 r-xp 00000000 08:06 10227384                   /usr/lib/libtdb.so.1.2.0
7fc6bcfd1000-7fc6bd1d0000 ---p 0000e000 08:06 10227384                   /usr/lib/libtdb.so.1.2.0
7fc6bd1d0000-7fc6bd1d1000 r--p 0000d000 08:06 10227384                   /usr/lib/libtdb.so.1.2.0
7fc6bd1d1000-7fc6bd1d2000 rw-p 0000e000 08:06 10227384                   /usr/lib/libtdb.so.1.2.0
7fc6bd1d2000-7fc6bd1d8000 r-xp 00000000 08:06 10227194                   /usr/lib/libogg.so.0.6.0
7fc6bd1d8000-7fc6bd3d7000 ---p 00006000 08:06 10227194                   /usr/lib/libogg.so.0.6.0
7fc6bd3d7000-7fc6bd3d8000 r--p 00005000 08:06 10227194                   /usr/lib/libogg.so.0.6.0
7fc6bd3d8000-7fc6bd3d9000 rw-p 00006000 08:06 10227194                   /usr/lib/libogg.so.0.6.0
7fc6bd3d9000-7fc6bd405000 r-xp 00000000 08:06 10227435                   /usr/lib/libvorbis.so.0.4.3
7fc6bd405000-7fc6bd604000 ---p 0002c000 08:06 10227435                   /usr/lib/libvorbis.so.0.4.3
7fc6bd604000-7fc6bd605000 r--p 0002b000 08:06 10227435                   /usr/lib/libvorbis.so.0.4.3
7fc6bd605000-7fc6bd606000 rw-p 0002c000 08:06 10227435                   /usr/lib/libvorbis.so.0.4.3
7fc6bd606000-7fc6bd60d000 r-xp 00000000 08:06 10227439                   /usr/lib/libvorbisfile.so.3.3.2
7fc6bd60d000-7fc6bd80c000 ---p 00007000 08:06 10227439                   /usr/lib/libvorbisfile.so.3.3.2
7fc6bd80c000-7fc6bd80d000 r--p 00006000 08:06 10227439                   /usr/lib/libvorbisfile.so.3.3.2
7fc6bd80d000-7fc6bd80e000 rw-p 00007000 08:06 10227439                   /usr/lib/libvorbisfile.so.3.3.2
7fc6bd80e000-7fc6bd81d000 r-xp 00000000 08:06 10226613                   /usr/lib/libcanberra.so.0.2.1
7fc6bd81d000-7fc6bda1c000 ---p 0000f000 08:06 10226613                   /usr/lib/libcanberra.so.0.2.1
7fc6bda1c000-7fc6bda1d000 r--p 0000e000 08:06 10226613                   /usr/lib/libcanberra.so.0.2.1
7fc6bda1d000-7fc6bda1e000 rw-p 0000f000 08:06 10226613                   /usr/lib/libcanberra.so.0.2.1
7fc6bda1e000-7fc6bda22000 r-xp 00000000 08:06 10226611                   /usr/lib/libcanberra-gtk.so.0.1.5
7fc6bda22000-7fc6bdc21000 ---p 00004000 08:06 10226611                   /usr/lib/libcanberra-gtk.so.0.1.5
7fc6bdc21000-7fc6bdc22000 r--p 00003000 08:06 10226611                   /usr/lib/libcanberra-gtk.so.0.1.5
7fc6bdc22000-7fc6bdc23000 rw-p 00004000 08:06 10226611                   /usr/lib/libcanberra-gtk.so.0.1.5
7fc6bdc23000-7fc6bdc28000 r-xp 00000000 08:06 10230670                   /usr/lib/gtk-2.0/modules/libcanberra-gtk-module.so
7fc6bdc28000-7fc6bde27000 ---p 00005000 08:06 10230670                   /usr/lib/gtk-2.0/modules/libcanberra-gtk-module.so
7fc6bde27000-7fc6bde28000 r--p 00004000 08:06 10230670                   /usr/lib/gtk-2.0/modules/libcanberra-gtk-module.so
7fc6bde28000-7fc6bde29000 rw-p 00005000 08:06 10230670                   /usr/lib/gtk-2.0/modules/libcanberra-gtk-module.so
7fc6bde29000-7fc6bdf47000 r--p 00000000 08:06 10231304                   /usr/lib/locale/es_ES.utf8/LC_COLLATE
7fc6bdf47000-7fc6bdf6d000 r-xp 00000000 08:06 11534408                   /lib/libexpat.so.1.5.2
7fc6bdf6d000-7fc6be16d000 ---p 00026000 08:06 11534408                   /lib/libexpat.so.1.5.2
7fc6be16d000-7fc6be16f000 r--p 00026000 08:06 11534408                   /lib/libexpat.so.1.5.2
7fc6be16f000-7fc6be170000 rw-p 00028000 08:06 11534408                   /lib/libexpat.so.1.5.2
7fc6be170000-7fc6be18c000 r-xp 00000000 08:06 11534497                   /lib/libselinux.so.1
7fc6be18c000-7fc6be38b000 ---p 0001c000 08:06 11534497                   /lib/libselinux.so.1
7fc6be38b000-7fc6be38c000 r--p 0001b000 08:06 11534497                   /lib/libselinux.so.1
7fc6be38c000-7fc6be38d000 rw-p 0001c000 08:06 11534497                   /lib/libselinux.so.1
7fc6be38d000-7fc6be38e000 rw-p 00000000 00:00 0 
7fc6be38e000-7fc6be3a4000 r-xp 00000000 08:06 11534493                   /lib/libresolv-2.11.1.so
7fc6be3a4000-7fc6be5a3000 ---p 00016000 08:06 11534493                   /lib/libresolv-2.11.1.so
7fc6be5a3000-7fc6be5a4000 r--p 00015000 08:06 11534493                   /lib/libresolv-2.11.1.so
7fc6be5a4000-7fc6be5a5000 rw-p 00016000 08:06 11534493                   /lib/libresolv-2.11.1.so
7fc6be5a5000-7fc6be5a7000 rw-p 00000000 00:00 0 
7fc6be5a7000-7fc6be5d4000 r-xp 00000000 08:06 11534473                   /lib/libpcre.so.3.12.1
7fc6be5d4000-7fc6be7d3000 ---p 0002d000 08:06 11534473                   /lib/libpcre.so.3.12.1
7fc6be7d3000-7fc6be7d4000 r--p 0002c000 08:06 11534473                   /lib/libpcre.so.3.12.1
7fc6be7d4000-7fc6be7d5000 rw-p 0002d000 08:06 11534473                   /lib/libpcre.so.3.12.1
7fc6be7d5000-7fc6be7dc000 r-xp 00000000 08:06 10227474                   /usr/lib/libxcb-render.so.0.0.0
7fc6be7dc000-7fc6be9dc000 ---p 00007000 08:06 10227474                   /usr/lib/libxcb-render.so.0.0.0
7fc6be9dc000-7fc6be9dd000 r--p 00007000 08:06 10227474                   /usr/lib/libxcb-render.so.0.0.0
7fc6be9dd000-7fc6be9de000 rw-p 00008000 08:06 10227474                   /usr/lib/libxcb-render.so.0.0.0
7fc6be9de000-7fc6be9e1000 r-xp 00000000 08:06 10227472                   /usr/lib/libxcb-render-util.so.0.0.0
7fc6be9e1000-7fc6bebe0000 ---p 00003000 08:06 10227472                   /usr/lib/libxcb-render-util.so.0.0.0
7fc6bebe0000-7fc6bebe1000 r--p 00002000 08:06 10227472                   /usr/lib/libxcb-render-util.so.0.0.0
7fc6bebe1000-7fc6bebe2000 rw-p 00003000 08:06 10227472                   /usr/lib/libxcb-render-util.so.0.0.0
7fc6bebe2000-7fc6bec07000 r-xp 00000000 08:06 11534485                   /lib/libpng12.so.0.42.0
7fc6bec07000-7fc6bee07000 ---p 00025000 08:06 11534485                   /lib/libpng12.so.0.42.0
7fc6bee07000-7fc6bee08000 r--p 00025000 08:06 11534485                   /lib/libpng12.so.0.42.0
7fc6bee08000-7fc6bee09000 rw-p 00026000 08:06 11534485                   /lib/libpng12.so.0.42.0
7fc6bee09000-7fc6bee20000 r-xp 00000000 08:06 10226697                   /usr/lib/libdirect-1.2.so.0.8.0
7fc6bee20000-7fc6bf01f000 ---p 00017000 08:06 10226697                   /usr/lib/libdirect-1.2.so.0.8.0
7fc6bf01f000-7fc6bf020000 r--p 00016000 08:06 10226697                   /usr/lib/libdirect-1.2.so.0.8.0
7fc6bf020000-7fc6bf021000 rw-p 00017000 08:06 10226697                   /usr/lib/libdirect-1.2.so.0.8.0
7fc6bf021000-7fc6bf022000 rw-p 00000000 00:00 0 
7fc6bf022000-7fc6bf02b000 r-xp 00000000 08:06 10226774                   /usr/lib/libfusion-1.2.so.0.8.0
7fc6bf02b000-7fc6bf22a000 ---p 00009000 08:06 10226774                   /usr/lib/libfusion-1.2.so.0.8.0
7fc6bf22a000-7fc6bf22b000 r--p 00008000 08:06 10226774                   /usr/lib/libfusion-1.2.so.0.8.0
7fc6bf22b000-7fc6bf22c000 rw-p 00009000 08:06 10226774                   /usr/lib/libfusion-1.2.so.0.8.0
7fc6bf22c000-7fc6bf2ab000 r-xp 00000000 08:06 10226699                   /usr/lib/libdirectfb-1.2.so.0.8.0
7fc6bf2ab000-7fc6bf4aa000 ---p 0007f000 08:06 10226699                   /usr/lib/libdirectfb-1.2.so.0.8.0
7fc6bf4aa000-7fc6bf4ac000 r--p 0007e000 08:06 10226699                   /usr/lib/libdirectfb-1.2.so.0.8.0
7fc6bf4ac000-7fc6bf4ae000 rw-p 00080000 08:06 10226699                   /usr/lib/libdirectfb-1.2.so.0.8.0
7fc6bf4ae000-7fc6bf4af000 rw-p 00000000 00:00 0 
7fc6bf4af000-7fc6bf504000 r-xp 00000000 08:06 10227241                   /usr/lib/libpixman-1.so.0.16.4
7fc6bf504000-7fc6bf704000 ---p 00055000 08:06 10227241                   /usr/lib/libpixman-1.so.0.16.4
7fc6bf704000-7fc6bf707000 r--p 00055000 08:06 10227241                   /usr/lib/libpixman-1.so.0.16.4
7fc6bf707000-7fc6bf708000 rw-p 00058000 08:06 10227241                   /usr/lib/libpixman-1.so.0.16.4
7fc6bf708000-7fc6bf7e3000 r-xp 00000000 08:06 11534419                   /lib/libglib-2.0.so.0.2400.1
7fc6bf7e3000-7fc6bf9e3000 ---p 000db000 08:06 11534419                   /lib/libglib-2.0.so.0.2400.1
7fc6bf9e3000-7fc6bf9e4000 r--p 000db000 08:06 11534419                   /lib/libglib-2.0.so.0.2400.1
7fc6bf9e4000-7fc6bf9e5000 rw-p 000dc000 08:06 11534419                   /lib/libglib-2.0.so.0.2400.1
7fc6bf9e5000-7fc6bf9e6000 rw-p 00000000 00:00 0 
7fc6bf9e6000-7fc6bf9ea000 r-xp 00000000 08:06 10226961                   /usr/lib/libgthread-2.0.so.0.2400.1
7fc6bf9ea000-7fc6bfbe9000 ---p 00004000 08:06 10226961                   /usr/lib/libgthread-2.0.so.0.2400.1
7fc6bfbe9000-7fc6bfbea000 r--p 00003000 08:06 10226961                   /usr/lib/libgthread-2.0.so.0.2400.1
7fc6bfbea000-7fc6bfbeb000 rw-p 00004000 08:06 10226961                   /usr/lib/libgthread-2.0.so.0.2400.1
7fc6bfbeb000-7fc6bfbee000 r-xp 00000000 08:06 10226841                   /usr/lib/libgmodule-2.0.so.0.2400.1
7fc6bfbee000-7fc6bfded000 ---p 00003000 08:06 10226841                   /usr/lib/libgmodule-2.0.so.0.2400.1
7fc6bfded000-7fc6bfdee000 r--p 00002000 08:06 10226841                   /usr/lib/libgmodule-2.0.so.0.2400.1
7fc6bfdee000-7fc6bfdef000 rw-p 00003000 08:06 10226841                   /usr/lib/libgmodule-2.0.so.0.2400.1
7fc6bfdef000-7fc6bfe34000 r-xp 00000000 08:06 10226877                   /usr/lib/libgobject-2.0.so.0.2400.1
7fc6bfe34000-7fc6c0034000 ---p 00045000 08:06 10226877                   /usr/lib/libgobject-2.0.so.0.2400.1
7fc6c0034000-7fc6c0035000 r--p 00045000 08:06 10226877                   /usr/lib/libgobject-2.0.so.0.2400.1
7fc6c0035000-7fc6c0036000 rw-p 00046000 08:06 10226877                   /usr/lib/libgobject-2.0.so.0.2400.1
7fc6c0036000-7fc6c0037000 rw-p 00000000 00:00 0 
7fc6c0037000-7fc6c006a000 r-xp 00000000 08:06 10226762                   /usr/lib/libfontconfig.so.1.4.4
7fc6c006a000-7fc6c026a000 ---p 00033000 08:06 10226762                   /usr/lib/libfontconfig.so.1.4.4
7fc6c026a000-7fc6c026b000 r--p 00033000 08:06 10226762                   /usr/lib/libfontconfig.so.1.4.4
7fc6c026b000-7fc6c026c000 rw-p 00034000 08:06 10226762                   /usr/lib/libfontconfig.so.1.4.4
7fc6c026c000-7fc6c02b3000 r-xp 00000000 08:06 10227211                   /usr/lib/libpango-1.0.so.0.2800.0
7fc6c02b3000-7fc6c04b3000 ---p 00047000 08:06 10227211                   /usr/lib/libpango-1.0.so.0.2800.0
7fc6c04b3000-7fc6c04b5000 r--p 00047000 08:06 10227211                   /usr/lib/libpango-1.0.so.0.2800.0
7fc6c04b5000-7fc6c04b6000 rw-p 00049000 08:06 10227211                   /usr/lib/libpango-1.0.so.0.2800.0
7fc6c04b6000-7fc6c04de000 r-xp 00000000 08:06 10227215                   /usr/lib/libpangoft2-1.0.so.0.2800.0
7fc6c04de000-7fc6c06de000 ---p 00028000 08:06 10227215                   /usr/lib/libpangoft2-1.0.so.0.2800.0
7fc6c06de000-7fc6c06df000 r--p 00028000 08:06 10227215                   /usr/lib/libpangoft2-1.0.so.0.2800.0
7fc6c06df000-7fc6c06e0000 rw-p 00029000 08:06 10227215                   /usr/lib/libpangoft2-1.0.so.0.2800.0
7fc6c06e0000-7fc6c078f000 r-xp 00000000 08:06 10226823                   /usr/lib/libgio-2.0.so.0.2400.1
7fc6c078f000-7fc6c098e000 ---p 000af000 08:06 10226823                   /usr/lib/libgio-2.0.so.0.2400.1
7fc6c098e000-7fc6c0990000 r--p 000ae000 08:06 10226823                   /usr/lib/libgio-2.0.so.0.2400.1
7fc6c0990000-7fc6c0992000 rw-p 000b0000 08:06 10226823                   /usr/lib/libgio-2.0.so.0.2400.1
7fc6c0992000-7fc6c0993000 rw-p 00000000 00:00 0 
7fc6c0993000-7fc6c0a12000 r-xp 00000000 08:06 10226603                   /usr/lib/libcairo.so.2.10800.10
7fc6c0a12000-7fc6c0c12000 ---p 0007f000 08:06 10226603                   /usr/lib/libcairo.so.2.10800.10
7fc6c0c12000-7fc6c0c14000 r--p 0007f000 08:06 10226603                   /usr/lib/libcairo.so.2.10800.10
7fc6c0c14000-7fc6c0c15000 rw-p 00081000 08:06 10226603                   /usr/lib/libcairo.so.2.10800.10
7fc6c0c15000-7fc6c0c16000 rw-p 00000000 00:00 0 
7fc6c0c16000-7fc6c0c34000 r-xp 00000000 08:06 10226556                   /usr/lib/libatk-1.0.so.0.3009.1
7fc6c0c34000-7fc6c0e34000 ---p 0001e000 08:06 10226556                   /usr/lib/libatk-1.0.so.0.3009.1
7fc6c0e34000-7fc6c0e36000 r--p 0001e000 08:06 10226556                   /usr/lib/libatk-1.0.so.0.3009.1
7fc6c0e36000-7fc6c0e37000 rw-p 00020000 08:06 10226556                   /usr/lib/libatk-1.0.so.0.3009.1
7fc6c0e37000-7fc6c0e39000 r-xp 00000000 08:06 10226479                   /usr/lib/libXdamage.so.1.1.0
7fc6c0e39000-7fc6c1038000 ---p 00002000 08:06 10226479                   /usr/lib/libXdamage.so.1.1.0
7fc6c1038000-7fc6c1039000 r--p 00001000 08:06 10226479                   /usr/lib/libXdamage.so.1.1.0
7fc6c1039000-7fc6c103a000 rw-p 00002000 08:06 10226479                   /usr/lib/libXdamage.so.1.1.0
7fc6c103a000-7fc6c103c000 r-xp 00000000 08:06 10226475                   /usr/lib/libXcomposite.so.1.0.0
7fc6c103c000-7fc6c123b000 ---p 00002000 08:06 10226475                   /usr/lib/libXcomposite.so.1.0.0
7fc6c123b000-7fc6c123c000 r--p 00001000 08:06 10226475                   /usr/lib/libXcomposite.so.1.0.0
7fc6c123c000-7fc6c123d000 rw-p 00002000 08:06 10226475                   /usr/lib/libXcomposite.so.1.0.0
7fc6c123d000-7fc6c1248000 r-xp 00000000 08:06 10227213                   /usr/lib/libpangocairo-1.0.so.0.2800.0
7fc6c1248000-7fc6c1448000 ---p 0000b000 08:06 10227213                   /usr/lib/libpangocairo-1.0.so.0.2800.0
7fc6c1448000-7fc6c1449000 r--p 0000b000 08:06 10227213                   /usr/lib/libpangocairo-1.0.so.0.2800.0
7fc6c1449000-7fc6c144a000 rw-p 0000c000 08:06 10227213                   /usr/lib/libpangocairo-1.0.so.0.2800.0
7fc6c144a000-7fc6c1465000 r-xp 00000000 08:06 10226810                   /usr/lib/libgdk_pixbuf-2.0.so.0.2000.1
7fc6c1465000-7fc6c1664000 ---p 0001b000 08:06 10226810                   /usr/lib/libgdk_pixbuf-2.0.so.0.2000.1
7fc6c1664000-7fc6c1665000 r--p 0001a000 08:06 10226810                   /usr/lib/libgdk_pixbuf-2.0.so.0.2000.1
7fc6c1665000-7fc6c1666000 rw-p 0001b000 08:06 10226810                   /usr/lib/libgdk_pixbuf-2.0.so.0.2000.1
7fc6c1666000-7fc6c1668000 r-xp 00000000 08:06 10226493                   /usr/lib/libXinerama.so.1.0.0
7fc6c1668000-7fc6c1867000 ---p 00002000 08:06 10226493                   /usr/lib/libXinerama.so.1.0.0
7fc6c1867000-7fc6c1868000 r--p 00001000 08:06 10226493                   /usr/lib/libXinerama.so.1.0.0
7fc6c1868000-7fc6c1869000 rw-p 00002000 08:06 10226493                   /usr/lib/libXinerama.so.1.0.0
7fc6c1869000-7fc6c1911000 r-xp 00000000 08:06 10226808                   /usr/lib/libgdk-x11-2.0.so.0.2000.1
7fc6c1911000-7fc6c1b10000 ---p 000a8000 08:06 10226808                   /usr/lib/libgdk-x11-2.0.so.0.2000.1
7fc6c1b10000-7fc6c1b14000 r--p 000a7000 08:06 10226808                   /usr/lib/libgdk-x11-2.0.so.0.2000.1
7fc6c1b14000-7fc6c1b16000 rw-p 000ab000 08:06 10226808                   /usr/lib/libgdk-x11-2.0.so.0.2000.1
7fc6c1b16000-7fc6c1f2b000 r-xp 00000000 08:06 10226965                   /usr/lib/libgtk-x11-2.0.so.0.2000.1
7fc6c1f2b000-7fc6c212b000 ---p 00415000 08:06 10226965                   /usr/lib/libgtk-x11-2.0.so.0.2000.1
7fc6c212b000-7fc6c2132000 r--p 00415000 08:06 10226965                   /usr/lib/libgtk-x11-2.0.so.0.2000.1
7fc6c2132000-7fc6c2136000 rw-p 0041c000 08:06 10226965                   /usr/lib/libgtk-x11-2.0.so.0.2000.1
7fc6c2136000-7fc6c2138000 rw-p 00000000 00:00 0 
7fc6c2138000-7fc6c2140000 r-xp 00000000 08:06 10226503                   /usr/lib/libXrandr.so.2.2.0
7fc6c2140000-7fc6c233f000 ---p 00008000 08:06 10226503                   /usr/lib/libXrandr.so.2.2.0
7fc6c233f000-7fc6c2340000 r--p 00007000 08:06 10226503                   /usr/lib/libXrandr.so.2.2.0
7fc6c2340000-7fc6c2341000 rw-p 00008000 08:06 10226503                   /usr/lib/libXrandr.so.2.2.0
7fc6c2341000-7fc6c2344000 ---p 00000000 00:00 0 
7fc6c2344000-7fc6c2442000 rw-p 00000000 00:00 0 
7fc6c2442000-7fc6c2445000 ---p 00000000 00:00 0 
7fc6c2445000-7fc6c2543000 rw-p 00000000 00:00 0 
7fc6c2543000-7fc6c2546000 ---p 00000000 00:00 0 
7fc6c2546000-7fc6c2644000 rw-p 00000000 00:00 0 
7fc6c2644000-7fc6c2649000 r-xp 00000000 08:06 10226485                   /usr/lib/libXfixes.so.3.1.0
7fc6c2649000-7fc6c2848000 ---p 00005000 08:06 10226485                   /usr/lib/libXfixes.so.3.1.0
7fc6c2848000-7fc6c2849000 r--p 00004000 08:06 10226485                   /usr/lib/libXfixes.so.3.1.0
7fc6c2849000-7fc6c284a000 rw-p 00005000 08:06 10226485                   /usr/lib/libXfixes.so.3.1.0
7fc6c284a000-7fc6c284b000 r--s 00000000 08:06 3940054                    /var/cache/fontconfig/c05880de57d1f5e948fdfacc138775d9-le64.cache-3
7fc6c284b000-7fc6c2854000 r--s 00000000 08:06 3940048                    /var/cache/fontconfig/945677eb7aeaf62f1d50efc3fb3ec7d8-le64.cache-3
7fc6c2854000-7fc6c2856000 r--s 00000000 08:06 3940052                    /var/cache/fontconfig/99e8ed0e538f840c565b6ed5dad60d56-le64.cache-3
7fc6c2856000-7fc6c2859000 r--s 00000000 08:06 3940051                    /var/cache/fontconfig/e383d7ea5fbe662a33d9b44caf393297-le64.cache-3
7fc6c2859000-7fc6c285a000 r--s 00000000 08:06 3940030                    /var/cache/fontconfig/e7071f4a29fa870f4323321c154eba04-le64.cache-3
7fc6c285a000-7fc6c285b000 r--s 00000000 08:06 3940028                    /var/cache/fontconfig/b6fa9421f6700638fe50130b224ed2b7-le64.cache-3
7fc6c285b000-7fc6c285f000 r--s 00000000 08:06 3940013                    /var/cache/fontconfig/6eb3985aa4124903f6ff08ba781cd364-le64.cache-3
7fc6c285f000-7fc6c2860000 r--s 00000000 08:06 3939939                    /var/cache/fontconfig/4c73fe0c47614734b17d736dbde7580a-le64.cache-3
7fc6c2860000-7fc6c2861000 r--s 00000000 08:06 3939722                    /var/cache/fontconfig/0d8c3b2ac0904cb8a57a757ad11a4a08-le64.cache-3
7fc6c2861000-7fc6c2862000 r--s 00000000 08:06 3939439                    /var/cache/fontconfig/6a53c69dea097a2d716e069445527da8-le64.cache-3
7fc6c2862000-7fc6c2868000 r--s 00000000 08:06 3939320                    /var/cache/fontconfig/a755afe4a08bf5b97852ceb7400b47bc-le64.cache-3
7fc6c2868000-7fc6c286a000 r--s 00000000 08:06 3939305                    /var/cache/fontconfig/81cda67e8be65ec12c33ffdbc3c0aede-le64.cache-3
7fc6c286f000-7fc6c287d000 r--p 00000000 08:06 11668834                   /usr/share/locale-langpack/es/LC_MESSAGES/pulseaudio.mo
7fc6c287d000-7fc6c287e000 rw-s 00005000 00:05 4791                       /dev/ati/card0
7fc6c287e000-7fc6c289e000 rw-s fdcc0000 00:05 4791                       /dev/ati/card0
7fc6c289e000-7fc6c28a0000 rw-s 00002000 00:05 4791                       /dev/ati/card0
7fc6c28a0000-7fc6c28a3000 r--s 00077000 08:06 10358814                   /usr/lib/jvm/java-6-openjdk/jre/lib/ext/localedata.jar
7fc6c28a3000-7fc6c28a4000 r--s 00000000 08:06 3940054                    /var/cache/fontconfig/c05880de57d1f5e948fdfacc138775d9-le64.cache-3
7fc6c28a4000-7fc6c28ad000 r--s 00000000 08:06 3940048                    /var/cache/fontconfig/945677eb7aeaf62f1d50efc3fb3ec7d8-le64.cache-3
7fc6c28ad000-7fc6c28af000 r--s 00000000 08:06 3940052                    /var/cache/fontconfig/99e8ed0e538f840c565b6ed5dad60d56-le64.cache-3
7fc6c28af000-7fc6c28b2000 r--s 00000000 08:06 3940051                    /var/cache/fontconfig/e383d7ea5fbe662a33d9b44caf393297-le64.cache-3
7fc6c28b2000-7fc6c28b3000 r--s 00000000 08:06 3940030                    /var/cache/fontconfig/e7071f4a29fa870f4323321c154eba04-le64.cache-3
7fc6c28b3000-7fc6c28b4000 r--s 00000000 08:06 3940028                    /var/cache/fontconfig/b6fa9421f6700638fe50130b224ed2b7-le64.cache-3
7fc6c28b4000-7fc6c28b8000 r--s 00000000 08:06 3940013                    /var/cache/fontconfig/6eb3985aa4124903f6ff08ba781cd364-le64.cache-3
7fc6c28b8000-7fc6c28b9000 r--s 00000000 08:06 3939939                    /var/cache/fontconfig/4c73fe0c47614734b17d736dbde7580a-le64.cache-3
7fc6c28b9000-7fc6c28ba000 r--s 00000000 08:06 3939722                    /var/cache/fontconfig/0d8c3b2ac0904cb8a57a757ad11a4a08-le64.cache-3
7fc6c28ba000-7fc6c28bb000 r--s 00000000 08:06 3939439                    /var/cache/fontconfig/6a53c69dea097a2d716e069445527da8-le64.cache-3
7fc6c28bb000-7fc6c28c1000 r--s 00000000 08:06 3939320                    /var/cache/fontconfig/a755afe4a08bf5b97852ceb7400b47bc-le64.cache-3
7fc6c28c1000-7fc6c28ca000 r--s 00000000 08:06 3939227                    /var/cache/fontconfig/6d41288fd70b0be22e8c3a91e032eec0-le64.cache-3
7fc6c28ca000-7fc6c28da000 r--s 00000000 08:06 3939143                    /var/cache/fontconfig/0f34bcd4b6ee430af32735b75db7f02b-le64.cache-3
7fc6c28da000-7fc6c28e4000 r--s 00000000 08:06 3938196                    /var/cache/fontconfig/d52a8644073d54c13679302ca1180695-le64.cache-3
7fc6c28e4000-7fc6c2907000 r--p 00000000 08:06 11668741                   /usr/share/locale-langpack/es/LC_MESSAGES/libc.mo
7fc6c2907000-7fc6c2931000 r--p 00000000 08:06 11668695                   /usr/share/locale-langpack/es/LC_MESSAGES/gtk20-properties.mo
7fc6c2931000-7fc6c2945000 r--p 00000000 08:06 11668696                   /usr/share/locale-langpack/es/LC_MESSAGES/gtk20.mo
7fc6c2945000-7fc6c2948000 ---p 00000000 00:00 0 
7fc6c2948000-7fc6c2a46000 rw-p 00000000 00:00 0 
7fc6c2a46000-7fc6c2a47000 r--s 00000000 08:06 3940054                    /var/cache/fontconfig/c05880de57d1f5e948fdfacc138775d9-le64.cache-3
7fc6c2a47000-7fc6c2a50000 r--s 00000000 08:06 3940048                    /var/cache/fontconfig/945677eb7aeaf62f1d50efc3fb3ec7d8-le64.cache-3
7fc6c2a50000-7fc6c2a52000 r--s 00000000 08:06 3940052                    /var/cache/fontconfig/99e8ed0e538f840c565b6ed5dad60d56-le64.cache-3
7fc6c2a52000-7fc6c2a55000 r--s 00000000 08:06 3940051                    /var/cache/fontconfig/e383d7ea5fbe662a33d9b44caf393297-le64.cache-3
7fc6c2a55000-7fc6c2a56000 r--s 00000000 08:06 3940030                    /var/cache/fontconfig/e7071f4a29fa870f4323321c154eba04-le64.cache-3
7fc6c2a56000-7fc6c2a57000 r--s 00000000 08:06 3940028                    /var/cache/fontconfig/b6fa9421f6700638fe50130b224ed2b7-le64.cache-3
7fc6c2a57000-7fc6c2a5b000 r--s 00000000 08:06 3940013                    /var/cache/fontconfig/6eb3985aa4124903f6ff08ba781cd364-le64.cache-3
7fc6c2a5b000-7fc6c2a5c000 r--s 00000000 08:06 3939939                    /var/cache/fontconfig/4c73fe0c47614734b17d736dbde7580a-le64.cache-3
7fc6c2a5c000-7fc6c2a5d000 r--s 00000000 08:06 3939722                    /var/cache/fontconfig/0d8c3b2ac0904cb8a57a757ad11a4a08-le64.cache-3
7fc6c2a5d000-7fc6c2a5e000 r--s 00000000 08:06 3939439                    /var/cache/fontconfig/6a53c69dea097a2d716e069445527da8-le64.cache-3
7fc6c2a5e000-7fc6c2a64000 r--s 00000000 08:06 3939320                    /var/cache/fontconfig/a755afe4a08bf5b97852ceb7400b47bc-le64.cache-3
7fc6c2a64000-7fc6c2a66000 r--s 00000000 08:06 3939305                    /var/cache/fontconfig/81cda67e8be65ec12c33ffdbc3c0aede-le64.cache-3
7fc6c2a66000-7fc6c2a6f000 r--s 00000000 08:06 3939227                    /var/cache/fontconfig/6d41288fd70b0be22e8c3a91e032eec0-le64.cache-3
7fc6c2a6f000-7fc6c2a7f000 r--s 00000000 08:06 3939143                    /var/cache/fontconfig/0f34bcd4b6ee430af32735b75db7f02b-le64.cache-3
7fc6c2a7f000-7fc6c2a82000 r--s 00000000 08:06 3939000                    /var/cache/fontconfig/d60319d88cac85ba9e1a07bd06cfbb8c-le64.cache-3
7fc6c2a83000-7fc6c2a85000 r--s 00000000 08:06 3939305                    /var/cache/fontconfig/81cda67e8be65ec12c33ffdbc3c0aede-le64.cache-3
7fc6c2a85000-7fc6c2a88000 r--s 00000000 08:06 3939000                    /var/cache/fontconfig/d60319d88cac85ba9e1a07bd06cfbb8c-le64.cache-3
7fc6c2a88000-7fc6c2a89000 r--s 00000000 08:06 3938691                    /var/cache/fontconfig/4794a0821666d79190d59a36cb4f44b5-le64.cache-3
7fc6c2a89000-7fc6c2a95000 r--p 00000000 08:06 11668653                   /usr/share/locale-langpack/es/LC_MESSAGES/glib20.mo
7fc6c2a95000-7fc6c2a9e000 r-xp 00000000 08:06 10226477                   /usr/lib/libXcursor.so.1.0.2
7fc6c2a9e000-7fc6c2c9d000 ---p 00009000 08:06 10226477                   /usr/lib/libXcursor.so.1.0.2
7fc6c2c9d000-7fc6c2c9e000 r--p 00008000 08:06 10226477                   /usr/lib/libXcursor.so.1.0.2
7fc6c2c9e000-7fc6c2c9f000 rw-p 00009000 08:06 10226477                   /usr/lib/libXcursor.so.1.0.2
7fc6c2c9f000-7fc6c2ca2000 r--s 00000000 08:06 3934102                    /var/cache/fontconfig/e13b20fdb08344e0e664864cc2ede53d-le64.cache-3
7fc6c2ca2000-7fc6c2ca6000 r--s 00000000 08:06 3932234                    /var/cache/fontconfig/7ef2298fde41cc6eeb7af42e48b7d293-le64.cache-3
7fc6c2ca6000-7fc6c2ca7000 r--p 00000000 08:06 10231310                   /usr/lib/locale/es_ES.utf8/LC_NUMERIC
7fc6c2ca7000-7fc6c2ca8000 r--p 00000000 08:06 10233427                   /usr/lib/locale/es_ES.utf8/LC_TIME
7fc6c2ca8000-7fc6c2ca9000 r--p 00000000 08:06 10231517                   /usr/lib/locale/es_ES.utf8/LC_MONETARY
7fc6c2ca9000-7fc6c2caa000 r--p 00000000 08:06 10354710                   /usr/lib/locale/es_ES.utf8/LC_MESSAGES/SYS_LC_MESSAGES
7fc6c2caa000-7fc6c2cab000 r--p 00000000 08:06 10231432                   /usr/lib/locale/es_ES.utf8/LC_PAPER
7fc6c2cab000-7fc6c2cac000 r--p 00000000 08:06 10231309                   /usr/lib/locale/es_ES.utf8/LC_NAME
7fc6c2cac000-7fc6c2cad000 r--p 00000000 08:06 10233428                   /usr/lib/locale/es_ES.utf8/LC_ADDRESS
7fc6c2cad000-7fc6c2cae000 r--p 00000000 08:06 10233429                   /usr/lib/locale/es_ES.utf8/LC_TELEPHONE
7fc6c2cae000-7fc6c2caf000 r--p 00000000 08:06 10231230                   /usr/lib/locale/es_ES.utf8/LC_MEASUREMENT
7fc6c2caf000-7fc6c2cb0000 r--p 00000000 08:06 10233430                   /usr/lib/locale/es_ES.utf8/LC_IDENTIFICATION
7fc6c2cb0000-7fc6c2cb7000 r--s 000fb000 08:06 10358815                   /usr/lib/jvm/java-6-openjdk/jre/lib/resources.jar
7fc6c2cb7000-7fc6c2cc1000 r--s 00000000 08:06 3938196                    /var/cache/fontconfig/d52a8644073d54c13679302ca1180695-le64.cache-3
7fc6c2cc1000-7fc6c2cc4000 r--s 00000000 08:06 3934102                    /var/cache/fontconfig/e13b20fdb08344e0e664864cc2ede53d-le64.cache-3
7fc6c2cc4000-7fc6c2cc8000 r--s 00000000 08:06 3932234                    /var/cache/fontconfig/7ef2298fde41cc6eeb7af42e48b7d293-le64.cache-3
7fc6c2cc8000-7fc6c2ccb000 ---p 00000000 00:00 0 
7fc6c2ccb000-7fc6c2dc9000 rw-p 00000000 00:00 0 
7fc6c2dc9000-7fc6c2e49000 r-xp 00000000 08:06 10226770                   /usr/lib/libfreetype.so.6.3.22
7fc6c2e49000-7fc6c3049000 ---p 00080000 08:06 10226770                   /usr/lib/libfreetype.so.6.3.22
7fc6c3049000-7fc6c304e000 r--p 00080000 08:06 10226770                   /usr/lib/libfreetype.so.6.3.22
7fc6c304e000-7fc6c304f000 rw-p 00085000 08:06 10226770                   /usr/lib/libfreetype.so.6.3.22
7fc6c304f000-7fc6c308a000 r-xp 00000000 08:06 10493108                   /usr/lib/jvm/java-6-openjdk/jre/lib/amd64/libfontmanager.so
7fc6c308a000-7fc6c328a000 ---p 0003b000 08:06 10493108                   /usr/lib/jvm/java-6-openjdk/jre/lib/amd64/libfontmanager.so
7fc6c328a000-7fc6c328c000 r--p 0003b000 08:06 10493108                   /usr/lib/jvm/java-6-openjdk/jre/lib/amd64/libfontmanager.so
7fc6c328c000-7fc6c328d000 rw-p 0003d000 08:06 10493108                   /usr/lib/jvm/java-6-openjdk/jre/lib/amd64/libfontmanager.so
7fc6c328d000-7fc6c3292000 r-xp 00000000 08:06 10226481                   /usr/lib/libXdmcp.so.6.0.0
7fc6c3292000-7fc6c3491000 ---p 00005000 08:06 10226481                   /usr/lib/libXdmcp.so.6.0.0
7fc6c3491000-7fc6c3492000 r--p 00004000 08:06 10226481                   /usr/lib/libXdmcp.so.6.0.0
7fc6c3492000-7fc6c3493000 rw-p 00005000 08:06 10226481                   /usr/lib/libXdmcp.so.6.0.0
7fc6c3493000-7fc6c3495000 r-xp 00000000 08:06 10226470                   /usr/lib/libXau.so.6.0.0
7fc6c3495000-7fc6c3695000 ---p 00002000 08:06 10226470                   /usr/lib/libXau.so.6.0.0
7fc6c3695000-7fc6c3696000 r--p 00002000 08:06 10226470                   /usr/lib/libXau.so.6.0.0
7fc6c3696000-7fc6c3697000 rw-p 00003000 08:06 10226470                   /usr/lib/libXau.so.6.0.0
7fc6c3697000-7fc6c36b2000 r-xp 00000000 08:06 10227476                   /usr/lib/libxcb.so.1.1.0
7fc6c36b2000-7fc6c38b1000 ---p 0001b000 08:06 10227476                   /usr/lib/libxcb.so.1.1.0
7fc6c38b1000-7fc6c38b2000 r--p 0001a000 08:06 10227476                   /usr/lib/libxcb.so.1.1.0
7fc6c38b2000-7fc6c38b3000 rw-p 0001b000 08:06 10227476                   /usr/lib/libxcb.so.1.1.0
7fc6c38b3000-7fc6c38c2000 r-xp 00000000 08:06 10226491                   /usr/lib/libXi.so.6.1.0
7fc6c38c2000-7fc6c3ac1000 ---p 0000f000 08:06 10226491                   /usr/lib/libXi.so.6.1.0
7fc6c3ac1000-7fc6c3ac2000 r--p 0000e000 08:06 10226491                   /usr/lib/libXi.so.6.1.0
7fc6c3ac2000-7fc6c3ac3000 rw-p 0000f000 08:06 10226491                   /usr/lib/libXi.so.6.1.0
7fc6c3ac3000-7fc6c3ac8000 r-xp 00000000 08:06 10226511                   /usr/lib/libXtst.so.6.1.0
7fc6c3ac8000-7fc6c3cc8000 ---p 00005000 08:06 10226511                   /usr/lib/libXtst.so.6.1.0
7fc6c3cc8000-7fc6c3cc9000 r--p 00005000 08:06 10226511                   /usr/lib/libXtst.so.6.1.0
7fc6c3cc9000-7fc6c3cca000 rw-p 00006000 08:06 10226511                   /usr/lib/libXtst.so.6.1.0
7fc6c3cca000-7fc6c3dfb000 r-xp 00000000 08:06 10226466                   /usr/lib/libX11.so.6.3.0
7fc6c3dfb000-7fc6c3ffb000 ---p 00131000 08:06 10226466                   /usr/lib/libX11.so.6.3.0
7fc6c3ffb000-7fc6c3ffc000 r--p 00131000 08:06 10226466                   /usr/lib/libX11.so.6.3.0
7fc6c3ffc000-7fc6c4000000 rw-p 00132000 08:06 10226466                   /usr/lib/libX11.so.6.3.0
7fc6c4000000-7fc6c8000000 rw-p 00000000 00:00 0 
7fc6c8000000-7fc6c8001000 r--s 00000000 08:06 3938691                    /var/cache/fontconfig/4794a0821666d79190d59a36cb4f44b5-le64.cache-3
7fc6c8001000-7fc6c800a000 r--s 00000000 08:06 3939227                    /var/cache/fontconfig/6d41288fd70b0be22e8c3a91e032eec0-le64.cache-3
7fc6c800a000-7fc6c801a000 r--s 00000000 08:06 3939143                    /var/cache/fontconfig/0f34bcd4b6ee430af32735b75db7f02b-le64.cache-3
7fc6c801a000-7fc6c801d000 r--s 00000000 08:06 3939000                    /var/cache/fontconfig/d60319d88cac85ba9e1a07bd06cfbb8c-le64.cache-3
7fc6c801d000-7fc6c8026000 r-xp 00000000 08:06 10226505                   /usr/lib/libXrender.so.1.3.0
7fc6c8026000-7fc6c8225000 ---p 00009000 08:06 10226505                   /usr/lib/libXrender.so.1.3.0
7fc6c8225000-7fc6c8226000 r--p 00008000 08:06 10226505                   /usr/lib/libXrender.so.1.3.0
7fc6c8226000-7fc6c8227000 rw-p 00009000 08:06 10226505                   /usr/lib/libXrender.so.1.3.0
7fc6c8227000-7fc6c8238000 r-xp 00000000 08:06 10226483                   /usr/lib/libXext.so.6.4.0
7fc6c8238000-7fc6c8437000 ---p 00011000 08:06 10226483                   /usr/lib/libXext.so.6.4.0
7fc6c8437000-7fc6c8438000 r--p 00010000 08:06 10226483                   /usr/lib/libXext.so.6.4.0
7fc6c8438000-7fc6c8439000 rw-p 00011000 08:06 10226483                   /usr/lib/libXext.so.6.4.0
7fc6c8439000-7fc6c8443000 r--s 00000000 08:06 3938196                    /var/cache/fontconfig/d52a8644073d54c13679302ca1180695-le64.cache-3
7fc6c8443000-7fc6c8446000 r--s 00000000 08:06 3934102                    /var/cache/fontconfig/e13b20fdb08344e0e664864cc2ede53d-le64.cache-3
7fc6c8446000-7fc6c844a000 r--s 00000000 08:06 3932234                    /var/cache/fontconfig/7ef2298fde41cc6eeb7af42e48b7d293-le64.cache-3
7fc6c844a000-7fc6c8496000 r-xp 00000000 08:06 10758786                   /usr/lib/jvm/java-6-openjdk/jre/lib/amd64/xawt/libmawt.so
7fc6c8496000-7fc6c8696000 ---p 0004c000 08:06 10758786                   /usr/lib/jvm/java-6-openjdk/jre/lib/amd64/xawt/libmawt.so
7fc6c8696000-7fc6c8697000 r--p 0004c000 08:06 10758786                   /usr/lib/jvm/java-6-openjdk/jre/lib/amd64/xawt/libmawt.so
7fc6c8697000-7fc6c869a000 rw-p 0004d000 08:06 10758786                   /usr/lib/jvm/java-6-openjdk/jre/lib/amd64/xawt/libmawt.so
7fc6c869a000-7fc6c869b000 rw-p 00000000 00:00 0 
7fc6c869b000-7fc6c8745000 r-xp 00000000 08:06 10493115                   /usr/lib/jvm/java-6-openjdk/jre/lib/amd64/libawt.so
7fc6c8745000-7fc6c8944000 ---p 000aa000 08:06 10493115                   /usr/lib/jvm/java-6-openjdk/jre/lib/amd64/libawt.so
7fc6c8944000-7fc6c8945000 r--p 000a9000 08:06 10493115                   /usr/lib/jvm/java-6-openjdk/jre/lib/amd64/libawt.so
7fc6c8945000-7fc6c8950000 rw-p 000aa000 08:06 10493115                   /usr/lib/jvm/java-6-openjdk/jre/lib/amd64/libawt.so
7fc6c8950000-7fc6c8975000 rw-p 00000000 00:00 0 
7fc6c8975000-7fc6c8978000 r--s 0007d000 08:06 10358792                   /usr/lib/jvm/java-6-openjdk/jre/lib/jsse.jar
7fc6c8978000-7fc6c897e000 r--s 02646000 08:06 1573848                    /home/disclaimer/jmonkeyplatform/jmonkeyplatform/libs/jME3-testdata.jar
7fc6c897e000-7fc6c8981000 r--s 0001a000 08:06 1573873                    /home/disclaimer/jmonkeyplatform/jmonkeyplatform/libs/xmlpull-xpp3.jar
7fc6c8981000-7fc6c8983000 r--s 00012000 08:06 1573939                    /home/disclaimer/jmonkeyplatform/jmonkeyplatform/libs/eventbus.jar
7fc6c8983000-7fc6c8986000 r--s 0000f000 08:06 1573761                    /home/disclaimer/jmonkeyplatform/jmonkeyplatform/libs/nifty-style-black.jar
7fc6c8986000-7fc6c898e000 r--s 00033000 08:06 1573628                    /home/disclaimer/jmonkeyplatform/jmonkeyplatform/libs/nifty-default-controls.jar
7fc6c898e000-7fc6c8998000 r--s 0006c000 08:06 1573970                    /home/disclaimer/jmonkeyplatform/jmonkeyplatform/libs/nifty.jar
7fc6c8998000-7fc6c899a000 r--s 0003c000 08:06 1573950                    /home/disclaimer/jmonkeyplatform/jmonkeyplatform/libs/vecmath.jar
7fc6c899a000-7fc6c89a4000 r--s 00079000 08:06 1573945                    /home/disclaimer/jmonkeyplatform/jmonkeyplatform/libs/jbullet.jar
7fc6c89a4000-7fc6c89a7000 r--s 00020000 08:06 1573865                    /home/disclaimer/jmonkeyplatform/jmonkeyplatform/libs/jME3-jbullet.jar
7fc6c89a7000-7fc6c89b4000 r--s 000d6000 08:06 1573972                    /home/disclaimer/jmonkeyplatform/jmonkeyplatform/libs/lwjgl.jar
7fc6c89b4000-7fc6c89b5000 ---p 00000000 00:00 0 
7fc6c89b5000-7fc6c8ab5000 rw-p 00000000 00:00 0 
7fc6c8ab5000-7fc6c8ab8000 ---p 00000000 00:00 0 
7fc6c8ab8000-7fc6c8bb6000 rw-p 00000000 00:00 0 
7fc6c8bb6000-7fc6c8bb9000 ---p 00000000 00:00 0 
7fc6c8bb9000-7fc6c8cb7000 rw-p 00000000 00:00 0 
7fc6c8cb7000-7fc6c8cba000 ---p 00000000 00:00 0 
7fc6c8cba000-7fc6c8db8000 rw-p 00000000 00:00 0 
7fc6c8db8000-7fc6c8dbb000 ---p 00000000 00:00 0 
7fc6c8dbb000-7fc6c8eb9000 rw-p 00000000 00:00 0 
7fc6c8eb9000-7fc6c8ec0000 r--s 00000000 08:06 10230079                   /usr/lib/gconv/gconv-modules.cache
7fc6c8ec0000-7fc6c8eff000 r--p 00000000 08:06 10231228                   /usr/lib/locale/es_ES.utf8/LC_CTYPE
7fc6c8eff000-7fc6c8f02000 ---p 00000000 00:00 0 
7fc6c8f02000-7fc6c9000000 rw-p 00000000 00:00 0 
7fc6c9000000-7fc6c9003000 ---p 00000000 00:00 0 
7fc6c9003000-7fc6c9101000 rw-p 00000000 00:00 0 
7fc6c9101000-7fc6c9102000 ---p 00000000 00:00 0 
7fc6c9102000-7fc6c9538000 rw-p 00000000 00:00 0 
7fc6c9538000-7fc6c96ca000 r--s 037bf000 08:06 10359027                   /usr/lib/jvm/java-6-openjdk/jre/lib/rt.jar
7fc6c96ca000-7fc6c96f2000 rw-p 00000000 00:00 0 
7fc6c96f2000-7fc6c96f3000 ---p 00000000 00:00 0 
7fc6c96f3000-7fc6c97f3000 rw-p 00000000 00:00 0 
7fc6c97f3000-7fc6c97f4000 ---p 00000000 00:00 0 
7fc6c97f4000-7fc6c9914000 rw-p 00000000 00:00 0 
7fc6c9914000-7fc6c9947000 rw-p 00000000 00:00 0 
7fc6c9947000-7fc6c9963000 rw-p 00000000 00:00 0 
7fc6c9963000-7fc6c9a25000 rw-p 00000000 00:00 0 
7fc6c9a25000-7fc6c9a45000 rw-p 00000000 00:00 0 
7fc6c9a45000-7fc6c9a78000 rw-p 00000000 00:00 0 
7fc6c9a78000-7fc6c9a94000 rw-p 00000000 00:00 0 
7fc6c9a94000-7fc6c9b56000 rw-p 00000000 00:00 0 
7fc6c9b56000-7fc6c9b90000 rw-p 00000000 00:00 0 
7fc6c9b90000-7fc6c9b92000 ---p 00000000 00:00 0 
7fc6c9b92000-7fc6c9bc5000 rw-p 00000000 00:00 0 
7fc6c9bc5000-7fc6c9bc6000 rw-p 00000000 00:00 0 
7fc6c9bc6000-7fc6ca0b6000 rwxp 00000000 00:00 0 
7fc6ca0b6000-7fc6ccbc6000 rw-p 00000000 00:00 0 
7fc6ccbc6000-7fc6ccbcd000 r-xp 00000000 08:06 10493122                   /usr/lib/jvm/java-6-openjdk/jre/lib/amd64/libzip.so
7fc6ccbcd000-7fc6ccdcc000 ---p 00007000 08:06 10493122                   /usr/lib/jvm/java-6-openjdk/jre/lib/amd64/libzip.so
7fc6ccdcc000-7fc6ccdcd000 r--p 00006000 08:06 10493122                   /usr/lib/jvm/java-6-openjdk/jre/lib/amd64/libzip.so
7fc6ccdcd000-7fc6ccdce000 rw-p 00007000 08:06 10493122                   /usr/lib/jvm/java-6-openjdk/jre/lib/amd64/libzip.so
7fc6ccdce000-7fc6ccdda000 r-xp 00000000 08:06 11534447                   /lib/libnss_files-2.11.1.so
7fc6ccdda000-7fc6ccfd9000 ---p 0000c000 08:06 11534447                   /lib/libnss_files-2.11.1.so
7fc6ccfd9000-7fc6ccfda000 r--p 0000b000 08:06 11534447                   /lib/libnss_files-2.11.1.so
7fc6ccfda000-7fc6ccfdb000 rw-p 0000c000 08:06 11534447                   /lib/libnss_files-2.11.1.so
7fc6ccfdb000-7fc6ccfe5000 r-xp 00000000 08:06 11534457                   /lib/libnss_nis-2.11.1.so
7fc6ccfe5000-7fc6cd1e4000 ---p 0000a000 08:06 11534457                   /lib/libnss_nis-2.11.1.so
7fc6cd1e4000-7fc6cd1e5000 r--p 00009000 08:06 11534457                   /lib/libnss_nis-2.11.1.so
7fc6cd1e5000-7fc6cd1e6000 rw-p 0000a000 08:06 11534457                   /lib/libnss_nis-2.11.1.so
7fc6cd1e6000-7fc6cd1ee000 r-xp 00000000 08:06 11534443                   /lib/libnss_compat-2.11.1.so
7fc6cd1ee000-7fc6cd3ed000 ---p 00008000 08:06 11534443                   /lib/libnss_compat-2.11.1.so
7fc6cd3ed000-7fc6cd3ee000 r--p 00007000 08:06 11534443                   /lib/libnss_compat-2.11.1.so
7fc6cd3ee000-7fc6cd3ef000 rw-p 00008000 08:06 11534443                   /lib/libnss_compat-2.11.1.so
7fc6cd3ef000-7fc6cd406000 r-xp 00000000 08:06 11534441                   /lib/libnsl-2.11.1.so
7fc6cd406000-7fc6cd605000 ---p 00017000 08:06 11534441                   /lib/libnsl-2.11.1.so
7fc6cd605000-7fc6cd606000 r--p 00016000 08:06 11534441                   /lib/libnsl-2.11.1.so
7fc6cd606000-7fc6cd607000 rw-p 00017000 08:06 11534441                   /lib/libnsl-2.11.1.so
7fc6cd607000-7fc6cd609000 rw-p 00000000 00:00 0 
7fc6cd609000-7fc6cd636000 r-xp 00000000 08:06 10493111                   /usr/lib/jvm/java-6-openjdk/jre/lib/amd64/libjava.so
7fc6cd636000-7fc6cd835000 ---p 0002d000 08:06 10493111                   /usr/lib/jvm/java-6-openjdk/jre/lib/amd64/libjava.so
7fc6cd835000-7fc6cd836000 r--p 0002c000 08:06 10493111                   /usr/lib/jvm/java-6-openjdk/jre/lib/amd64/libjava.so
7fc6cd836000-7fc6cd839000 rw-p 0002d000 08:06 10493111                   /usr/lib/jvm/java-6-openjdk/jre/lib/amd64/libjava.so
7fc6cd839000-7fc6cd848000 r-xp 00000000 08:06 10493137                   /usr/lib/jvm/java-6-openjdk/jre/lib/amd64/libverify.so
7fc6cd848000-7fc6cda47000 ---p 0000f000 08:06 10493137                   /usr/lib/jvm/java-6-openjdk/jre/lib/amd64/libverify.so
7fc6cda47000-7fc6cda49000 r--p 0000e000 08:06 10493137                   /usr/lib/jvm/java-6-openjdk/jre/lib/amd64/libverify.so
7fc6cda49000-7fc6cda4a000 rw-p 00010000 08:06 10493137                   /usr/lib/jvm/java-6-openjdk/jre/lib/amd64/libverify.so
7fc6cda4a000-7fc6cda51000 r-xp 00000000 08:06 11534495                   /lib/librt-2.11.1.so
7fc6cda51000-7fc6cdc50000 ---p 00007000 08:06 11534495                   /lib/librt-2.11.1.so
7fc6cdc50000-7fc6cdc51000 r--p 00006000 08:06 11534495                   /lib/librt-2.11.1.so
7fc6cdc51000-7fc6cdc52000 rw-p 00007000 08:06 11534495                   /lib/librt-2.11.1.so
7fc6cdc52000-7fc6cdc68000 r-xp 00000000 08:06 11534415                   /lib/libgcc_s.so.1
7fc6cdc68000-7fc6cde67000 ---p 00016000 08:06 11534415                   /lib/libgcc_s.so.1
7fc6cde67000-7fc6cde68000 r--p 00015000 08:06 11534415                   /lib/libgcc_s.so.1
7fc6cde68000-7fc6cde69000 rw-p 00016000 08:06 11534415                   /lib/libgcc_s.so.1
7fc6cde69000-7fc6cdeeb000 r-xp 00000000 08:06 11534430                   /lib/libm-2.11.1.so
7fc6cdeeb000-7fc6ce0ea000 ---p 00082000 08:06 11534430                   /lib/libm-2.11.1.so
7fc6ce0ea000-7fc6ce0eb000 r--p 00081000 08:06 11534430                   /lib/libm-2.11.1.so
7fc6ce0eb000-7fc6ce0ec000 rw-p 00082000 08:06 11534430                   /lib/libm-2.11.1.so
7fc6ce0ec000-7fc6ce1e2000 r-xp 00000000 08:06 10227375                   /usr/lib/libstdc++.so.6.0.13
7fc6ce1e2000-7fc6ce3e2000 ---p 000f6000 08:06 10227375                   /usr/lib/libstdc++.so.6.0.13
7fc6ce3e2000-7fc6ce3e9000 r--p 000f6000 08:06 10227375                   /usr/lib/libstdc++.so.6.0.13
7fc6ce3e9000-7fc6ce3eb000 rw-p 000fd000 08:06 10227375                   /usr/lib/libstdc++.so.6.0.13
7fc6ce3eb000-7fc6ce400000 rw-p 00000000 00:00 0 
7fc6ce400000-7fc6ced3f000 r-xp 00000000 08:06 10493104                   /usr/lib/jvm/java-6-openjdk/jre/lib/amd64/server/libjvm.so
7fc6ced3f000-7fc6cef3e000 ---p 0093f000 08:06 10493104                   /usr/lib/jvm/java-6-openjdk/jre/lib/amd64/server/libjvm.so
7fc6cef3e000-7fc6cefbf000 r--p 0093e000 08:06 10493104                   /usr/lib/jvm/java-6-openjdk/jre/lib/amd64/server/libjvm.so
7fc6cefbf000-7fc6cefda000 rw-p 009bf000 08:06 10493104                   /usr/lib/jvm/java-6-openjdk/jre/lib/amd64/server/libjvm.so
7fc6cefda000-7fc6cf002000 rw-p 00000000 00:00 0 
7fc6cf002000-7fc6cf17c000 r-xp 00000000 08:06 11534381                   /lib/libc-2.11.1.so
7fc6cf17c000-7fc6cf37b000 ---p 0017a000 08:06 11534381                   /lib/libc-2.11.1.so
7fc6cf37b000-7fc6cf37f000 r--p 00179000 08:06 11534381                   /lib/libc-2.11.1.so
7fc6cf37f000-7fc6cf380000 rw-p 0017d000 08:06 11534381                   /lib/libc-2.11.1.so
7fc6cf380000-7fc6cf385000 rw-p 00000000 00:00 0 
7fc6cf385000-7fc6cf387000 r-xp 00000000 08:06 11534395                   /lib/libdl-2.11.1.so
7fc6cf387000-7fc6cf587000 ---p 00002000 08:06 11534395                   /lib/libdl-2.11.1.so
7fc6cf587000-7fc6cf588000 r--p 00002000 08:06 11534395                   /lib/libdl-2.11.1.so
7fc6cf588000-7fc6cf589000 rw-p 00003000 08:06 11534395                   /lib/libdl-2.11.1.so
7fc6cf589000-7fc6cf58d000 r-xp 00000000 08:06 10493121                   /usr/lib/jvm/java-6-openjdk/jre/lib/amd64/jli/libjli.so
7fc6cf58d000-7fc6cf78c000 ---p 00004000 08:06 10493121                   /usr/lib/jvm/java-6-openjdk/jre/lib/amd64/jli/libjli.so
7fc6cf78c000-7fc6cf78d000 r--p 00003000 08:06 10493121                   /usr/lib/jvm/java-6-openjdk/jre/lib/amd64/jli/libjli.so
7fc6cf78d000-7fc6cf78e000 rw-p 00004000 08:06 10493121                   /usr/lib/jvm/java-6-openjdk/jre/lib/amd64/jli/libjli.so
7fc6cf78e000-7fc6cf7a6000 r-xp 00000000 08:06 11534489                   /lib/libpthread-2.11.1.so
7fc6cf7a6000-7fc6cf9a5000 ---p 00018000 08:06 11534489                   /lib/libpthread-2.11.1.so
7fc6cf9a5000-7fc6cf9a6000 r--p 00017000 08:06 11534489                   /lib/libpthread-2.11.1.so
7fc6cf9a6000-7fc6cf9a7000 rw-p 00018000 08:06 11534489                   /lib/libpthread-2.11.1.so
7fc6cf9a7000-7fc6cf9ab000 rw-p 00000000 00:00 0 
7fc6cf9ab000-7fc6cf9c1000 r-xp 00000000 08:06 11534530                   /lib/libz.so.1.2.3.3
7fc6cf9c1000-7fc6cfbc0000 ---p 00016000 08:06 11534530                   /lib/libz.so.1.2.3.3
7fc6cfbc0000-7fc6cfbc1000 r--p 00015000 08:06 11534530                   /lib/libz.so.1.2.3.3
7fc6cfbc1000-7fc6cfbc2000 rw-p 00016000 08:06 11534530                   /lib/libz.so.1.2.3.3
7fc6cfbc2000-7fc6cfbe2000 r-xp 00000000 08:06 11534357                   /lib/ld-2.11.1.so
7fc6cfbe2000-7fc6cfbe3000 r--s 00000000 08:06 3938691                    /var/cache/fontconfig/4794a0821666d79190d59a36cb4f44b5-le64.cache-3
7fc6cfbe3000-7fc6cfbe4000 r--s 00005000 08:06 1573843                    /home/disclaimer/jmonkeyplatform/jmonkeyplatform/libs/jME3-niftygui.jar
7fc6cfbe4000-7fc6cfbe8000 r--s 00030000 08:06 1573963                    /home/disclaimer/jmonkeyplatform/jmonkeyplatform/libs/jinput.jar
7fc6cfbe8000-7fc6cfbea000 r--s 0020a000 08:06 1573731                    /home/disclaimer/jmonkeyplatform/jmonkeyplatform/libs/jME3-lwjgl-natives.jar
7fc6cfbea000-7fc6cfbec000 r--s 00017000 08:06 1573904                    /home/disclaimer/jmonkeyplatform/jmonkeyplatform/libs/jME3-lwjgl.jar
7fc6cfbec000-7fc6cfbef000 r--s 00024000 08:06 1573866                    /home/disclaimer/jmonkeyplatform/jmonkeyplatform/libs/jME3-terrain.jar
7fc6cfbef000-7fc6cfbf0000 r--s 00009000 08:06 1573846                    /home/disclaimer/jmonkeyplatform/jmonkeyplatform/libs/j-ogg-vorbisd.jar
7fc6cfbf0000-7fc6cfbf2000 r--s 00005000 08:06 1573907                    /home/disclaimer/jmonkeyplatform/jmonkeyplatform/libs/j-ogg-oggd.jar
7fc6cfbf2000-7fc6cfbf5000 r--s 0001c000 08:06 1573798                    /home/disclaimer/jmonkeyplatform/jmonkeyplatform/libs/jME3-networking.jar
7fc6cfbf5000-7fc6cfbf8000 r--s 0006c000 08:06 1573867                    /home/disclaimer/jmonkeyplatform/jmonkeyplatform/libs/jME3-effects.jar
7fc6cfbf8000-7fc6cfc08000 r--s 00101000 08:06 1573921                    /home/disclaimer/jmonkeyplatform/jmonkeyplatform/libs/jME3-core.jar
7fc6cfc08000-7fc6cfc1c000 rw-p 00000000 00:00 0 
7fc6cfc1c000-7fc6cfcc8000 rw-p 00000000 00:00 0 
7fc6cfcc8000-7fc6cfccb000 ---p 00000000 00:00 0 
7fc6cfccb000-7fc6cfdce000 rw-p 00000000 00:00 0 
7fc6cfdce000-7fc6cfdcf000 r--s 0000b000 08:06 1573893                    /home/disclaimer/jmonkeyplatform/jmonkeyplatform/libs/stack-alloc.jar
7fc6cfdcf000-7fc6cfdd0000 r--s 00002000 08:06 1573922                    /home/disclaimer/jmonkeyplatform/jmonkeyplatform/libs/jME3-jogg.jar
7fc6cfdd0000-7fc6cfdd1000 r--s 00010000 08:06 1573869                    /home/disclaimer/jmonkeyplatform/jmonkeyplatform/libs/jME3-plugins.jar
7fc6cfdd1000-7fc6cfdd3000 r--s 00033000 08:06 1573868                    /home/disclaimer/jmonkeyplatform/jmonkeyplatform/libs/jME3-desktop.jar
7fc6cfdd3000-7fc6cfdd5000 r--s 0000f000 08:06 10358810                   /usr/lib/jvm/java-6-openjdk/jre/lib/ext/pulse-java.jar
7fc6cfdd5000-7fc6cfddd000 rw-s 00000000 08:06 6553689                    /tmp/hsperfdata_disclaimer/3588 (deleted)
7fc6cfddd000-7fc6cfdde000 rw-p 00000000 00:00 0 
7fc6cfdde000-7fc6cfddf000 ---p 00000000 00:00 0 
7fc6cfddf000-7fc6cfde1000 rw-p 00000000 00:00 0 
7fc6cfde1000-7fc6cfde2000 r--p 0001f000 08:06 11534357                   /lib/ld-2.11.1.so
7fc6cfde2000-7fc6cfde3000 rw-p 00020000 08:06 11534357                   /lib/ld-2.11.1.so
7fc6cfde3000-7fc6cfde4000 rw-p 00000000 00:00 0 
7fff10142000-7fff10157000 rw-p 00000000 00:00 0                          [stack]
7fff10173000-7fff10174000 r-xp 00000000 00:00 0                          [vdso]
ffffffffff600000-ffffffffff601000 r-xp 00000000 00:00 0                  [vsyscall]

VM Arguments:
jvm_args: -Dfile.encoding=UTF-8 
java_command: controlador.Main
Launcher Type: SUN_STANDARD

Environment Variables:
PATH=/usr/local/sbin:/usr/local/bin:/usr/sbin:/usr/bin:/sbin:/bin:/usr/games
USERNAME=disclaimer
LD_LIBRARY_PATH=/usr/lib/jvm/java-6-openjdk/jre/lib/amd64/server:/usr/lib/jvm/java-6-openjdk/jre/lib/amd64:/usr/lib/jvm/java-6-openjdk/jre/../lib/amd64
SHELL=/bin/bash
DISPLAY=:0.0

Signal Handlers:
SIGSEGV: [libjvm.so+0x7cff30], sa_mask[0]=0x7ffbfeff, sa_flags=0x10000004
SIGBUS: [libjvm.so+0x7cff30], sa_mask[0]=0x7ffbfeff, sa_flags=0x10000004
SIGFPE: [libjvm.so+0x68d2c0], sa_mask[0]=0x7ffbfeff, sa_flags=0x10000004
SIGPIPE: SIG_IGN, sa_mask[0]=0x00001000, sa_flags=0x10000000
SIGXFSZ: [libjvm.so+0x68d2c0], sa_mask[0]=0x7ffbfeff, sa_flags=0x10000004
SIGILL: [libjvm.so+0x68d2c0], sa_mask[0]=0x7ffbfeff, sa_flags=0x10000004
SIGUSR1: SIG_DFL, sa_mask[0]=0x00000000, sa_flags=0x00000000
SIGUSR2: [libjvm.so+0x68ca70], sa_mask[0]=0x00000004, sa_flags=0x10000004
SIGHUP: [libjvm.so+0x68f0d0], sa_mask[0]=0x7ffbfeff, sa_flags=0x10000004
SIGINT: SIG_IGN, sa_mask[0]=0x00000000, sa_flags=0x00000000
SIGTERM: [libjvm.so+0x68f0d0], sa_mask[0]=0x7ffbfeff, sa_flags=0x10000004
SIGQUIT: [libjvm.so+0x68f0d0], sa_mask[0]=0x7ffbfeff, sa_flags=0x10000004


---------------  S Y S T E M  ---------------

OS:Ubuntu 10.04 (lucid)
uname:Linux 2.6.32-38-generic #83-Ubuntu SMP Wed Jan 4 11:12:07 UTC 2012 x86_64
libc:glibc 2.11.1 NPTL 2.11.1 
rlimit: STACK 8192k, CORE 0k, NPROC infinity, NOFILE 1024, AS infinity
load average:2,84 1,89 1,54

/proc/meminfo:
MemTotal:        2056896 kB
MemFree:           54300 kB
Buffers:             860 kB
Cached:            85524 kB
SwapCached:        18912 kB
Active:          1217400 kB
Inactive:         466620 kB
Active(anon):    1192140 kB
Inactive(anon):   419472 kB
Active(file):      25260 kB
Inactive(file):    47148 kB
Unevictable:           0 kB
Mlocked:               0 kB
SwapTotal:        498680 kB
SwapFree:         253488 kB
Dirty:                56 kB
Writeback:             0 kB
AnonPages:       1581224 kB
Mapped:            99128 kB
Shmem:             13928 kB
Slab:              40276 kB
SReclaimable:      20928 kB
SUnreclaim:        19348 kB
KernelStack:        2728 kB
PageTables:        25760 kB
NFS_Unstable:          0 kB
Bounce:                0 kB
WritebackTmp:          0 kB
CommitLimit:     1527128 kB
Committed_AS:    2526040 kB
VmallocTotal:   34359738367 kB
VmallocUsed:      320728 kB
VmallocChunk:   34359414920 kB
HardwareCorrupted:     0 kB
HugePages_Total:       0
HugePages_Free:        0
HugePages_Rsvd:        0
HugePages_Surp:        0
Hugepagesize:       2048 kB
DirectMap4k:     1366912 kB
DirectMap2M:      729088 kB


CPU:total 2 (2 cores per cpu, 1 threads per core) family 15 model 107 stepping 1, cmov, cx8, fxsr, mmx, sse, sse2, sse3, mmxext, 3dnowpref

Memory: 4k page, physical 2056896k(54300k free), swap 498680k(253488k free)

vm_info: OpenJDK 64-Bit Server VM (20.0-b12) for linux-amd64 JRE (1.6.0_24-b24), built on Sep  1 2012 09:58:05 by "buildd" with gcc 4.4.3

time: Wed Nov 14 14:20:30 2012
elapsed time: 59 seconds

