#
# A fatal error has been detected by the Java Runtime Environment:
#
#  SIGSEGV (0xb) at pc=0x00007f981b358c98, pid=3059, tid=140291401033472
#
# JRE version: 6.0_24-b24
# Java VM: OpenJDK 64-Bit Server VM (20.0-b12 mixed mode linux-amd64 compressed oops)
# Derivative: IcedTea6 1.11.4
# Distribution: Ubuntu 10.04.1 LTS, package 6b24-1.11.4-1ubuntu0.10.04.1
# Problematic frame:
# C  [libX11.so.6+0x37c98]  XQueryExtension+0x28
#
# If you would like to submit a bug report, please include
# instructions how to reproduce the bug and visit:
#   https://bugs.launchpad.net/ubuntu/+source/openjdk-6/
#

---------------  T H R E A D  ---------------

Current thread is native thread

siginfo:si_signo=SIGSEGV: si_errno=0, si_code=1 (SEGV_MAPERR), si_addr=0x000000000c02c478

Registers:
RAX=0x000000000274b3e0, RBX=0x000000000c02bb10, RCX=0x00007fff888f01b8, RDX=0x00007fff888f01b4
RSP=0x00007fff888f0150, RBP=0x00007f9811d9ce12, RSI=0x00007f9811d9ce12, RDI=0x000000000c02bb10
R8 =0x00007fff888f01bc, R9 =0x00007f98227b0e50, R10=0x00007f98227b2748, R11=0x00007f982246b590
R12=0x00007fff888f01b4, R13=0x000000000274b3e0, R14=0x000000000274b3e0, R15=0x0000000000000000
RIP=0x00007f981b358c98, EFLAGS=0x0000000000010206, CSGSFS=0x0000000000000033, ERR=0x0000000000000004
  TRAPNO=0x000000000000000e

Top of Stack: (sp=0x00007fff888f0150)
0x00007fff888f0150:   00007f98231fa6a8 00007f98227b0e40
0x00007fff888f0160:   000000000c02bb10 0000000000000020
0x00007fff888f0170:   00007f9823212048 000000000c02bb10
0x00007fff888f0180:   00007f9811d9ce12 0000000000000011
0x00007fff888f0190:   000000000274b3e0 000000000274b3e0
0x00007fff888f01a0:   0000000000000000 00007f981b34d172
0x00007fff888f01b0:   00000000001ca818 00007f9811ed4c60
0x00007fff888f01c0:   00007f9811ed4c60 000000000c02bb10
0x00007fff888f01d0:   0000000000000011 00007f981b665782
0x00007fff888f01e0:   0000000000000005 0000000000000000
0x00007fff888f01f0:   00007f980c039aa0 00007f9811d9ce12
0x00007fff888f0200:   00007fff888f0280 0000000000000000
0x00007fff888f0210:   00007fff888f0280 000000000c02bb10
0x00007fff888f0220:   00007f9823212048 00007f980c026410
0x00007fff888f0230:   00007f9811eee490 00007f9811d48fd9
0x00007fff888f0240:   0000000000000000 0000000000000066
0x00007fff888f0250:   00007fff888f0280 0000000000000000
0x00007fff888f0260:   00007f9823212048 00007f980c026410
0x00007fff888f0270:   0000000000000032 00007f9811d3d6e2
0x00007fff888f0280:   00007fff888f0650 00007f9811d9cd81
0x00007fff888f0290:   0000000000000000 00007f98230013ec
0x00007fff888f02a0:   00007f9823213128 00007f98232136b8
0x00007fff888f02b0:   00007f98231fd4f0 00000000022e2cd0
0x00007fff888f02c0:   0000000002585670 0000000002761ad0
0x00007fff888f02d0:   0000000002762110 00000000027930b0
0x00007fff888f02e0:   0000000002867bb0 000000000272b280
0x00007fff888f02f0:   000000000273db40 0000000002740b80
0x00007fff888f0300:   0000000002742230 0000000002840f00
0x00007fff888f0310:   0000000002719bd0 000000000271a530
0x00007fff888f0320:   00000000025d74a0 000000000286b2f0
0x00007fff888f0330:   000000000286e030 00000000027406d0
0x00007fff888f0340:   0000000002868070 000000000286b830 

Instructions: (pc=0x00007f981b358c98)
0x00007f981b358c78:   24 d8 48 89 fb 4c 89 64 24 e0 4c 89 6c 24 e8 49
0x00007f981b358c88:   89 d4 4c 89 74 24 f0 4c 89 7c 24 f8 48 83 ec 58
0x00007f981b358c98:   48 8b 87 68 09 00 00 49 89 f5 48 89 cd 4d 89 c6
0x00007f981b358ca8:   48 85 c0 74 02 ff 10 4c 8b bb b0 00 00 00 49 8d 

Register to memory mapping:

RAX=0x000000000274b3e0 is an unknown value
RBX=0x000000000c02bb10 is an unknown value
RCX=0x00007fff888f01b8 is an unknown value
RDX=0x00007fff888f01b4 is an unknown value
RSP=0x00007fff888f0150 is an unknown value
RBP=0x00007f9811d9ce12: <offset 0x92e12> in /usr/lib/libGL.so.1 at 0x00007f9811d0a000
RSI=0x00007f9811d9ce12: <offset 0x92e12> in /usr/lib/libGL.so.1 at 0x00007f9811d0a000
RDI=0x000000000c02bb10 is an unknown value
R8 =0x00007fff888f01bc is an unknown value
R9 =0x00007f98227b0e50: <offset 0x37ee50> in /lib/libc.so.6 at 0x00007f9822432000
R10=0x00007f98227b2748: <offset 0x380748> in /lib/libc.so.6 at 0x00007f9822432000
R11=0x00007f982246b590: __cxa_finalize+0 in /lib/libc.so.6 at 0x00007f9822432000
R12=0x00007fff888f01b4 is an unknown value
R13=0x000000000274b3e0 is an unknown value
R14=0x000000000274b3e0 is an unknown value
R15=0x0000000000000000 is an unknown value


Stack: [0x00007fff887f2000,0x00007fff888f2000],  sp=0x00007fff888f0150,  free space=1016k
Native frames: (J=compiled Java code, j=interpreted, Vv=VM code, C=native code)
C  [libX11.so.6+0x37c98]  XQueryExtension+0x28


---------------  P R O C E S S  ---------------

VM state:at safepoint (shutting down)

VM Mutex/Monitor currently owned by a thread:  ([mutex/lock_event])
[0x00000000022dba50] Threads_lock - owner thread: 0x0000000002342800

Heap
 PSYoungGen      total 151488K, used 18232K [0x00000000f2200000, 0x00000000fc230000, 0x0000000100000000)
  eden space 143040K, 8% used [0x00000000f2200000,0x00000000f2d3e108,0x00000000fadb0000)
  from space 8448K, 79% used [0x00000000fb9f0000,0x00000000fc080000,0x00000000fc230000)
  to   space 10496K, 0% used [0x00000000fadb0000,0x00000000fadb0000,0x00000000fb7f0000)
 PSOldGen        total 51200K, used 25051K [0x00000000d6600000, 0x00000000d9800000, 0x00000000f2200000)
  object space 51200K, 48% used [0x00000000d6600000,0x00000000d7e76cc0,0x00000000d9800000)
 PSPermGen       total 63808K, used 29561K [0x00000000cc000000, 0x00000000cfe50000, 0x00000000d6600000)
  object space 63808K, 46% used [0x00000000cc000000,0x00000000cdcde500,0x00000000cfe50000)

Code Cache  [0x00007f981cff6000, 0x00007f981d486000, 0x00007f981fff6000)
 total_blobs=1706 nmethods=1030 adapters=630 free_code_cache=45639488 largest_free_block=8576

Dynamic libraries:
00400000-00409000 r-xp 00000000 08:06 10493093                           /usr/lib/jvm/java-6-openjdk/jre/bin/java
00608000-00609000 r--p 00008000 08:06 10493093                           /usr/lib/jvm/java-6-openjdk/jre/bin/java
00609000-0060a000 rw-p 00009000 08:06 10493093                           /usr/lib/jvm/java-6-openjdk/jre/bin/java
022d4000-07c9c000 rw-p 00000000 00:00 0                                  [heap]
cc000000-cfe50000 rw-p 00000000 00:00 0 
cfe50000-d6600000 rw-p 00000000 00:00 0 
d6600000-d9800000 rw-p 00000000 00:00 0 
d9800000-f2200000 rw-p 00000000 00:00 0 
f2200000-fc230000 rw-p 00000000 00:00 0 
fc230000-fc3c0000 ---p 00000000 00:00 0 
fc3c0000-100000000 rw-p 00000000 00:00 0 
7f97d4000000-7f97d45ef000 rw-p 00000000 00:00 0 
7f97d45ef000-7f97d8000000 ---p 00000000 00:00 0 
7f97dc000000-7f97dffe7000 rw-p 00000000 00:00 0 
7f97dffe7000-7f97e0000000 ---p 00000000 00:00 0 
7f97e4000000-7f97e7ffd000 rw-p 00000000 00:00 0 
7f97e7ffd000-7f97e8000000 ---p 00000000 00:00 0 
7f97e8000000-7f97ebffd000 rw-p 00000000 00:00 0 
7f97ebffd000-7f97ec000000 ---p 00000000 00:00 0 
7f97ec000000-7f97efd13000 rw-p 00000000 00:00 0 
7f97efd13000-7f97f0000000 ---p 00000000 00:00 0 
7f97f0000000-7f97f3ffb000 rw-p 00000000 00:00 0 
7f97f3ffb000-7f97f4000000 ---p 00000000 00:00 0 
7f97f8000000-7f97fbff4000 rw-p 00000000 00:00 0 
7f97fbff4000-7f97fc000000 ---p 00000000 00:00 0 
7f97ff5ef000-7f9801728000 rw-p 00000000 00:00 0 
7f9801929000-7f980192a000 ---p 00000000 00:00 0 
7f980192a000-7f980212a000 rw-p 00000000 00:00 0 
7f980212a000-7f980212b000 ---p 00000000 00:00 0 
7f980212b000-7f980292b000 rw-p 00000000 00:00 0 
7f9802bd7000-7f9803215000 rw-p 00000000 00:00 0 
7f9803215000-7f9803238000 r-xp 00000000 08:06 10227079                   /usr/lib/libjpeg.so.62.0.0
7f9803238000-7f9803437000 ---p 00023000 08:06 10227079                   /usr/lib/libjpeg.so.62.0.0
7f9803437000-7f9803438000 r--p 00022000 08:06 10227079                   /usr/lib/libjpeg.so.62.0.0
7f9803438000-7f9803439000 rw-p 00023000 08:06 10227079                   /usr/lib/libjpeg.so.62.0.0
7f9803e26000-7f9804814000 rw-p 00000000 00:00 0 
7f9804814000-7f980481e000 r-xp 00000000 08:06 10493128                   /usr/lib/jvm/java-6-openjdk/jre/lib/amd64/libjpeg.so
7f980481e000-7f9804a1d000 ---p 0000a000 08:06 10493128                   /usr/lib/jvm/java-6-openjdk/jre/lib/amd64/libjpeg.so
7f9804a1d000-7f9804a1e000 r--p 00009000 08:06 10493128                   /usr/lib/jvm/java-6-openjdk/jre/lib/amd64/libjpeg.so
7f9804a1e000-7f9804a1f000 rw-p 0000a000 08:06 10493128                   /usr/lib/jvm/java-6-openjdk/jre/lib/amd64/libjpeg.so
7f9804a1f000-7f9804a51000 r-xp 00000000 08:06 10493135                   /usr/lib/jvm/java-6-openjdk/jre/lib/amd64/liblcms.so
7f9804a51000-7f9804c50000 ---p 00032000 08:06 10493135                   /usr/lib/jvm/java-6-openjdk/jre/lib/amd64/liblcms.so
7f9804c50000-7f9804c51000 r--p 00031000 08:06 10493135                   /usr/lib/jvm/java-6-openjdk/jre/lib/amd64/liblcms.so
7f9804c51000-7f9804c52000 rw-p 00032000 08:06 10493135                   /usr/lib/jvm/java-6-openjdk/jre/lib/amd64/liblcms.so
7f9804c52000-7f9804c54000 rw-p 00000000 00:00 0 
7f9804c54000-7f9808c55000 rw-s 00000000 00:10 22298                      /dev/shm/pulse-shm-2703909092
7f9808c55000-7f9808c56000 ---p 00000000 00:00 0 
7f9808c56000-7f9809456000 rw-p 00000000 00:00 0 
7f9809456000-7f9809619000 r-xp 00000000 08:06 10227437                   /usr/lib/libvorbisenc.so.2.0.6
7f9809619000-7f9809819000 ---p 001c3000 08:06 10227437                   /usr/lib/libvorbisenc.so.2.0.6
7f9809819000-7f9809830000 r--p 001c3000 08:06 10227437                   /usr/lib/libvorbisenc.so.2.0.6
7f9809830000-7f9809831000 rw-p 001da000 08:06 10227437                   /usr/lib/libvorbisenc.so.2.0.6
7f9809831000-7f980987a000 r-xp 00000000 08:06 10226420                   /usr/lib/libFLAC.so.8.2.0
7f980987a000-7f9809a7a000 ---p 00049000 08:06 10226420                   /usr/lib/libFLAC.so.8.2.0
7f9809a7a000-7f9809a7b000 r--p 00049000 08:06 10226420                   /usr/lib/libFLAC.so.8.2.0
7f9809a7b000-7f9809a7c000 rw-p 0004a000 08:06 10226420                   /usr/lib/libFLAC.so.8.2.0
7f9809a7c000-7f9809ada000 r-xp 00000000 08:06 10227348                   /usr/lib/libsndfile.so.1.0.21
7f9809ada000-7f9809cda000 ---p 0005e000 08:06 10227348                   /usr/lib/libsndfile.so.1.0.21
7f9809cda000-7f9809cdc000 r--p 0005e000 08:06 10227348                   /usr/lib/libsndfile.so.1.0.21
7f9809cdc000-7f9809cdd000 rw-p 00060000 08:06 10227348                   /usr/lib/libsndfile.so.1.0.21
7f9809cdd000-7f9809ce1000 rw-p 00000000 00:00 0 
7f9809ce1000-7f980bc7f000 r-xp 00000000 08:06 10231380                   /usr/lib/dri/fglrx_dri.so
7f980bc7f000-7f980bd7e000 ---p 01f9e000 08:06 10231380                   /usr/lib/dri/fglrx_dri.so
7f980bd7e000-7f980becc000 rwxp 01f9d000 08:06 10231380                   /usr/lib/dri/fglrx_dri.so
7f980becc000-7f980c000000 rwxp 00000000 00:00 0 
7f980c000000-7f9810000000 rw-p 00000000 00:00 0 
7f9810243000-7f981024c000 r-xp 00000000 08:06 11534525                   /lib/libwrap.so.0.7.6
7f981024c000-7f981044b000 ---p 00009000 08:06 11534525                   /lib/libwrap.so.0.7.6
7f981044b000-7f981044c000 r--p 00008000 08:06 11534525                   /lib/libwrap.so.0.7.6
7f981044c000-7f981044d000 rw-p 00009000 08:06 11534525                   /lib/libwrap.so.0.7.6
7f981044d000-7f981044e000 rw-p 00000000 00:00 0 
7f981044e000-7f9810452000 r-xp 00000000 08:06 11534523                   /lib/libuuid.so.1.3.0
7f9810452000-7f9810651000 ---p 00004000 08:06 11534523                   /lib/libuuid.so.1.3.0
7f9810651000-7f9810652000 r--p 00003000 08:06 11534523                   /lib/libuuid.so.1.3.0
7f9810652000-7f9810653000 rw-p 00004000 08:06 11534523                   /lib/libuuid.so.1.3.0
7f9810653000-7f981069e000 r-xp 00000000 08:06 10227289                   /usr/lib/libpulsecommon-0.9.21.so
7f981069e000-7f981089d000 ---p 0004b000 08:06 10227289                   /usr/lib/libpulsecommon-0.9.21.so
7f981089d000-7f981089e000 r--p 0004a000 08:06 10227289                   /usr/lib/libpulsecommon-0.9.21.so
7f981089e000-7f981089f000 rw-p 0004b000 08:06 10227289                   /usr/lib/libpulsecommon-0.9.21.so
7f981089f000-7f98108a7000 r-xp 00000000 08:06 10226464                   /usr/lib/libSM.so.6.0.1
7f98108a7000-7f9810aa6000 ---p 00008000 08:06 10226464                   /usr/lib/libSM.so.6.0.1
7f9810aa6000-7f9810aa7000 r--p 00007000 08:06 10226464                   /usr/lib/libSM.so.6.0.1
7f9810aa7000-7f9810aa8000 rw-p 00008000 08:06 10226464                   /usr/lib/libSM.so.6.0.1
7f9810aa8000-7f9810abf000 r-xp 00000000 08:06 10226435                   /usr/lib/libICE.so.6.3.0
7f9810abf000-7f9810cbe000 ---p 00017000 08:06 10226435                   /usr/lib/libICE.so.6.3.0
7f9810cbe000-7f9810cbf000 r--p 00016000 08:06 10226435                   /usr/lib/libICE.so.6.3.0
7f9810cbf000-7f9810cc0000 rw-p 00017000 08:06 10226435                   /usr/lib/libICE.so.6.3.0
7f9810cc0000-7f9810cc3000 rw-p 00000000 00:00 0 
7f9810cc3000-7f9810d03000 r-xp 00000000 08:06 10227288                   /usr/lib/libpulse.so.0.12.2
7f9810d03000-7f9810f03000 ---p 00040000 08:06 10227288                   /usr/lib/libpulse.so.0.12.2
7f9810f03000-7f9810f04000 r--p 00040000 08:06 10227288                   /usr/lib/libpulse.so.0.12.2
7f9810f04000-7f9810f05000 rw-p 00041000 08:06 10227288                   /usr/lib/libpulse.so.0.12.2
7f9810f05000-7f9810f57000 r-xp 00000000 08:06 1708007                    /home/disclaimer/Escritorio/EngSw_Dilluns-Grup-C-NewMain/BasicGame/libopenal64.so
7f9810f57000-7f9811156000 ---p 00052000 08:06 1708007                    /home/disclaimer/Escritorio/EngSw_Dilluns-Grup-C-NewMain/BasicGame/libopenal64.so
7f9811156000-7f9811158000 r--p 00051000 08:06 1708007                    /home/disclaimer/Escritorio/EngSw_Dilluns-Grup-C-NewMain/BasicGame/libopenal64.so
7f9811158000-7f9811159000 rw-p 00053000 08:06 1708007                    /home/disclaimer/Escritorio/EngSw_Dilluns-Grup-C-NewMain/BasicGame/libopenal64.so
7f9811159000-7f981115a000 rw-p 00000000 00:00 0 
7f981119a000-7f981189a000 rw-s 00006000 00:05 4791                       /dev/ati/card0
7f981189a000-7f9811a9a000 rw-p 00000000 00:00 0 
7f9811a9a000-7f9811ae6000 r-xp 00000000 08:06 10231252                   /usr/lib/libatiadlxx.so
7f9811ae6000-7f9811be6000 ---p 0004c000 08:06 10231252                   /usr/lib/libatiadlxx.so
7f9811be6000-7f9811bf1000 rw-p 0004c000 08:06 10231252                   /usr/lib/libatiadlxx.so
7f9811bf1000-7f9811c01000 rw-p 00000000 00:00 0 
7f9811c01000-7f9811c08000 r-xp 00000000 08:06 10231376                   /usr/lib/libatiuki.so.1.0
7f9811c08000-7f9811d08000 ---p 00007000 08:06 10231376                   /usr/lib/libatiuki.so.1.0
7f9811d08000-7f9811d09000 rw-p 00007000 08:06 10231376                   /usr/lib/libatiuki.so.1.0
7f9811d09000-7f9811d0a000 rw-p 00000000 00:00 0 
7f9811d0a000-7f9811dc8000 r-xp 00000000 08:06 10231379                   /usr/lib/fglrx/fglrx-libGL.so.1.2
7f9811dc8000-7f9811ec8000 ---p 000be000 08:06 10231379                   /usr/lib/fglrx/fglrx-libGL.so.1.2
7f9811ec8000-7f9811eef000 rwxp 000be000 08:06 10231379                   /usr/lib/fglrx/fglrx-libGL.so.1.2
7f9811eef000-7f9811f0e000 rwxp 00000000 00:00 0 
7f9811f0e000-7f9811f11000 ---p 00000000 00:00 0 
7f9811f11000-7f981200f000 rw-p 00000000 00:00 0 
7f981200f000-7f9812014000 r-xp 00000000 08:06 10226523                   /usr/lib/libXxf86vm.so.1.0.0
7f9812014000-7f9812213000 ---p 00005000 08:06 10226523                   /usr/lib/libXxf86vm.so.1.0.0
7f9812213000-7f9812214000 r--p 00004000 08:06 10226523                   /usr/lib/libXxf86vm.so.1.0.0
7f9812214000-7f9812215000 rw-p 00005000 08:06 10226523                   /usr/lib/libXxf86vm.so.1.0.0
7f9812215000-7f981227d000 r-xp 00000000 08:06 1708006                    /home/disclaimer/Escritorio/EngSw_Dilluns-Grup-C-NewMain/BasicGame/liblwjgl64.so
7f981227d000-7f981247d000 ---p 00068000 08:06 1708006                    /home/disclaimer/Escritorio/EngSw_Dilluns-Grup-C-NewMain/BasicGame/liblwjgl64.so
7f981247d000-7f981247f000 r--p 00068000 08:06 1708006                    /home/disclaimer/Escritorio/EngSw_Dilluns-Grup-C-NewMain/BasicGame/liblwjgl64.so
7f981247f000-7f9812480000 rw-p 0006a000 08:06 1708006                    /home/disclaimer/Escritorio/EngSw_Dilluns-Grup-C-NewMain/BasicGame/liblwjgl64.so
7f9812480000-7f9812481000 r-xp 00000000 08:06 10493133                   /usr/lib/jvm/java-6-openjdk/jre/lib/amd64/libjawt.so
7f9812481000-7f9812680000 ---p 00001000 08:06 10493133                   /usr/lib/jvm/java-6-openjdk/jre/lib/amd64/libjawt.so
7f9812680000-7f9812681000 r--p 00000000 08:06 10493133                   /usr/lib/jvm/java-6-openjdk/jre/lib/amd64/libjawt.so
7f9812681000-7f9812682000 rw-p 00001000 08:06 10493133                   /usr/lib/jvm/java-6-openjdk/jre/lib/amd64/libjawt.so
7f9812682000-7f9812782000 rw-s 00000000 00:04 13893687                   /SYSV00000000 (deleted)
7f9812782000-7f98127e2000 rw-s 00000000 00:04 13860918                   /SYSV00000000 (deleted)
7f9812817000-7f981281a000 ---p 00000000 00:00 0 
7f981281a000-7f9812918000 rw-p 00000000 00:00 0 
7f9812918000-7f981291b000 ---p 00000000 00:00 0 
7f981291b000-7f9812a19000 rw-p 00000000 00:00 0 
7f9812a19000-7f9812a24000 r-xp 00000000 08:06 11534513                   /lib/libudev.so.0.6.1
7f9812a24000-7f9812c23000 ---p 0000b000 08:06 11534513                   /lib/libudev.so.0.6.1
7f9812c23000-7f9812c24000 r--p 0000a000 08:06 11534513                   /lib/libudev.so.0.6.1
7f9812c24000-7f9812c25000 rw-p 0000b000 08:06 11534513                   /lib/libudev.so.0.6.1
7f9812c25000-7f9812c4e000 r-xp 00000000 08:06 10230189                   /usr/lib/gio/modules/libgvfsdbus.so
7f9812c4e000-7f9812e4e000 ---p 00029000 08:06 10230189                   /usr/lib/gio/modules/libgvfsdbus.so
7f9812e4e000-7f9812e4f000 r--p 00029000 08:06 10230189                   /usr/lib/gio/modules/libgvfsdbus.so
7f9812e4f000-7f9812e50000 rw-p 0002a000 08:06 10230189                   /usr/lib/gio/modules/libgvfsdbus.so
7f9812e50000-7f9812e68000 r-xp 00000000 08:06 10227010                   /usr/lib/libgvfscommon.so.0.0.0
7f9812e68000-7f9813067000 ---p 00018000 08:06 10227010                   /usr/lib/libgvfscommon.so.0.0.0
7f9813067000-7f9813068000 r--p 00017000 08:06 10227010                   /usr/lib/libgvfscommon.so.0.0.0
7f9813068000-7f9813069000 rw-p 00018000 08:06 10227010                   /usr/lib/libgvfscommon.so.0.0.0
7f9813069000-7f981307d000 r-xp 00000000 08:06 10230188                   /usr/lib/gio/modules/libgioremote-volume-monitor.so
7f981307d000-7f981327c000 ---p 00014000 08:06 10230188                   /usr/lib/gio/modules/libgioremote-volume-monitor.so
7f981327c000-7f981327d000 r--p 00013000 08:06 10230188                   /usr/lib/gio/modules/libgioremote-volume-monitor.so
7f981327d000-7f981327e000 rw-p 00014000 08:06 10230188                   /usr/lib/gio/modules/libgioremote-volume-monitor.so
7f981327e000-7f98132bb000 r-xp 00000000 08:06 11534393                   /lib/libdbus-1.so.3.4.0
7f98132bb000-7f98134bb000 ---p 0003d000 08:06 11534393                   /lib/libdbus-1.so.3.4.0
7f98134bb000-7f98134bc000 r--p 0003d000 08:06 11534393                   /lib/libdbus-1.so.3.4.0
7f98134bc000-7f98134bd000 rw-p 0003e000 08:06 11534393                   /lib/libdbus-1.so.3.4.0
7f98134bd000-7f98134fc000 r-xp 00000000 08:06 10227026                   /usr/lib/libibus.so.1.0.0
7f98134fc000-7f98136fc000 ---p 0003f000 08:06 10227026                   /usr/lib/libibus.so.1.0.0
7f98136fc000-7f98136fe000 r--p 0003f000 08:06 10227026                   /usr/lib/libibus.so.1.0.0
7f98136fe000-7f98136ff000 rw-p 00041000 08:06 10227026                   /usr/lib/libibus.so.1.0.0
7f98136ff000-7f9813700000 rw-p 00000000 00:00 0 
7f9813700000-7f9813705000 r-xp 00000000 08:06 10230634                   /usr/lib/gtk-2.0/2.10.0/immodules/im-ibus.so
7f9813705000-7f9813905000 ---p 00005000 08:06 10230634                   /usr/lib/gtk-2.0/2.10.0/immodules/im-ibus.so
7f9813905000-7f9813906000 r--p 00005000 08:06 10230634                   /usr/lib/gtk-2.0/2.10.0/immodules/im-ibus.so
7f9813906000-7f9813907000 rw-p 00006000 08:06 10230634                   /usr/lib/gtk-2.0/2.10.0/immodules/im-ibus.so
7f9813907000-7f981399f000 r--p 00000000 08:06 11144441                   /usr/share/fonts/truetype/ttf-dejavu/DejaVuSans.ttf
7f981399f000-7f98139a1000 r-xp 00000000 08:06 10486760                   /usr/lib/pango/1.6.0/modules/pango-basic-fc.so
7f98139a1000-7f9813ba0000 ---p 00002000 08:06 10486760                   /usr/lib/pango/1.6.0/modules/pango-basic-fc.so
7f9813ba0000-7f9813ba1000 r--p 00001000 08:06 10486760                   /usr/lib/pango/1.6.0/modules/pango-basic-fc.so
7f9813ba1000-7f9813ba2000 rw-p 00002000 08:06 10486760                   /usr/lib/pango/1.6.0/modules/pango-basic-fc.so
7f9813ba2000-7f9813baa000 r-xp 00000000 08:06 10493136                   /usr/lib/jvm/java-6-openjdk/jre/lib/amd64/libnio.so
7f9813baa000-7f9813da9000 ---p 00008000 08:06 10493136                   /usr/lib/jvm/java-6-openjdk/jre/lib/amd64/libnio.so
7f9813da9000-7f9813daa000 r--p 00007000 08:06 10493136                   /usr/lib/jvm/java-6-openjdk/jre/lib/amd64/libnio.so
7f9813daa000-7f9813dab000 rw-p 00008000 08:06 10493136                   /usr/lib/jvm/java-6-openjdk/jre/lib/amd64/libnio.so
7f9813dab000-7f9813dc0000 r-xp 00000000 08:06 10493124                   /usr/lib/jvm/java-6-openjdk/jre/lib/amd64/libnet.so
7f9813dc0000-7f9813fbf000 ---p 00015000 08:06 10493124                   /usr/lib/jvm/java-6-openjdk/jre/lib/amd64/libnet.so
7f9813fbf000-7f9813fc0000 r--p 00014000 08:06 10493124                   /usr/lib/jvm/java-6-openjdk/jre/lib/amd64/libnet.so
7f9813fc0000-7f9813fc1000 rw-p 00015000 08:06 10493124                   /usr/lib/jvm/java-6-openjdk/jre/lib/amd64/libnet.so
7f9813fc1000-7f9813fe9000 r-xp 00000000 08:06 10230624                   /usr/lib/gtk-2.0/2.10.0/engines/libmurrine.so
7f9813fe9000-7f98141e8000 ---p 00028000 08:06 10230624                   /usr/lib/gtk-2.0/2.10.0/engines/libmurrine.so
7f98141e8000-7f98141e9000 r--p 00027000 08:06 10230624                   /usr/lib/gtk-2.0/2.10.0/engines/libmurrine.so
7f98141e9000-7f98141ea000 rw-p 00028000 08:06 10230624                   /usr/lib/gtk-2.0/2.10.0/engines/libmurrine.so
7f98141ea000-7f98141f2000 r-xp 00000000 08:06 10227111                   /usr/lib/libltdl.so.7.2.1
7f98141f2000-7f98143f2000 ---p 00008000 08:06 10227111                   /usr/lib/libltdl.so.7.2.1
7f98143f2000-7f98143f3000 r--p 00008000 08:06 10227111                   /usr/lib/libltdl.so.7.2.1
7f98143f3000-7f98143f4000 rw-p 00009000 08:06 10227111                   /usr/lib/libltdl.so.7.2.1
7f98143f4000-7f9814402000 r-xp 00000000 08:06 10227384                   /usr/lib/libtdb.so.1.2.0
7f9814402000-7f9814601000 ---p 0000e000 08:06 10227384                   /usr/lib/libtdb.so.1.2.0
7f9814601000-7f9814602000 r--p 0000d000 08:06 10227384                   /usr/lib/libtdb.so.1.2.0
7f9814602000-7f9814603000 rw-p 0000e000 08:06 10227384                   /usr/lib/libtdb.so.1.2.0
7f9814603000-7f9814609000 r-xp 00000000 08:06 10227194                   /usr/lib/libogg.so.0.6.0
7f9814609000-7f9814808000 ---p 00006000 08:06 10227194                   /usr/lib/libogg.so.0.6.0
7f9814808000-7f9814809000 r--p 00005000 08:06 10227194                   /usr/lib/libogg.so.0.6.0
7f9814809000-7f981480a000 rw-p 00006000 08:06 10227194                   /usr/lib/libogg.so.0.6.0
7f981480a000-7f9814836000 r-xp 00000000 08:06 10227435                   /usr/lib/libvorbis.so.0.4.3
7f9814836000-7f9814a35000 ---p 0002c000 08:06 10227435                   /usr/lib/libvorbis.so.0.4.3
7f9814a35000-7f9814a36000 r--p 0002b000 08:06 10227435                   /usr/lib/libvorbis.so.0.4.3
7f9814a36000-7f9814a37000 rw-p 0002c000 08:06 10227435                   /usr/lib/libvorbis.so.0.4.3
7f9814a37000-7f9814a3e000 r-xp 00000000 08:06 10227439                   /usr/lib/libvorbisfile.so.3.3.2
7f9814a3e000-7f9814c3d000 ---p 00007000 08:06 10227439                   /usr/lib/libvorbisfile.so.3.3.2
7f9814c3d000-7f9814c3e000 r--p 00006000 08:06 10227439                   /usr/lib/libvorbisfile.so.3.3.2
7f9814c3e000-7f9814c3f000 rw-p 00007000 08:06 10227439                   /usr/lib/libvorbisfile.so.3.3.2
7f9814c3f000-7f9814c4e000 r-xp 00000000 08:06 10226613                   /usr/lib/libcanberra.so.0.2.1
7f9814c4e000-7f9814e4d000 ---p 0000f000 08:06 10226613                   /usr/lib/libcanberra.so.0.2.1
7f9814e4d000-7f9814e4e000 r--p 0000e000 08:06 10226613                   /usr/lib/libcanberra.so.0.2.1
7f9814e4e000-7f9814e4f000 rw-p 0000f000 08:06 10226613                   /usr/lib/libcanberra.so.0.2.1
7f9814e4f000-7f9814e53000 r-xp 00000000 08:06 10226611                   /usr/lib/libcanberra-gtk.so.0.1.5
7f9814e53000-7f9815052000 ---p 00004000 08:06 10226611                   /usr/lib/libcanberra-gtk.so.0.1.5
7f9815052000-7f9815053000 r--p 00003000 08:06 10226611                   /usr/lib/libcanberra-gtk.so.0.1.5
7f9815053000-7f9815054000 rw-p 00004000 08:06 10226611                   /usr/lib/libcanberra-gtk.so.0.1.5
7f9815054000-7f9815059000 r-xp 00000000 08:06 10230670                   /usr/lib/gtk-2.0/modules/libcanberra-gtk-module.so
7f9815059000-7f9815258000 ---p 00005000 08:06 10230670                   /usr/lib/gtk-2.0/modules/libcanberra-gtk-module.so
7f9815258000-7f9815259000 r--p 00004000 08:06 10230670                   /usr/lib/gtk-2.0/modules/libcanberra-gtk-module.so
7f9815259000-7f981525a000 rw-p 00005000 08:06 10230670                   /usr/lib/gtk-2.0/modules/libcanberra-gtk-module.so
7f981525a000-7f9815378000 r--p 00000000 08:06 10231304                   /usr/lib/locale/es_ES.utf8/LC_COLLATE
7f9815378000-7f981539e000 r-xp 00000000 08:06 11534408                   /lib/libexpat.so.1.5.2
7f981539e000-7f981559e000 ---p 00026000 08:06 11534408                   /lib/libexpat.so.1.5.2
7f981559e000-7f98155a0000 r--p 00026000 08:06 11534408                   /lib/libexpat.so.1.5.2
7f98155a0000-7f98155a1000 rw-p 00028000 08:06 11534408                   /lib/libexpat.so.1.5.2
7f98155a1000-7f98155bd000 r-xp 00000000 08:06 11534497                   /lib/libselinux.so.1
7f98155bd000-7f98157bc000 ---p 0001c000 08:06 11534497                   /lib/libselinux.so.1
7f98157bc000-7f98157bd000 r--p 0001b000 08:06 11534497                   /lib/libselinux.so.1
7f98157bd000-7f98157be000 rw-p 0001c000 08:06 11534497                   /lib/libselinux.so.1
7f98157be000-7f98157bf000 rw-p 00000000 00:00 0 
7f98157bf000-7f98157d5000 r-xp 00000000 08:06 11534493                   /lib/libresolv-2.11.1.so
7f98157d5000-7f98159d4000 ---p 00016000 08:06 11534493                   /lib/libresolv-2.11.1.so
7f98159d4000-7f98159d5000 r--p 00015000 08:06 11534493                   /lib/libresolv-2.11.1.so
7f98159d5000-7f98159d6000 rw-p 00016000 08:06 11534493                   /lib/libresolv-2.11.1.so
7f98159d6000-7f98159d8000 rw-p 00000000 00:00 0 
7f98159d8000-7f9815a05000 r-xp 00000000 08:06 11534473                   /lib/libpcre.so.3.12.1
7f9815a05000-7f9815c04000 ---p 0002d000 08:06 11534473                   /lib/libpcre.so.3.12.1
7f9815c04000-7f9815c05000 r--p 0002c000 08:06 11534473                   /lib/libpcre.so.3.12.1
7f9815c05000-7f9815c06000 rw-p 0002d000 08:06 11534473                   /lib/libpcre.so.3.12.1
7f9815c06000-7f9815c0d000 r-xp 00000000 08:06 10227474                   /usr/lib/libxcb-render.so.0.0.0
7f9815c0d000-7f9815e0d000 ---p 00007000 08:06 10227474                   /usr/lib/libxcb-render.so.0.0.0
7f9815e0d000-7f9815e0e000 r--p 00007000 08:06 10227474                   /usr/lib/libxcb-render.so.0.0.0
7f9815e0e000-7f9815e0f000 rw-p 00008000 08:06 10227474                   /usr/lib/libxcb-render.so.0.0.0
7f9815e0f000-7f9815e12000 r-xp 00000000 08:06 10227472                   /usr/lib/libxcb-render-util.so.0.0.0
7f9815e12000-7f9816011000 ---p 00003000 08:06 10227472                   /usr/lib/libxcb-render-util.so.0.0.0
7f9816011000-7f9816012000 r--p 00002000 08:06 10227472                   /usr/lib/libxcb-render-util.so.0.0.0
7f9816012000-7f9816013000 rw-p 00003000 08:06 10227472                   /usr/lib/libxcb-render-util.so.0.0.0
7f9816013000-7f9816038000 r-xp 00000000 08:06 11534485                   /lib/libpng12.so.0.42.0
7f9816038000-7f9816238000 ---p 00025000 08:06 11534485                   /lib/libpng12.so.0.42.0
7f9816238000-7f9816239000 r--p 00025000 08:06 11534485                   /lib/libpng12.so.0.42.0
7f9816239000-7f981623a000 rw-p 00026000 08:06 11534485                   /lib/libpng12.so.0.42.0
7f981623a000-7f9816251000 r-xp 00000000 08:06 10226697                   /usr/lib/libdirect-1.2.so.0.8.0
7f9816251000-7f9816450000 ---p 00017000 08:06 10226697                   /usr/lib/libdirect-1.2.so.0.8.0
7f9816450000-7f9816451000 r--p 00016000 08:06 10226697                   /usr/lib/libdirect-1.2.so.0.8.0
7f9816451000-7f9816452000 rw-p 00017000 08:06 10226697                   /usr/lib/libdirect-1.2.so.0.8.0
7f9816452000-7f9816453000 rw-p 00000000 00:00 0 
7f9816453000-7f981645c000 r-xp 00000000 08:06 10226774                   /usr/lib/libfusion-1.2.so.0.8.0
7f981645c000-7f981665b000 ---p 00009000 08:06 10226774                   /usr/lib/libfusion-1.2.so.0.8.0
7f981665b000-7f981665c000 r--p 00008000 08:06 10226774                   /usr/lib/libfusion-1.2.so.0.8.0
7f981665c000-7f981665d000 rw-p 00009000 08:06 10226774                   /usr/lib/libfusion-1.2.so.0.8.0
7f981665d000-7f98166dc000 r-xp 00000000 08:06 10226699                   /usr/lib/libdirectfb-1.2.so.0.8.0
7f98166dc000-7f98168db000 ---p 0007f000 08:06 10226699                   /usr/lib/libdirectfb-1.2.so.0.8.0
7f98168db000-7f98168dd000 r--p 0007e000 08:06 10226699                   /usr/lib/libdirectfb-1.2.so.0.8.0
7f98168dd000-7f98168df000 rw-p 00080000 08:06 10226699                   /usr/lib/libdirectfb-1.2.so.0.8.0
7f98168df000-7f98168e0000 rw-p 00000000 00:00 0 
7f98168e0000-7f9816935000 r-xp 00000000 08:06 10227241                   /usr/lib/libpixman-1.so.0.16.4
7f9816935000-7f9816b35000 ---p 00055000 08:06 10227241                   /usr/lib/libpixman-1.so.0.16.4
7f9816b35000-7f9816b38000 r--p 00055000 08:06 10227241                   /usr/lib/libpixman-1.so.0.16.4
7f9816b38000-7f9816b39000 rw-p 00058000 08:06 10227241                   /usr/lib/libpixman-1.so.0.16.4
7f9816b39000-7f9816c14000 r-xp 00000000 08:06 11534419                   /lib/libglib-2.0.so.0.2400.1
7f9816c14000-7f9816e14000 ---p 000db000 08:06 11534419                   /lib/libglib-2.0.so.0.2400.1
7f9816e14000-7f9816e15000 r--p 000db000 08:06 11534419                   /lib/libglib-2.0.so.0.2400.1
7f9816e15000-7f9816e16000 rw-p 000dc000 08:06 11534419                   /lib/libglib-2.0.so.0.2400.1
7f9816e16000-7f9816e17000 rw-p 00000000 00:00 0 
7f9816e17000-7f9816e1b000 r-xp 00000000 08:06 10226961                   /usr/lib/libgthread-2.0.so.0.2400.1
7f9816e1b000-7f981701a000 ---p 00004000 08:06 10226961                   /usr/lib/libgthread-2.0.so.0.2400.1
7f981701a000-7f981701b000 r--p 00003000 08:06 10226961                   /usr/lib/libgthread-2.0.so.0.2400.1
7f981701b000-7f981701c000 rw-p 00004000 08:06 10226961                   /usr/lib/libgthread-2.0.so.0.2400.1
7f981701c000-7f981701f000 r-xp 00000000 08:06 10226841                   /usr/lib/libgmodule-2.0.so.0.2400.1
7f981701f000-7f981721e000 ---p 00003000 08:06 10226841                   /usr/lib/libgmodule-2.0.so.0.2400.1
7f981721e000-7f981721f000 r--p 00002000 08:06 10226841                   /usr/lib/libgmodule-2.0.so.0.2400.1
7f981721f000-7f9817220000 rw-p 00003000 08:06 10226841                   /usr/lib/libgmodule-2.0.so.0.2400.1
7f9817220000-7f9817265000 r-xp 00000000 08:06 10226877                   /usr/lib/libgobject-2.0.so.0.2400.1
7f9817265000-7f9817465000 ---p 00045000 08:06 10226877                   /usr/lib/libgobject-2.0.so.0.2400.1
7f9817465000-7f9817466000 r--p 00045000 08:06 10226877                   /usr/lib/libgobject-2.0.so.0.2400.1
7f9817466000-7f9817467000 rw-p 00046000 08:06 10226877                   /usr/lib/libgobject-2.0.so.0.2400.1
7f9817467000-7f9817468000 rw-p 00000000 00:00 0 
7f9817468000-7f981749b000 r-xp 00000000 08:06 10226762                   /usr/lib/libfontconfig.so.1.4.4
7f981749b000-7f981769b000 ---p 00033000 08:06 10226762                   /usr/lib/libfontconfig.so.1.4.4
7f981769b000-7f981769c000 r--p 00033000 08:06 10226762                   /usr/lib/libfontconfig.so.1.4.4
7f981769c000-7f981769d000 rw-p 00034000 08:06 10226762                   /usr/lib/libfontconfig.so.1.4.4
7f981769d000-7f98176e4000 r-xp 00000000 08:06 10227211                   /usr/lib/libpango-1.0.so.0.2800.0
7f98176e4000-7f98178e4000 ---p 00047000 08:06 10227211                   /usr/lib/libpango-1.0.so.0.2800.0
7f98178e4000-7f98178e6000 r--p 00047000 08:06 10227211                   /usr/lib/libpango-1.0.so.0.2800.0
7f98178e6000-7f98178e7000 rw-p 00049000 08:06 10227211                   /usr/lib/libpango-1.0.so.0.2800.0
7f98178e7000-7f981790f000 r-xp 00000000 08:06 10227215                   /usr/lib/libpangoft2-1.0.so.0.2800.0
7f981790f000-7f9817b0f000 ---p 00028000 08:06 10227215                   /usr/lib/libpangoft2-1.0.so.0.2800.0
7f9817b0f000-7f9817b10000 r--p 00028000 08:06 10227215                   /usr/lib/libpangoft2-1.0.so.0.2800.0
7f9817b10000-7f9817b11000 rw-p 00029000 08:06 10227215                   /usr/lib/libpangoft2-1.0.so.0.2800.0
7f9817b11000-7f9817bc0000 r-xp 00000000 08:06 10226823                   /usr/lib/libgio-2.0.so.0.2400.1
7f9817bc0000-7f9817dbf000 ---p 000af000 08:06 10226823                   /usr/lib/libgio-2.0.so.0.2400.1
7f9817dbf000-7f9817dc1000 r--p 000ae000 08:06 10226823                   /usr/lib/libgio-2.0.so.0.2400.1
7f9817dc1000-7f9817dc3000 rw-p 000b0000 08:06 10226823                   /usr/lib/libgio-2.0.so.0.2400.1
7f9817dc3000-7f9817dc4000 rw-p 00000000 00:00 0 
7f9817dc4000-7f9817e43000 r-xp 00000000 08:06 10226603                   /usr/lib/libcairo.so.2.10800.10
7f9817e43000-7f9818043000 ---p 0007f000 08:06 10226603                   /usr/lib/libcairo.so.2.10800.10
7f9818043000-7f9818045000 r--p 0007f000 08:06 10226603                   /usr/lib/libcairo.so.2.10800.10
7f9818045000-7f9818046000 rw-p 00081000 08:06 10226603                   /usr/lib/libcairo.so.2.10800.10
7f9818046000-7f9818047000 rw-p 00000000 00:00 0 
7f9818047000-7f9818065000 r-xp 00000000 08:06 10226556                   /usr/lib/libatk-1.0.so.0.3009.1
7f9818065000-7f9818265000 ---p 0001e000 08:06 10226556                   /usr/lib/libatk-1.0.so.0.3009.1
7f9818265000-7f9818267000 r--p 0001e000 08:06 10226556                   /usr/lib/libatk-1.0.so.0.3009.1
7f9818267000-7f9818268000 rw-p 00020000 08:06 10226556                   /usr/lib/libatk-1.0.so.0.3009.1
7f9818268000-7f981826a000 r-xp 00000000 08:06 10226479                   /usr/lib/libXdamage.so.1.1.0
7f981826a000-7f9818469000 ---p 00002000 08:06 10226479                   /usr/lib/libXdamage.so.1.1.0
7f9818469000-7f981846a000 r--p 00001000 08:06 10226479                   /usr/lib/libXdamage.so.1.1.0
7f981846a000-7f981846b000 rw-p 00002000 08:06 10226479                   /usr/lib/libXdamage.so.1.1.0
7f981846b000-7f981846d000 r-xp 00000000 08:06 10226475                   /usr/lib/libXcomposite.so.1.0.0
7f981846d000-7f981866c000 ---p 00002000 08:06 10226475                   /usr/lib/libXcomposite.so.1.0.0
7f981866c000-7f981866d000 r--p 00001000 08:06 10226475                   /usr/lib/libXcomposite.so.1.0.0
7f981866d000-7f981866e000 rw-p 00002000 08:06 10226475                   /usr/lib/libXcomposite.so.1.0.0
7f981866e000-7f9818679000 r-xp 00000000 08:06 10227213                   /usr/lib/libpangocairo-1.0.so.0.2800.0
7f9818679000-7f9818879000 ---p 0000b000 08:06 10227213                   /usr/lib/libpangocairo-1.0.so.0.2800.0
7f9818879000-7f981887a000 r--p 0000b000 08:06 10227213                   /usr/lib/libpangocairo-1.0.so.0.2800.0
7f981887a000-7f981887b000 rw-p 0000c000 08:06 10227213                   /usr/lib/libpangocairo-1.0.so.0.2800.0
7f981887b000-7f9818896000 r-xp 00000000 08:06 10226810                   /usr/lib/libgdk_pixbuf-2.0.so.0.2000.1
7f9818896000-7f9818a95000 ---p 0001b000 08:06 10226810                   /usr/lib/libgdk_pixbuf-2.0.so.0.2000.1
7f9818a95000-7f9818a96000 r--p 0001a000 08:06 10226810                   /usr/lib/libgdk_pixbuf-2.0.so.0.2000.1
7f9818a96000-7f9818a97000 rw-p 0001b000 08:06 10226810                   /usr/lib/libgdk_pixbuf-2.0.so.0.2000.1
7f9818a97000-7f9818a99000 r-xp 00000000 08:06 10226493                   /usr/lib/libXinerama.so.1.0.0
7f9818a99000-7f9818c98000 ---p 00002000 08:06 10226493                   /usr/lib/libXinerama.so.1.0.0
7f9818c98000-7f9818c99000 r--p 00001000 08:06 10226493                   /usr/lib/libXinerama.so.1.0.0
7f9818c99000-7f9818c9a000 rw-p 00002000 08:06 10226493                   /usr/lib/libXinerama.so.1.0.0
7f9818c9a000-7f9818d42000 r-xp 00000000 08:06 10226808                   /usr/lib/libgdk-x11-2.0.so.0.2000.1
7f9818d42000-7f9818f41000 ---p 000a8000 08:06 10226808                   /usr/lib/libgdk-x11-2.0.so.0.2000.1
7f9818f41000-7f9818f45000 r--p 000a7000 08:06 10226808                   /usr/lib/libgdk-x11-2.0.so.0.2000.1
7f9818f45000-7f9818f47000 rw-p 000ab000 08:06 10226808                   /usr/lib/libgdk-x11-2.0.so.0.2000.1
7f9818f47000-7f981935c000 r-xp 00000000 08:06 10226965                   /usr/lib/libgtk-x11-2.0.so.0.2000.1
7f981935c000-7f981955c000 ---p 00415000 08:06 10226965                   /usr/lib/libgtk-x11-2.0.so.0.2000.1
7f981955c000-7f9819563000 r--p 00415000 08:06 10226965                   /usr/lib/libgtk-x11-2.0.so.0.2000.1
7f9819563000-7f9819567000 rw-p 0041c000 08:06 10226965                   /usr/lib/libgtk-x11-2.0.so.0.2000.1
7f9819567000-7f9819569000 rw-p 00000000 00:00 0 
7f9819569000-7f9819571000 r-xp 00000000 08:06 10226503                   /usr/lib/libXrandr.so.2.2.0
7f9819571000-7f9819770000 ---p 00008000 08:06 10226503                   /usr/lib/libXrandr.so.2.2.0
7f9819770000-7f9819771000 r--p 00007000 08:06 10226503                   /usr/lib/libXrandr.so.2.2.0
7f9819771000-7f9819772000 rw-p 00008000 08:06 10226503                   /usr/lib/libXrandr.so.2.2.0
7f9819772000-7f9819775000 ---p 00000000 00:00 0 
7f9819775000-7f9819873000 rw-p 00000000 00:00 0 
7f9819873000-7f9819876000 ---p 00000000 00:00 0 
7f9819876000-7f9819974000 rw-p 00000000 00:00 0 
7f9819974000-7f9819977000 ---p 00000000 00:00 0 
7f9819977000-7f9819a75000 rw-p 00000000 00:00 0 
7f9819a75000-7f9819a7a000 r-xp 00000000 08:06 10226485                   /usr/lib/libXfixes.so.3.1.0
7f9819a7a000-7f9819c79000 ---p 00005000 08:06 10226485                   /usr/lib/libXfixes.so.3.1.0
7f9819c79000-7f9819c7a000 r--p 00004000 08:06 10226485                   /usr/lib/libXfixes.so.3.1.0
7f9819c7a000-7f9819c7b000 rw-p 00005000 08:06 10226485                   /usr/lib/libXfixes.so.3.1.0
7f9819c7b000-7f9819c7c000 r--s 00000000 08:06 3940054                    /var/cache/fontconfig/c05880de57d1f5e948fdfacc138775d9-le64.cache-3
7f9819c7c000-7f9819c85000 r--s 00000000 08:06 3940048                    /var/cache/fontconfig/945677eb7aeaf62f1d50efc3fb3ec7d8-le64.cache-3
7f9819c85000-7f9819c87000 r--s 00000000 08:06 3940052                    /var/cache/fontconfig/99e8ed0e538f840c565b6ed5dad60d56-le64.cache-3
7f9819c87000-7f9819c8a000 r--s 00000000 08:06 3940051                    /var/cache/fontconfig/e383d7ea5fbe662a33d9b44caf393297-le64.cache-3
7f9819c8a000-7f9819c8b000 r--s 00000000 08:06 3940030                    /var/cache/fontconfig/e7071f4a29fa870f4323321c154eba04-le64.cache-3
7f9819c8b000-7f9819c8c000 r--s 00000000 08:06 3940028                    /var/cache/fontconfig/b6fa9421f6700638fe50130b224ed2b7-le64.cache-3
7f9819c8c000-7f9819c90000 r--s 00000000 08:06 3940013                    /var/cache/fontconfig/6eb3985aa4124903f6ff08ba781cd364-le64.cache-3
7f9819c90000-7f9819c91000 r--s 00000000 08:06 3939939                    /var/cache/fontconfig/4c73fe0c47614734b17d736dbde7580a-le64.cache-3
7f9819c91000-7f9819c92000 r--s 00000000 08:06 3939722                    /var/cache/fontconfig/0d8c3b2ac0904cb8a57a757ad11a4a08-le64.cache-3
7f9819c92000-7f9819c93000 r--s 00000000 08:06 3939439                    /var/cache/fontconfig/6a53c69dea097a2d716e069445527da8-le64.cache-3
7f9819c93000-7f9819c99000 r--s 00000000 08:06 3939320                    /var/cache/fontconfig/a755afe4a08bf5b97852ceb7400b47bc-le64.cache-3
7f9819c99000-7f9819c9b000 r--s 00000000 08:06 3939305                    /var/cache/fontconfig/81cda67e8be65ec12c33ffdbc3c0aede-le64.cache-3
7f9819c9b000-7f9819ca4000 r--s 00000000 08:06 3939227                    /var/cache/fontconfig/6d41288fd70b0be22e8c3a91e032eec0-le64.cache-3
7f9819ca4000-7f9819cb4000 r--s 00000000 08:06 3939143                    /var/cache/fontconfig/0f34bcd4b6ee430af32735b75db7f02b-le64.cache-3
7f9819cb4000-7f9819cb7000 r--s 00000000 08:06 3939000                    /var/cache/fontconfig/d60319d88cac85ba9e1a07bd06cfbb8c-le64.cache-3
7f9819cbb000-7f9819cc9000 r--p 00000000 08:06 11668834                   /usr/share/locale-langpack/es/LC_MESSAGES/pulseaudio.mo
7f9819cc9000-7f9819cca000 rw-s 00005000 00:05 4791                       /dev/ati/card0
7f9819cca000-7f9819cea000 rw-s fdcc0000 00:05 4791                       /dev/ati/card0
7f9819cea000-7f9819cec000 rw-s 00002000 00:05 4791                       /dev/ati/card0
7f9819cec000-7f9819cef000 r--s 00077000 08:06 10358814                   /usr/lib/jvm/java-6-openjdk/jre/lib/ext/localedata.jar
7f9819cef000-7f9819cf0000 r--s 00000000 08:06 3940054                    /var/cache/fontconfig/c05880de57d1f5e948fdfacc138775d9-le64.cache-3
7f9819cf0000-7f9819cf9000 r--s 00000000 08:06 3940048                    /var/cache/fontconfig/945677eb7aeaf62f1d50efc3fb3ec7d8-le64.cache-3
7f9819cf9000-7f9819cfb000 r--s 00000000 08:06 3940052                    /var/cache/fontconfig/99e8ed0e538f840c565b6ed5dad60d56-le64.cache-3
7f9819cfb000-7f9819cfe000 r--s 00000000 08:06 3940051                    /var/cache/fontconfig/e383d7ea5fbe662a33d9b44caf393297-le64.cache-3
7f9819cfe000-7f9819cff000 r--s 00000000 08:06 3940030                    /var/cache/fontconfig/e7071f4a29fa870f4323321c154eba04-le64.cache-3
7f9819cff000-7f9819d00000 r--s 00000000 08:06 3940028                    /var/cache/fontconfig/b6fa9421f6700638fe50130b224ed2b7-le64.cache-3
7f9819d00000-7f9819d04000 r--s 00000000 08:06 3940013                    /var/cache/fontconfig/6eb3985aa4124903f6ff08ba781cd364-le64.cache-3
7f9819d04000-7f9819d05000 r--s 00000000 08:06 3939939                    /var/cache/fontconfig/4c73fe0c47614734b17d736dbde7580a-le64.cache-3
7f9819d05000-7f9819d06000 r--s 00000000 08:06 3939722                    /var/cache/fontconfig/0d8c3b2ac0904cb8a57a757ad11a4a08-le64.cache-3
7f9819d06000-7f9819d07000 r--s 00000000 08:06 3939439                    /var/cache/fontconfig/6a53c69dea097a2d716e069445527da8-le64.cache-3
7f9819d07000-7f9819d0d000 r--s 00000000 08:06 3939320                    /var/cache/fontconfig/a755afe4a08bf5b97852ceb7400b47bc-le64.cache-3
7f9819d0d000-7f9819d16000 r--s 00000000 08:06 3939227                    /var/cache/fontconfig/6d41288fd70b0be22e8c3a91e032eec0-le64.cache-3
7f9819d16000-7f9819d26000 r--s 00000000 08:06 3939143                    /var/cache/fontconfig/0f34bcd4b6ee430af32735b75db7f02b-le64.cache-3
7f9819d26000-7f9819d30000 r--s 00000000 08:06 3938196                    /var/cache/fontconfig/d52a8644073d54c13679302ca1180695-le64.cache-3
7f9819d30000-7f9819d53000 r--p 00000000 08:06 11668741                   /usr/share/locale-langpack/es/LC_MESSAGES/libc.mo
7f9819d53000-7f9819d7d000 r--p 00000000 08:06 11668695                   /usr/share/locale-langpack/es/LC_MESSAGES/gtk20-properties.mo
7f9819d7d000-7f9819d91000 r--p 00000000 08:06 11668696                   /usr/share/locale-langpack/es/LC_MESSAGES/gtk20.mo
7f9819d91000-7f9819d94000 ---p 00000000 00:00 0 
7f9819d94000-7f9819e92000 rw-p 00000000 00:00 0 
7f9819e92000-7f9819e93000 r--s 00000000 08:06 3940054                    /var/cache/fontconfig/c05880de57d1f5e948fdfacc138775d9-le64.cache-3
7f9819e93000-7f9819e9c000 r--s 00000000 08:06 3940048                    /var/cache/fontconfig/945677eb7aeaf62f1d50efc3fb3ec7d8-le64.cache-3
7f9819e9c000-7f9819e9e000 r--s 00000000 08:06 3940052                    /var/cache/fontconfig/99e8ed0e538f840c565b6ed5dad60d56-le64.cache-3
7f9819e9e000-7f9819ea1000 r--s 00000000 08:06 3940051                    /var/cache/fontconfig/e383d7ea5fbe662a33d9b44caf393297-le64.cache-3
7f9819ea1000-7f9819ea2000 r--s 00000000 08:06 3940030                    /var/cache/fontconfig/e7071f4a29fa870f4323321c154eba04-le64.cache-3
7f9819ea2000-7f9819ea3000 r--s 00000000 08:06 3940028                    /var/cache/fontconfig/b6fa9421f6700638fe50130b224ed2b7-le64.cache-3
7f9819ea3000-7f9819ea7000 r--s 00000000 08:06 3940013                    /var/cache/fontconfig/6eb3985aa4124903f6ff08ba781cd364-le64.cache-3
7f9819ea7000-7f9819ea8000 r--s 00000000 08:06 3939939                    /var/cache/fontconfig/4c73fe0c47614734b17d736dbde7580a-le64.cache-3
7f9819ea8000-7f9819ea9000 r--s 00000000 08:06 3939722                    /var/cache/fontconfig/0d8c3b2ac0904cb8a57a757ad11a4a08-le64.cache-3
7f9819ea9000-7f9819eaa000 r--s 00000000 08:06 3939439                    /var/cache/fontconfig/6a53c69dea097a2d716e069445527da8-le64.cache-3
7f9819eaa000-7f9819eb0000 r--s 00000000 08:06 3939320                    /var/cache/fontconfig/a755afe4a08bf5b97852ceb7400b47bc-le64.cache-3
7f9819eb0000-7f9819eb2000 r--s 00000000 08:06 3939305                    /var/cache/fontconfig/81cda67e8be65ec12c33ffdbc3c0aede-le64.cache-3
7f9819eb2000-7f9819ebb000 r--s 00000000 08:06 3939227                    /var/cache/fontconfig/6d41288fd70b0be22e8c3a91e032eec0-le64.cache-3
7f9819ebb000-7f9819ecb000 r--s 00000000 08:06 3939143                    /var/cache/fontconfig/0f34bcd4b6ee430af32735b75db7f02b-le64.cache-3
7f9819ecb000-7f9819ece000 r--s 00000000 08:06 3939000                    /var/cache/fontconfig/d60319d88cac85ba9e1a07bd06cfbb8c-le64.cache-3
7f9819ece000-7f9819ecf000 r--s 00000000 08:06 3938691                    /var/cache/fontconfig/4794a0821666d79190d59a36cb4f44b5-le64.cache-3
7f9819ed0000-7f9819ed2000 r--s 00000000 08:06 3939305                    /var/cache/fontconfig/81cda67e8be65ec12c33ffdbc3c0aede-le64.cache-3
7f9819ed2000-7f9819ed5000 r--s 00000000 08:06 3939000                    /var/cache/fontconfig/d60319d88cac85ba9e1a07bd06cfbb8c-le64.cache-3
7f9819ed5000-7f9819ed6000 r--s 00000000 08:06 3938691                    /var/cache/fontconfig/4794a0821666d79190d59a36cb4f44b5-le64.cache-3
7f9819ed6000-7f9819ee2000 r--p 00000000 08:06 11668653                   /usr/share/locale-langpack/es/LC_MESSAGES/glib20.mo
7f9819ee2000-7f9819eeb000 r-xp 00000000 08:06 10226477                   /usr/lib/libXcursor.so.1.0.2
7f9819eeb000-7f981a0ea000 ---p 00009000 08:06 10226477                   /usr/lib/libXcursor.so.1.0.2
7f981a0ea000-7f981a0eb000 r--p 00008000 08:06 10226477                   /usr/lib/libXcursor.so.1.0.2
7f981a0eb000-7f981a0ec000 rw-p 00009000 08:06 10226477                   /usr/lib/libXcursor.so.1.0.2
7f981a0ec000-7f981a0ef000 r--s 00000000 08:06 3934102                    /var/cache/fontconfig/e13b20fdb08344e0e664864cc2ede53d-le64.cache-3
7f981a0ef000-7f981a0f3000 r--s 00000000 08:06 3932234                    /var/cache/fontconfig/7ef2298fde41cc6eeb7af42e48b7d293-le64.cache-3
7f981a0f3000-7f981a0f4000 r--p 00000000 08:06 10231310                   /usr/lib/locale/es_ES.utf8/LC_NUMERIC
7f981a0f4000-7f981a0f5000 r--p 00000000 08:06 10233427                   /usr/lib/locale/es_ES.utf8/LC_TIME
7f981a0f5000-7f981a0f6000 r--p 00000000 08:06 10231517                   /usr/lib/locale/es_ES.utf8/LC_MONETARY
7f981a0f6000-7f981a0f7000 r--p 00000000 08:06 10354710                   /usr/lib/locale/es_ES.utf8/LC_MESSAGES/SYS_LC_MESSAGES
7f981a0f7000-7f981a0f8000 r--p 00000000 08:06 10231432                   /usr/lib/locale/es_ES.utf8/LC_PAPER
7f981a0f8000-7f981a0f9000 r--p 00000000 08:06 10231309                   /usr/lib/locale/es_ES.utf8/LC_NAME
7f981a0f9000-7f981a0fa000 r--p 00000000 08:06 10233428                   /usr/lib/locale/es_ES.utf8/LC_ADDRESS
7f981a0fa000-7f981a0fb000 r--p 00000000 08:06 10233429                   /usr/lib/locale/es_ES.utf8/LC_TELEPHONE
7f981a0fb000-7f981a0fc000 r--p 00000000 08:06 10231230                   /usr/lib/locale/es_ES.utf8/LC_MEASUREMENT
7f981a0fc000-7f981a0fd000 r--p 00000000 08:06 10233430                   /usr/lib/locale/es_ES.utf8/LC_IDENTIFICATION
7f981a0fd000-7f981a104000 r--s 000fb000 08:06 10358815                   /usr/lib/jvm/java-6-openjdk/jre/lib/resources.jar
7f981a104000-7f981a10e000 r--s 00000000 08:06 3938196                    /var/cache/fontconfig/d52a8644073d54c13679302ca1180695-le64.cache-3
7f981a10e000-7f981a111000 r--s 00000000 08:06 3934102                    /var/cache/fontconfig/e13b20fdb08344e0e664864cc2ede53d-le64.cache-3
7f981a111000-7f981a115000 r--s 00000000 08:06 3932234                    /var/cache/fontconfig/7ef2298fde41cc6eeb7af42e48b7d293-le64.cache-3
7f981a115000-7f981a118000 ---p 00000000 00:00 0 
7f981a118000-7f981a216000 rw-p 00000000 00:00 0 
7f981a216000-7f981a296000 r-xp 00000000 08:06 10226770                   /usr/lib/libfreetype.so.6.3.22
7f981a296000-7f981a496000 ---p 00080000 08:06 10226770                   /usr/lib/libfreetype.so.6.3.22
7f981a496000-7f981a49b000 r--p 00080000 08:06 10226770                   /usr/lib/libfreetype.so.6.3.22
7f981a49b000-7f981a49c000 rw-p 00085000 08:06 10226770                   /usr/lib/libfreetype.so.6.3.22
7f981a49c000-7f981a4d7000 r-xp 00000000 08:06 10493108                   /usr/lib/jvm/java-6-openjdk/jre/lib/amd64/libfontmanager.so
7f981a4d7000-7f981a6d7000 ---p 0003b000 08:06 10493108                   /usr/lib/jvm/java-6-openjdk/jre/lib/amd64/libfontmanager.so
7f981a6d7000-7f981a6d9000 r--p 0003b000 08:06 10493108                   /usr/lib/jvm/java-6-openjdk/jre/lib/amd64/libfontmanager.so
7f981a6d9000-7f981a6da000 rw-p 0003d000 08:06 10493108                   /usr/lib/jvm/java-6-openjdk/jre/lib/amd64/libfontmanager.so
7f981a6da000-7f981a6df000 r-xp 00000000 08:06 10226481                   /usr/lib/libXdmcp.so.6.0.0
7f981a6df000-7f981a8de000 ---p 00005000 08:06 10226481                   /usr/lib/libXdmcp.so.6.0.0
7f981a8de000-7f981a8df000 r--p 00004000 08:06 10226481                   /usr/lib/libXdmcp.so.6.0.0
7f981a8df000-7f981a8e0000 rw-p 00005000 08:06 10226481                   /usr/lib/libXdmcp.so.6.0.0
7f981a8e0000-7f981a8e2000 r-xp 00000000 08:06 10226470                   /usr/lib/libXau.so.6.0.0
7f981a8e2000-7f981aae2000 ---p 00002000 08:06 10226470                   /usr/lib/libXau.so.6.0.0
7f981aae2000-7f981aae3000 r--p 00002000 08:06 10226470                   /usr/lib/libXau.so.6.0.0
7f981aae3000-7f981aae4000 rw-p 00003000 08:06 10226470                   /usr/lib/libXau.so.6.0.0
7f981aae4000-7f981aaff000 r-xp 00000000 08:06 10227476                   /usr/lib/libxcb.so.1.1.0
7f981aaff000-7f981acfe000 ---p 0001b000 08:06 10227476                   /usr/lib/libxcb.so.1.1.0
7f981acfe000-7f981acff000 r--p 0001a000 08:06 10227476                   /usr/lib/libxcb.so.1.1.0
7f981acff000-7f981ad00000 rw-p 0001b000 08:06 10227476                   /usr/lib/libxcb.so.1.1.0
7f981ad00000-7f981ad0f000 r-xp 00000000 08:06 10226491                   /usr/lib/libXi.so.6.1.0
7f981ad0f000-7f981af0e000 ---p 0000f000 08:06 10226491                   /usr/lib/libXi.so.6.1.0
7f981af0e000-7f981af0f000 r--p 0000e000 08:06 10226491                   /usr/lib/libXi.so.6.1.0
7f981af0f000-7f981af10000 rw-p 0000f000 08:06 10226491                   /usr/lib/libXi.so.6.1.0
7f981af10000-7f981af15000 r-xp 00000000 08:06 10226511                   /usr/lib/libXtst.so.6.1.0
7f981af15000-7f981b115000 ---p 00005000 08:06 10226511                   /usr/lib/libXtst.so.6.1.0
7f981b115000-7f981b116000 r--p 00005000 08:06 10226511                   /usr/lib/libXtst.so.6.1.0
7f981b116000-7f981b117000 rw-p 00006000 08:06 10226511                   /usr/lib/libXtst.so.6.1.0
7f981b117000-7f981b120000 r-xp 00000000 08:06 10226505                   /usr/lib/libXrender.so.1.3.0
7f981b120000-7f981b31f000 ---p 00009000 08:06 10226505                   /usr/lib/libXrender.so.1.3.0
7f981b31f000-7f981b320000 r--p 00008000 08:06 10226505                   /usr/lib/libXrender.so.1.3.0
7f981b320000-7f981b321000 rw-p 00009000 08:06 10226505                   /usr/lib/libXrender.so.1.3.0
7f981b321000-7f981b452000 r-xp 00000000 08:06 10226466                   /usr/lib/libX11.so.6.3.0
7f981b452000-7f981b652000 ---p 00131000 08:06 10226466                   /usr/lib/libX11.so.6.3.0
7f981b652000-7f981b653000 r--p 00131000 08:06 10226466                   /usr/lib/libX11.so.6.3.0
7f981b653000-7f981b657000 rw-p 00132000 08:06 10226466                   /usr/lib/libX11.so.6.3.0
7f981b657000-7f981b668000 r-xp 00000000 08:06 10226483                   /usr/lib/libXext.so.6.4.0
7f981b668000-7f981b867000 ---p 00011000 08:06 10226483                   /usr/lib/libXext.so.6.4.0
7f981b867000-7f981b868000 r--p 00010000 08:06 10226483                   /usr/lib/libXext.so.6.4.0
7f981b868000-7f981b869000 rw-p 00011000 08:06 10226483                   /usr/lib/libXext.so.6.4.0
7f981b869000-7f981b873000 r--s 00000000 08:06 3938196                    /var/cache/fontconfig/d52a8644073d54c13679302ca1180695-le64.cache-3
7f981b873000-7f981b876000 r--s 00000000 08:06 3934102                    /var/cache/fontconfig/e13b20fdb08344e0e664864cc2ede53d-le64.cache-3
7f981b876000-7f981b87a000 r--s 00000000 08:06 3932234                    /var/cache/fontconfig/7ef2298fde41cc6eeb7af42e48b7d293-le64.cache-3
7f981b87a000-7f981b8c6000 r-xp 00000000 08:06 10758786                   /usr/lib/jvm/java-6-openjdk/jre/lib/amd64/xawt/libmawt.so
7f981b8c6000-7f981bac6000 ---p 0004c000 08:06 10758786                   /usr/lib/jvm/java-6-openjdk/jre/lib/amd64/xawt/libmawt.so
7f981bac6000-7f981bac7000 r--p 0004c000 08:06 10758786                   /usr/lib/jvm/java-6-openjdk/jre/lib/amd64/xawt/libmawt.so
7f981bac7000-7f981baca000 rw-p 0004d000 08:06 10758786                   /usr/lib/jvm/java-6-openjdk/jre/lib/amd64/xawt/libmawt.so
7f981baca000-7f981bacb000 rw-p 00000000 00:00 0 
7f981bacb000-7f981bb75000 r-xp 00000000 08:06 10493115                   /usr/lib/jvm/java-6-openjdk/jre/lib/amd64/libawt.so
7f981bb75000-7f981bd74000 ---p 000aa000 08:06 10493115                   /usr/lib/jvm/java-6-openjdk/jre/lib/amd64/libawt.so
7f981bd74000-7f981bd75000 r--p 000a9000 08:06 10493115                   /usr/lib/jvm/java-6-openjdk/jre/lib/amd64/libawt.so
7f981bd75000-7f981bd80000 rw-p 000aa000 08:06 10493115                   /usr/lib/jvm/java-6-openjdk/jre/lib/amd64/libawt.so
7f981bd80000-7f981bda5000 rw-p 00000000 00:00 0 
7f981bda5000-7f981bda8000 r--s 0007d000 08:06 10358792                   /usr/lib/jvm/java-6-openjdk/jre/lib/jsse.jar
7f981bda8000-7f981bdae000 r--s 02646000 08:06 1573848                    /home/disclaimer/jmonkeyplatform/jmonkeyplatform/libs/jME3-testdata.jar
7f981bdae000-7f981bdb1000 r--s 0001a000 08:06 1573873                    /home/disclaimer/jmonkeyplatform/jmonkeyplatform/libs/xmlpull-xpp3.jar
7f981bdb1000-7f981bdb3000 r--s 00012000 08:06 1573939                    /home/disclaimer/jmonkeyplatform/jmonkeyplatform/libs/eventbus.jar
7f981bdb3000-7f981bdb6000 r--s 0000f000 08:06 1573761                    /home/disclaimer/jmonkeyplatform/jmonkeyplatform/libs/nifty-style-black.jar
7f981bdb6000-7f981bdbe000 r--s 00033000 08:06 1573628                    /home/disclaimer/jmonkeyplatform/jmonkeyplatform/libs/nifty-default-controls.jar
7f981bdbe000-7f981bdc8000 r--s 0006c000 08:06 1573970                    /home/disclaimer/jmonkeyplatform/jmonkeyplatform/libs/nifty.jar
7f981bdc8000-7f981bdca000 r--s 0003c000 08:06 1573950                    /home/disclaimer/jmonkeyplatform/jmonkeyplatform/libs/vecmath.jar
7f981bdca000-7f981bdd4000 r--s 00079000 08:06 1573945                    /home/disclaimer/jmonkeyplatform/jmonkeyplatform/libs/jbullet.jar
7f981bdd4000-7f981bdd7000 r--s 00020000 08:06 1573865                    /home/disclaimer/jmonkeyplatform/jmonkeyplatform/libs/jME3-jbullet.jar
7f981bdd7000-7f981bde4000 r--s 000d6000 08:06 1573972                    /home/disclaimer/jmonkeyplatform/jmonkeyplatform/libs/lwjgl.jar
7f981bde4000-7f981bde5000 ---p 00000000 00:00 0 
7f981bde5000-7f981bee5000 rw-p 00000000 00:00 0 
7f981bee5000-7f981bee8000 ---p 00000000 00:00 0 
7f981bee8000-7f981bfe6000 rw-p 00000000 00:00 0 
7f981bfe6000-7f981bfe9000 ---p 00000000 00:00 0 
7f981bfe9000-7f981c0e7000 rw-p 00000000 00:00 0 
7f981c0e7000-7f981c0ea000 ---p 00000000 00:00 0 
7f981c0ea000-7f981c1e8000 rw-p 00000000 00:00 0 
7f981c1e8000-7f981c1eb000 ---p 00000000 00:00 0 
7f981c1eb000-7f981c2e9000 rw-p 00000000 00:00 0 
7f981c2e9000-7f981c2f0000 r--s 00000000 08:06 10230079                   /usr/lib/gconv/gconv-modules.cache
7f981c2f0000-7f981c32f000 r--p 00000000 08:06 10231228                   /usr/lib/locale/es_ES.utf8/LC_CTYPE
7f981c32f000-7f981c332000 ---p 00000000 00:00 0 
7f981c332000-7f981c430000 rw-p 00000000 00:00 0 
7f981c430000-7f981c433000 ---p 00000000 00:00 0 
7f981c433000-7f981c531000 rw-p 00000000 00:00 0 
7f981c531000-7f981c532000 ---p 00000000 00:00 0 
7f981c532000-7f981c968000 rw-p 00000000 00:00 0 
7f981c968000-7f981cafa000 r--s 037bf000 08:06 10359027                   /usr/lib/jvm/java-6-openjdk/jre/lib/rt.jar
7f981cafa000-7f981cb22000 rw-p 00000000 00:00 0 
7f981cb22000-7f981cb23000 ---p 00000000 00:00 0 
7f981cb23000-7f981cc23000 rw-p 00000000 00:00 0 
7f981cc23000-7f981cc24000 ---p 00000000 00:00 0 
7f981cc24000-7f981cd44000 rw-p 00000000 00:00 0 
7f981cd44000-7f981cd77000 rw-p 00000000 00:00 0 
7f981cd77000-7f981cd90000 rw-p 00000000 00:00 0 
7f981cd90000-7f981ce55000 rw-p 00000000 00:00 0 
7f981ce55000-7f981ce75000 rw-p 00000000 00:00 0 
7f981ce75000-7f981cea8000 rw-p 00000000 00:00 0 
7f981cea8000-7f981cec1000 rw-p 00000000 00:00 0 
7f981cec1000-7f981cf86000 rw-p 00000000 00:00 0 
7f981cf86000-7f981cfd7000 rw-p 00000000 00:00 0 
7f981cfd7000-7f981cff5000 rw-p 00000000 00:00 0 
7f981cff5000-7f981cff6000 rw-p 00000000 00:00 0 
7f981cff6000-7f981d486000 rwxp 00000000 00:00 0 
7f981d486000-7f981fff6000 rw-p 00000000 00:00 0 
7f981fff6000-7f981fffd000 r-xp 00000000 08:06 10493122                   /usr/lib/jvm/java-6-openjdk/jre/lib/amd64/libzip.so
7f981fffd000-7f98201fc000 ---p 00007000 08:06 10493122                   /usr/lib/jvm/java-6-openjdk/jre/lib/amd64/libzip.so
7f98201fc000-7f98201fd000 r--p 00006000 08:06 10493122                   /usr/lib/jvm/java-6-openjdk/jre/lib/amd64/libzip.so
7f98201fd000-7f98201fe000 rw-p 00007000 08:06 10493122                   /usr/lib/jvm/java-6-openjdk/jre/lib/amd64/libzip.so
7f98201fe000-7f982020a000 r-xp 00000000 08:06 11534447                   /lib/libnss_files-2.11.1.so
7f982020a000-7f9820409000 ---p 0000c000 08:06 11534447                   /lib/libnss_files-2.11.1.so
7f9820409000-7f982040a000 r--p 0000b000 08:06 11534447                   /lib/libnss_files-2.11.1.so
7f982040a000-7f982040b000 rw-p 0000c000 08:06 11534447                   /lib/libnss_files-2.11.1.so
7f982040b000-7f9820415000 r-xp 00000000 08:06 11534457                   /lib/libnss_nis-2.11.1.so
7f9820415000-7f9820614000 ---p 0000a000 08:06 11534457                   /lib/libnss_nis-2.11.1.so
7f9820614000-7f9820615000 r--p 00009000 08:06 11534457                   /lib/libnss_nis-2.11.1.so
7f9820615000-7f9820616000 rw-p 0000a000 08:06 11534457                   /lib/libnss_nis-2.11.1.so
7f9820616000-7f982061e000 r-xp 00000000 08:06 11534443                   /lib/libnss_compat-2.11.1.so
7f982061e000-7f982081d000 ---p 00008000 08:06 11534443                   /lib/libnss_compat-2.11.1.so
7f982081d000-7f982081e000 r--p 00007000 08:06 11534443                   /lib/libnss_compat-2.11.1.so
7f982081e000-7f982081f000 rw-p 00008000 08:06 11534443                   /lib/libnss_compat-2.11.1.so
7f982081f000-7f9820836000 r-xp 00000000 08:06 11534441                   /lib/libnsl-2.11.1.so
7f9820836000-7f9820a35000 ---p 00017000 08:06 11534441                   /lib/libnsl-2.11.1.so
7f9820a35000-7f9820a36000 r--p 00016000 08:06 11534441                   /lib/libnsl-2.11.1.so
7f9820a36000-7f9820a37000 rw-p 00017000 08:06 11534441                   /lib/libnsl-2.11.1.so
7f9820a37000-7f9820a39000 rw-p 00000000 00:00 0 
7f9820a39000-7f9820a66000 r-xp 00000000 08:06 10493111                   /usr/lib/jvm/java-6-openjdk/jre/lib/amd64/libjava.so
7f9820a66000-7f9820c65000 ---p 0002d000 08:06 10493111                   /usr/lib/jvm/java-6-openjdk/jre/lib/amd64/libjava.so
7f9820c65000-7f9820c66000 r--p 0002c000 08:06 10493111                   /usr/lib/jvm/java-6-openjdk/jre/lib/amd64/libjava.so
7f9820c66000-7f9820c69000 rw-p 0002d000 08:06 10493111                   /usr/lib/jvm/java-6-openjdk/jre/lib/amd64/libjava.so
7f9820c69000-7f9820c78000 r-xp 00000000 08:06 10493137                   /usr/lib/jvm/java-6-openjdk/jre/lib/amd64/libverify.so
7f9820c78000-7f9820e77000 ---p 0000f000 08:06 10493137                   /usr/lib/jvm/java-6-openjdk/jre/lib/amd64/libverify.so
7f9820e77000-7f9820e79000 r--p 0000e000 08:06 10493137                   /usr/lib/jvm/java-6-openjdk/jre/lib/amd64/libverify.so
7f9820e79000-7f9820e7a000 rw-p 00010000 08:06 10493137                   /usr/lib/jvm/java-6-openjdk/jre/lib/amd64/libverify.so
7f9820e7a000-7f9820e81000 r-xp 00000000 08:06 11534495                   /lib/librt-2.11.1.so
7f9820e81000-7f9821080000 ---p 00007000 08:06 11534495                   /lib/librt-2.11.1.so
7f9821080000-7f9821081000 r--p 00006000 08:06 11534495                   /lib/librt-2.11.1.so
7f9821081000-7f9821082000 rw-p 00007000 08:06 11534495                   /lib/librt-2.11.1.so
7f9821082000-7f9821098000 r-xp 00000000 08:06 11534415                   /lib/libgcc_s.so.1
7f9821098000-7f9821297000 ---p 00016000 08:06 11534415                   /lib/libgcc_s.so.1
7f9821297000-7f9821298000 r--p 00015000 08:06 11534415                   /lib/libgcc_s.so.1
7f9821298000-7f9821299000 rw-p 00016000 08:06 11534415                   /lib/libgcc_s.so.1
7f9821299000-7f982131b000 r-xp 00000000 08:06 11534430                   /lib/libm-2.11.1.so
7f982131b000-7f982151a000 ---p 00082000 08:06 11534430                   /lib/libm-2.11.1.so
7f982151a000-7f982151b000 r--p 00081000 08:06 11534430                   /lib/libm-2.11.1.so
7f982151b000-7f982151c000 rw-p 00082000 08:06 11534430                   /lib/libm-2.11.1.so
7f982151c000-7f9821612000 r-xp 00000000 08:06 10227375                   /usr/lib/libstdc++.so.6.0.13
7f9821612000-7f9821812000 ---p 000f6000 08:06 10227375                   /usr/lib/libstdc++.so.6.0.13
7f9821812000-7f9821819000 r--p 000f6000 08:06 10227375                   /usr/lib/libstdc++.so.6.0.13
7f9821819000-7f982181b000 rw-p 000fd000 08:06 10227375                   /usr/lib/libstdc++.so.6.0.13
7f982181b000-7f9821830000 rw-p 00000000 00:00 0 
7f9821830000-7f982216f000 r-xp 00000000 08:06 10493104                   /usr/lib/jvm/java-6-openjdk/jre/lib/amd64/server/libjvm.so
7f982216f000-7f982236e000 ---p 0093f000 08:06 10493104                   /usr/lib/jvm/java-6-openjdk/jre/lib/amd64/server/libjvm.so
7f982236e000-7f98223ef000 r--p 0093e000 08:06 10493104                   /usr/lib/jvm/java-6-openjdk/jre/lib/amd64/server/libjvm.so
7f98223ef000-7f982240a000 rw-p 009bf000 08:06 10493104                   /usr/lib/jvm/java-6-openjdk/jre/lib/amd64/server/libjvm.so
7f982240a000-7f9822432000 rw-p 00000000 00:00 0 
7f9822432000-7f98225ac000 r-xp 00000000 08:06 11534381                   /lib/libc-2.11.1.so
7f98225ac000-7f98227ab000 ---p 0017a000 08:06 11534381                   /lib/libc-2.11.1.so
7f98227ab000-7f98227af000 r--p 00179000 08:06 11534381                   /lib/libc-2.11.1.so
7f98227af000-7f98227b0000 rw-p 0017d000 08:06 11534381                   /lib/libc-2.11.1.so
7f98227b0000-7f98227b5000 rw-p 00000000 00:00 0 
7f98227b5000-7f98227b7000 r-xp 00000000 08:06 11534395                   /lib/libdl-2.11.1.so
7f98227b7000-7f98229b7000 ---p 00002000 08:06 11534395                   /lib/libdl-2.11.1.so
7f98229b7000-7f98229b8000 r--p 00002000 08:06 11534395                   /lib/libdl-2.11.1.so
7f98229b8000-7f98229b9000 rw-p 00003000 08:06 11534395                   /lib/libdl-2.11.1.so
7f98229b9000-7f98229bd000 r-xp 00000000 08:06 10493121                   /usr/lib/jvm/java-6-openjdk/jre/lib/amd64/jli/libjli.so
7f98229bd000-7f9822bbc000 ---p 00004000 08:06 10493121                   /usr/lib/jvm/java-6-openjdk/jre/lib/amd64/jli/libjli.so
7f9822bbc000-7f9822bbd000 r--p 00003000 08:06 10493121                   /usr/lib/jvm/java-6-openjdk/jre/lib/amd64/jli/libjli.so
7f9822bbd000-7f9822bbe000 rw-p 00004000 08:06 10493121                   /usr/lib/jvm/java-6-openjdk/jre/lib/amd64/jli/libjli.so
7f9822bbe000-7f9822bd6000 r-xp 00000000 08:06 11534489                   /lib/libpthread-2.11.1.so
7f9822bd6000-7f9822dd5000 ---p 00018000 08:06 11534489                   /lib/libpthread-2.11.1.so
7f9822dd5000-7f9822dd6000 r--p 00017000 08:06 11534489                   /lib/libpthread-2.11.1.so
7f9822dd6000-7f9822dd7000 rw-p 00018000 08:06 11534489                   /lib/libpthread-2.11.1.so
7f9822dd7000-7f9822ddb000 rw-p 00000000 00:00 0 
7f9822ddb000-7f9822df1000 r-xp 00000000 08:06 11534530                   /lib/libz.so.1.2.3.3
7f9822df1000-7f9822ff0000 ---p 00016000 08:06 11534530                   /lib/libz.so.1.2.3.3
7f9822ff0000-7f9822ff1000 r--p 00015000 08:06 11534530                   /lib/libz.so.1.2.3.3
7f9822ff1000-7f9822ff2000 rw-p 00016000 08:06 11534530                   /lib/libz.so.1.2.3.3
7f9822ff2000-7f9823012000 r-xp 00000000 08:06 11534357                   /lib/ld-2.11.1.so
7f9823012000-7f9823013000 r--s 00000000 08:06 3938691                    /var/cache/fontconfig/4794a0821666d79190d59a36cb4f44b5-le64.cache-3
7f9823013000-7f9823014000 r--s 00005000 08:06 1573843                    /home/disclaimer/jmonkeyplatform/jmonkeyplatform/libs/jME3-niftygui.jar
7f9823014000-7f9823018000 r--s 00030000 08:06 1573963                    /home/disclaimer/jmonkeyplatform/jmonkeyplatform/libs/jinput.jar
7f9823018000-7f982301a000 r--s 0020a000 08:06 1573731                    /home/disclaimer/jmonkeyplatform/jmonkeyplatform/libs/jME3-lwjgl-natives.jar
7f982301a000-7f982301c000 r--s 00017000 08:06 1573904                    /home/disclaimer/jmonkeyplatform/jmonkeyplatform/libs/jME3-lwjgl.jar
7f982301c000-7f982301f000 r--s 00024000 08:06 1573866                    /home/disclaimer/jmonkeyplatform/jmonkeyplatform/libs/jME3-terrain.jar
7f982301f000-7f9823020000 r--s 00009000 08:06 1573846                    /home/disclaimer/jmonkeyplatform/jmonkeyplatform/libs/j-ogg-vorbisd.jar
7f9823020000-7f9823022000 r--s 00005000 08:06 1573907                    /home/disclaimer/jmonkeyplatform/jmonkeyplatform/libs/j-ogg-oggd.jar
7f9823022000-7f9823025000 r--s 0001c000 08:06 1573798                    /home/disclaimer/jmonkeyplatform/jmonkeyplatform/libs/jME3-networking.jar
7f9823025000-7f9823028000 r--s 0006c000 08:06 1573867                    /home/disclaimer/jmonkeyplatform/jmonkeyplatform/libs/jME3-effects.jar
7f9823028000-7f9823038000 r--s 00101000 08:06 1573921                    /home/disclaimer/jmonkeyplatform/jmonkeyplatform/libs/jME3-core.jar
7f9823038000-7f982304b000 rw-p 00000000 00:00 0 
7f982304b000-7f98230f8000 rw-p 00000000 00:00 0 
7f98230f8000-7f98230fb000 ---p 00000000 00:00 0 
7f98230fb000-7f98231fe000 rw-p 00000000 00:00 0 
7f98231fe000-7f98231ff000 r--s 0000b000 08:06 1573893                    /home/disclaimer/jmonkeyplatform/jmonkeyplatform/libs/stack-alloc.jar
7f98231ff000-7f9823200000 r--s 00002000 08:06 1573922                    /home/disclaimer/jmonkeyplatform/jmonkeyplatform/libs/jME3-jogg.jar
7f9823200000-7f9823201000 r--s 00010000 08:06 1573869                    /home/disclaimer/jmonkeyplatform/jmonkeyplatform/libs/jME3-plugins.jar
7f9823201000-7f9823203000 r--s 00033000 08:06 1573868                    /home/disclaimer/jmonkeyplatform/jmonkeyplatform/libs/jME3-desktop.jar
7f9823203000-7f9823205000 r--s 0000f000 08:06 10358810                   /usr/lib/jvm/java-6-openjdk/jre/lib/ext/pulse-java.jar
7f9823205000-7f982320d000 rw-s 00000000 08:06 6553689                    /tmp/hsperfdata_disclaimer/3059 (deleted)
7f982320d000-7f982320e000 rw-p 00000000 00:00 0 
7f982320e000-7f982320f000 ---p 00000000 00:00 0 
7f982320f000-7f9823211000 rw-p 00000000 00:00 0 
7f9823211000-7f9823212000 r--p 0001f000 08:06 11534357                   /lib/ld-2.11.1.so
7f9823212000-7f9823213000 rw-p 00020000 08:06 11534357                   /lib/ld-2.11.1.so
7f9823213000-7f9823214000 rw-p 00000000 00:00 0 
7fff888dd000-7fff888f2000 rw-p 00000000 00:00 0                          [stack]
7fff889ff000-7fff88a00000 r-xp 00000000 00:00 0                          [vdso]
ffffffffff600000-ffffffffff601000 r-xp 00000000 00:00 0                  [vsyscall]

VM Arguments:
jvm_args: -Dfile.encoding=UTF-8 
java_command: controlador.Main
Launcher Type: SUN_STANDARD

Environment Variables:
PATH=/usr/local/sbin:/usr/local/bin:/usr/sbin:/usr/bin:/sbin:/bin:/usr/games
USERNAME=disclaimer
LD_LIBRARY_PATH=/usr/lib/jvm/java-6-openjdk/jre/lib/amd64/server:/usr/lib/jvm/java-6-openjdk/jre/lib/amd64:/usr/lib/jvm/java-6-openjdk/jre/../lib/amd64
SHELL=/bin/bash
DISPLAY=:0.0

Signal Handlers:
SIGSEGV: [libjvm.so+0x7cff30], sa_mask[0]=0x7ffbfeff, sa_flags=0x10000004
SIGBUS: [libjvm.so+0x7cff30], sa_mask[0]=0x7ffbfeff, sa_flags=0x10000004
SIGFPE: [libjvm.so+0x68d2c0], sa_mask[0]=0x7ffbfeff, sa_flags=0x10000004
SIGPIPE: SIG_IGN, sa_mask[0]=0x00001000, sa_flags=0x10000000
SIGXFSZ: [libjvm.so+0x68d2c0], sa_mask[0]=0x7ffbfeff, sa_flags=0x10000004
SIGILL: [libjvm.so+0x68d2c0], sa_mask[0]=0x7ffbfeff, sa_flags=0x10000004
SIGUSR1: SIG_DFL, sa_mask[0]=0x00000000, sa_flags=0x00000000
SIGUSR2: [libjvm.so+0x68ca70], sa_mask[0]=0x00000004, sa_flags=0x10000004
SIGHUP: [libjvm.so+0x68f0d0], sa_mask[0]=0x7ffbfeff, sa_flags=0x10000004
SIGINT: SIG_IGN, sa_mask[0]=0x00000000, sa_flags=0x00000000
SIGTERM: [libjvm.so+0x68f0d0], sa_mask[0]=0x7ffbfeff, sa_flags=0x10000004
SIGQUIT: [libjvm.so+0x68f0d0], sa_mask[0]=0x7ffbfeff, sa_flags=0x10000004


---------------  S Y S T E M  ---------------

OS:Ubuntu 10.04 (lucid)
uname:Linux 2.6.32-38-generic #83-Ubuntu SMP Wed Jan 4 11:12:07 UTC 2012 x86_64
libc:glibc 2.11.1 NPTL 2.11.1 
rlimit: STACK 8192k, CORE 0k, NPROC infinity, NOFILE 1024, AS infinity
load average:3,27 2,15 1,70

/proc/meminfo:
MemTotal:        2056896 kB
MemFree:           13956 kB
Buffers:            1324 kB
Cached:            70908 kB
SwapCached:         3564 kB
Active:          1265976 kB
Inactive:         454224 kB
Active(anon):    1243824 kB
Inactive(anon):   419228 kB
Active(file):      22152 kB
Inactive(file):    34996 kB
Unevictable:           0 kB
Mlocked:               0 kB
SwapTotal:        498680 kB
SwapFree:         294204 kB
Dirty:                72 kB
Writeback:          1364 kB
AnonPages:       1645904 kB
Mapped:            92448 kB
Shmem:             14904 kB
Slab:              43968 kB
SReclaimable:      24892 kB
SUnreclaim:        19076 kB
KernelStack:        2736 kB
PageTables:        25652 kB
NFS_Unstable:          0 kB
Bounce:                0 kB
WritebackTmp:          0 kB
CommitLimit:     1527128 kB
Committed_AS:    2503652 kB
VmallocTotal:   34359738367 kB
VmallocUsed:      320728 kB
VmallocChunk:   34359414920 kB
HardwareCorrupted:     0 kB
HugePages_Total:       0
HugePages_Free:        0
HugePages_Rsvd:        0
HugePages_Surp:        0
Hugepagesize:       2048 kB
DirectMap4k:     1291136 kB
DirectMap2M:      804864 kB


CPU:total 2 (2 cores per cpu, 1 threads per core) family 15 model 107 stepping 1, cmov, cx8, fxsr, mmx, sse, sse2, sse3, mmxext, 3dnowpref

Memory: 4k page, physical 2056896k(13956k free), swap 498680k(294204k free)

vm_info: OpenJDK 64-Bit Server VM (20.0-b12) for linux-amd64 JRE (1.6.0_24-b24), built on Sep  1 2012 09:58:05 by "buildd" with gcc 4.4.3

time: Wed Nov 14 13:28:36 2012
elapsed time: 85 seconds

